[0.104s] Invoking command in '/home/fouadroboticist/ros2_ws/build/my_robot_interfaces': CMAKE_PREFIX_PATH=${CMAKE_PREFIX_PATH}:/home/fouadroboticist/ros2_ws/install/tutorials_py:/home/fouadroboticist/ros2_ws/install/my_robot_controller:/home/fouadroboticist/ros2_ws/install/actions_py:/opt/ros/humble /usr/bin/cmake --build /home/fouadroboticist/ros2_ws/build/my_robot_interfaces -- -j4 -l4
[0.467s] [  2%] Built target my_robot_interfaces__cpp
[0.822s] [ 12%] Built target my_robot_interfaces__rosidl_generator_c
[1.025s] [ 23%] Built target my_robot_interfaces__rosidl_typesupport_cpp
[1.074s] [ 34%] Built target my_robot_interfaces__rosidl_typesupport_fastrtps_cpp
[1.456s] [ 44%] Built target my_robot_interfaces__rosidl_typesupport_introspection_cpp
[1.594s] [ 44%] Built target ament_cmake_python_copy_my_robot_interfaces
[2.004s] [ 59%] Built target my_robot_interfaces__rosidl_typesupport_fastrtps_c
[2.005s] [ 65%] Built target my_robot_interfaces__rosidl_typesupport_introspection_c
[2.116s] [ 76%] Built target my_robot_interfaces__rosidl_typesupport_c
[2.251s] [ 76%] Built target my_robot_interfaces
[3.161s] [ 78%] Built target my_robot_interfaces__py
[3.382s] [ 87%] Built target my_robot_interfaces__rosidl_generator_py
[3.506s] [ 91%] Built target my_robot_interfaces__rosidl_typesupport_fastrtps_c__pyext
[3.540s] [ 95%] Built target my_robot_interfaces__rosidl_typesupport_introspection_c__pyext
[3.571s] [100%] Built target my_robot_interfaces__rosidl_typesupport_c__pyext
[3.836s] running egg_info
[3.837s] writing my_robot_interfaces.egg-info/PKG-INFO
[3.838s] writing dependency_links to my_robot_interfaces.egg-info/dependency_links.txt
[3.839s] writing top-level names to my_robot_interfaces.egg-info/top_level.txt
[3.850s] reading manifest file 'my_robot_interfaces.egg-info/SOURCES.txt'
[3.851s] writing manifest file 'my_robot_interfaces.egg-info/SOURCES.txt'
[3.907s] [100%] Built target ament_cmake_python_build_my_robot_interfaces_egg
[4.109s] Invoked command in '/home/fouadroboticist/ros2_ws/build/my_robot_interfaces' returned '0': CMAKE_PREFIX_PATH=${CMAKE_PREFIX_PATH}:/home/fouadroboticist/ros2_ws/install/tutorials_py:/home/fouadroboticist/ros2_ws/install/my_robot_controller:/home/fouadroboticist/ros2_ws/install/actions_py:/opt/ros/humble /usr/bin/cmake --build /home/fouadroboticist/ros2_ws/build/my_robot_interfaces -- -j4 -l4
[4.471s] Invoking command in '/home/fouadroboticist/ros2_ws/build/my_robot_interfaces': CMAKE_PREFIX_PATH=${CMAKE_PREFIX_PATH}:/home/fouadroboticist/ros2_ws/install/tutorials_py:/home/fouadroboticist/ros2_ws/install/my_robot_controller:/home/fouadroboticist/ros2_ws/install/actions_py:/opt/ros/humble /usr/bin/cmake --install /home/fouadroboticist/ros2_ws/build/my_robot_interfaces
[4.497s] -- Install configuration: ""
[4.497s] -- Up-to-date: /home/fouadroboticist/ros2_ws/install/my_robot_interfaces/share/ament_index/resource_index/rosidl_interfaces/my_robot_interfaces
[4.498s] -- Up-to-date: /home/fouadroboticist/ros2_ws/install/my_robot_interfaces/include/my_robot_interfaces/my_robot_interfaces
[4.498s] -- Up-to-date: /home/fouadroboticist/ros2_ws/install/my_robot_interfaces/include/my_robot_interfaces/my_robot_interfaces/msg
[4.499s] -- Up-to-date: /home/fouadroboticist/ros2_ws/install/my_robot_interfaces/include/my_robot_interfaces/my_robot_interfaces/msg/target_coordinates.h
[4.500s] -- Up-to-date: /home/fouadroboticist/ros2_ws/install/my_robot_interfaces/include/my_robot_interfaces/my_robot_interfaces/msg/rosidl_generator_c__visibility_control.h
[4.501s] -- Up-to-date: /home/fouadroboticist/ros2_ws/install/my_robot_interfaces/include/my_robot_interfaces/my_robot_interfaces/msg/detail
[4.501s] -- Up-to-date: /home/fouadroboticist/ros2_ws/install/my_robot_interfaces/include/my_robot_interfaces/my_robot_interfaces/msg/detail/target_coordinates__functions.h
[4.502s] -- Up-to-date: /home/fouadroboticist/ros2_ws/install/my_robot_interfaces/include/my_robot_interfaces/my_robot_interfaces/msg/detail/target_coordinates__type_support.h
[4.503s] -- Up-to-date: /home/fouadroboticist/ros2_ws/install/my_robot_interfaces/include/my_robot_interfaces/my_robot_interfaces/msg/detail/target_coordinates__functions.c
[4.504s] -- Up-to-date: /home/fouadroboticist/ros2_ws/install/my_robot_interfaces/include/my_robot_interfaces/my_robot_interfaces/msg/detail/target_coordinates__struct.h
[4.504s] -- Up-to-date: /home/fouadroboticist/ros2_ws/install/my_robot_interfaces/include/my_robot_interfaces/my_robot_interfaces/action
[4.505s] -- Up-to-date: /home/fouadroboticist/ros2_ws/install/my_robot_interfaces/include/my_robot_interfaces/my_robot_interfaces/action/count_until.h
[4.505s] -- Up-to-date: /home/fouadroboticist/ros2_ws/install/my_robot_interfaces/include/my_robot_interfaces/my_robot_interfaces/action/detail
[4.508s] -- Up-to-date: /home/fouadroboticist/ros2_ws/install/my_robot_interfaces/include/my_robot_interfaces/my_robot_interfaces/action/detail/count_until__type_support.h
[4.509s] -- Up-to-date: /home/fouadroboticist/ros2_ws/install/my_robot_interfaces/include/my_robot_interfaces/my_robot_interfaces/action/detail/count_until__functions.h
[4.509s] -- Up-to-date: /home/fouadroboticist/ros2_ws/install/my_robot_interfaces/include/my_robot_interfaces/my_robot_interfaces/action/detail/count_until__functions.c
[4.509s] -- Up-to-date: /home/fouadroboticist/ros2_ws/install/my_robot_interfaces/include/my_robot_interfaces/my_robot_interfaces/action/detail/count_until__struct.h
[4.509s] -- Up-to-date: /home/fouadroboticist/ros2_ws/install/my_robot_interfaces/include/my_robot_interfaces/my_robot_interfaces/srv
[4.510s] -- Up-to-date: /home/fouadroboticist/ros2_ws/install/my_robot_interfaces/include/my_robot_interfaces/my_robot_interfaces/srv/set_led.h
[4.511s] -- Up-to-date: /home/fouadroboticist/ros2_ws/install/my_robot_interfaces/include/my_robot_interfaces/my_robot_interfaces/srv/detail
[4.511s] -- Up-to-date: /home/fouadroboticist/ros2_ws/install/my_robot_interfaces/include/my_robot_interfaces/my_robot_interfaces/srv/detail/set_led__functions.h
[4.511s] -- Up-to-date: /home/fouadroboticist/ros2_ws/install/my_robot_interfaces/include/my_robot_interfaces/my_robot_interfaces/srv/detail/set_led__type_support.h
[4.512s] -- Up-to-date: /home/fouadroboticist/ros2_ws/install/my_robot_interfaces/include/my_robot_interfaces/my_robot_interfaces/srv/detail/set_led__functions.c
[4.513s] -- Up-to-date: /home/fouadroboticist/ros2_ws/install/my_robot_interfaces/include/my_robot_interfaces/my_robot_interfaces/srv/detail/set_led__struct.h
[4.514s] -- Up-to-date: /home/fouadroboticist/ros2_ws/install/my_robot_interfaces/share/my_robot_interfaces/environment/library_path.sh
[4.515s] -- Up-to-date: /home/fouadroboticist/ros2_ws/install/my_robot_interfaces/share/my_robot_interfaces/environment/library_path.dsv
[4.516s] -- Up-to-date: /home/fouadroboticist/ros2_ws/install/my_robot_interfaces/lib/libmy_robot_interfaces__rosidl_generator_c.so
[4.516s] -- Up-to-date: /home/fouadroboticist/ros2_ws/install/my_robot_interfaces/include/my_robot_interfaces/my_robot_interfaces
[4.517s] -- Up-to-date: /home/fouadroboticist/ros2_ws/install/my_robot_interfaces/include/my_robot_interfaces/my_robot_interfaces/msg
[4.518s] -- Up-to-date: /home/fouadroboticist/ros2_ws/install/my_robot_interfaces/include/my_robot_interfaces/my_robot_interfaces/msg/rosidl_typesupport_fastrtps_c__visibility_control.h
[4.518s] -- Up-to-date: /home/fouadroboticist/ros2_ws/install/my_robot_interfaces/include/my_robot_interfaces/my_robot_interfaces/msg/detail
[4.518s] -- Up-to-date: /home/fouadroboticist/ros2_ws/install/my_robot_interfaces/include/my_robot_interfaces/my_robot_interfaces/msg/detail/target_coordinates__rosidl_typesupport_fastrtps_c.h
[4.519s] -- Up-to-date: /home/fouadroboticist/ros2_ws/install/my_robot_interfaces/include/my_robot_interfaces/my_robot_interfaces/action
[4.524s] -- Up-to-date: /home/fouadroboticist/ros2_ws/install/my_robot_interfaces/include/my_robot_interfaces/my_robot_interfaces/action/detail
[4.524s] -- Up-to-date: /home/fouadroboticist/ros2_ws/install/my_robot_interfaces/include/my_robot_interfaces/my_robot_interfaces/action/detail/count_until__rosidl_typesupport_fastrtps_c.h
[4.525s] -- Up-to-date: /home/fouadroboticist/ros2_ws/install/my_robot_interfaces/include/my_robot_interfaces/my_robot_interfaces/srv
[4.526s] -- Up-to-date: /home/fouadroboticist/ros2_ws/install/my_robot_interfaces/include/my_robot_interfaces/my_robot_interfaces/srv/detail
[4.526s] -- Up-to-date: /home/fouadroboticist/ros2_ws/install/my_robot_interfaces/include/my_robot_interfaces/my_robot_interfaces/srv/detail/set_led__rosidl_typesupport_fastrtps_c.h
[4.528s] -- Up-to-date: /home/fouadroboticist/ros2_ws/install/my_robot_interfaces/lib/libmy_robot_interfaces__rosidl_typesupport_fastrtps_c.so
[4.528s] -- Up-to-date: /home/fouadroboticist/ros2_ws/install/my_robot_interfaces/include/my_robot_interfaces/my_robot_interfaces
[4.530s] -- Up-to-date: /home/fouadroboticist/ros2_ws/install/my_robot_interfaces/include/my_robot_interfaces/my_robot_interfaces/msg
[4.530s] -- Up-to-date: /home/fouadroboticist/ros2_ws/install/my_robot_interfaces/include/my_robot_interfaces/my_robot_interfaces/msg/target_coordinates.hpp
[4.531s] -- Up-to-date: /home/fouadroboticist/ros2_ws/install/my_robot_interfaces/include/my_robot_interfaces/my_robot_interfaces/msg/detail
[4.532s] -- Up-to-date: /home/fouadroboticist/ros2_ws/install/my_robot_interfaces/include/my_robot_interfaces/my_robot_interfaces/msg/detail/target_coordinates__struct.hpp
[4.532s] -- Up-to-date: /home/fouadroboticist/ros2_ws/install/my_robot_interfaces/include/my_robot_interfaces/my_robot_interfaces/msg/detail/target_coordinates__builder.hpp
[4.533s] -- Up-to-date: /home/fouadroboticist/ros2_ws/install/my_robot_interfaces/include/my_robot_interfaces/my_robot_interfaces/msg/detail/target_coordinates__traits.hpp
[4.534s] -- Up-to-date: /home/fouadroboticist/ros2_ws/install/my_robot_interfaces/include/my_robot_interfaces/my_robot_interfaces/action
[4.534s] -- Up-to-date: /home/fouadroboticist/ros2_ws/install/my_robot_interfaces/include/my_robot_interfaces/my_robot_interfaces/action/count_until.hpp
[4.534s] -- Up-to-date: /home/fouadroboticist/ros2_ws/install/my_robot_interfaces/include/my_robot_interfaces/my_robot_interfaces/action/detail
[4.535s] -- Up-to-date: /home/fouadroboticist/ros2_ws/install/my_robot_interfaces/include/my_robot_interfaces/my_robot_interfaces/action/detail/count_until__struct.hpp
[4.536s] -- Up-to-date: /home/fouadroboticist/ros2_ws/install/my_robot_interfaces/include/my_robot_interfaces/my_robot_interfaces/action/detail/count_until__traits.hpp
[4.536s] -- Up-to-date: /home/fouadroboticist/ros2_ws/install/my_robot_interfaces/include/my_robot_interfaces/my_robot_interfaces/action/detail/count_until__builder.hpp
[4.536s] -- Up-to-date: /home/fouadroboticist/ros2_ws/install/my_robot_interfaces/include/my_robot_interfaces/my_robot_interfaces/srv
[4.537s] -- Up-to-date: /home/fouadroboticist/ros2_ws/install/my_robot_interfaces/include/my_robot_interfaces/my_robot_interfaces/srv/set_led.hpp
[4.537s] -- Up-to-date: /home/fouadroboticist/ros2_ws/install/my_robot_interfaces/include/my_robot_interfaces/my_robot_interfaces/srv/detail
[4.538s] -- Up-to-date: /home/fouadroboticist/ros2_ws/install/my_robot_interfaces/include/my_robot_interfaces/my_robot_interfaces/srv/detail/set_led__traits.hpp
[4.538s] -- Up-to-date: /home/fouadroboticist/ros2_ws/install/my_robot_interfaces/include/my_robot_interfaces/my_robot_interfaces/srv/detail/set_led__builder.hpp
[4.538s] -- Up-to-date: /home/fouadroboticist/ros2_ws/install/my_robot_interfaces/include/my_robot_interfaces/my_robot_interfaces/srv/detail/set_led__struct.hpp
[4.538s] -- Up-to-date: /home/fouadroboticist/ros2_ws/install/my_robot_interfaces/include/my_robot_interfaces/my_robot_interfaces
[4.539s] -- Up-to-date: /home/fouadroboticist/ros2_ws/install/my_robot_interfaces/include/my_robot_interfaces/my_robot_interfaces/msg
[4.539s] -- Up-to-date: /home/fouadroboticist/ros2_ws/install/my_robot_interfaces/include/my_robot_interfaces/my_robot_interfaces/msg/rosidl_typesupport_fastrtps_cpp__visibility_control.h
[4.539s] -- Up-to-date: /home/fouadroboticist/ros2_ws/install/my_robot_interfaces/include/my_robot_interfaces/my_robot_interfaces/msg/detail
[4.540s] -- Up-to-date: /home/fouadroboticist/ros2_ws/install/my_robot_interfaces/include/my_robot_interfaces/my_robot_interfaces/msg/detail/dds_fastrtps
[4.540s] -- Up-to-date: /home/fouadroboticist/ros2_ws/install/my_robot_interfaces/include/my_robot_interfaces/my_robot_interfaces/msg/detail/target_coordinates__rosidl_typesupport_fastrtps_cpp.hpp
[4.540s] -- Up-to-date: /home/fouadroboticist/ros2_ws/install/my_robot_interfaces/include/my_robot_interfaces/my_robot_interfaces/action
[4.541s] -- Up-to-date: /home/fouadroboticist/ros2_ws/install/my_robot_interfaces/include/my_robot_interfaces/my_robot_interfaces/action/detail
[4.541s] -- Up-to-date: /home/fouadroboticist/ros2_ws/install/my_robot_interfaces/include/my_robot_interfaces/my_robot_interfaces/action/detail/count_until__rosidl_typesupport_fastrtps_cpp.hpp
[4.541s] -- Up-to-date: /home/fouadroboticist/ros2_ws/install/my_robot_interfaces/include/my_robot_interfaces/my_robot_interfaces/action/detail/dds_fastrtps
[4.541s] -- Up-to-date: /home/fouadroboticist/ros2_ws/install/my_robot_interfaces/include/my_robot_interfaces/my_robot_interfaces/srv
[4.541s] -- Up-to-date: /home/fouadroboticist/ros2_ws/install/my_robot_interfaces/include/my_robot_interfaces/my_robot_interfaces/srv/detail
[4.541s] -- Up-to-date: /home/fouadroboticist/ros2_ws/install/my_robot_interfaces/include/my_robot_interfaces/my_robot_interfaces/srv/detail/dds_fastrtps
[4.541s] -- Up-to-date: /home/fouadroboticist/ros2_ws/install/my_robot_interfaces/include/my_robot_interfaces/my_robot_interfaces/srv/detail/set_led__rosidl_typesupport_fastrtps_cpp.hpp
[4.541s] -- Up-to-date: /home/fouadroboticist/ros2_ws/install/my_robot_interfaces/lib/libmy_robot_interfaces__rosidl_typesupport_fastrtps_cpp.so
[4.541s] -- Up-to-date: /home/fouadroboticist/ros2_ws/install/my_robot_interfaces/include/my_robot_interfaces/my_robot_interfaces
[4.542s] -- Up-to-date: /home/fouadroboticist/ros2_ws/install/my_robot_interfaces/include/my_robot_interfaces/my_robot_interfaces/msg
[4.542s] -- Up-to-date: /home/fouadroboticist/ros2_ws/install/my_robot_interfaces/include/my_robot_interfaces/my_robot_interfaces/msg/rosidl_typesupport_introspection_c__visibility_control.h
[4.542s] -- Up-to-date: /home/fouadroboticist/ros2_ws/install/my_robot_interfaces/include/my_robot_interfaces/my_robot_interfaces/msg/detail
[4.542s] -- Up-to-date: /home/fouadroboticist/ros2_ws/install/my_robot_interfaces/include/my_robot_interfaces/my_robot_interfaces/msg/detail/target_coordinates__type_support.c
[4.543s] -- Up-to-date: /home/fouadroboticist/ros2_ws/install/my_robot_interfaces/include/my_robot_interfaces/my_robot_interfaces/msg/detail/target_coordinates__rosidl_typesupport_introspection_c.h
[4.543s] -- Up-to-date: /home/fouadroboticist/ros2_ws/install/my_robot_interfaces/include/my_robot_interfaces/my_robot_interfaces/action
[4.543s] -- Up-to-date: /home/fouadroboticist/ros2_ws/install/my_robot_interfaces/include/my_robot_interfaces/my_robot_interfaces/action/detail
[4.544s] -- Up-to-date: /home/fouadroboticist/ros2_ws/install/my_robot_interfaces/include/my_robot_interfaces/my_robot_interfaces/action/detail/count_until__rosidl_typesupport_introspection_c.h
[4.544s] -- Up-to-date: /home/fouadroboticist/ros2_ws/install/my_robot_interfaces/include/my_robot_interfaces/my_robot_interfaces/action/detail/count_until__type_support.c
[4.544s] -- Up-to-date: /home/fouadroboticist/ros2_ws/install/my_robot_interfaces/include/my_robot_interfaces/my_robot_interfaces/srv
[4.546s] -- Up-to-date: /home/fouadroboticist/ros2_ws/install/my_robot_interfaces/include/my_robot_interfaces/my_robot_interfaces/srv/detail
[4.546s] -- Up-to-date: /home/fouadroboticist/ros2_ws/install/my_robot_interfaces/include/my_robot_interfaces/my_robot_interfaces/srv/detail/set_led__rosidl_typesupport_introspection_c.h
[4.547s] -- Up-to-date: /home/fouadroboticist/ros2_ws/install/my_robot_interfaces/include/my_robot_interfaces/my_robot_interfaces/srv/detail/set_led__type_support.c
[4.548s] -- Up-to-date: /home/fouadroboticist/ros2_ws/install/my_robot_interfaces/lib/libmy_robot_interfaces__rosidl_typesupport_introspection_c.so
[4.549s] -- Up-to-date: /home/fouadroboticist/ros2_ws/install/my_robot_interfaces/lib/libmy_robot_interfaces__rosidl_typesupport_c.so
[4.550s] -- Up-to-date: /home/fouadroboticist/ros2_ws/install/my_robot_interfaces/include/my_robot_interfaces/my_robot_interfaces
[4.550s] -- Up-to-date: /home/fouadroboticist/ros2_ws/install/my_robot_interfaces/include/my_robot_interfaces/my_robot_interfaces/msg
[4.551s] -- Up-to-date: /home/fouadroboticist/ros2_ws/install/my_robot_interfaces/include/my_robot_interfaces/my_robot_interfaces/msg/detail
[4.552s] -- Up-to-date: /home/fouadroboticist/ros2_ws/install/my_robot_interfaces/include/my_robot_interfaces/my_robot_interfaces/msg/detail/target_coordinates__type_support.cpp
[4.552s] -- Up-to-date: /home/fouadroboticist/ros2_ws/install/my_robot_interfaces/include/my_robot_interfaces/my_robot_interfaces/msg/detail/target_coordinates__rosidl_typesupport_introspection_cpp.hpp
[4.554s] -- Up-to-date: /home/fouadroboticist/ros2_ws/install/my_robot_interfaces/include/my_robot_interfaces/my_robot_interfaces/action
[4.554s] -- Up-to-date: /home/fouadroboticist/ros2_ws/install/my_robot_interfaces/include/my_robot_interfaces/my_robot_interfaces/action/detail
[4.554s] -- Up-to-date: /home/fouadroboticist/ros2_ws/install/my_robot_interfaces/include/my_robot_interfaces/my_robot_interfaces/action/detail/count_until__rosidl_typesupport_introspection_cpp.hpp
[4.555s] -- Up-to-date: /home/fouadroboticist/ros2_ws/install/my_robot_interfaces/include/my_robot_interfaces/my_robot_interfaces/action/detail/count_until__type_support.cpp
[4.555s] -- Up-to-date: /home/fouadroboticist/ros2_ws/install/my_robot_interfaces/include/my_robot_interfaces/my_robot_interfaces/srv
[4.555s] -- Up-to-date: /home/fouadroboticist/ros2_ws/install/my_robot_interfaces/include/my_robot_interfaces/my_robot_interfaces/srv/detail
[4.555s] -- Up-to-date: /home/fouadroboticist/ros2_ws/install/my_robot_interfaces/include/my_robot_interfaces/my_robot_interfaces/srv/detail/set_led__type_support.cpp
[4.556s] -- Up-to-date: /home/fouadroboticist/ros2_ws/install/my_robot_interfaces/include/my_robot_interfaces/my_robot_interfaces/srv/detail/set_led__rosidl_typesupport_introspection_cpp.hpp
[4.557s] -- Up-to-date: /home/fouadroboticist/ros2_ws/install/my_robot_interfaces/lib/libmy_robot_interfaces__rosidl_typesupport_introspection_cpp.so
[4.563s] -- Up-to-date: /home/fouadroboticist/ros2_ws/install/my_robot_interfaces/lib/libmy_robot_interfaces__rosidl_typesupport_cpp.so
[4.563s] -- Up-to-date: /home/fouadroboticist/ros2_ws/install/my_robot_interfaces/share/my_robot_interfaces/environment/pythonpath.sh
[4.564s] -- Up-to-date: /home/fouadroboticist/ros2_ws/install/my_robot_interfaces/share/my_robot_interfaces/environment/pythonpath.dsv
[4.564s] -- Up-to-date: /home/fouadroboticist/ros2_ws/install/my_robot_interfaces/local/lib/python3.10/dist-packages/my_robot_interfaces-0.0.0-py3.10.egg-info
[4.566s] -- Installing: /home/fouadroboticist/ros2_ws/install/my_robot_interfaces/local/lib/python3.10/dist-packages/my_robot_interfaces-0.0.0-py3.10.egg-info/SOURCES.txt
[4.567s] -- Installing: /home/fouadroboticist/ros2_ws/install/my_robot_interfaces/local/lib/python3.10/dist-packages/my_robot_interfaces-0.0.0-py3.10.egg-info/dependency_links.txt
[4.568s] -- Installing: /home/fouadroboticist/ros2_ws/install/my_robot_interfaces/local/lib/python3.10/dist-packages/my_robot_interfaces-0.0.0-py3.10.egg-info/top_level.txt
[4.569s] -- Installing: /home/fouadroboticist/ros2_ws/install/my_robot_interfaces/local/lib/python3.10/dist-packages/my_robot_interfaces-0.0.0-py3.10.egg-info/PKG-INFO
[4.571s] -- Up-to-date: /home/fouadroboticist/ros2_ws/install/my_robot_interfaces/local/lib/python3.10/dist-packages/my_robot_interfaces
[4.572s] -- Up-to-date: /home/fouadroboticist/ros2_ws/install/my_robot_interfaces/local/lib/python3.10/dist-packages/my_robot_interfaces/my_robot_interfaces_s__rosidl_typesupport_fastrtps_c.cpython-310-x86_64-linux-gnu.so
[4.573s] -- Up-to-date: /home/fouadroboticist/ros2_ws/install/my_robot_interfaces/local/lib/python3.10/dist-packages/my_robot_interfaces/my_robot_interfaces_s__rosidl_typesupport_c.cpython-310-x86_64-linux-gnu.so
[4.573s] -- Up-to-date: /home/fouadroboticist/ros2_ws/install/my_robot_interfaces/local/lib/python3.10/dist-packages/my_robot_interfaces/_my_robot_interfaces_s.ep.rosidl_typesupport_introspection_c.c
[4.574s] -- Up-to-date: /home/fouadroboticist/ros2_ws/install/my_robot_interfaces/local/lib/python3.10/dist-packages/my_robot_interfaces/libmy_robot_interfaces__rosidl_generator_py.so
[4.574s] -- Up-to-date: /home/fouadroboticist/ros2_ws/install/my_robot_interfaces/local/lib/python3.10/dist-packages/my_robot_interfaces/__init__.py
[4.574s] -- Up-to-date: /home/fouadroboticist/ros2_ws/install/my_robot_interfaces/local/lib/python3.10/dist-packages/my_robot_interfaces/msg
[4.575s] -- Up-to-date: /home/fouadroboticist/ros2_ws/install/my_robot_interfaces/local/lib/python3.10/dist-packages/my_robot_interfaces/msg/__init__.py
[4.575s] -- Up-to-date: /home/fouadroboticist/ros2_ws/install/my_robot_interfaces/local/lib/python3.10/dist-packages/my_robot_interfaces/msg/_target_coordinates_s.c
[4.576s] -- Up-to-date: /home/fouadroboticist/ros2_ws/install/my_robot_interfaces/local/lib/python3.10/dist-packages/my_robot_interfaces/msg/_target_coordinates.py
[4.576s] -- Up-to-date: /home/fouadroboticist/ros2_ws/install/my_robot_interfaces/local/lib/python3.10/dist-packages/my_robot_interfaces/action
[4.577s] -- Up-to-date: /home/fouadroboticist/ros2_ws/install/my_robot_interfaces/local/lib/python3.10/dist-packages/my_robot_interfaces/action/__init__.py
[4.577s] -- Up-to-date: /home/fouadroboticist/ros2_ws/install/my_robot_interfaces/local/lib/python3.10/dist-packages/my_robot_interfaces/action/_count_until.py
[4.578s] -- Up-to-date: /home/fouadroboticist/ros2_ws/install/my_robot_interfaces/local/lib/python3.10/dist-packages/my_robot_interfaces/action/_count_until_s.c
[4.578s] -- Up-to-date: /home/fouadroboticist/ros2_ws/install/my_robot_interfaces/local/lib/python3.10/dist-packages/my_robot_interfaces/_my_robot_interfaces_s.ep.rosidl_typesupport_c.c
[4.579s] -- Up-to-date: /home/fouadroboticist/ros2_ws/install/my_robot_interfaces/local/lib/python3.10/dist-packages/my_robot_interfaces/srv
[4.579s] -- Up-to-date: /home/fouadroboticist/ros2_ws/install/my_robot_interfaces/local/lib/python3.10/dist-packages/my_robot_interfaces/srv/__init__.py
[4.580s] -- Up-to-date: /home/fouadroboticist/ros2_ws/install/my_robot_interfaces/local/lib/python3.10/dist-packages/my_robot_interfaces/srv/_set_led.py
[4.580s] -- Up-to-date: /home/fouadroboticist/ros2_ws/install/my_robot_interfaces/local/lib/python3.10/dist-packages/my_robot_interfaces/srv/_set_led_s.c
[4.581s] -- Up-to-date: /home/fouadroboticist/ros2_ws/install/my_robot_interfaces/local/lib/python3.10/dist-packages/my_robot_interfaces/_my_robot_interfaces_s.ep.rosidl_typesupport_fastrtps_c.c
[4.581s] -- Up-to-date: /home/fouadroboticist/ros2_ws/install/my_robot_interfaces/local/lib/python3.10/dist-packages/my_robot_interfaces/my_robot_interfaces_s__rosidl_typesupport_introspection_c.cpython-310-x86_64-linux-gnu.so
[4.664s] Listing '/home/fouadroboticist/ros2_ws/install/my_robot_interfaces/local/lib/python3.10/dist-packages/my_robot_interfaces'...
[4.664s] Listing '/home/fouadroboticist/ros2_ws/install/my_robot_interfaces/local/lib/python3.10/dist-packages/my_robot_interfaces/action'...
[4.665s] Listing '/home/fouadroboticist/ros2_ws/install/my_robot_interfaces/local/lib/python3.10/dist-packages/my_robot_interfaces/msg'...
[4.665s] Listing '/home/fouadroboticist/ros2_ws/install/my_robot_interfaces/local/lib/python3.10/dist-packages/my_robot_interfaces/srv'...
[4.674s] -- Up-to-date: /home/fouadroboticist/ros2_ws/install/my_robot_interfaces/local/lib/python3.10/dist-packages/my_robot_interfaces/my_robot_interfaces_s__rosidl_typesupport_fastrtps_c.cpython-310-x86_64-linux-gnu.so
[4.677s] -- Up-to-date: /home/fouadroboticist/ros2_ws/install/my_robot_interfaces/local/lib/python3.10/dist-packages/my_robot_interfaces/my_robot_interfaces_s__rosidl_typesupport_introspection_c.cpython-310-x86_64-linux-gnu.so
[4.679s] -- Up-to-date: /home/fouadroboticist/ros2_ws/install/my_robot_interfaces/local/lib/python3.10/dist-packages/my_robot_interfaces/my_robot_interfaces_s__rosidl_typesupport_c.cpython-310-x86_64-linux-gnu.so
[4.681s] -- Up-to-date: /home/fouadroboticist/ros2_ws/install/my_robot_interfaces/lib/libmy_robot_interfaces__rosidl_generator_py.so
[4.682s] -- Up-to-date: /home/fouadroboticist/ros2_ws/install/my_robot_interfaces/share/my_robot_interfaces/action/CountUntil.idl
[4.683s] -- Up-to-date: /home/fouadroboticist/ros2_ws/install/my_robot_interfaces/share/my_robot_interfaces/msg/TargetCoordinates.idl
[4.684s] -- Up-to-date: /home/fouadroboticist/ros2_ws/install/my_robot_interfaces/share/my_robot_interfaces/srv/SetLed.idl
[4.684s] -- Up-to-date: /home/fouadroboticist/ros2_ws/install/my_robot_interfaces/share/my_robot_interfaces/action/CountUntil.action
[4.685s] -- Up-to-date: /home/fouadroboticist/ros2_ws/install/my_robot_interfaces/share/my_robot_interfaces/msg/TargetCoordinates.msg
[4.686s] -- Up-to-date: /home/fouadroboticist/ros2_ws/install/my_robot_interfaces/share/my_robot_interfaces/srv/SetLed.srv
[4.686s] -- Up-to-date: /home/fouadroboticist/ros2_ws/install/my_robot_interfaces/share/my_robot_interfaces/srv/SetLed_Request.msg
[4.687s] -- Up-to-date: /home/fouadroboticist/ros2_ws/install/my_robot_interfaces/share/my_robot_interfaces/srv/SetLed_Response.msg
[4.687s] -- Up-to-date: /home/fouadroboticist/ros2_ws/install/my_robot_interfaces/share/ament_index/resource_index/package_run_dependencies/my_robot_interfaces
[4.687s] -- Up-to-date: /home/fouadroboticist/ros2_ws/install/my_robot_interfaces/share/ament_index/resource_index/parent_prefix_path/my_robot_interfaces
[4.687s] -- Up-to-date: /home/fouadroboticist/ros2_ws/install/my_robot_interfaces/share/my_robot_interfaces/environment/ament_prefix_path.sh
[4.688s] -- Up-to-date: /home/fouadroboticist/ros2_ws/install/my_robot_interfaces/share/my_robot_interfaces/environment/ament_prefix_path.dsv
[4.688s] -- Up-to-date: /home/fouadroboticist/ros2_ws/install/my_robot_interfaces/share/my_robot_interfaces/environment/path.sh
[4.688s] -- Up-to-date: /home/fouadroboticist/ros2_ws/install/my_robot_interfaces/share/my_robot_interfaces/environment/path.dsv
[4.688s] -- Up-to-date: /home/fouadroboticist/ros2_ws/install/my_robot_interfaces/share/my_robot_interfaces/local_setup.bash
[4.688s] -- Up-to-date: /home/fouadroboticist/ros2_ws/install/my_robot_interfaces/share/my_robot_interfaces/local_setup.sh
[4.688s] -- Up-to-date: /home/fouadroboticist/ros2_ws/install/my_robot_interfaces/share/my_robot_interfaces/local_setup.zsh
[4.689s] -- Up-to-date: /home/fouadroboticist/ros2_ws/install/my_robot_interfaces/share/my_robot_interfaces/local_setup.dsv
[4.689s] -- Installing: /home/fouadroboticist/ros2_ws/install/my_robot_interfaces/share/my_robot_interfaces/package.dsv
[4.691s] -- Up-to-date: /home/fouadroboticist/ros2_ws/install/my_robot_interfaces/share/ament_index/resource_index/packages/my_robot_interfaces
[4.692s] -- Up-to-date: /home/fouadroboticist/ros2_ws/install/my_robot_interfaces/share/my_robot_interfaces/cmake/export_my_robot_interfaces__rosidl_generator_cExport.cmake
[4.693s] -- Up-to-date: /home/fouadroboticist/ros2_ws/install/my_robot_interfaces/share/my_robot_interfaces/cmake/export_my_robot_interfaces__rosidl_generator_cExport-noconfig.cmake
[4.694s] -- Up-to-date: /home/fouadroboticist/ros2_ws/install/my_robot_interfaces/share/my_robot_interfaces/cmake/export_my_robot_interfaces__rosidl_typesupport_fastrtps_cExport.cmake
[4.694s] -- Up-to-date: /home/fouadroboticist/ros2_ws/install/my_robot_interfaces/share/my_robot_interfaces/cmake/export_my_robot_interfaces__rosidl_typesupport_fastrtps_cExport-noconfig.cmake
[4.695s] -- Up-to-date: /home/fouadroboticist/ros2_ws/install/my_robot_interfaces/share/my_robot_interfaces/cmake/export_my_robot_interfaces__rosidl_generator_cppExport.cmake
[4.696s] -- Up-to-date: /home/fouadroboticist/ros2_ws/install/my_robot_interfaces/share/my_robot_interfaces/cmake/export_my_robot_interfaces__rosidl_typesupport_fastrtps_cppExport.cmake
[4.697s] -- Up-to-date: /home/fouadroboticist/ros2_ws/install/my_robot_interfaces/share/my_robot_interfaces/cmake/export_my_robot_interfaces__rosidl_typesupport_fastrtps_cppExport-noconfig.cmake
[4.698s] -- Up-to-date: /home/fouadroboticist/ros2_ws/install/my_robot_interfaces/share/my_robot_interfaces/cmake/my_robot_interfaces__rosidl_typesupport_introspection_cExport.cmake
[4.698s] -- Up-to-date: /home/fouadroboticist/ros2_ws/install/my_robot_interfaces/share/my_robot_interfaces/cmake/my_robot_interfaces__rosidl_typesupport_introspection_cExport-noconfig.cmake
[4.699s] -- Up-to-date: /home/fouadroboticist/ros2_ws/install/my_robot_interfaces/share/my_robot_interfaces/cmake/my_robot_interfaces__rosidl_typesupport_cExport.cmake
[4.701s] -- Up-to-date: /home/fouadroboticist/ros2_ws/install/my_robot_interfaces/share/my_robot_interfaces/cmake/my_robot_interfaces__rosidl_typesupport_cExport-noconfig.cmake
[4.702s] -- Up-to-date: /home/fouadroboticist/ros2_ws/install/my_robot_interfaces/share/my_robot_interfaces/cmake/my_robot_interfaces__rosidl_typesupport_introspection_cppExport.cmake
[4.703s] -- Up-to-date: /home/fouadroboticist/ros2_ws/install/my_robot_interfaces/share/my_robot_interfaces/cmake/my_robot_interfaces__rosidl_typesupport_introspection_cppExport-noconfig.cmake
[4.704s] -- Up-to-date: /home/fouadroboticist/ros2_ws/install/my_robot_interfaces/share/my_robot_interfaces/cmake/my_robot_interfaces__rosidl_typesupport_cppExport.cmake
[4.704s] -- Up-to-date: /home/fouadroboticist/ros2_ws/install/my_robot_interfaces/share/my_robot_interfaces/cmake/my_robot_interfaces__rosidl_typesupport_cppExport-noconfig.cmake
[4.705s] -- Up-to-date: /home/fouadroboticist/ros2_ws/install/my_robot_interfaces/share/my_robot_interfaces/cmake/export_my_robot_interfaces__rosidl_generator_pyExport.cmake
[4.706s] -- Up-to-date: /home/fouadroboticist/ros2_ws/install/my_robot_interfaces/share/my_robot_interfaces/cmake/export_my_robot_interfaces__rosidl_generator_pyExport-noconfig.cmake
[4.707s] -- Up-to-date: /home/fouadroboticist/ros2_ws/install/my_robot_interfaces/share/my_robot_interfaces/cmake/rosidl_cmake-extras.cmake
[4.707s] -- Up-to-date: /home/fouadroboticist/ros2_ws/install/my_robot_interfaces/share/my_robot_interfaces/cmake/ament_cmake_export_dependencies-extras.cmake
[4.708s] -- Up-to-date: /home/fouadroboticist/ros2_ws/install/my_robot_interfaces/share/my_robot_interfaces/cmake/ament_cmake_export_include_directories-extras.cmake
[4.708s] -- Up-to-date: /home/fouadroboticist/ros2_ws/install/my_robot_interfaces/share/my_robot_interfaces/cmake/ament_cmake_export_libraries-extras.cmake
[4.709s] -- Up-to-date: /home/fouadroboticist/ros2_ws/install/my_robot_interfaces/share/my_robot_interfaces/cmake/ament_cmake_export_targets-extras.cmake
[4.710s] -- Up-to-date: /home/fouadroboticist/ros2_ws/install/my_robot_interfaces/share/my_robot_interfaces/cmake/rosidl_cmake_export_typesupport_targets-extras.cmake
[4.710s] -- Up-to-date: /home/fouadroboticist/ros2_ws/install/my_robot_interfaces/share/my_robot_interfaces/cmake/rosidl_cmake_export_typesupport_libraries-extras.cmake
[4.710s] -- Up-to-date: /home/fouadroboticist/ros2_ws/install/my_robot_interfaces/share/my_robot_interfaces/cmake/my_robot_interfacesConfig.cmake
[4.710s] -- Up-to-date: /home/fouadroboticist/ros2_ws/install/my_robot_interfaces/share/my_robot_interfaces/cmake/my_robot_interfacesConfig-version.cmake
[4.710s] -- Up-to-date: /home/fouadroboticist/ros2_ws/install/my_robot_interfaces/share/my_robot_interfaces/package.xml
[4.716s] Invoked command in '/home/fouadroboticist/ros2_ws/build/my_robot_interfaces' returned '0': CMAKE_PREFIX_PATH=${CMAKE_PREFIX_PATH}:/home/fouadroboticist/ros2_ws/install/tutorials_py:/home/fouadroboticist/ros2_ws/install/my_robot_controller:/home/fouadroboticist/ros2_ws/install/actions_py:/opt/ros/humble /usr/bin/cmake --install /home/fouadroboticist/ros2_ws/build/my_robot_interfaces
