[0.092s] Invoking command in '/home/fouadroboticist/ros2_ws/build/my_robot_interfaces': CMAKE_PREFIX_PATH=${CMAKE_PREFIX_PATH}:/home/fouadroboticist/ros2_ws/install/tutorials_py:/home/fouadroboticist/ros2_ws/install/my_robot_controller:/home/fouadroboticist/ros2_ws/install/actions_py:/opt/ros/humble /usr/bin/cmake --build /home/fouadroboticist/ros2_ws/build/my_robot_interfaces -- -j4 -l4
[0.535s] [  2%] Built target my_robot_interfaces__cpp
[0.548s] [ 12%] Built target my_robot_interfaces__rosidl_generator_c
[0.595s] [ 12%] Built target ament_cmake_python_copy_my_robot_interfaces
[0.676s] [ 23%] Built target my_robot_interfaces__rosidl_typesupport_fastrtps_cpp
[0.706s] [ 34%] Built target my_robot_interfaces__rosidl_typesupport_cpp
[0.748s] [ 55%] Built target my_robot_interfaces__rosidl_typesupport_fastrtps_c
[0.748s] [ 55%] Built target my_robot_interfaces__rosidl_typesupport_introspection_cpp
[0.795s] [ 65%] Built target my_robot_interfaces__rosidl_typesupport_introspection_c
[0.828s] [ 76%] Built target my_robot_interfaces__rosidl_typesupport_c
[0.889s] [ 76%] Built target my_robot_interfaces
[0.966s] [ 78%] Built target my_robot_interfaces__py
[1.225s] [ 87%] Built target my_robot_interfaces__rosidl_generator_py
[1.395s] [ 91%] Built target my_robot_interfaces__rosidl_typesupport_c__pyext
[1.494s] [ 95%] Built target my_robot_interfaces__rosidl_typesupport_fastrtps_c__pyext
[1.566s] [100%] Built target my_robot_interfaces__rosidl_typesupport_introspection_c__pyext
[2.222s] running egg_info
[2.224s] writing my_robot_interfaces.egg-info/PKG-INFO
[2.225s] writing dependency_links to my_robot_interfaces.egg-info/dependency_links.txt
[2.226s] writing top-level names to my_robot_interfaces.egg-info/top_level.txt
[2.238s] reading manifest file 'my_robot_interfaces.egg-info/SOURCES.txt'
[2.241s] writing manifest file 'my_robot_interfaces.egg-info/SOURCES.txt'
[2.346s] [100%] Built target ament_cmake_python_build_my_robot_interfaces_egg
[2.748s] Invoked command in '/home/fouadroboticist/ros2_ws/build/my_robot_interfaces' returned '0': CMAKE_PREFIX_PATH=${CMAKE_PREFIX_PATH}:/home/fouadroboticist/ros2_ws/install/tutorials_py:/home/fouadroboticist/ros2_ws/install/my_robot_controller:/home/fouadroboticist/ros2_ws/install/actions_py:/opt/ros/humble /usr/bin/cmake --build /home/fouadroboticist/ros2_ws/build/my_robot_interfaces -- -j4 -l4
[3.312s] Invoking command in '/home/fouadroboticist/ros2_ws/build/my_robot_interfaces': CMAKE_PREFIX_PATH=${CMAKE_PREFIX_PATH}:/home/fouadroboticist/ros2_ws/install/tutorials_py:/home/fouadroboticist/ros2_ws/install/my_robot_controller:/home/fouadroboticist/ros2_ws/install/actions_py:/opt/ros/humble /usr/bin/cmake --install /home/fouadroboticist/ros2_ws/build/my_robot_interfaces
[3.429s] -- Install configuration: ""
[3.496s] -- Up-to-date: /home/fouadroboticist/ros2_ws/install/my_robot_interfaces/share/ament_index/resource_index/rosidl_interfaces/my_robot_interfaces
[3.498s] -- Up-to-date: /home/fouadroboticist/ros2_ws/install/my_robot_interfaces/include/my_robot_interfaces/my_robot_interfaces
[3.498s] -- Up-to-date: /home/fouadroboticist/ros2_ws/install/my_robot_interfaces/include/my_robot_interfaces/my_robot_interfaces/msg
[3.513s] -- Up-to-date: /home/fouadroboticist/ros2_ws/install/my_robot_interfaces/include/my_robot_interfaces/my_robot_interfaces/msg/target_coordinates.h
[3.513s] -- Up-to-date: /home/fouadroboticist/ros2_ws/install/my_robot_interfaces/include/my_robot_interfaces/my_robot_interfaces/msg/rosidl_generator_c__visibility_control.h
[3.514s] -- Up-to-date: /home/fouadroboticist/ros2_ws/install/my_robot_interfaces/include/my_robot_interfaces/my_robot_interfaces/msg/detail
[3.526s] -- Up-to-date: /home/fouadroboticist/ros2_ws/install/my_robot_interfaces/include/my_robot_interfaces/my_robot_interfaces/msg/detail/target_coordinates__functions.h
[3.526s] -- Up-to-date: /home/fouadroboticist/ros2_ws/install/my_robot_interfaces/include/my_robot_interfaces/my_robot_interfaces/msg/detail/target_coordinates__type_support.h
[3.527s] -- Up-to-date: /home/fouadroboticist/ros2_ws/install/my_robot_interfaces/include/my_robot_interfaces/my_robot_interfaces/msg/detail/target_coordinates__functions.c
[3.528s] -- Up-to-date: /home/fouadroboticist/ros2_ws/install/my_robot_interfaces/include/my_robot_interfaces/my_robot_interfaces/msg/detail/target_coordinates__struct.h
[3.529s] -- Up-to-date: /home/fouadroboticist/ros2_ws/install/my_robot_interfaces/include/my_robot_interfaces/my_robot_interfaces/action
[3.530s] -- Up-to-date: /home/fouadroboticist/ros2_ws/install/my_robot_interfaces/include/my_robot_interfaces/my_robot_interfaces/action/count_until.h
[3.531s] -- Up-to-date: /home/fouadroboticist/ros2_ws/install/my_robot_interfaces/include/my_robot_interfaces/my_robot_interfaces/action/detail
[3.543s] -- Up-to-date: /home/fouadroboticist/ros2_ws/install/my_robot_interfaces/include/my_robot_interfaces/my_robot_interfaces/action/detail/count_until__type_support.h
[3.544s] -- Up-to-date: /home/fouadroboticist/ros2_ws/install/my_robot_interfaces/include/my_robot_interfaces/my_robot_interfaces/action/detail/count_until__functions.h
[3.544s] -- Up-to-date: /home/fouadroboticist/ros2_ws/install/my_robot_interfaces/include/my_robot_interfaces/my_robot_interfaces/action/detail/count_until__functions.c
[3.545s] -- Up-to-date: /home/fouadroboticist/ros2_ws/install/my_robot_interfaces/include/my_robot_interfaces/my_robot_interfaces/action/detail/count_until__struct.h
[3.545s] -- Up-to-date: /home/fouadroboticist/ros2_ws/install/my_robot_interfaces/include/my_robot_interfaces/my_robot_interfaces/srv
[3.546s] -- Up-to-date: /home/fouadroboticist/ros2_ws/install/my_robot_interfaces/include/my_robot_interfaces/my_robot_interfaces/srv/set_led.h
[3.546s] -- Up-to-date: /home/fouadroboticist/ros2_ws/install/my_robot_interfaces/include/my_robot_interfaces/my_robot_interfaces/srv/detail
[3.546s] -- Up-to-date: /home/fouadroboticist/ros2_ws/install/my_robot_interfaces/include/my_robot_interfaces/my_robot_interfaces/srv/detail/set_led__functions.h
[3.547s] -- Up-to-date: /home/fouadroboticist/ros2_ws/install/my_robot_interfaces/include/my_robot_interfaces/my_robot_interfaces/srv/detail/set_led__type_support.h
[3.547s] -- Up-to-date: /home/fouadroboticist/ros2_ws/install/my_robot_interfaces/include/my_robot_interfaces/my_robot_interfaces/srv/detail/set_led__functions.c
[3.547s] -- Up-to-date: /home/fouadroboticist/ros2_ws/install/my_robot_interfaces/include/my_robot_interfaces/my_robot_interfaces/srv/detail/set_led__struct.h
[3.547s] -- Up-to-date: /home/fouadroboticist/ros2_ws/install/my_robot_interfaces/share/my_robot_interfaces/environment/library_path.sh
[3.548s] -- Up-to-date: /home/fouadroboticist/ros2_ws/install/my_robot_interfaces/share/my_robot_interfaces/environment/library_path.dsv
[3.548s] -- Up-to-date: /home/fouadroboticist/ros2_ws/install/my_robot_interfaces/lib/libmy_robot_interfaces__rosidl_generator_c.so
[3.548s] -- Up-to-date: /home/fouadroboticist/ros2_ws/install/my_robot_interfaces/include/my_robot_interfaces/my_robot_interfaces
[3.556s] -- Up-to-date: /home/fouadroboticist/ros2_ws/install/my_robot_interfaces/include/my_robot_interfaces/my_robot_interfaces/msg
[3.560s] -- Up-to-date: /home/fouadroboticist/ros2_ws/install/my_robot_interfaces/include/my_robot_interfaces/my_robot_interfaces/msg/rosidl_typesupport_fastrtps_c__visibility_control.h
[3.561s] -- Up-to-date: /home/fouadroboticist/ros2_ws/install/my_robot_interfaces/include/my_robot_interfaces/my_robot_interfaces/msg/detail
[3.562s] -- Up-to-date: /home/fouadroboticist/ros2_ws/install/my_robot_interfaces/include/my_robot_interfaces/my_robot_interfaces/msg/detail/target_coordinates__rosidl_typesupport_fastrtps_c.h
[3.563s] -- Up-to-date: /home/fouadroboticist/ros2_ws/install/my_robot_interfaces/include/my_robot_interfaces/my_robot_interfaces/action
[3.564s] -- Up-to-date: /home/fouadroboticist/ros2_ws/install/my_robot_interfaces/include/my_robot_interfaces/my_robot_interfaces/action/detail
[3.564s] -- Up-to-date: /home/fouadroboticist/ros2_ws/install/my_robot_interfaces/include/my_robot_interfaces/my_robot_interfaces/action/detail/count_until__rosidl_typesupport_fastrtps_c.h
[3.565s] -- Up-to-date: /home/fouadroboticist/ros2_ws/install/my_robot_interfaces/include/my_robot_interfaces/my_robot_interfaces/srv
[3.565s] -- Up-to-date: /home/fouadroboticist/ros2_ws/install/my_robot_interfaces/include/my_robot_interfaces/my_robot_interfaces/srv/detail
[3.566s] -- Up-to-date: /home/fouadroboticist/ros2_ws/install/my_robot_interfaces/include/my_robot_interfaces/my_robot_interfaces/srv/detail/set_led__rosidl_typesupport_fastrtps_c.h
[3.567s] -- Up-to-date: /home/fouadroboticist/ros2_ws/install/my_robot_interfaces/lib/libmy_robot_interfaces__rosidl_typesupport_fastrtps_c.so
[3.567s] -- Up-to-date: /home/fouadroboticist/ros2_ws/install/my_robot_interfaces/include/my_robot_interfaces/my_robot_interfaces
[3.571s] -- Up-to-date: /home/fouadroboticist/ros2_ws/install/my_robot_interfaces/include/my_robot_interfaces/my_robot_interfaces/msg
[3.572s] -- Up-to-date: /home/fouadroboticist/ros2_ws/install/my_robot_interfaces/include/my_robot_interfaces/my_robot_interfaces/msg/target_coordinates.hpp
[3.572s] -- Up-to-date: /home/fouadroboticist/ros2_ws/install/my_robot_interfaces/include/my_robot_interfaces/my_robot_interfaces/msg/detail
[3.574s] -- Up-to-date: /home/fouadroboticist/ros2_ws/install/my_robot_interfaces/include/my_robot_interfaces/my_robot_interfaces/msg/detail/target_coordinates__struct.hpp
[3.580s] -- Up-to-date: /home/fouadroboticist/ros2_ws/install/my_robot_interfaces/include/my_robot_interfaces/my_robot_interfaces/msg/detail/target_coordinates__builder.hpp
[3.581s] -- Up-to-date: /home/fouadroboticist/ros2_ws/install/my_robot_interfaces/include/my_robot_interfaces/my_robot_interfaces/msg/detail/target_coordinates__traits.hpp
[3.597s] -- Up-to-date: /home/fouadroboticist/ros2_ws/install/my_robot_interfaces/include/my_robot_interfaces/my_robot_interfaces/action
[3.597s] -- Up-to-date: /home/fouadroboticist/ros2_ws/install/my_robot_interfaces/include/my_robot_interfaces/my_robot_interfaces/action/count_until.hpp
[3.597s] -- Up-to-date: /home/fouadroboticist/ros2_ws/install/my_robot_interfaces/include/my_robot_interfaces/my_robot_interfaces/action/detail
[3.597s] -- Up-to-date: /home/fouadroboticist/ros2_ws/install/my_robot_interfaces/include/my_robot_interfaces/my_robot_interfaces/action/detail/count_until__struct.hpp
[3.598s] -- Up-to-date: /home/fouadroboticist/ros2_ws/install/my_robot_interfaces/include/my_robot_interfaces/my_robot_interfaces/action/detail/count_until__traits.hpp
[3.598s] -- Up-to-date: /home/fouadroboticist/ros2_ws/install/my_robot_interfaces/include/my_robot_interfaces/my_robot_interfaces/action/detail/count_until__builder.hpp
[3.598s] -- Up-to-date: /home/fouadroboticist/ros2_ws/install/my_robot_interfaces/include/my_robot_interfaces/my_robot_interfaces/srv
[3.598s] -- Up-to-date: /home/fouadroboticist/ros2_ws/install/my_robot_interfaces/include/my_robot_interfaces/my_robot_interfaces/srv/set_led.hpp
[3.599s] -- Up-to-date: /home/fouadroboticist/ros2_ws/install/my_robot_interfaces/include/my_robot_interfaces/my_robot_interfaces/srv/detail
[3.600s] -- Up-to-date: /home/fouadroboticist/ros2_ws/install/my_robot_interfaces/include/my_robot_interfaces/my_robot_interfaces/srv/detail/set_led__traits.hpp
[3.601s] -- Up-to-date: /home/fouadroboticist/ros2_ws/install/my_robot_interfaces/include/my_robot_interfaces/my_robot_interfaces/srv/detail/set_led__builder.hpp
[3.601s] -- Up-to-date: /home/fouadroboticist/ros2_ws/install/my_robot_interfaces/include/my_robot_interfaces/my_robot_interfaces/srv/detail/set_led__struct.hpp
[3.602s] -- Up-to-date: /home/fouadroboticist/ros2_ws/install/my_robot_interfaces/include/my_robot_interfaces/my_robot_interfaces
[3.602s] -- Up-to-date: /home/fouadroboticist/ros2_ws/install/my_robot_interfaces/include/my_robot_interfaces/my_robot_interfaces/msg
[3.602s] -- Up-to-date: /home/fouadroboticist/ros2_ws/install/my_robot_interfaces/include/my_robot_interfaces/my_robot_interfaces/msg/rosidl_typesupport_fastrtps_cpp__visibility_control.h
[3.611s] -- Up-to-date: /home/fouadroboticist/ros2_ws/install/my_robot_interfaces/include/my_robot_interfaces/my_robot_interfaces/msg/detail
[3.612s] -- Up-to-date: /home/fouadroboticist/ros2_ws/install/my_robot_interfaces/include/my_robot_interfaces/my_robot_interfaces/msg/detail/dds_fastrtps
[3.612s] -- Up-to-date: /home/fouadroboticist/ros2_ws/install/my_robot_interfaces/include/my_robot_interfaces/my_robot_interfaces/msg/detail/target_coordinates__rosidl_typesupport_fastrtps_cpp.hpp
[3.613s] -- Up-to-date: /home/fouadroboticist/ros2_ws/install/my_robot_interfaces/include/my_robot_interfaces/my_robot_interfaces/action
[3.613s] -- Up-to-date: /home/fouadroboticist/ros2_ws/install/my_robot_interfaces/include/my_robot_interfaces/my_robot_interfaces/action/detail
[3.614s] -- Up-to-date: /home/fouadroboticist/ros2_ws/install/my_robot_interfaces/include/my_robot_interfaces/my_robot_interfaces/action/detail/count_until__rosidl_typesupport_fastrtps_cpp.hpp
[3.615s] -- Up-to-date: /home/fouadroboticist/ros2_ws/install/my_robot_interfaces/include/my_robot_interfaces/my_robot_interfaces/action/detail/dds_fastrtps
[3.616s] -- Up-to-date: /home/fouadroboticist/ros2_ws/install/my_robot_interfaces/include/my_robot_interfaces/my_robot_interfaces/srv
[3.623s] -- Up-to-date: /home/fouadroboticist/ros2_ws/install/my_robot_interfaces/include/my_robot_interfaces/my_robot_interfaces/srv/detail
[3.624s] -- Up-to-date: /home/fouadroboticist/ros2_ws/install/my_robot_interfaces/include/my_robot_interfaces/my_robot_interfaces/srv/detail/dds_fastrtps
[3.625s] -- Up-to-date: /home/fouadroboticist/ros2_ws/install/my_robot_interfaces/include/my_robot_interfaces/my_robot_interfaces/srv/detail/set_led__rosidl_typesupport_fastrtps_cpp.hpp
[3.627s] -- Up-to-date: /home/fouadroboticist/ros2_ws/install/my_robot_interfaces/lib/libmy_robot_interfaces__rosidl_typesupport_fastrtps_cpp.so
[3.628s] -- Up-to-date: /home/fouadroboticist/ros2_ws/install/my_robot_interfaces/include/my_robot_interfaces/my_robot_interfaces
[3.629s] -- Up-to-date: /home/fouadroboticist/ros2_ws/install/my_robot_interfaces/include/my_robot_interfaces/my_robot_interfaces/msg
[3.630s] -- Up-to-date: /home/fouadroboticist/ros2_ws/install/my_robot_interfaces/include/my_robot_interfaces/my_robot_interfaces/msg/rosidl_typesupport_introspection_c__visibility_control.h
[3.630s] -- Up-to-date: /home/fouadroboticist/ros2_ws/install/my_robot_interfaces/include/my_robot_interfaces/my_robot_interfaces/msg/detail
[3.630s] -- Up-to-date: /home/fouadroboticist/ros2_ws/install/my_robot_interfaces/include/my_robot_interfaces/my_robot_interfaces/msg/detail/target_coordinates__type_support.c
[3.631s] -- Up-to-date: /home/fouadroboticist/ros2_ws/install/my_robot_interfaces/include/my_robot_interfaces/my_robot_interfaces/msg/detail/target_coordinates__rosidl_typesupport_introspection_c.h
[3.631s] -- Up-to-date: /home/fouadroboticist/ros2_ws/install/my_robot_interfaces/include/my_robot_interfaces/my_robot_interfaces/action
[3.632s] -- Up-to-date: /home/fouadroboticist/ros2_ws/install/my_robot_interfaces/include/my_robot_interfaces/my_robot_interfaces/action/detail
[3.632s] -- Up-to-date: /home/fouadroboticist/ros2_ws/install/my_robot_interfaces/include/my_robot_interfaces/my_robot_interfaces/action/detail/count_until__rosidl_typesupport_introspection_c.h
[3.632s] -- Up-to-date: /home/fouadroboticist/ros2_ws/install/my_robot_interfaces/include/my_robot_interfaces/my_robot_interfaces/action/detail/count_until__type_support.c
[3.632s] -- Up-to-date: /home/fouadroboticist/ros2_ws/install/my_robot_interfaces/include/my_robot_interfaces/my_robot_interfaces/srv
[3.633s] -- Up-to-date: /home/fouadroboticist/ros2_ws/install/my_robot_interfaces/include/my_robot_interfaces/my_robot_interfaces/srv/detail
[3.633s] -- Up-to-date: /home/fouadroboticist/ros2_ws/install/my_robot_interfaces/include/my_robot_interfaces/my_robot_interfaces/srv/detail/set_led__rosidl_typesupport_introspection_c.h
[3.633s] -- Up-to-date: /home/fouadroboticist/ros2_ws/install/my_robot_interfaces/include/my_robot_interfaces/my_robot_interfaces/srv/detail/set_led__type_support.c
[3.634s] -- Up-to-date: /home/fouadroboticist/ros2_ws/install/my_robot_interfaces/lib/libmy_robot_interfaces__rosidl_typesupport_introspection_c.so
[3.634s] -- Up-to-date: /home/fouadroboticist/ros2_ws/install/my_robot_interfaces/lib/libmy_robot_interfaces__rosidl_typesupport_c.so
[3.634s] -- Up-to-date: /home/fouadroboticist/ros2_ws/install/my_robot_interfaces/include/my_robot_interfaces/my_robot_interfaces
[3.635s] -- Up-to-date: /home/fouadroboticist/ros2_ws/install/my_robot_interfaces/include/my_robot_interfaces/my_robot_interfaces/msg
[3.635s] -- Up-to-date: /home/fouadroboticist/ros2_ws/install/my_robot_interfaces/include/my_robot_interfaces/my_robot_interfaces/msg/detail
[3.635s] -- Up-to-date: /home/fouadroboticist/ros2_ws/install/my_robot_interfaces/include/my_robot_interfaces/my_robot_interfaces/msg/detail/target_coordinates__type_support.cpp
[3.635s] -- Up-to-date: /home/fouadroboticist/ros2_ws/install/my_robot_interfaces/include/my_robot_interfaces/my_robot_interfaces/msg/detail/target_coordinates__rosidl_typesupport_introspection_cpp.hpp
[3.647s] -- Up-to-date: /home/fouadroboticist/ros2_ws/install/my_robot_interfaces/include/my_robot_interfaces/my_robot_interfaces/action
[3.647s] -- Up-to-date: /home/fouadroboticist/ros2_ws/install/my_robot_interfaces/include/my_robot_interfaces/my_robot_interfaces/action/detail
[3.648s] -- Up-to-date: /home/fouadroboticist/ros2_ws/install/my_robot_interfaces/include/my_robot_interfaces/my_robot_interfaces/action/detail/count_until__rosidl_typesupport_introspection_cpp.hpp
[3.648s] -- Up-to-date: /home/fouadroboticist/ros2_ws/install/my_robot_interfaces/include/my_robot_interfaces/my_robot_interfaces/action/detail/count_until__type_support.cpp
[3.648s] -- Up-to-date: /home/fouadroboticist/ros2_ws/install/my_robot_interfaces/include/my_robot_interfaces/my_robot_interfaces/srv
[3.648s] -- Up-to-date: /home/fouadroboticist/ros2_ws/install/my_robot_interfaces/include/my_robot_interfaces/my_robot_interfaces/srv/detail
[3.649s] -- Up-to-date: /home/fouadroboticist/ros2_ws/install/my_robot_interfaces/include/my_robot_interfaces/my_robot_interfaces/srv/detail/set_led__type_support.cpp
[3.649s] -- Up-to-date: /home/fouadroboticist/ros2_ws/install/my_robot_interfaces/include/my_robot_interfaces/my_robot_interfaces/srv/detail/set_led__rosidl_typesupport_introspection_cpp.hpp
[3.649s] -- Up-to-date: /home/fouadroboticist/ros2_ws/install/my_robot_interfaces/lib/libmy_robot_interfaces__rosidl_typesupport_introspection_cpp.so
[3.649s] -- Up-to-date: /home/fouadroboticist/ros2_ws/install/my_robot_interfaces/lib/libmy_robot_interfaces__rosidl_typesupport_cpp.so
[3.650s] -- Up-to-date: /home/fouadroboticist/ros2_ws/install/my_robot_interfaces/share/my_robot_interfaces/environment/pythonpath.sh
[3.650s] -- Up-to-date: /home/fouadroboticist/ros2_ws/install/my_robot_interfaces/share/my_robot_interfaces/environment/pythonpath.dsv
[3.650s] -- Up-to-date: /home/fouadroboticist/ros2_ws/install/my_robot_interfaces/local/lib/python3.10/dist-packages/my_robot_interfaces-0.0.0-py3.10.egg-info
[3.650s] -- Installing: /home/fouadroboticist/ros2_ws/install/my_robot_interfaces/local/lib/python3.10/dist-packages/my_robot_interfaces-0.0.0-py3.10.egg-info/SOURCES.txt
[3.651s] -- Installing: /home/fouadroboticist/ros2_ws/install/my_robot_interfaces/local/lib/python3.10/dist-packages/my_robot_interfaces-0.0.0-py3.10.egg-info/dependency_links.txt
[3.651s] -- Installing: /home/fouadroboticist/ros2_ws/install/my_robot_interfaces/local/lib/python3.10/dist-packages/my_robot_interfaces-0.0.0-py3.10.egg-info/top_level.txt
[3.651s] -- Installing: /home/fouadroboticist/ros2_ws/install/my_robot_interfaces/local/lib/python3.10/dist-packages/my_robot_interfaces-0.0.0-py3.10.egg-info/PKG-INFO
[3.652s] -- Up-to-date: /home/fouadroboticist/ros2_ws/install/my_robot_interfaces/local/lib/python3.10/dist-packages/my_robot_interfaces
[3.663s] -- Up-to-date: /home/fouadroboticist/ros2_ws/install/my_robot_interfaces/local/lib/python3.10/dist-packages/my_robot_interfaces/my_robot_interfaces_s__rosidl_typesupport_fastrtps_c.cpython-310-x86_64-linux-gnu.so
[3.664s] -- Up-to-date: /home/fouadroboticist/ros2_ws/install/my_robot_interfaces/local/lib/python3.10/dist-packages/my_robot_interfaces/my_robot_interfaces_s__rosidl_typesupport_c.cpython-310-x86_64-linux-gnu.so
[3.664s] -- Up-to-date: /home/fouadroboticist/ros2_ws/install/my_robot_interfaces/local/lib/python3.10/dist-packages/my_robot_interfaces/_my_robot_interfaces_s.ep.rosidl_typesupport_introspection_c.c
[3.664s] -- Up-to-date: /home/fouadroboticist/ros2_ws/install/my_robot_interfaces/local/lib/python3.10/dist-packages/my_robot_interfaces/libmy_robot_interfaces__rosidl_generator_py.so
[3.665s] -- Up-to-date: /home/fouadroboticist/ros2_ws/install/my_robot_interfaces/local/lib/python3.10/dist-packages/my_robot_interfaces/__init__.py
[3.665s] -- Up-to-date: /home/fouadroboticist/ros2_ws/install/my_robot_interfaces/local/lib/python3.10/dist-packages/my_robot_interfaces/msg
[3.665s] -- Up-to-date: /home/fouadroboticist/ros2_ws/install/my_robot_interfaces/local/lib/python3.10/dist-packages/my_robot_interfaces/msg/__init__.py
[3.665s] -- Up-to-date: /home/fouadroboticist/ros2_ws/install/my_robot_interfaces/local/lib/python3.10/dist-packages/my_robot_interfaces/msg/_target_coordinates_s.c
[3.666s] -- Up-to-date: /home/fouadroboticist/ros2_ws/install/my_robot_interfaces/local/lib/python3.10/dist-packages/my_robot_interfaces/msg/_target_coordinates.py
[3.666s] -- Up-to-date: /home/fouadroboticist/ros2_ws/install/my_robot_interfaces/local/lib/python3.10/dist-packages/my_robot_interfaces/action
[3.667s] -- Up-to-date: /home/fouadroboticist/ros2_ws/install/my_robot_interfaces/local/lib/python3.10/dist-packages/my_robot_interfaces/action/__init__.py
[3.667s] -- Up-to-date: /home/fouadroboticist/ros2_ws/install/my_robot_interfaces/local/lib/python3.10/dist-packages/my_robot_interfaces/action/_count_until.py
[3.668s] -- Up-to-date: /home/fouadroboticist/ros2_ws/install/my_robot_interfaces/local/lib/python3.10/dist-packages/my_robot_interfaces/action/_count_until_s.c
[3.668s] -- Up-to-date: /home/fouadroboticist/ros2_ws/install/my_robot_interfaces/local/lib/python3.10/dist-packages/my_robot_interfaces/_my_robot_interfaces_s.ep.rosidl_typesupport_c.c
[3.668s] -- Up-to-date: /home/fouadroboticist/ros2_ws/install/my_robot_interfaces/local/lib/python3.10/dist-packages/my_robot_interfaces/srv
[3.669s] -- Up-to-date: /home/fouadroboticist/ros2_ws/install/my_robot_interfaces/local/lib/python3.10/dist-packages/my_robot_interfaces/srv/__init__.py
[3.669s] -- Up-to-date: /home/fouadroboticist/ros2_ws/install/my_robot_interfaces/local/lib/python3.10/dist-packages/my_robot_interfaces/srv/_set_led.py
[3.669s] -- Up-to-date: /home/fouadroboticist/ros2_ws/install/my_robot_interfaces/local/lib/python3.10/dist-packages/my_robot_interfaces/srv/_set_led_s.c
[3.669s] -- Up-to-date: /home/fouadroboticist/ros2_ws/install/my_robot_interfaces/local/lib/python3.10/dist-packages/my_robot_interfaces/_my_robot_interfaces_s.ep.rosidl_typesupport_fastrtps_c.c
[3.670s] -- Up-to-date: /home/fouadroboticist/ros2_ws/install/my_robot_interfaces/local/lib/python3.10/dist-packages/my_robot_interfaces/my_robot_interfaces_s__rosidl_typesupport_introspection_c.cpython-310-x86_64-linux-gnu.so
[3.796s] Listing '/home/fouadroboticist/ros2_ws/install/my_robot_interfaces/local/lib/python3.10/dist-packages/my_robot_interfaces'...
[3.796s] Listing '/home/fouadroboticist/ros2_ws/install/my_robot_interfaces/local/lib/python3.10/dist-packages/my_robot_interfaces/action'...
[3.797s] Listing '/home/fouadroboticist/ros2_ws/install/my_robot_interfaces/local/lib/python3.10/dist-packages/my_robot_interfaces/msg'...
[3.797s] Listing '/home/fouadroboticist/ros2_ws/install/my_robot_interfaces/local/lib/python3.10/dist-packages/my_robot_interfaces/srv'...
[3.812s] -- Up-to-date: /home/fouadroboticist/ros2_ws/install/my_robot_interfaces/local/lib/python3.10/dist-packages/my_robot_interfaces/my_robot_interfaces_s__rosidl_typesupport_fastrtps_c.cpython-310-x86_64-linux-gnu.so
[3.814s] -- Up-to-date: /home/fouadroboticist/ros2_ws/install/my_robot_interfaces/local/lib/python3.10/dist-packages/my_robot_interfaces/my_robot_interfaces_s__rosidl_typesupport_introspection_c.cpython-310-x86_64-linux-gnu.so
[3.816s] -- Up-to-date: /home/fouadroboticist/ros2_ws/install/my_robot_interfaces/local/lib/python3.10/dist-packages/my_robot_interfaces/my_robot_interfaces_s__rosidl_typesupport_c.cpython-310-x86_64-linux-gnu.so
[3.819s] -- Up-to-date: /home/fouadroboticist/ros2_ws/install/my_robot_interfaces/lib/libmy_robot_interfaces__rosidl_generator_py.so
[3.820s] -- Up-to-date: /home/fouadroboticist/ros2_ws/install/my_robot_interfaces/share/my_robot_interfaces/action/CountUntil.idl
[3.820s] -- Up-to-date: /home/fouadroboticist/ros2_ws/install/my_robot_interfaces/share/my_robot_interfaces/msg/TargetCoordinates.idl
[3.821s] -- Up-to-date: /home/fouadroboticist/ros2_ws/install/my_robot_interfaces/share/my_robot_interfaces/srv/SetLed.idl
[3.822s] -- Up-to-date: /home/fouadroboticist/ros2_ws/install/my_robot_interfaces/share/my_robot_interfaces/action/CountUntil.action
[3.823s] -- Up-to-date: /home/fouadroboticist/ros2_ws/install/my_robot_interfaces/share/my_robot_interfaces/msg/TargetCoordinates.msg
[3.824s] -- Up-to-date: /home/fouadroboticist/ros2_ws/install/my_robot_interfaces/share/my_robot_interfaces/srv/SetLed.srv
[3.824s] -- Up-to-date: /home/fouadroboticist/ros2_ws/install/my_robot_interfaces/share/my_robot_interfaces/srv/SetLed_Request.msg
[3.824s] -- Up-to-date: /home/fouadroboticist/ros2_ws/install/my_robot_interfaces/share/my_robot_interfaces/srv/SetLed_Response.msg
[3.824s] -- Up-to-date: /home/fouadroboticist/ros2_ws/install/my_robot_interfaces/share/ament_index/resource_index/package_run_dependencies/my_robot_interfaces
[3.825s] -- Up-to-date: /home/fouadroboticist/ros2_ws/install/my_robot_interfaces/share/ament_index/resource_index/parent_prefix_path/my_robot_interfaces
[3.825s] -- Up-to-date: /home/fouadroboticist/ros2_ws/install/my_robot_interfaces/share/my_robot_interfaces/environment/ament_prefix_path.sh
[3.825s] -- Up-to-date: /home/fouadroboticist/ros2_ws/install/my_robot_interfaces/share/my_robot_interfaces/environment/ament_prefix_path.dsv
[3.827s] -- Up-to-date: /home/fouadroboticist/ros2_ws/install/my_robot_interfaces/share/my_robot_interfaces/environment/path.sh
[3.827s] -- Up-to-date: /home/fouadroboticist/ros2_ws/install/my_robot_interfaces/share/my_robot_interfaces/environment/path.dsv
[3.828s] -- Up-to-date: /home/fouadroboticist/ros2_ws/install/my_robot_interfaces/share/my_robot_interfaces/local_setup.bash
[3.828s] -- Up-to-date: /home/fouadroboticist/ros2_ws/install/my_robot_interfaces/share/my_robot_interfaces/local_setup.sh
[3.828s] -- Up-to-date: /home/fouadroboticist/ros2_ws/install/my_robot_interfaces/share/my_robot_interfaces/local_setup.zsh
[3.829s] -- Up-to-date: /home/fouadroboticist/ros2_ws/install/my_robot_interfaces/share/my_robot_interfaces/local_setup.dsv
[3.830s] -- Installing: /home/fouadroboticist/ros2_ws/install/my_robot_interfaces/share/my_robot_interfaces/package.dsv
[3.830s] -- Up-to-date: /home/fouadroboticist/ros2_ws/install/my_robot_interfaces/share/ament_index/resource_index/packages/my_robot_interfaces
[3.831s] -- Up-to-date: /home/fouadroboticist/ros2_ws/install/my_robot_interfaces/share/my_robot_interfaces/cmake/export_my_robot_interfaces__rosidl_generator_cExport.cmake
[3.831s] -- Up-to-date: /home/fouadroboticist/ros2_ws/install/my_robot_interfaces/share/my_robot_interfaces/cmake/export_my_robot_interfaces__rosidl_generator_cExport-noconfig.cmake
[3.832s] -- Up-to-date: /home/fouadroboticist/ros2_ws/install/my_robot_interfaces/share/my_robot_interfaces/cmake/export_my_robot_interfaces__rosidl_typesupport_fastrtps_cExport.cmake
[3.833s] -- Up-to-date: /home/fouadroboticist/ros2_ws/install/my_robot_interfaces/share/my_robot_interfaces/cmake/export_my_robot_interfaces__rosidl_typesupport_fastrtps_cExport-noconfig.cmake
[3.833s] -- Up-to-date: /home/fouadroboticist/ros2_ws/install/my_robot_interfaces/share/my_robot_interfaces/cmake/export_my_robot_interfaces__rosidl_generator_cppExport.cmake
[3.839s] -- Up-to-date: /home/fouadroboticist/ros2_ws/install/my_robot_interfaces/share/my_robot_interfaces/cmake/export_my_robot_interfaces__rosidl_typesupport_fastrtps_cppExport.cmake
[3.841s] -- Up-to-date: /home/fouadroboticist/ros2_ws/install/my_robot_interfaces/share/my_robot_interfaces/cmake/export_my_robot_interfaces__rosidl_typesupport_fastrtps_cppExport-noconfig.cmake
[3.842s] -- Up-to-date: /home/fouadroboticist/ros2_ws/install/my_robot_interfaces/share/my_robot_interfaces/cmake/my_robot_interfaces__rosidl_typesupport_introspection_cExport.cmake
[3.843s] -- Up-to-date: /home/fouadroboticist/ros2_ws/install/my_robot_interfaces/share/my_robot_interfaces/cmake/my_robot_interfaces__rosidl_typesupport_introspection_cExport-noconfig.cmake
[3.844s] -- Up-to-date: /home/fouadroboticist/ros2_ws/install/my_robot_interfaces/share/my_robot_interfaces/cmake/my_robot_interfaces__rosidl_typesupport_cExport.cmake
[3.844s] -- Up-to-date: /home/fouadroboticist/ros2_ws/install/my_robot_interfaces/share/my_robot_interfaces/cmake/my_robot_interfaces__rosidl_typesupport_cExport-noconfig.cmake
[3.845s] -- Up-to-date: /home/fouadroboticist/ros2_ws/install/my_robot_interfaces/share/my_robot_interfaces/cmake/my_robot_interfaces__rosidl_typesupport_introspection_cppExport.cmake
[3.846s] -- Up-to-date: /home/fouadroboticist/ros2_ws/install/my_robot_interfaces/share/my_robot_interfaces/cmake/my_robot_interfaces__rosidl_typesupport_introspection_cppExport-noconfig.cmake
[3.847s] -- Up-to-date: /home/fouadroboticist/ros2_ws/install/my_robot_interfaces/share/my_robot_interfaces/cmake/my_robot_interfaces__rosidl_typesupport_cppExport.cmake
[3.847s] -- Up-to-date: /home/fouadroboticist/ros2_ws/install/my_robot_interfaces/share/my_robot_interfaces/cmake/my_robot_interfaces__rosidl_typesupport_cppExport-noconfig.cmake
[3.848s] -- Up-to-date: /home/fouadroboticist/ros2_ws/install/my_robot_interfaces/share/my_robot_interfaces/cmake/export_my_robot_interfaces__rosidl_generator_pyExport.cmake
[3.848s] -- Up-to-date: /home/fouadroboticist/ros2_ws/install/my_robot_interfaces/share/my_robot_interfaces/cmake/export_my_robot_interfaces__rosidl_generator_pyExport-noconfig.cmake
[3.848s] -- Up-to-date: /home/fouadroboticist/ros2_ws/install/my_robot_interfaces/share/my_robot_interfaces/cmake/rosidl_cmake-extras.cmake
[3.849s] -- Up-to-date: /home/fouadroboticist/ros2_ws/install/my_robot_interfaces/share/my_robot_interfaces/cmake/ament_cmake_export_dependencies-extras.cmake
[3.849s] -- Up-to-date: /home/fouadroboticist/ros2_ws/install/my_robot_interfaces/share/my_robot_interfaces/cmake/ament_cmake_export_include_directories-extras.cmake
[3.849s] -- Up-to-date: /home/fouadroboticist/ros2_ws/install/my_robot_interfaces/share/my_robot_interfaces/cmake/ament_cmake_export_libraries-extras.cmake
[3.850s] -- Up-to-date: /home/fouadroboticist/ros2_ws/install/my_robot_interfaces/share/my_robot_interfaces/cmake/ament_cmake_export_targets-extras.cmake
[3.851s] -- Up-to-date: /home/fouadroboticist/ros2_ws/install/my_robot_interfaces/share/my_robot_interfaces/cmake/rosidl_cmake_export_typesupport_targets-extras.cmake
[3.852s] -- Up-to-date: /home/fouadroboticist/ros2_ws/install/my_robot_interfaces/share/my_robot_interfaces/cmake/rosidl_cmake_export_typesupport_libraries-extras.cmake
[3.852s] -- Up-to-date: /home/fouadroboticist/ros2_ws/install/my_robot_interfaces/share/my_robot_interfaces/cmake/my_robot_interfacesConfig.cmake
[3.853s] -- Up-to-date: /home/fouadroboticist/ros2_ws/install/my_robot_interfaces/share/my_robot_interfaces/cmake/my_robot_interfacesConfig-version.cmake
[3.853s] -- Up-to-date: /home/fouadroboticist/ros2_ws/install/my_robot_interfaces/share/my_robot_interfaces/package.xml
[3.861s] Invoked command in '/home/fouadroboticist/ros2_ws/build/my_robot_interfaces' returned '0': CMAKE_PREFIX_PATH=${CMAKE_PREFIX_PATH}:/home/fouadroboticist/ros2_ws/install/tutorials_py:/home/fouadroboticist/ros2_ws/install/my_robot_controller:/home/fouadroboticist/ros2_ws/install/actions_py:/opt/ros/humble /usr/bin/cmake --install /home/fouadroboticist/ros2_ws/build/my_robot_interfaces
