[5.861s] Invoking command in '/home/fouadroboticist/ros2_ws/src/tutorials_py': PYTHONPATH=/home/fouadroboticist/ros2_ws/build/tutorials_py/prefix_override:/usr/lib/python3/dist-packages/colcon_core/task/python/colcon_distutils_commands:/home/fouadroboticist/ros2_ws/install/tutorials_py/lib/python3.10/site-packages:${PYTHONPATH} /usr/bin/python3 -W ignore:setup.py install is deprecated setup.py egg_info --egg-base ../../build/tutorials_py build --build-base /home/fouadroboticist/ros2_ws/build/tutorials_py/build install --record /home/fouadroboticist/ros2_ws/build/tutorials_py/install.log --single-version-externally-managed install_data
[6.974s] running egg_info
[6.986s] writing ../../build/tutorials_py/tutorials_py.egg-info/PKG-INFO
[6.989s] writing dependency_links to ../../build/tutorials_py/tutorials_py.egg-info/dependency_links.txt
[6.991s] writing entry points to ../../build/tutorials_py/tutorials_py.egg-info/entry_points.txt
[6.992s] writing requirements to ../../build/tutorials_py/tutorials_py.egg-info/requires.txt
[6.992s] writing top-level names to ../../build/tutorials_py/tutorials_py.egg-info/top_level.txt
[6.999s] reading manifest file '../../build/tutorials_py/tutorials_py.egg-info/SOURCES.txt'
[7.012s] writing manifest file '../../build/tutorials_py/tutorials_py.egg-info/SOURCES.txt'
[7.021s] running build
[7.023s] running build_py
[7.033s] running install
[7.038s] running install_lib
[7.048s] running install_data
[7.050s] running install_egg_info
[7.062s] removing '/home/fouadroboticist/ros2_ws/install/tutorials_py/lib/python3.10/site-packages/tutorials_py-0.0.0-py3.10.egg-info' (and everything under it)
[7.064s] Copying ../../build/tutorials_py/tutorials_py.egg-info to /home/fouadroboticist/ros2_ws/install/tutorials_py/lib/python3.10/site-packages/tutorials_py-0.0.0-py3.10.egg-info
[7.073s] running install_scripts
[7.295s] Installing node1 script to /home/fouadroboticist/ros2_ws/install/tutorials_py/lib/tutorials_py
[7.297s] Installing node2 script to /home/fouadroboticist/ros2_ws/install/tutorials_py/lib/tutorials_py
[7.298s] Installing node3 script to /home/fouadroboticist/ros2_ws/install/tutorials_py/lib/tutorials_py
[7.301s] writing list of installed files to '/home/fouadroboticist/ros2_ws/build/tutorials_py/install.log'
[7.367s] Invoked command in '/home/fouadroboticist/ros2_ws/src/tutorials_py' returned '0': PYTHONPATH=/home/fouadroboticist/ros2_ws/build/tutorials_py/prefix_override:/usr/lib/python3/dist-packages/colcon_core/task/python/colcon_distutils_commands:/home/fouadroboticist/ros2_ws/install/tutorials_py/lib/python3.10/site-packages:${PYTHONPATH} /usr/bin/python3 -W ignore:setup.py install is deprecated setup.py egg_info --egg-base ../../build/tutorials_py build --build-base /home/fouadroboticist/ros2_ws/build/tutorials_py/build install --record /home/fouadroboticist/ros2_ws/build/tutorials_py/install.log --single-version-externally-managed install_data
