[2.530s] Invoking command in '/home/fouadroboticist/ros2_ws/src/tutorials_py': PYTHONPATH=/home/fouadroboticist/ros2_ws/build/tutorials_py/prefix_override:/usr/lib/python3/dist-packages/colcon_core/task/python/colcon_distutils_commands:/home/fouadroboticist/ros2_ws/install/tutorials_py/lib/python3.10/site-packages:${PYTHONPATH} /usr/bin/python3 -W ignore:setup.py install is deprecated setup.py egg_info --egg-base ../../build/tutorials_py build --build-base /home/fouadroboticist/ros2_ws/build/tutorials_py/build install --record /home/fouadroboticist/ros2_ws/build/tutorials_py/install.log --single-version-externally-managed install_data
[3.290s] running egg_info
[3.291s] writing ../../build/tutorials_py/tutorials_py.egg-info/PKG-INFO
[3.291s] writing dependency_links to ../../build/tutorials_py/tutorials_py.egg-info/dependency_links.txt
[3.292s] writing entry points to ../../build/tutorials_py/tutorials_py.egg-info/entry_points.txt
[3.293s] writing requirements to ../../build/tutorials_py/tutorials_py.egg-info/requires.txt
[3.294s] writing top-level names to ../../build/tutorials_py/tutorials_py.egg-info/top_level.txt
[3.299s] reading manifest file '../../build/tutorials_py/tutorials_py.egg-info/SOURCES.txt'
[3.302s] writing manifest file '../../build/tutorials_py/tutorials_py.egg-info/SOURCES.txt'
[3.302s] running build
[3.303s] running build_py
[3.303s] running install
[3.303s] running install_lib
[3.304s] running install_data
[3.304s] running install_egg_info
[3.304s] removing '/home/fouadroboticist/ros2_ws/install/tutorials_py/lib/python3.10/site-packages/tutorials_py-0.0.0-py3.10.egg-info' (and everything under it)
[3.305s] Copying ../../build/tutorials_py/tutorials_py.egg-info to /home/fouadroboticist/ros2_ws/install/tutorials_py/lib/python3.10/site-packages/tutorials_py-0.0.0-py3.10.egg-info
[3.305s] running install_scripts
[3.353s] Installing node1 script to /home/fouadroboticist/ros2_ws/install/tutorials_py/lib/tutorials_py
[3.353s] Installing node2 script to /home/fouadroboticist/ros2_ws/install/tutorials_py/lib/tutorials_py
[3.353s] Installing node3 script to /home/fouadroboticist/ros2_ws/install/tutorials_py/lib/tutorials_py
[3.355s] writing list of installed files to '/home/fouadroboticist/ros2_ws/build/tutorials_py/install.log'
[3.428s] Invoked command in '/home/fouadroboticist/ros2_ws/src/tutorials_py' returned '0': PYTHONPATH=/home/fouadroboticist/ros2_ws/build/tutorials_py/prefix_override:/usr/lib/python3/dist-packages/colcon_core/task/python/colcon_distutils_commands:/home/fouadroboticist/ros2_ws/install/tutorials_py/lib/python3.10/site-packages:${PYTHONPATH} /usr/bin/python3 -W ignore:setup.py install is deprecated setup.py egg_info --egg-base ../../build/tutorials_py build --build-base /home/fouadroboticist/ros2_ws/build/tutorials_py/build install --record /home/fouadroboticist/ros2_ws/build/tutorials_py/install.log --single-version-externally-managed install_data
