[0.108s] Invoking command in '/home/fouadroboticist/ros2_ws/build/my_robot_interfaces': CMAKE_PREFIX_PATH=/opt/ros/humble /usr/bin/cmake --build /home/fouadroboticist/ros2_ws/build/my_robot_interfaces -- -j4 -l4
[0.785s] [  2%] Built target my_robot_interfaces__cpp
[0.938s] [ 12%] Built target my_robot_interfaces__rosidl_generator_c
[0.939s] [ 12%] Built target ament_cmake_python_copy_my_robot_interfaces
[1.023s] [ 23%] Built target my_robot_interfaces__rosidl_typesupport_fastrtps_cpp
[1.023s] [ 34%] Built target my_robot_interfaces__rosidl_typesupport_cpp
[1.165s] [ 44%] Built target my_robot_interfaces__rosidl_typesupport_introspection_cpp
[1.169s] [ 55%] Built target my_robot_interfaces__rosidl_typesupport_fastrtps_c
[1.179s] [ 65%] Built target my_robot_interfaces__rosidl_typesupport_c
[1.218s] [ 76%] Built target my_robot_interfaces__rosidl_typesupport_introspection_c
[1.328s] [ 76%] Built target my_robot_interfaces
[1.622s] [ 78%] Built target my_robot_interfaces__py
[1.803s] [ 87%] Built target my_robot_interfaces__rosidl_generator_py
[1.982s] [ 91%] Built target my_robot_interfaces__rosidl_typesupport_fastrtps_c__pyext
[2.022s] [ 95%] Built target my_robot_interfaces__rosidl_typesupport_c__pyext
[2.026s] [100%] Built target my_robot_interfaces__rosidl_typesupport_introspection_c__pyext
[2.249s] running egg_info
[2.256s] writing my_robot_interfaces.egg-info/PKG-INFO
[2.256s] writing dependency_links to my_robot_interfaces.egg-info/dependency_links.txt
[2.259s] writing top-level names to my_robot_interfaces.egg-info/top_level.txt
[2.268s] reading manifest file 'my_robot_interfaces.egg-info/SOURCES.txt'
[2.278s] writing manifest file 'my_robot_interfaces.egg-info/SOURCES.txt'
[2.360s] [100%] Built target ament_cmake_python_build_my_robot_interfaces_egg
[2.538s] Invoked command in '/home/fouadroboticist/ros2_ws/build/my_robot_interfaces' returned '0': CMAKE_PREFIX_PATH=/opt/ros/humble /usr/bin/cmake --build /home/fouadroboticist/ros2_ws/build/my_robot_interfaces -- -j4 -l4
[2.858s] Invoking command in '/home/fouadroboticist/ros2_ws/build/my_robot_interfaces': CMAKE_PREFIX_PATH=/opt/ros/humble /usr/bin/cmake --install /home/fouadroboticist/ros2_ws/build/my_robot_interfaces
[2.885s] -- Install configuration: ""
[2.888s] -- Up-to-date: /home/fouadroboticist/ros2_ws/install/my_robot_interfaces/share/ament_index/resource_index/rosidl_interfaces/my_robot_interfaces
[2.891s] -- Up-to-date: /home/fouadroboticist/ros2_ws/install/my_robot_interfaces/include/my_robot_interfaces/my_robot_interfaces
[2.892s] -- Up-to-date: /home/fouadroboticist/ros2_ws/install/my_robot_interfaces/include/my_robot_interfaces/my_robot_interfaces/msg
[2.893s] -- Up-to-date: /home/fouadroboticist/ros2_ws/install/my_robot_interfaces/include/my_robot_interfaces/my_robot_interfaces/msg/target_coordinates.h
[2.894s] -- Up-to-date: /home/fouadroboticist/ros2_ws/install/my_robot_interfaces/include/my_robot_interfaces/my_robot_interfaces/msg/rosidl_generator_c__visibility_control.h
[2.895s] -- Up-to-date: /home/fouadroboticist/ros2_ws/install/my_robot_interfaces/include/my_robot_interfaces/my_robot_interfaces/msg/detail
[2.896s] -- Up-to-date: /home/fouadroboticist/ros2_ws/install/my_robot_interfaces/include/my_robot_interfaces/my_robot_interfaces/msg/detail/target_coordinates__functions.h
[2.896s] -- Up-to-date: /home/fouadroboticist/ros2_ws/install/my_robot_interfaces/include/my_robot_interfaces/my_robot_interfaces/msg/detail/target_coordinates__type_support.h
[2.897s] -- Up-to-date: /home/fouadroboticist/ros2_ws/install/my_robot_interfaces/include/my_robot_interfaces/my_robot_interfaces/msg/detail/target_coordinates__functions.c
[2.897s] -- Up-to-date: /home/fouadroboticist/ros2_ws/install/my_robot_interfaces/include/my_robot_interfaces/my_robot_interfaces/msg/detail/target_coordinates__struct.h
[2.899s] -- Up-to-date: /home/fouadroboticist/ros2_ws/install/my_robot_interfaces/include/my_robot_interfaces/my_robot_interfaces/action
[2.900s] -- Up-to-date: /home/fouadroboticist/ros2_ws/install/my_robot_interfaces/include/my_robot_interfaces/my_robot_interfaces/action/count_until.h
[2.900s] -- Up-to-date: /home/fouadroboticist/ros2_ws/install/my_robot_interfaces/include/my_robot_interfaces/my_robot_interfaces/action/detail
[2.901s] -- Up-to-date: /home/fouadroboticist/ros2_ws/install/my_robot_interfaces/include/my_robot_interfaces/my_robot_interfaces/action/detail/count_until__type_support.h
[2.901s] -- Up-to-date: /home/fouadroboticist/ros2_ws/install/my_robot_interfaces/include/my_robot_interfaces/my_robot_interfaces/action/detail/count_until__functions.h
[2.902s] -- Up-to-date: /home/fouadroboticist/ros2_ws/install/my_robot_interfaces/include/my_robot_interfaces/my_robot_interfaces/action/detail/count_until__functions.c
[2.902s] -- Up-to-date: /home/fouadroboticist/ros2_ws/install/my_robot_interfaces/include/my_robot_interfaces/my_robot_interfaces/action/detail/count_until__struct.h
[2.903s] -- Up-to-date: /home/fouadroboticist/ros2_ws/install/my_robot_interfaces/include/my_robot_interfaces/my_robot_interfaces/srv
[2.903s] -- Up-to-date: /home/fouadroboticist/ros2_ws/install/my_robot_interfaces/include/my_robot_interfaces/my_robot_interfaces/srv/set_led.h
[2.905s] -- Up-to-date: /home/fouadroboticist/ros2_ws/install/my_robot_interfaces/include/my_robot_interfaces/my_robot_interfaces/srv/detail
[2.906s] -- Up-to-date: /home/fouadroboticist/ros2_ws/install/my_robot_interfaces/include/my_robot_interfaces/my_robot_interfaces/srv/detail/set_led__functions.h
[2.907s] -- Up-to-date: /home/fouadroboticist/ros2_ws/install/my_robot_interfaces/include/my_robot_interfaces/my_robot_interfaces/srv/detail/set_led__type_support.h
[2.907s] -- Up-to-date: /home/fouadroboticist/ros2_ws/install/my_robot_interfaces/include/my_robot_interfaces/my_robot_interfaces/srv/detail/set_led__functions.c
[2.908s] -- Up-to-date: /home/fouadroboticist/ros2_ws/install/my_robot_interfaces/include/my_robot_interfaces/my_robot_interfaces/srv/detail/set_led__struct.h
[2.908s] -- Up-to-date: /home/fouadroboticist/ros2_ws/install/my_robot_interfaces/share/my_robot_interfaces/environment/library_path.sh
[2.909s] -- Up-to-date: /home/fouadroboticist/ros2_ws/install/my_robot_interfaces/share/my_robot_interfaces/environment/library_path.dsv
[2.909s] -- Up-to-date: /home/fouadroboticist/ros2_ws/install/my_robot_interfaces/lib/libmy_robot_interfaces__rosidl_generator_c.so
[2.910s] -- Up-to-date: /home/fouadroboticist/ros2_ws/install/my_robot_interfaces/include/my_robot_interfaces/my_robot_interfaces
[2.910s] -- Up-to-date: /home/fouadroboticist/ros2_ws/install/my_robot_interfaces/include/my_robot_interfaces/my_robot_interfaces/msg
[2.911s] -- Up-to-date: /home/fouadroboticist/ros2_ws/install/my_robot_interfaces/include/my_robot_interfaces/my_robot_interfaces/msg/rosidl_typesupport_fastrtps_c__visibility_control.h
[2.911s] -- Up-to-date: /home/fouadroboticist/ros2_ws/install/my_robot_interfaces/include/my_robot_interfaces/my_robot_interfaces/msg/detail
[2.924s] -- Up-to-date: /home/fouadroboticist/ros2_ws/install/my_robot_interfaces/include/my_robot_interfaces/my_robot_interfaces/msg/detail/target_coordinates__rosidl_typesupport_fastrtps_c.h
[2.924s] -- Up-to-date: /home/fouadroboticist/ros2_ws/install/my_robot_interfaces/include/my_robot_interfaces/my_robot_interfaces/action
[2.925s] -- Up-to-date: /home/fouadroboticist/ros2_ws/install/my_robot_interfaces/include/my_robot_interfaces/my_robot_interfaces/action/detail
[2.925s] -- Up-to-date: /home/fouadroboticist/ros2_ws/install/my_robot_interfaces/include/my_robot_interfaces/my_robot_interfaces/action/detail/count_until__rosidl_typesupport_fastrtps_c.h
[2.926s] -- Up-to-date: /home/fouadroboticist/ros2_ws/install/my_robot_interfaces/include/my_robot_interfaces/my_robot_interfaces/srv
[2.926s] -- Up-to-date: /home/fouadroboticist/ros2_ws/install/my_robot_interfaces/include/my_robot_interfaces/my_robot_interfaces/srv/detail
[2.927s] -- Up-to-date: /home/fouadroboticist/ros2_ws/install/my_robot_interfaces/include/my_robot_interfaces/my_robot_interfaces/srv/detail/set_led__rosidl_typesupport_fastrtps_c.h
[2.927s] -- Up-to-date: /home/fouadroboticist/ros2_ws/install/my_robot_interfaces/lib/libmy_robot_interfaces__rosidl_typesupport_fastrtps_c.so
[2.928s] -- Up-to-date: /home/fouadroboticist/ros2_ws/install/my_robot_interfaces/include/my_robot_interfaces/my_robot_interfaces
[2.928s] -- Up-to-date: /home/fouadroboticist/ros2_ws/install/my_robot_interfaces/include/my_robot_interfaces/my_robot_interfaces/msg
[2.929s] -- Up-to-date: /home/fouadroboticist/ros2_ws/install/my_robot_interfaces/include/my_robot_interfaces/my_robot_interfaces/msg/target_coordinates.hpp
[2.930s] -- Up-to-date: /home/fouadroboticist/ros2_ws/install/my_robot_interfaces/include/my_robot_interfaces/my_robot_interfaces/msg/detail
[2.931s] -- Up-to-date: /home/fouadroboticist/ros2_ws/install/my_robot_interfaces/include/my_robot_interfaces/my_robot_interfaces/msg/detail/target_coordinates__struct.hpp
[2.931s] -- Up-to-date: /home/fouadroboticist/ros2_ws/install/my_robot_interfaces/include/my_robot_interfaces/my_robot_interfaces/msg/detail/target_coordinates__builder.hpp
[2.932s] -- Up-to-date: /home/fouadroboticist/ros2_ws/install/my_robot_interfaces/include/my_robot_interfaces/my_robot_interfaces/msg/detail/target_coordinates__traits.hpp
[2.933s] -- Up-to-date: /home/fouadroboticist/ros2_ws/install/my_robot_interfaces/include/my_robot_interfaces/my_robot_interfaces/action
[2.933s] -- Up-to-date: /home/fouadroboticist/ros2_ws/install/my_robot_interfaces/include/my_robot_interfaces/my_robot_interfaces/action/count_until.hpp
[2.934s] -- Up-to-date: /home/fouadroboticist/ros2_ws/install/my_robot_interfaces/include/my_robot_interfaces/my_robot_interfaces/action/detail
[2.934s] -- Up-to-date: /home/fouadroboticist/ros2_ws/install/my_robot_interfaces/include/my_robot_interfaces/my_robot_interfaces/action/detail/count_until__struct.hpp
[2.936s] -- Up-to-date: /home/fouadroboticist/ros2_ws/install/my_robot_interfaces/include/my_robot_interfaces/my_robot_interfaces/action/detail/count_until__traits.hpp
[2.937s] -- Up-to-date: /home/fouadroboticist/ros2_ws/install/my_robot_interfaces/include/my_robot_interfaces/my_robot_interfaces/action/detail/count_until__builder.hpp
[2.939s] -- Up-to-date: /home/fouadroboticist/ros2_ws/install/my_robot_interfaces/include/my_robot_interfaces/my_robot_interfaces/srv
[2.940s] -- Up-to-date: /home/fouadroboticist/ros2_ws/install/my_robot_interfaces/include/my_robot_interfaces/my_robot_interfaces/srv/set_led.hpp
[2.942s] -- Up-to-date: /home/fouadroboticist/ros2_ws/install/my_robot_interfaces/include/my_robot_interfaces/my_robot_interfaces/srv/detail
[2.943s] -- Up-to-date: /home/fouadroboticist/ros2_ws/install/my_robot_interfaces/include/my_robot_interfaces/my_robot_interfaces/srv/detail/set_led__traits.hpp
[2.943s] -- Up-to-date: /home/fouadroboticist/ros2_ws/install/my_robot_interfaces/include/my_robot_interfaces/my_robot_interfaces/srv/detail/set_led__builder.hpp
[2.943s] -- Up-to-date: /home/fouadroboticist/ros2_ws/install/my_robot_interfaces/include/my_robot_interfaces/my_robot_interfaces/srv/detail/set_led__struct.hpp
[2.943s] -- Up-to-date: /home/fouadroboticist/ros2_ws/install/my_robot_interfaces/include/my_robot_interfaces/my_robot_interfaces
[2.944s] -- Up-to-date: /home/fouadroboticist/ros2_ws/install/my_robot_interfaces/include/my_robot_interfaces/my_robot_interfaces/msg
[2.944s] -- Up-to-date: /home/fouadroboticist/ros2_ws/install/my_robot_interfaces/include/my_robot_interfaces/my_robot_interfaces/msg/rosidl_typesupport_fastrtps_cpp__visibility_control.h
[2.945s] -- Up-to-date: /home/fouadroboticist/ros2_ws/install/my_robot_interfaces/include/my_robot_interfaces/my_robot_interfaces/msg/detail
[2.945s] -- Up-to-date: /home/fouadroboticist/ros2_ws/install/my_robot_interfaces/include/my_robot_interfaces/my_robot_interfaces/msg/detail/dds_fastrtps
[2.946s] -- Up-to-date: /home/fouadroboticist/ros2_ws/install/my_robot_interfaces/include/my_robot_interfaces/my_robot_interfaces/msg/detail/target_coordinates__rosidl_typesupport_fastrtps_cpp.hpp
[2.946s] -- Up-to-date: /home/fouadroboticist/ros2_ws/install/my_robot_interfaces/include/my_robot_interfaces/my_robot_interfaces/action
[2.946s] -- Up-to-date: /home/fouadroboticist/ros2_ws/install/my_robot_interfaces/include/my_robot_interfaces/my_robot_interfaces/action/detail
[2.948s] -- Up-to-date: /home/fouadroboticist/ros2_ws/install/my_robot_interfaces/include/my_robot_interfaces/my_robot_interfaces/action/detail/count_until__rosidl_typesupport_fastrtps_cpp.hpp
[2.949s] -- Up-to-date: /home/fouadroboticist/ros2_ws/install/my_robot_interfaces/include/my_robot_interfaces/my_robot_interfaces/action/detail/dds_fastrtps
[2.949s] -- Up-to-date: /home/fouadroboticist/ros2_ws/install/my_robot_interfaces/include/my_robot_interfaces/my_robot_interfaces/srv
[2.950s] -- Up-to-date: /home/fouadroboticist/ros2_ws/install/my_robot_interfaces/include/my_robot_interfaces/my_robot_interfaces/srv/detail
[2.951s] -- Up-to-date: /home/fouadroboticist/ros2_ws/install/my_robot_interfaces/include/my_robot_interfaces/my_robot_interfaces/srv/detail/dds_fastrtps
[2.952s] -- Up-to-date: /home/fouadroboticist/ros2_ws/install/my_robot_interfaces/include/my_robot_interfaces/my_robot_interfaces/srv/detail/set_led__rosidl_typesupport_fastrtps_cpp.hpp
[2.952s] -- Up-to-date: /home/fouadroboticist/ros2_ws/install/my_robot_interfaces/lib/libmy_robot_interfaces__rosidl_typesupport_fastrtps_cpp.so
[2.953s] -- Up-to-date: /home/fouadroboticist/ros2_ws/install/my_robot_interfaces/include/my_robot_interfaces/my_robot_interfaces
[2.953s] -- Up-to-date: /home/fouadroboticist/ros2_ws/install/my_robot_interfaces/include/my_robot_interfaces/my_robot_interfaces/msg
[2.953s] -- Up-to-date: /home/fouadroboticist/ros2_ws/install/my_robot_interfaces/include/my_robot_interfaces/my_robot_interfaces/msg/rosidl_typesupport_introspection_c__visibility_control.h
[2.954s] -- Up-to-date: /home/fouadroboticist/ros2_ws/install/my_robot_interfaces/include/my_robot_interfaces/my_robot_interfaces/msg/detail
[2.954s] -- Up-to-date: /home/fouadroboticist/ros2_ws/install/my_robot_interfaces/include/my_robot_interfaces/my_robot_interfaces/msg/detail/target_coordinates__type_support.c
[2.954s] -- Up-to-date: /home/fouadroboticist/ros2_ws/install/my_robot_interfaces/include/my_robot_interfaces/my_robot_interfaces/msg/detail/target_coordinates__rosidl_typesupport_introspection_c.h
[2.954s] -- Up-to-date: /home/fouadroboticist/ros2_ws/install/my_robot_interfaces/include/my_robot_interfaces/my_robot_interfaces/action
[2.955s] -- Up-to-date: /home/fouadroboticist/ros2_ws/install/my_robot_interfaces/include/my_robot_interfaces/my_robot_interfaces/action/detail
[2.956s] -- Up-to-date: /home/fouadroboticist/ros2_ws/install/my_robot_interfaces/include/my_robot_interfaces/my_robot_interfaces/action/detail/count_until__rosidl_typesupport_introspection_c.h
[2.957s] -- Up-to-date: /home/fouadroboticist/ros2_ws/install/my_robot_interfaces/include/my_robot_interfaces/my_robot_interfaces/action/detail/count_until__type_support.c
[2.957s] -- Up-to-date: /home/fouadroboticist/ros2_ws/install/my_robot_interfaces/include/my_robot_interfaces/my_robot_interfaces/srv
[2.957s] -- Up-to-date: /home/fouadroboticist/ros2_ws/install/my_robot_interfaces/include/my_robot_interfaces/my_robot_interfaces/srv/detail
[2.958s] -- Up-to-date: /home/fouadroboticist/ros2_ws/install/my_robot_interfaces/include/my_robot_interfaces/my_robot_interfaces/srv/detail/set_led__rosidl_typesupport_introspection_c.h
[2.959s] -- Up-to-date: /home/fouadroboticist/ros2_ws/install/my_robot_interfaces/include/my_robot_interfaces/my_robot_interfaces/srv/detail/set_led__type_support.c
[2.960s] -- Up-to-date: /home/fouadroboticist/ros2_ws/install/my_robot_interfaces/lib/libmy_robot_interfaces__rosidl_typesupport_introspection_c.so
[2.961s] -- Up-to-date: /home/fouadroboticist/ros2_ws/install/my_robot_interfaces/lib/libmy_robot_interfaces__rosidl_typesupport_c.so
[2.961s] -- Up-to-date: /home/fouadroboticist/ros2_ws/install/my_robot_interfaces/include/my_robot_interfaces/my_robot_interfaces
[2.962s] -- Up-to-date: /home/fouadroboticist/ros2_ws/install/my_robot_interfaces/include/my_robot_interfaces/my_robot_interfaces/msg
[2.964s] -- Up-to-date: /home/fouadroboticist/ros2_ws/install/my_robot_interfaces/include/my_robot_interfaces/my_robot_interfaces/msg/detail
[2.964s] -- Up-to-date: /home/fouadroboticist/ros2_ws/install/my_robot_interfaces/include/my_robot_interfaces/my_robot_interfaces/msg/detail/target_coordinates__type_support.cpp
[2.964s] -- Up-to-date: /home/fouadroboticist/ros2_ws/install/my_robot_interfaces/include/my_robot_interfaces/my_robot_interfaces/msg/detail/target_coordinates__rosidl_typesupport_introspection_cpp.hpp
[2.966s] -- Up-to-date: /home/fouadroboticist/ros2_ws/install/my_robot_interfaces/include/my_robot_interfaces/my_robot_interfaces/action
[2.967s] -- Up-to-date: /home/fouadroboticist/ros2_ws/install/my_robot_interfaces/include/my_robot_interfaces/my_robot_interfaces/action/detail
[2.968s] -- Up-to-date: /home/fouadroboticist/ros2_ws/install/my_robot_interfaces/include/my_robot_interfaces/my_robot_interfaces/action/detail/count_until__rosidl_typesupport_introspection_cpp.hpp
[2.969s] -- Up-to-date: /home/fouadroboticist/ros2_ws/install/my_robot_interfaces/include/my_robot_interfaces/my_robot_interfaces/action/detail/count_until__type_support.cpp
[2.970s] -- Up-to-date: /home/fouadroboticist/ros2_ws/install/my_robot_interfaces/include/my_robot_interfaces/my_robot_interfaces/srv
[2.970s] -- Up-to-date: /home/fouadroboticist/ros2_ws/install/my_robot_interfaces/include/my_robot_interfaces/my_robot_interfaces/srv/detail
[2.970s] -- Up-to-date: /home/fouadroboticist/ros2_ws/install/my_robot_interfaces/include/my_robot_interfaces/my_robot_interfaces/srv/detail/set_led__type_support.cpp
[2.971s] -- Up-to-date: /home/fouadroboticist/ros2_ws/install/my_robot_interfaces/include/my_robot_interfaces/my_robot_interfaces/srv/detail/set_led__rosidl_typesupport_introspection_cpp.hpp
[2.971s] -- Up-to-date: /home/fouadroboticist/ros2_ws/install/my_robot_interfaces/lib/libmy_robot_interfaces__rosidl_typesupport_introspection_cpp.so
[2.971s] -- Up-to-date: /home/fouadroboticist/ros2_ws/install/my_robot_interfaces/lib/libmy_robot_interfaces__rosidl_typesupport_cpp.so
[2.972s] -- Up-to-date: /home/fouadroboticist/ros2_ws/install/my_robot_interfaces/share/my_robot_interfaces/environment/pythonpath.sh
[2.972s] -- Up-to-date: /home/fouadroboticist/ros2_ws/install/my_robot_interfaces/share/my_robot_interfaces/environment/pythonpath.dsv
[2.972s] -- Up-to-date: /home/fouadroboticist/ros2_ws/install/my_robot_interfaces/local/lib/python3.10/dist-packages/my_robot_interfaces-0.0.0-py3.10.egg-info
[2.972s] -- Installing: /home/fouadroboticist/ros2_ws/install/my_robot_interfaces/local/lib/python3.10/dist-packages/my_robot_interfaces-0.0.0-py3.10.egg-info/SOURCES.txt
[2.973s] -- Installing: /home/fouadroboticist/ros2_ws/install/my_robot_interfaces/local/lib/python3.10/dist-packages/my_robot_interfaces-0.0.0-py3.10.egg-info/dependency_links.txt
[2.973s] -- Installing: /home/fouadroboticist/ros2_ws/install/my_robot_interfaces/local/lib/python3.10/dist-packages/my_robot_interfaces-0.0.0-py3.10.egg-info/top_level.txt
[2.973s] -- Installing: /home/fouadroboticist/ros2_ws/install/my_robot_interfaces/local/lib/python3.10/dist-packages/my_robot_interfaces-0.0.0-py3.10.egg-info/PKG-INFO
[2.973s] -- Up-to-date: /home/fouadroboticist/ros2_ws/install/my_robot_interfaces/local/lib/python3.10/dist-packages/my_robot_interfaces
[2.974s] -- Up-to-date: /home/fouadroboticist/ros2_ws/install/my_robot_interfaces/local/lib/python3.10/dist-packages/my_robot_interfaces/my_robot_interfaces_s__rosidl_typesupport_fastrtps_c.cpython-310-x86_64-linux-gnu.so
[2.974s] -- Up-to-date: /home/fouadroboticist/ros2_ws/install/my_robot_interfaces/local/lib/python3.10/dist-packages/my_robot_interfaces/my_robot_interfaces_s__rosidl_typesupport_c.cpython-310-x86_64-linux-gnu.so
[2.974s] -- Up-to-date: /home/fouadroboticist/ros2_ws/install/my_robot_interfaces/local/lib/python3.10/dist-packages/my_robot_interfaces/_my_robot_interfaces_s.ep.rosidl_typesupport_introspection_c.c
[2.974s] -- Up-to-date: /home/fouadroboticist/ros2_ws/install/my_robot_interfaces/local/lib/python3.10/dist-packages/my_robot_interfaces/libmy_robot_interfaces__rosidl_generator_py.so
[2.975s] -- Up-to-date: /home/fouadroboticist/ros2_ws/install/my_robot_interfaces/local/lib/python3.10/dist-packages/my_robot_interfaces/__init__.py
[2.975s] -- Up-to-date: /home/fouadroboticist/ros2_ws/install/my_robot_interfaces/local/lib/python3.10/dist-packages/my_robot_interfaces/msg
[2.975s] -- Up-to-date: /home/fouadroboticist/ros2_ws/install/my_robot_interfaces/local/lib/python3.10/dist-packages/my_robot_interfaces/msg/__init__.py
[2.976s] -- Up-to-date: /home/fouadroboticist/ros2_ws/install/my_robot_interfaces/local/lib/python3.10/dist-packages/my_robot_interfaces/msg/_target_coordinates_s.c
[2.976s] -- Up-to-date: /home/fouadroboticist/ros2_ws/install/my_robot_interfaces/local/lib/python3.10/dist-packages/my_robot_interfaces/msg/_target_coordinates.py
[2.977s] -- Up-to-date: /home/fouadroboticist/ros2_ws/install/my_robot_interfaces/local/lib/python3.10/dist-packages/my_robot_interfaces/action
[2.977s] -- Up-to-date: /home/fouadroboticist/ros2_ws/install/my_robot_interfaces/local/lib/python3.10/dist-packages/my_robot_interfaces/action/__init__.py
[2.978s] -- Up-to-date: /home/fouadroboticist/ros2_ws/install/my_robot_interfaces/local/lib/python3.10/dist-packages/my_robot_interfaces/action/_count_until.py
[2.978s] -- Up-to-date: /home/fouadroboticist/ros2_ws/install/my_robot_interfaces/local/lib/python3.10/dist-packages/my_robot_interfaces/action/_count_until_s.c
[2.979s] -- Up-to-date: /home/fouadroboticist/ros2_ws/install/my_robot_interfaces/local/lib/python3.10/dist-packages/my_robot_interfaces/_my_robot_interfaces_s.ep.rosidl_typesupport_c.c
[2.980s] -- Up-to-date: /home/fouadroboticist/ros2_ws/install/my_robot_interfaces/local/lib/python3.10/dist-packages/my_robot_interfaces/srv
[2.981s] -- Up-to-date: /home/fouadroboticist/ros2_ws/install/my_robot_interfaces/local/lib/python3.10/dist-packages/my_robot_interfaces/srv/__init__.py
[2.982s] -- Up-to-date: /home/fouadroboticist/ros2_ws/install/my_robot_interfaces/local/lib/python3.10/dist-packages/my_robot_interfaces/srv/_set_led.py
[2.982s] -- Up-to-date: /home/fouadroboticist/ros2_ws/install/my_robot_interfaces/local/lib/python3.10/dist-packages/my_robot_interfaces/srv/_set_led_s.c
[2.982s] -- Up-to-date: /home/fouadroboticist/ros2_ws/install/my_robot_interfaces/local/lib/python3.10/dist-packages/my_robot_interfaces/_my_robot_interfaces_s.ep.rosidl_typesupport_fastrtps_c.c
[2.983s] -- Up-to-date: /home/fouadroboticist/ros2_ws/install/my_robot_interfaces/local/lib/python3.10/dist-packages/my_robot_interfaces/my_robot_interfaces_s__rosidl_typesupport_introspection_c.cpython-310-x86_64-linux-gnu.so
[3.085s] Listing '/home/fouadroboticist/ros2_ws/install/my_robot_interfaces/local/lib/python3.10/dist-packages/my_robot_interfaces'...
[3.085s] Listing '/home/fouadroboticist/ros2_ws/install/my_robot_interfaces/local/lib/python3.10/dist-packages/my_robot_interfaces/action'...
[3.086s] Listing '/home/fouadroboticist/ros2_ws/install/my_robot_interfaces/local/lib/python3.10/dist-packages/my_robot_interfaces/msg'...
[3.086s] Listing '/home/fouadroboticist/ros2_ws/install/my_robot_interfaces/local/lib/python3.10/dist-packages/my_robot_interfaces/srv'...
[3.105s] -- Up-to-date: /home/fouadroboticist/ros2_ws/install/my_robot_interfaces/local/lib/python3.10/dist-packages/my_robot_interfaces/my_robot_interfaces_s__rosidl_typesupport_fastrtps_c.cpython-310-x86_64-linux-gnu.so
[3.114s] -- Up-to-date: /home/fouadroboticist/ros2_ws/install/my_robot_interfaces/local/lib/python3.10/dist-packages/my_robot_interfaces/my_robot_interfaces_s__rosidl_typesupport_introspection_c.cpython-310-x86_64-linux-gnu.so
[3.123s] -- Up-to-date: /home/fouadroboticist/ros2_ws/install/my_robot_interfaces/local/lib/python3.10/dist-packages/my_robot_interfaces/my_robot_interfaces_s__rosidl_typesupport_c.cpython-310-x86_64-linux-gnu.so
[3.127s] -- Up-to-date: /home/fouadroboticist/ros2_ws/install/my_robot_interfaces/lib/libmy_robot_interfaces__rosidl_generator_py.so
[3.128s] -- Up-to-date: /home/fouadroboticist/ros2_ws/install/my_robot_interfaces/share/my_robot_interfaces/action/CountUntil.idl
[3.129s] -- Up-to-date: /home/fouadroboticist/ros2_ws/install/my_robot_interfaces/share/my_robot_interfaces/msg/TargetCoordinates.idl
[3.129s] -- Up-to-date: /home/fouadroboticist/ros2_ws/install/my_robot_interfaces/share/my_robot_interfaces/srv/SetLed.idl
[3.130s] -- Up-to-date: /home/fouadroboticist/ros2_ws/install/my_robot_interfaces/share/my_robot_interfaces/action/CountUntil.action
[3.130s] -- Up-to-date: /home/fouadroboticist/ros2_ws/install/my_robot_interfaces/share/my_robot_interfaces/msg/TargetCoordinates.msg
[3.131s] -- Up-to-date: /home/fouadroboticist/ros2_ws/install/my_robot_interfaces/share/my_robot_interfaces/srv/SetLed.srv
[3.131s] -- Up-to-date: /home/fouadroboticist/ros2_ws/install/my_robot_interfaces/share/my_robot_interfaces/srv/SetLed_Request.msg
[3.132s] -- Up-to-date: /home/fouadroboticist/ros2_ws/install/my_robot_interfaces/share/my_robot_interfaces/srv/SetLed_Response.msg
[3.132s] -- Up-to-date: /home/fouadroboticist/ros2_ws/install/my_robot_interfaces/share/ament_index/resource_index/package_run_dependencies/my_robot_interfaces
[3.133s] -- Up-to-date: /home/fouadroboticist/ros2_ws/install/my_robot_interfaces/share/ament_index/resource_index/parent_prefix_path/my_robot_interfaces
[3.133s] -- Up-to-date: /home/fouadroboticist/ros2_ws/install/my_robot_interfaces/share/my_robot_interfaces/environment/ament_prefix_path.sh
[3.134s] -- Up-to-date: /home/fouadroboticist/ros2_ws/install/my_robot_interfaces/share/my_robot_interfaces/environment/ament_prefix_path.dsv
[3.134s] -- Up-to-date: /home/fouadroboticist/ros2_ws/install/my_robot_interfaces/share/my_robot_interfaces/environment/path.sh
[3.135s] -- Up-to-date: /home/fouadroboticist/ros2_ws/install/my_robot_interfaces/share/my_robot_interfaces/environment/path.dsv
[3.135s] -- Up-to-date: /home/fouadroboticist/ros2_ws/install/my_robot_interfaces/share/my_robot_interfaces/local_setup.bash
[3.136s] -- Up-to-date: /home/fouadroboticist/ros2_ws/install/my_robot_interfaces/share/my_robot_interfaces/local_setup.sh
[3.136s] -- Up-to-date: /home/fouadroboticist/ros2_ws/install/my_robot_interfaces/share/my_robot_interfaces/local_setup.zsh
[3.136s] -- Up-to-date: /home/fouadroboticist/ros2_ws/install/my_robot_interfaces/share/my_robot_interfaces/local_setup.dsv
[3.136s] -- Installing: /home/fouadroboticist/ros2_ws/install/my_robot_interfaces/share/my_robot_interfaces/package.dsv
[3.137s] -- Up-to-date: /home/fouadroboticist/ros2_ws/install/my_robot_interfaces/share/ament_index/resource_index/packages/my_robot_interfaces
[3.139s] -- Up-to-date: /home/fouadroboticist/ros2_ws/install/my_robot_interfaces/share/my_robot_interfaces/cmake/export_my_robot_interfaces__rosidl_generator_cExport.cmake
[3.140s] -- Up-to-date: /home/fouadroboticist/ros2_ws/install/my_robot_interfaces/share/my_robot_interfaces/cmake/export_my_robot_interfaces__rosidl_generator_cExport-noconfig.cmake
[3.143s] -- Up-to-date: /home/fouadroboticist/ros2_ws/install/my_robot_interfaces/share/my_robot_interfaces/cmake/export_my_robot_interfaces__rosidl_typesupport_fastrtps_cExport.cmake
[3.143s] -- Up-to-date: /home/fouadroboticist/ros2_ws/install/my_robot_interfaces/share/my_robot_interfaces/cmake/export_my_robot_interfaces__rosidl_typesupport_fastrtps_cExport-noconfig.cmake
[3.145s] -- Up-to-date: /home/fouadroboticist/ros2_ws/install/my_robot_interfaces/share/my_robot_interfaces/cmake/export_my_robot_interfaces__rosidl_generator_cppExport.cmake
[3.153s] -- Up-to-date: /home/fouadroboticist/ros2_ws/install/my_robot_interfaces/share/my_robot_interfaces/cmake/export_my_robot_interfaces__rosidl_typesupport_fastrtps_cppExport.cmake
[3.154s] -- Up-to-date: /home/fouadroboticist/ros2_ws/install/my_robot_interfaces/share/my_robot_interfaces/cmake/export_my_robot_interfaces__rosidl_typesupport_fastrtps_cppExport-noconfig.cmake
[3.156s] -- Up-to-date: /home/fouadroboticist/ros2_ws/install/my_robot_interfaces/share/my_robot_interfaces/cmake/my_robot_interfaces__rosidl_typesupport_introspection_cExport.cmake
[3.157s] -- Up-to-date: /home/fouadroboticist/ros2_ws/install/my_robot_interfaces/share/my_robot_interfaces/cmake/my_robot_interfaces__rosidl_typesupport_introspection_cExport-noconfig.cmake
[3.168s] -- Up-to-date: /home/fouadroboticist/ros2_ws/install/my_robot_interfaces/share/my_robot_interfaces/cmake/my_robot_interfaces__rosidl_typesupport_cExport.cmake
[3.168s] -- Up-to-date: /home/fouadroboticist/ros2_ws/install/my_robot_interfaces/share/my_robot_interfaces/cmake/my_robot_interfaces__rosidl_typesupport_cExport-noconfig.cmake
[3.170s] -- Up-to-date: /home/fouadroboticist/ros2_ws/install/my_robot_interfaces/share/my_robot_interfaces/cmake/my_robot_interfaces__rosidl_typesupport_introspection_cppExport.cmake
[3.171s] -- Up-to-date: /home/fouadroboticist/ros2_ws/install/my_robot_interfaces/share/my_robot_interfaces/cmake/my_robot_interfaces__rosidl_typesupport_introspection_cppExport-noconfig.cmake
[3.172s] -- Up-to-date: /home/fouadroboticist/ros2_ws/install/my_robot_interfaces/share/my_robot_interfaces/cmake/my_robot_interfaces__rosidl_typesupport_cppExport.cmake
[3.173s] -- Up-to-date: /home/fouadroboticist/ros2_ws/install/my_robot_interfaces/share/my_robot_interfaces/cmake/my_robot_interfaces__rosidl_typesupport_cppExport-noconfig.cmake
[3.176s] -- Up-to-date: /home/fouadroboticist/ros2_ws/install/my_robot_interfaces/share/my_robot_interfaces/cmake/export_my_robot_interfaces__rosidl_generator_pyExport.cmake
[3.176s] -- Up-to-date: /home/fouadroboticist/ros2_ws/install/my_robot_interfaces/share/my_robot_interfaces/cmake/export_my_robot_interfaces__rosidl_generator_pyExport-noconfig.cmake
[3.177s] -- Up-to-date: /home/fouadroboticist/ros2_ws/install/my_robot_interfaces/share/my_robot_interfaces/cmake/rosidl_cmake-extras.cmake
[3.178s] -- Up-to-date: /home/fouadroboticist/ros2_ws/install/my_robot_interfaces/share/my_robot_interfaces/cmake/ament_cmake_export_dependencies-extras.cmake
[3.178s] -- Up-to-date: /home/fouadroboticist/ros2_ws/install/my_robot_interfaces/share/my_robot_interfaces/cmake/ament_cmake_export_include_directories-extras.cmake
[3.178s] -- Up-to-date: /home/fouadroboticist/ros2_ws/install/my_robot_interfaces/share/my_robot_interfaces/cmake/ament_cmake_export_libraries-extras.cmake
[3.179s] -- Up-to-date: /home/fouadroboticist/ros2_ws/install/my_robot_interfaces/share/my_robot_interfaces/cmake/ament_cmake_export_targets-extras.cmake
[3.179s] -- Up-to-date: /home/fouadroboticist/ros2_ws/install/my_robot_interfaces/share/my_robot_interfaces/cmake/rosidl_cmake_export_typesupport_targets-extras.cmake
[3.179s] -- Up-to-date: /home/fouadroboticist/ros2_ws/install/my_robot_interfaces/share/my_robot_interfaces/cmake/rosidl_cmake_export_typesupport_libraries-extras.cmake
[3.179s] -- Up-to-date: /home/fouadroboticist/ros2_ws/install/my_robot_interfaces/share/my_robot_interfaces/cmake/my_robot_interfacesConfig.cmake
[3.180s] -- Up-to-date: /home/fouadroboticist/ros2_ws/install/my_robot_interfaces/share/my_robot_interfaces/cmake/my_robot_interfacesConfig-version.cmake
[3.180s] -- Up-to-date: /home/fouadroboticist/ros2_ws/install/my_robot_interfaces/share/my_robot_interfaces/package.xml
[3.189s] Invoked command in '/home/fouadroboticist/ros2_ws/build/my_robot_interfaces' returned '0': CMAKE_PREFIX_PATH=/opt/ros/humble /usr/bin/cmake --install /home/fouadroboticist/ros2_ws/build/my_robot_interfaces
