[0.857s] DEBUG:colcon:Command line arguments: ['/usr/bin/colcon', 'list', '-p', '--base-paths', '/home/fouadroboticist/ros2_ws']
[0.858s] DEBUG:colcon:Parsed command line arguments: Namespace(log_base=None, log_level=None, verb_name='list', build_base='build', ignore_user_meta=False, metas=['./colcon.meta'], base_paths=['/home/fouadroboticist/ros2_ws'], packages_ignore=None, packages_ignore_regex=None, paths=None, packages_up_to=None, packages_up_to_regex=None, packages_above=None, packages_above_and_dependencies=None, packages_above_depth=None, packages_select_by_dep=None, packages_skip_by_dep=None, packages_skip_up_to=None, packages_select_build_failed=False, packages_skip_build_finished=False, packages_select_test_failures=False, packages_skip_test_passed=False, packages_select=None, packages_skip=None, packages_select_regex=None, packages_skip_regex=None, packages_start=None, packages_end=None, allow_overriding=[], topological_order=False, names_only=False, paths_only=True, topological_graph=False, topological_graph_dot=False, topological_graph_density=False, topological_graph_legend=False, topological_graph_dot_cluster=False, topological_graph_dot_include_skipped=False, mixin_files=None, mixin=None, verb_parser=<colcon_mixin.mixin.mixin_argument.MixinArgumentDecorator object at 0x7f898520ead0>, verb_extension=<colcon_package_information.verb.list.ListVerb object at 0x7f898520d750>, main=<bound method ListVerb.main of <colcon_package_information.verb.list.ListVerb object at 0x7f898520d750>>, mixin_verb=('list',))
[2.142s] Level 1:colcon.colcon_core.package_discovery:discover_packages(colcon_meta) check parameters
[2.142s] Level 1:colcon.colcon_core.package_discovery:discover_packages(recursive) check parameters
[2.143s] Level 1:colcon.colcon_core.package_discovery:discover_packages(ignore) check parameters
[2.143s] Level 1:colcon.colcon_core.package_discovery:discover_packages(path) check parameters
[2.144s] Level 1:colcon.colcon_core.package_discovery:discover_packages(recursive) discover
[2.144s] INFO:colcon.colcon_core.package_discovery:Crawling recursively for packages in '/home/fouadroboticist/ros2_ws'
[2.145s] Level 1:colcon.colcon_core.package_identification:_identify(/home/fouadroboticist/ros2_ws) by extensions ['ignore', 'ignore_ament_install']
[2.145s] Level 1:colcon.colcon_core.package_identification:_identify(/home/fouadroboticist/ros2_ws) by extension 'ignore'
[2.146s] Level 1:colcon.colcon_core.package_identification:_identify(/home/fouadroboticist/ros2_ws) by extension 'ignore_ament_install'
[2.146s] Level 1:colcon.colcon_core.package_identification:_identify(/home/fouadroboticist/ros2_ws) by extensions ['colcon_pkg']
[2.147s] Level 1:colcon.colcon_core.package_identification:_identify(/home/fouadroboticist/ros2_ws) by extension 'colcon_pkg'
[2.147s] Level 1:colcon.colcon_core.package_identification:_identify(/home/fouadroboticist/ros2_ws) by extensions ['colcon_meta']
[2.147s] Level 1:colcon.colcon_core.package_identification:_identify(/home/fouadroboticist/ros2_ws) by extension 'colcon_meta'
[2.147s] Level 1:colcon.colcon_core.package_identification:_identify(/home/fouadroboticist/ros2_ws) by extensions ['ros']
[2.147s] Level 1:colcon.colcon_core.package_identification:_identify(/home/fouadroboticist/ros2_ws) by extension 'ros'
[2.250s] Level 1:colcon.colcon_core.package_identification:_identify(/home/fouadroboticist/ros2_ws) by extensions ['cmake', 'python']
[2.251s] Level 1:colcon.colcon_core.package_identification:_identify(/home/fouadroboticist/ros2_ws) by extension 'cmake'
[2.251s] Level 1:colcon.colcon_core.package_identification:_identify(/home/fouadroboticist/ros2_ws) by extension 'python'
[2.251s] Level 1:colcon.colcon_core.package_identification:_identify(/home/fouadroboticist/ros2_ws) by extensions ['python_setup_py']
[2.251s] Level 1:colcon.colcon_core.package_identification:_identify(/home/fouadroboticist/ros2_ws) by extension 'python_setup_py'
[2.253s] Level 1:colcon.colcon_core.package_identification:_identify(/home/fouadroboticist/ros2_ws/build) by extensions ['ignore', 'ignore_ament_install']
[2.254s] Level 1:colcon.colcon_core.package_identification:_identify(/home/fouadroboticist/ros2_ws/build) by extension 'ignore'
[2.254s] Level 1:colcon.colcon_core.package_identification:_identify(/home/fouadroboticist/ros2_ws/build) ignored
[2.255s] Level 1:colcon.colcon_core.package_identification:_identify(/home/fouadroboticist/ros2_ws/install) by extensions ['ignore', 'ignore_ament_install']
[2.255s] Level 1:colcon.colcon_core.package_identification:_identify(/home/fouadroboticist/ros2_ws/install) by extension 'ignore'
[2.255s] Level 1:colcon.colcon_core.package_identification:_identify(/home/fouadroboticist/ros2_ws/install) ignored
[2.256s] Level 1:colcon.colcon_core.package_identification:_identify(/home/fouadroboticist/ros2_ws/log) by extensions ['ignore', 'ignore_ament_install']
[2.256s] Level 1:colcon.colcon_core.package_identification:_identify(/home/fouadroboticist/ros2_ws/log) by extension 'ignore'
[2.256s] Level 1:colcon.colcon_core.package_identification:_identify(/home/fouadroboticist/ros2_ws/log) ignored
[2.256s] Level 1:colcon.colcon_core.package_identification:_identify(/home/fouadroboticist/ros2_ws/src) by extensions ['ignore', 'ignore_ament_install']
[2.257s] Level 1:colcon.colcon_core.package_identification:_identify(/home/fouadroboticist/ros2_ws/src) by extension 'ignore'
[2.257s] Level 1:colcon.colcon_core.package_identification:_identify(/home/fouadroboticist/ros2_ws/src) by extension 'ignore_ament_install'
[2.257s] Level 1:colcon.colcon_core.package_identification:_identify(/home/fouadroboticist/ros2_ws/src) by extensions ['colcon_pkg']
[2.257s] Level 1:colcon.colcon_core.package_identification:_identify(/home/fouadroboticist/ros2_ws/src) by extension 'colcon_pkg'
[2.258s] Level 1:colcon.colcon_core.package_identification:_identify(/home/fouadroboticist/ros2_ws/src) by extensions ['colcon_meta']
[2.258s] Level 1:colcon.colcon_core.package_identification:_identify(/home/fouadroboticist/ros2_ws/src) by extension 'colcon_meta'
[2.258s] Level 1:colcon.colcon_core.package_identification:_identify(/home/fouadroboticist/ros2_ws/src) by extensions ['ros']
[2.258s] Level 1:colcon.colcon_core.package_identification:_identify(/home/fouadroboticist/ros2_ws/src) by extension 'ros'
[2.259s] Level 1:colcon.colcon_core.package_identification:_identify(/home/fouadroboticist/ros2_ws/src) by extensions ['cmake', 'python']
[2.259s] Level 1:colcon.colcon_core.package_identification:_identify(/home/fouadroboticist/ros2_ws/src) by extension 'cmake'
[2.259s] Level 1:colcon.colcon_core.package_identification:_identify(/home/fouadroboticist/ros2_ws/src) by extension 'python'
[2.259s] Level 1:colcon.colcon_core.package_identification:_identify(/home/fouadroboticist/ros2_ws/src) by extensions ['python_setup_py']
[2.259s] Level 1:colcon.colcon_core.package_identification:_identify(/home/fouadroboticist/ros2_ws/src) by extension 'python_setup_py'
[2.260s] Level 1:colcon.colcon_core.package_identification:_identify(/home/fouadroboticist/ros2_ws/src/actions_py) by extensions ['ignore', 'ignore_ament_install']
[2.260s] Level 1:colcon.colcon_core.package_identification:_identify(/home/fouadroboticist/ros2_ws/src/actions_py) by extension 'ignore'
[2.260s] Level 1:colcon.colcon_core.package_identification:_identify(/home/fouadroboticist/ros2_ws/src/actions_py) by extension 'ignore_ament_install'
[2.267s] Level 1:colcon.colcon_core.package_identification:_identify(/home/fouadroboticist/ros2_ws/src/actions_py) by extensions ['colcon_pkg']
[2.267s] Level 1:colcon.colcon_core.package_identification:_identify(/home/fouadroboticist/ros2_ws/src/actions_py) by extension 'colcon_pkg'
[2.267s] Level 1:colcon.colcon_core.package_identification:_identify(/home/fouadroboticist/ros2_ws/src/actions_py) by extensions ['colcon_meta']
[2.267s] Level 1:colcon.colcon_core.package_identification:_identify(/home/fouadroboticist/ros2_ws/src/actions_py) by extension 'colcon_meta'
[2.268s] Level 1:colcon.colcon_core.package_identification:_identify(/home/fouadroboticist/ros2_ws/src/actions_py) by extensions ['ros']
[2.268s] Level 1:colcon.colcon_core.package_identification:_identify(/home/fouadroboticist/ros2_ws/src/actions_py) by extension 'ros'
[2.286s] DEBUG:colcon.colcon_core.package_identification:Package '/home/fouadroboticist/ros2_ws/src/actions_py' with type 'ros.ament_python' and name 'actions_py'
[2.287s] Level 1:colcon.colcon_core.package_identification:_identify(/home/fouadroboticist/ros2_ws/src/build) by extensions ['ignore', 'ignore_ament_install']
[2.287s] Level 1:colcon.colcon_core.package_identification:_identify(/home/fouadroboticist/ros2_ws/src/build) by extension 'ignore'
[2.287s] Level 1:colcon.colcon_core.package_identification:_identify(/home/fouadroboticist/ros2_ws/src/build) ignored
[2.288s] Level 1:colcon.colcon_core.package_identification:_identify(/home/fouadroboticist/ros2_ws/src/install) by extensions ['ignore', 'ignore_ament_install']
[2.288s] Level 1:colcon.colcon_core.package_identification:_identify(/home/fouadroboticist/ros2_ws/src/install) by extension 'ignore'
[2.288s] Level 1:colcon.colcon_core.package_identification:_identify(/home/fouadroboticist/ros2_ws/src/install) ignored
[2.289s] Level 1:colcon.colcon_core.package_identification:_identify(/home/fouadroboticist/ros2_ws/src/log) by extensions ['ignore', 'ignore_ament_install']
[2.296s] Level 1:colcon.colcon_core.package_identification:_identify(/home/fouadroboticist/ros2_ws/src/log) by extension 'ignore'
[2.297s] Level 1:colcon.colcon_core.package_identification:_identify(/home/fouadroboticist/ros2_ws/src/log) ignored
[2.297s] Level 1:colcon.colcon_core.package_identification:_identify(/home/fouadroboticist/ros2_ws/src/my_custom_pkg) by extensions ['ignore', 'ignore_ament_install']
[2.298s] Level 1:colcon.colcon_core.package_identification:_identify(/home/fouadroboticist/ros2_ws/src/my_custom_pkg) by extension 'ignore'
[2.299s] Level 1:colcon.colcon_core.package_identification:_identify(/home/fouadroboticist/ros2_ws/src/my_custom_pkg) by extension 'ignore_ament_install'
[2.300s] Level 1:colcon.colcon_core.package_identification:_identify(/home/fouadroboticist/ros2_ws/src/my_custom_pkg) by extensions ['colcon_pkg']
[2.300s] Level 1:colcon.colcon_core.package_identification:_identify(/home/fouadroboticist/ros2_ws/src/my_custom_pkg) by extension 'colcon_pkg'
[2.300s] Level 1:colcon.colcon_core.package_identification:_identify(/home/fouadroboticist/ros2_ws/src/my_custom_pkg) by extensions ['colcon_meta']
[2.301s] Level 1:colcon.colcon_core.package_identification:_identify(/home/fouadroboticist/ros2_ws/src/my_custom_pkg) by extension 'colcon_meta'
[2.301s] Level 1:colcon.colcon_core.package_identification:_identify(/home/fouadroboticist/ros2_ws/src/my_custom_pkg) by extensions ['ros']
[2.301s] Level 1:colcon.colcon_core.package_identification:_identify(/home/fouadroboticist/ros2_ws/src/my_custom_pkg) by extension 'ros'
[2.304s] DEBUG:colcon.colcon_core.package_identification:Package '/home/fouadroboticist/ros2_ws/src/my_custom_pkg' with type 'ros.ament_cmake' and name 'my_custom_pkg'
[2.304s] Level 1:colcon.colcon_core.package_identification:_identify(/home/fouadroboticist/ros2_ws/src/my_robot_bringup) by extensions ['ignore', 'ignore_ament_install']
[2.304s] Level 1:colcon.colcon_core.package_identification:_identify(/home/fouadroboticist/ros2_ws/src/my_robot_bringup) by extension 'ignore'
[2.304s] Level 1:colcon.colcon_core.package_identification:_identify(/home/fouadroboticist/ros2_ws/src/my_robot_bringup) by extension 'ignore_ament_install'
[2.304s] Level 1:colcon.colcon_core.package_identification:_identify(/home/fouadroboticist/ros2_ws/src/my_robot_bringup) by extensions ['colcon_pkg']
[2.305s] Level 1:colcon.colcon_core.package_identification:_identify(/home/fouadroboticist/ros2_ws/src/my_robot_bringup) by extension 'colcon_pkg'
[2.305s] Level 1:colcon.colcon_core.package_identification:_identify(/home/fouadroboticist/ros2_ws/src/my_robot_bringup) by extensions ['colcon_meta']
[2.305s] Level 1:colcon.colcon_core.package_identification:_identify(/home/fouadroboticist/ros2_ws/src/my_robot_bringup) by extension 'colcon_meta'
[2.305s] Level 1:colcon.colcon_core.package_identification:_identify(/home/fouadroboticist/ros2_ws/src/my_robot_bringup) by extensions ['ros']
[2.464s] Level 1:colcon.colcon_core.package_identification:_identify(/home/fouadroboticist/ros2_ws/src/my_robot_bringup) by extension 'ros'
[2.467s] DEBUG:colcon.colcon_core.package_identification:Package '/home/fouadroboticist/ros2_ws/src/my_robot_bringup' with type 'ros.ament_cmake' and name 'my_robot_bringup'
[2.467s] Level 1:colcon.colcon_core.package_identification:_identify(/home/fouadroboticist/ros2_ws/src/my_robot_control) by extensions ['ignore', 'ignore_ament_install']
[2.468s] Level 1:colcon.colcon_core.package_identification:_identify(/home/fouadroboticist/ros2_ws/src/my_robot_control) by extension 'ignore'
[2.468s] Level 1:colcon.colcon_core.package_identification:_identify(/home/fouadroboticist/ros2_ws/src/my_robot_control) by extension 'ignore_ament_install'
[2.468s] Level 1:colcon.colcon_core.package_identification:_identify(/home/fouadroboticist/ros2_ws/src/my_robot_control) by extensions ['colcon_pkg']
[2.468s] Level 1:colcon.colcon_core.package_identification:_identify(/home/fouadroboticist/ros2_ws/src/my_robot_control) by extension 'colcon_pkg'
[2.468s] Level 1:colcon.colcon_core.package_identification:_identify(/home/fouadroboticist/ros2_ws/src/my_robot_control) by extensions ['colcon_meta']
[2.469s] Level 1:colcon.colcon_core.package_identification:_identify(/home/fouadroboticist/ros2_ws/src/my_robot_control) by extension 'colcon_meta'
[2.469s] Level 1:colcon.colcon_core.package_identification:_identify(/home/fouadroboticist/ros2_ws/src/my_robot_control) by extensions ['ros']
[2.469s] Level 1:colcon.colcon_core.package_identification:_identify(/home/fouadroboticist/ros2_ws/src/my_robot_control) by extension 'ros'
[2.471s] DEBUG:colcon.colcon_core.package_identification:Package '/home/fouadroboticist/ros2_ws/src/my_robot_control' with type 'ros.ament_cmake' and name 'my_robot_control'
[2.471s] Level 1:colcon.colcon_core.package_identification:_identify(/home/fouadroboticist/ros2_ws/src/my_robot_controller) by extensions ['ignore', 'ignore_ament_install']
[2.471s] Level 1:colcon.colcon_core.package_identification:_identify(/home/fouadroboticist/ros2_ws/src/my_robot_controller) by extension 'ignore'
[2.472s] Level 1:colcon.colcon_core.package_identification:_identify(/home/fouadroboticist/ros2_ws/src/my_robot_controller) by extension 'ignore_ament_install'
[2.472s] Level 1:colcon.colcon_core.package_identification:_identify(/home/fouadroboticist/ros2_ws/src/my_robot_controller) by extensions ['colcon_pkg']
[2.472s] Level 1:colcon.colcon_core.package_identification:_identify(/home/fouadroboticist/ros2_ws/src/my_robot_controller) by extension 'colcon_pkg'
[2.472s] Level 1:colcon.colcon_core.package_identification:_identify(/home/fouadroboticist/ros2_ws/src/my_robot_controller) by extensions ['colcon_meta']
[2.472s] Level 1:colcon.colcon_core.package_identification:_identify(/home/fouadroboticist/ros2_ws/src/my_robot_controller) by extension 'colcon_meta'
[2.472s] Level 1:colcon.colcon_core.package_identification:_identify(/home/fouadroboticist/ros2_ws/src/my_robot_controller) by extensions ['ros']
[2.472s] Level 1:colcon.colcon_core.package_identification:_identify(/home/fouadroboticist/ros2_ws/src/my_robot_controller) by extension 'ros'
[2.475s] DEBUG:colcon.colcon_core.package_identification:Package '/home/fouadroboticist/ros2_ws/src/my_robot_controller' with type 'ros.ament_python' and name 'my_robot_controller'
[2.475s] Level 1:colcon.colcon_core.package_identification:_identify(/home/fouadroboticist/ros2_ws/src/my_robot_interfaces) by extensions ['ignore', 'ignore_ament_install']
[2.476s] Level 1:colcon.colcon_core.package_identification:_identify(/home/fouadroboticist/ros2_ws/src/my_robot_interfaces) by extension 'ignore'
[2.476s] Level 1:colcon.colcon_core.package_identification:_identify(/home/fouadroboticist/ros2_ws/src/my_robot_interfaces) by extension 'ignore_ament_install'
[2.476s] Level 1:colcon.colcon_core.package_identification:_identify(/home/fouadroboticist/ros2_ws/src/my_robot_interfaces) by extensions ['colcon_pkg']
[2.476s] Level 1:colcon.colcon_core.package_identification:_identify(/home/fouadroboticist/ros2_ws/src/my_robot_interfaces) by extension 'colcon_pkg'
[2.476s] Level 1:colcon.colcon_core.package_identification:_identify(/home/fouadroboticist/ros2_ws/src/my_robot_interfaces) by extensions ['colcon_meta']
[2.476s] Level 1:colcon.colcon_core.package_identification:_identify(/home/fouadroboticist/ros2_ws/src/my_robot_interfaces) by extension 'colcon_meta'
[2.476s] Level 1:colcon.colcon_core.package_identification:_identify(/home/fouadroboticist/ros2_ws/src/my_robot_interfaces) by extensions ['ros']
[2.476s] Level 1:colcon.colcon_core.package_identification:_identify(/home/fouadroboticist/ros2_ws/src/my_robot_interfaces) by extension 'ros'
[2.479s] DEBUG:colcon.colcon_core.package_identification:Package '/home/fouadroboticist/ros2_ws/src/my_robot_interfaces' with type 'ros.ament_cmake' and name 'my_robot_interfaces'
[2.479s] Level 1:colcon.colcon_core.package_identification:_identify(/home/fouadroboticist/ros2_ws/src/tutorials_py) by extensions ['ignore', 'ignore_ament_install']
[2.479s] Level 1:colcon.colcon_core.package_identification:_identify(/home/fouadroboticist/ros2_ws/src/tutorials_py) by extension 'ignore'
[2.479s] Level 1:colcon.colcon_core.package_identification:_identify(/home/fouadroboticist/ros2_ws/src/tutorials_py) by extension 'ignore_ament_install'
[2.480s] Level 1:colcon.colcon_core.package_identification:_identify(/home/fouadroboticist/ros2_ws/src/tutorials_py) by extensions ['colcon_pkg']
[2.480s] Level 1:colcon.colcon_core.package_identification:_identify(/home/fouadroboticist/ros2_ws/src/tutorials_py) by extension 'colcon_pkg'
[2.480s] Level 1:colcon.colcon_core.package_identification:_identify(/home/fouadroboticist/ros2_ws/src/tutorials_py) by extensions ['colcon_meta']
[2.480s] Level 1:colcon.colcon_core.package_identification:_identify(/home/fouadroboticist/ros2_ws/src/tutorials_py) by extension 'colcon_meta'
[2.480s] Level 1:colcon.colcon_core.package_identification:_identify(/home/fouadroboticist/ros2_ws/src/tutorials_py) by extensions ['ros']
[2.480s] Level 1:colcon.colcon_core.package_identification:_identify(/home/fouadroboticist/ros2_ws/src/tutorials_py) by extension 'ros'
[2.484s] DEBUG:colcon.colcon_core.package_identification:Package '/home/fouadroboticist/ros2_ws/src/tutorials_py' with type 'ros.ament_python' and name 'tutorials_py'
[2.485s] Level 1:colcon.colcon_core.package_discovery:discover_packages(recursive) using defaults
