[5.980s] Invoking command in '/home/fouadroboticist/ros2_ws/src/actions_py': PYTHONPATH=/home/fouadroboticist/ros2_ws/build/actions_py/prefix_override:/usr/lib/python3/dist-packages/colcon_core/task/python/colcon_distutils_commands:/home/fouadroboticist/ros2_ws/install/actions_py/lib/python3.10/site-packages:${PYTHONPATH} /usr/bin/python3 -W ignore:setup.py install is deprecated setup.py egg_info --egg-base ../../build/actions_py build --build-base /home/fouadroboticist/ros2_ws/build/actions_py/build install --record /home/fouadroboticist/ros2_ws/build/actions_py/install.log --single-version-externally-managed install_data
[6.955s] running egg_info
[6.959s] writing ../../build/actions_py/actions_py.egg-info/PKG-INFO
[6.960s] writing dependency_links to ../../build/actions_py/actions_py.egg-info/dependency_links.txt
[6.962s] writing entry points to ../../build/actions_py/actions_py.egg-info/entry_points.txt
[6.965s] writing requirements to ../../build/actions_py/actions_py.egg-info/requires.txt
[6.969s] writing top-level names to ../../build/actions_py/actions_py.egg-info/top_level.txt
[6.975s] reading manifest file '../../build/actions_py/actions_py.egg-info/SOURCES.txt'
[6.978s] writing manifest file '../../build/actions_py/actions_py.egg-info/SOURCES.txt'
[6.978s] running build
[6.978s] running build_py
[6.985s] running install
[6.986s] running install_lib
[6.997s] running install_data
[6.997s] running install_egg_info
[6.998s] removing '/home/fouadroboticist/ros2_ws/install/actions_py/lib/python3.10/site-packages/actions_py-0.0.0-py3.10.egg-info' (and everything under it)
[7.001s] Copying ../../build/actions_py/actions_py.egg-info to /home/fouadroboticist/ros2_ws/install/actions_py/lib/python3.10/site-packages/actions_py-0.0.0-py3.10.egg-info
[7.014s] running install_scripts
[7.082s] Installing count_until_client script to /home/fouadroboticist/ros2_ws/install/actions_py/lib/actions_py
[7.083s] Installing count_until_server script to /home/fouadroboticist/ros2_ws/install/actions_py/lib/actions_py
[7.085s] writing list of installed files to '/home/fouadroboticist/ros2_ws/build/actions_py/install.log'
[7.183s] Invoked command in '/home/fouadroboticist/ros2_ws/src/actions_py' returned '0': PYTHONPATH=/home/fouadroboticist/ros2_ws/build/actions_py/prefix_override:/usr/lib/python3/dist-packages/colcon_core/task/python/colcon_distutils_commands:/home/fouadroboticist/ros2_ws/install/actions_py/lib/python3.10/site-packages:${PYTHONPATH} /usr/bin/python3 -W ignore:setup.py install is deprecated setup.py egg_info --egg-base ../../build/actions_py build --build-base /home/fouadroboticist/ros2_ws/build/actions_py/build install --record /home/fouadroboticist/ros2_ws/build/actions_py/install.log --single-version-externally-managed install_data
