[0.092s] Invoking command in '/home/fouadroboticist/ros2_ws/build/my_robot_interfaces': CMAKE_PREFIX_PATH=${CMAKE_PREFIX_PATH}:/home/fouadroboticist/ros2_ws/install/tutorials_py:/home/fouadroboticist/ros2_ws/install/my_robot_controller:/home/fouadroboticist/ros2_ws/install/actions_py:/opt/ros/humble /usr/bin/cmake --build /home/fouadroboticist/ros2_ws/build/my_robot_interfaces -- -j4 -l4
[0.911s] [  6%] Built target my_robot_interfaces__cpp
[0.911s] [ 12%] Built target my_robot_interfaces__rosidl_generator_c
[0.942s] [ 12%] Built target ament_cmake_python_copy_my_robot_interfaces
[1.069s] [ 23%] Built target my_robot_interfaces__rosidl_typesupport_introspection_c
[1.070s] [ 34%] Built target my_robot_interfaces__rosidl_typesupport_fastrtps_c
[1.079s] [ 44%] Built target my_robot_interfaces__rosidl_typesupport_cpp
[1.106s] [ 55%] Built target my_robot_interfaces__rosidl_typesupport_fastrtps_cpp
[1.209s] [ 65%] Built target my_robot_interfaces__rosidl_typesupport_introspection_cpp
[1.225s] [ 76%] Built target my_robot_interfaces__rosidl_typesupport_c
[1.394s] [ 76%] Built target my_robot_interfaces
[1.712s] [ 78%] Built target my_robot_interfaces__py
[2.182s] [ 87%] Built target my_robot_interfaces__rosidl_generator_py
[2.444s] [ 91%] Built target my_robot_interfaces__rosidl_typesupport_introspection_c__pyext
[2.543s] [ 95%] Built target my_robot_interfaces__rosidl_typesupport_fastrtps_c__pyext
[2.558s] [100%] Built target my_robot_interfaces__rosidl_typesupport_c__pyext
[3.176s] running egg_info
[3.179s] writing my_robot_interfaces.egg-info/PKG-INFO
[3.181s] writing dependency_links to my_robot_interfaces.egg-info/dependency_links.txt
[3.183s] writing top-level names to my_robot_interfaces.egg-info/top_level.txt
[3.190s] reading manifest file 'my_robot_interfaces.egg-info/SOURCES.txt'
[3.192s] writing manifest file 'my_robot_interfaces.egg-info/SOURCES.txt'
[3.266s] [100%] Built target ament_cmake_python_build_my_robot_interfaces_egg
[3.561s] Invoked command in '/home/fouadroboticist/ros2_ws/build/my_robot_interfaces' returned '0': CMAKE_PREFIX_PATH=${CMAKE_PREFIX_PATH}:/home/fouadroboticist/ros2_ws/install/tutorials_py:/home/fouadroboticist/ros2_ws/install/my_robot_controller:/home/fouadroboticist/ros2_ws/install/actions_py:/opt/ros/humble /usr/bin/cmake --build /home/fouadroboticist/ros2_ws/build/my_robot_interfaces -- -j4 -l4
[3.963s] Invoking command in '/home/fouadroboticist/ros2_ws/build/my_robot_interfaces': CMAKE_PREFIX_PATH=${CMAKE_PREFIX_PATH}:/home/fouadroboticist/ros2_ws/install/tutorials_py:/home/fouadroboticist/ros2_ws/install/my_robot_controller:/home/fouadroboticist/ros2_ws/install/actions_py:/opt/ros/humble /usr/bin/cmake --install /home/fouadroboticist/ros2_ws/build/my_robot_interfaces
[3.986s] -- Install configuration: ""
[3.986s] -- Up-to-date: /home/fouadroboticist/ros2_ws/install/my_robot_interfaces/share/ament_index/resource_index/rosidl_interfaces/my_robot_interfaces
[3.986s] -- Up-to-date: /home/fouadroboticist/ros2_ws/install/my_robot_interfaces/include/my_robot_interfaces/my_robot_interfaces
[3.987s] -- Up-to-date: /home/fouadroboticist/ros2_ws/install/my_robot_interfaces/include/my_robot_interfaces/my_robot_interfaces/msg
[3.988s] -- Up-to-date: /home/fouadroboticist/ros2_ws/install/my_robot_interfaces/include/my_robot_interfaces/my_robot_interfaces/msg/target_coordinates.h
[3.988s] -- Up-to-date: /home/fouadroboticist/ros2_ws/install/my_robot_interfaces/include/my_robot_interfaces/my_robot_interfaces/msg/rosidl_generator_c__visibility_control.h
[3.988s] -- Up-to-date: /home/fouadroboticist/ros2_ws/install/my_robot_interfaces/include/my_robot_interfaces/my_robot_interfaces/msg/detail
[3.988s] -- Up-to-date: /home/fouadroboticist/ros2_ws/install/my_robot_interfaces/include/my_robot_interfaces/my_robot_interfaces/msg/detail/target_coordinates__functions.h
[3.989s] -- Up-to-date: /home/fouadroboticist/ros2_ws/install/my_robot_interfaces/include/my_robot_interfaces/my_robot_interfaces/msg/detail/target_coordinates__type_support.h
[3.989s] -- Up-to-date: /home/fouadroboticist/ros2_ws/install/my_robot_interfaces/include/my_robot_interfaces/my_robot_interfaces/msg/detail/target_coordinates__functions.c
[3.989s] -- Up-to-date: /home/fouadroboticist/ros2_ws/install/my_robot_interfaces/include/my_robot_interfaces/my_robot_interfaces/msg/detail/target_coordinates__struct.h
[3.989s] -- Up-to-date: /home/fouadroboticist/ros2_ws/install/my_robot_interfaces/include/my_robot_interfaces/my_robot_interfaces/action
[3.990s] -- Up-to-date: /home/fouadroboticist/ros2_ws/install/my_robot_interfaces/include/my_robot_interfaces/my_robot_interfaces/action/count_until.h
[3.990s] -- Up-to-date: /home/fouadroboticist/ros2_ws/install/my_robot_interfaces/include/my_robot_interfaces/my_robot_interfaces/action/detail
[3.990s] -- Up-to-date: /home/fouadroboticist/ros2_ws/install/my_robot_interfaces/include/my_robot_interfaces/my_robot_interfaces/action/detail/count_until__type_support.h
[3.990s] -- Up-to-date: /home/fouadroboticist/ros2_ws/install/my_robot_interfaces/include/my_robot_interfaces/my_robot_interfaces/action/detail/count_until__functions.h
[3.990s] -- Up-to-date: /home/fouadroboticist/ros2_ws/install/my_robot_interfaces/include/my_robot_interfaces/my_robot_interfaces/action/detail/count_until__functions.c
[3.991s] -- Up-to-date: /home/fouadroboticist/ros2_ws/install/my_robot_interfaces/include/my_robot_interfaces/my_robot_interfaces/action/detail/count_until__struct.h
[3.992s] -- Up-to-date: /home/fouadroboticist/ros2_ws/install/my_robot_interfaces/include/my_robot_interfaces/my_robot_interfaces/srv
[3.993s] -- Up-to-date: /home/fouadroboticist/ros2_ws/install/my_robot_interfaces/include/my_robot_interfaces/my_robot_interfaces/srv/set_led.h
[3.994s] -- Up-to-date: /home/fouadroboticist/ros2_ws/install/my_robot_interfaces/include/my_robot_interfaces/my_robot_interfaces/srv/detail
[3.994s] -- Up-to-date: /home/fouadroboticist/ros2_ws/install/my_robot_interfaces/include/my_robot_interfaces/my_robot_interfaces/srv/detail/set_led__functions.h
[3.995s] -- Up-to-date: /home/fouadroboticist/ros2_ws/install/my_robot_interfaces/include/my_robot_interfaces/my_robot_interfaces/srv/detail/set_led__type_support.h
[4.004s] -- Up-to-date: /home/fouadroboticist/ros2_ws/install/my_robot_interfaces/include/my_robot_interfaces/my_robot_interfaces/srv/detail/set_led__functions.c
[4.004s] -- Up-to-date: /home/fouadroboticist/ros2_ws/install/my_robot_interfaces/include/my_robot_interfaces/my_robot_interfaces/srv/detail/set_led__struct.h
[4.004s] -- Up-to-date: /home/fouadroboticist/ros2_ws/install/my_robot_interfaces/share/my_robot_interfaces/environment/library_path.sh
[4.004s] -- Up-to-date: /home/fouadroboticist/ros2_ws/install/my_robot_interfaces/share/my_robot_interfaces/environment/library_path.dsv
[4.005s] -- Up-to-date: /home/fouadroboticist/ros2_ws/install/my_robot_interfaces/lib/libmy_robot_interfaces__rosidl_generator_c.so
[4.005s] -- Up-to-date: /home/fouadroboticist/ros2_ws/install/my_robot_interfaces/include/my_robot_interfaces/my_robot_interfaces
[4.005s] -- Up-to-date: /home/fouadroboticist/ros2_ws/install/my_robot_interfaces/include/my_robot_interfaces/my_robot_interfaces/msg
[4.006s] -- Up-to-date: /home/fouadroboticist/ros2_ws/install/my_robot_interfaces/include/my_robot_interfaces/my_robot_interfaces/msg/rosidl_typesupport_fastrtps_c__visibility_control.h
[4.007s] -- Up-to-date: /home/fouadroboticist/ros2_ws/install/my_robot_interfaces/include/my_robot_interfaces/my_robot_interfaces/msg/detail
[4.007s] -- Up-to-date: /home/fouadroboticist/ros2_ws/install/my_robot_interfaces/include/my_robot_interfaces/my_robot_interfaces/msg/detail/target_coordinates__rosidl_typesupport_fastrtps_c.h
[4.007s] -- Up-to-date: /home/fouadroboticist/ros2_ws/install/my_robot_interfaces/include/my_robot_interfaces/my_robot_interfaces/action
[4.007s] -- Up-to-date: /home/fouadroboticist/ros2_ws/install/my_robot_interfaces/include/my_robot_interfaces/my_robot_interfaces/action/detail
[4.008s] -- Up-to-date: /home/fouadroboticist/ros2_ws/install/my_robot_interfaces/include/my_robot_interfaces/my_robot_interfaces/action/detail/count_until__rosidl_typesupport_fastrtps_c.h
[4.009s] -- Up-to-date: /home/fouadroboticist/ros2_ws/install/my_robot_interfaces/include/my_robot_interfaces/my_robot_interfaces/srv
[4.010s] -- Up-to-date: /home/fouadroboticist/ros2_ws/install/my_robot_interfaces/include/my_robot_interfaces/my_robot_interfaces/srv/detail
[4.010s] -- Up-to-date: /home/fouadroboticist/ros2_ws/install/my_robot_interfaces/include/my_robot_interfaces/my_robot_interfaces/srv/detail/set_led__rosidl_typesupport_fastrtps_c.h
[4.010s] -- Up-to-date: /home/fouadroboticist/ros2_ws/install/my_robot_interfaces/lib/libmy_robot_interfaces__rosidl_typesupport_fastrtps_c.so
[4.011s] -- Up-to-date: /home/fouadroboticist/ros2_ws/install/my_robot_interfaces/include/my_robot_interfaces/my_robot_interfaces
[4.011s] -- Up-to-date: /home/fouadroboticist/ros2_ws/install/my_robot_interfaces/include/my_robot_interfaces/my_robot_interfaces/msg
[4.011s] -- Up-to-date: /home/fouadroboticist/ros2_ws/install/my_robot_interfaces/include/my_robot_interfaces/my_robot_interfaces/msg/target_coordinates.hpp
[4.013s] -- Up-to-date: /home/fouadroboticist/ros2_ws/install/my_robot_interfaces/include/my_robot_interfaces/my_robot_interfaces/msg/detail
[4.014s] -- Up-to-date: /home/fouadroboticist/ros2_ws/install/my_robot_interfaces/include/my_robot_interfaces/my_robot_interfaces/msg/detail/target_coordinates__struct.hpp
[4.018s] -- Up-to-date: /home/fouadroboticist/ros2_ws/install/my_robot_interfaces/include/my_robot_interfaces/my_robot_interfaces/msg/detail/target_coordinates__builder.hpp
[4.019s] -- Up-to-date: /home/fouadroboticist/ros2_ws/install/my_robot_interfaces/include/my_robot_interfaces/my_robot_interfaces/msg/detail/target_coordinates__traits.hpp
[4.020s] -- Up-to-date: /home/fouadroboticist/ros2_ws/install/my_robot_interfaces/include/my_robot_interfaces/my_robot_interfaces/action
[4.020s] -- Up-to-date: /home/fouadroboticist/ros2_ws/install/my_robot_interfaces/include/my_robot_interfaces/my_robot_interfaces/action/count_until.hpp
[4.020s] -- Up-to-date: /home/fouadroboticist/ros2_ws/install/my_robot_interfaces/include/my_robot_interfaces/my_robot_interfaces/action/detail
[4.021s] -- Up-to-date: /home/fouadroboticist/ros2_ws/install/my_robot_interfaces/include/my_robot_interfaces/my_robot_interfaces/action/detail/count_until__struct.hpp
[4.021s] -- Up-to-date: /home/fouadroboticist/ros2_ws/install/my_robot_interfaces/include/my_robot_interfaces/my_robot_interfaces/action/detail/count_until__traits.hpp
[4.022s] -- Up-to-date: /home/fouadroboticist/ros2_ws/install/my_robot_interfaces/include/my_robot_interfaces/my_robot_interfaces/action/detail/count_until__builder.hpp
[4.022s] -- Up-to-date: /home/fouadroboticist/ros2_ws/install/my_robot_interfaces/include/my_robot_interfaces/my_robot_interfaces/srv
[4.023s] -- Up-to-date: /home/fouadroboticist/ros2_ws/install/my_robot_interfaces/include/my_robot_interfaces/my_robot_interfaces/srv/set_led.hpp
[4.023s] -- Up-to-date: /home/fouadroboticist/ros2_ws/install/my_robot_interfaces/include/my_robot_interfaces/my_robot_interfaces/srv/detail
[4.024s] -- Up-to-date: /home/fouadroboticist/ros2_ws/install/my_robot_interfaces/include/my_robot_interfaces/my_robot_interfaces/srv/detail/set_led__traits.hpp
[4.024s] -- Up-to-date: /home/fouadroboticist/ros2_ws/install/my_robot_interfaces/include/my_robot_interfaces/my_robot_interfaces/srv/detail/set_led__builder.hpp
[4.024s] -- Up-to-date: /home/fouadroboticist/ros2_ws/install/my_robot_interfaces/include/my_robot_interfaces/my_robot_interfaces/srv/detail/set_led__struct.hpp
[4.025s] -- Up-to-date: /home/fouadroboticist/ros2_ws/install/my_robot_interfaces/include/my_robot_interfaces/my_robot_interfaces
[4.025s] -- Up-to-date: /home/fouadroboticist/ros2_ws/install/my_robot_interfaces/include/my_robot_interfaces/my_robot_interfaces/msg
[4.026s] -- Up-to-date: /home/fouadroboticist/ros2_ws/install/my_robot_interfaces/include/my_robot_interfaces/my_robot_interfaces/msg/rosidl_typesupport_fastrtps_cpp__visibility_control.h
[4.026s] -- Up-to-date: /home/fouadroboticist/ros2_ws/install/my_robot_interfaces/include/my_robot_interfaces/my_robot_interfaces/msg/detail
[4.027s] -- Up-to-date: /home/fouadroboticist/ros2_ws/install/my_robot_interfaces/include/my_robot_interfaces/my_robot_interfaces/msg/detail/dds_fastrtps
[4.027s] -- Up-to-date: /home/fouadroboticist/ros2_ws/install/my_robot_interfaces/include/my_robot_interfaces/my_robot_interfaces/msg/detail/target_coordinates__rosidl_typesupport_fastrtps_cpp.hpp
[4.031s] -- Up-to-date: /home/fouadroboticist/ros2_ws/install/my_robot_interfaces/include/my_robot_interfaces/my_robot_interfaces/action
[4.031s] -- Up-to-date: /home/fouadroboticist/ros2_ws/install/my_robot_interfaces/include/my_robot_interfaces/my_robot_interfaces/action/detail
[4.031s] -- Up-to-date: /home/fouadroboticist/ros2_ws/install/my_robot_interfaces/include/my_robot_interfaces/my_robot_interfaces/action/detail/count_until__rosidl_typesupport_fastrtps_cpp.hpp
[4.032s] -- Up-to-date: /home/fouadroboticist/ros2_ws/install/my_robot_interfaces/include/my_robot_interfaces/my_robot_interfaces/action/detail/dds_fastrtps
[4.032s] -- Up-to-date: /home/fouadroboticist/ros2_ws/install/my_robot_interfaces/include/my_robot_interfaces/my_robot_interfaces/srv
[4.032s] -- Up-to-date: /home/fouadroboticist/ros2_ws/install/my_robot_interfaces/include/my_robot_interfaces/my_robot_interfaces/srv/detail
[4.032s] -- Up-to-date: /home/fouadroboticist/ros2_ws/install/my_robot_interfaces/include/my_robot_interfaces/my_robot_interfaces/srv/detail/dds_fastrtps
[4.033s] -- Up-to-date: /home/fouadroboticist/ros2_ws/install/my_robot_interfaces/include/my_robot_interfaces/my_robot_interfaces/srv/detail/set_led__rosidl_typesupport_fastrtps_cpp.hpp
[4.033s] -- Up-to-date: /home/fouadroboticist/ros2_ws/install/my_robot_interfaces/lib/libmy_robot_interfaces__rosidl_typesupport_fastrtps_cpp.so
[4.033s] -- Up-to-date: /home/fouadroboticist/ros2_ws/install/my_robot_interfaces/include/my_robot_interfaces/my_robot_interfaces
[4.033s] -- Up-to-date: /home/fouadroboticist/ros2_ws/install/my_robot_interfaces/include/my_robot_interfaces/my_robot_interfaces/msg
[4.034s] -- Up-to-date: /home/fouadroboticist/ros2_ws/install/my_robot_interfaces/include/my_robot_interfaces/my_robot_interfaces/msg/rosidl_typesupport_introspection_c__visibility_control.h
[4.034s] -- Up-to-date: /home/fouadroboticist/ros2_ws/install/my_robot_interfaces/include/my_robot_interfaces/my_robot_interfaces/msg/detail
[4.034s] -- Up-to-date: /home/fouadroboticist/ros2_ws/install/my_robot_interfaces/include/my_robot_interfaces/my_robot_interfaces/msg/detail/target_coordinates__type_support.c
[4.034s] -- Up-to-date: /home/fouadroboticist/ros2_ws/install/my_robot_interfaces/include/my_robot_interfaces/my_robot_interfaces/msg/detail/target_coordinates__rosidl_typesupport_introspection_c.h
[4.034s] -- Up-to-date: /home/fouadroboticist/ros2_ws/install/my_robot_interfaces/include/my_robot_interfaces/my_robot_interfaces/action
[4.035s] -- Up-to-date: /home/fouadroboticist/ros2_ws/install/my_robot_interfaces/include/my_robot_interfaces/my_robot_interfaces/action/detail
[4.035s] -- Up-to-date: /home/fouadroboticist/ros2_ws/install/my_robot_interfaces/include/my_robot_interfaces/my_robot_interfaces/action/detail/count_until__rosidl_typesupport_introspection_c.h
[4.036s] -- Up-to-date: /home/fouadroboticist/ros2_ws/install/my_robot_interfaces/include/my_robot_interfaces/my_robot_interfaces/action/detail/count_until__type_support.c
[4.037s] -- Up-to-date: /home/fouadroboticist/ros2_ws/install/my_robot_interfaces/include/my_robot_interfaces/my_robot_interfaces/srv
[4.037s] -- Up-to-date: /home/fouadroboticist/ros2_ws/install/my_robot_interfaces/include/my_robot_interfaces/my_robot_interfaces/srv/detail
[4.038s] -- Up-to-date: /home/fouadroboticist/ros2_ws/install/my_robot_interfaces/include/my_robot_interfaces/my_robot_interfaces/srv/detail/set_led__rosidl_typesupport_introspection_c.h
[4.038s] -- Up-to-date: /home/fouadroboticist/ros2_ws/install/my_robot_interfaces/include/my_robot_interfaces/my_robot_interfaces/srv/detail/set_led__type_support.c
[4.038s] -- Up-to-date: /home/fouadroboticist/ros2_ws/install/my_robot_interfaces/lib/libmy_robot_interfaces__rosidl_typesupport_introspection_c.so
[4.039s] -- Up-to-date: /home/fouadroboticist/ros2_ws/install/my_robot_interfaces/lib/libmy_robot_interfaces__rosidl_typesupport_c.so
[4.039s] -- Up-to-date: /home/fouadroboticist/ros2_ws/install/my_robot_interfaces/include/my_robot_interfaces/my_robot_interfaces
[4.040s] -- Up-to-date: /home/fouadroboticist/ros2_ws/install/my_robot_interfaces/include/my_robot_interfaces/my_robot_interfaces/msg
[4.040s] -- Up-to-date: /home/fouadroboticist/ros2_ws/install/my_robot_interfaces/include/my_robot_interfaces/my_robot_interfaces/msg/detail
[4.041s] -- Up-to-date: /home/fouadroboticist/ros2_ws/install/my_robot_interfaces/include/my_robot_interfaces/my_robot_interfaces/msg/detail/target_coordinates__type_support.cpp
[4.041s] -- Up-to-date: /home/fouadroboticist/ros2_ws/install/my_robot_interfaces/include/my_robot_interfaces/my_robot_interfaces/msg/detail/target_coordinates__rosidl_typesupport_introspection_cpp.hpp
[4.042s] -- Up-to-date: /home/fouadroboticist/ros2_ws/install/my_robot_interfaces/include/my_robot_interfaces/my_robot_interfaces/action
[4.042s] -- Up-to-date: /home/fouadroboticist/ros2_ws/install/my_robot_interfaces/include/my_robot_interfaces/my_robot_interfaces/action/detail
[4.043s] -- Up-to-date: /home/fouadroboticist/ros2_ws/install/my_robot_interfaces/include/my_robot_interfaces/my_robot_interfaces/action/detail/count_until__rosidl_typesupport_introspection_cpp.hpp
[4.043s] -- Up-to-date: /home/fouadroboticist/ros2_ws/install/my_robot_interfaces/include/my_robot_interfaces/my_robot_interfaces/action/detail/count_until__type_support.cpp
[4.043s] -- Up-to-date: /home/fouadroboticist/ros2_ws/install/my_robot_interfaces/include/my_robot_interfaces/my_robot_interfaces/srv
[4.044s] -- Up-to-date: /home/fouadroboticist/ros2_ws/install/my_robot_interfaces/include/my_robot_interfaces/my_robot_interfaces/srv/detail
[4.044s] -- Up-to-date: /home/fouadroboticist/ros2_ws/install/my_robot_interfaces/include/my_robot_interfaces/my_robot_interfaces/srv/detail/set_led__type_support.cpp
[4.046s] -- Up-to-date: /home/fouadroboticist/ros2_ws/install/my_robot_interfaces/include/my_robot_interfaces/my_robot_interfaces/srv/detail/set_led__rosidl_typesupport_introspection_cpp.hpp
[4.047s] -- Up-to-date: /home/fouadroboticist/ros2_ws/install/my_robot_interfaces/lib/libmy_robot_interfaces__rosidl_typesupport_introspection_cpp.so
[4.048s] -- Up-to-date: /home/fouadroboticist/ros2_ws/install/my_robot_interfaces/lib/libmy_robot_interfaces__rosidl_typesupport_cpp.so
[4.049s] -- Up-to-date: /home/fouadroboticist/ros2_ws/install/my_robot_interfaces/share/my_robot_interfaces/environment/pythonpath.sh
[4.049s] -- Up-to-date: /home/fouadroboticist/ros2_ws/install/my_robot_interfaces/share/my_robot_interfaces/environment/pythonpath.dsv
[4.050s] -- Up-to-date: /home/fouadroboticist/ros2_ws/install/my_robot_interfaces/local/lib/python3.10/dist-packages/my_robot_interfaces-0.0.0-py3.10.egg-info
[4.050s] -- Installing: /home/fouadroboticist/ros2_ws/install/my_robot_interfaces/local/lib/python3.10/dist-packages/my_robot_interfaces-0.0.0-py3.10.egg-info/SOURCES.txt
[4.051s] -- Installing: /home/fouadroboticist/ros2_ws/install/my_robot_interfaces/local/lib/python3.10/dist-packages/my_robot_interfaces-0.0.0-py3.10.egg-info/dependency_links.txt
[4.051s] -- Installing: /home/fouadroboticist/ros2_ws/install/my_robot_interfaces/local/lib/python3.10/dist-packages/my_robot_interfaces-0.0.0-py3.10.egg-info/top_level.txt
[4.052s] -- Installing: /home/fouadroboticist/ros2_ws/install/my_robot_interfaces/local/lib/python3.10/dist-packages/my_robot_interfaces-0.0.0-py3.10.egg-info/PKG-INFO
[4.053s] -- Up-to-date: /home/fouadroboticist/ros2_ws/install/my_robot_interfaces/local/lib/python3.10/dist-packages/my_robot_interfaces
[4.053s] -- Up-to-date: /home/fouadroboticist/ros2_ws/install/my_robot_interfaces/local/lib/python3.10/dist-packages/my_robot_interfaces/my_robot_interfaces_s__rosidl_typesupport_fastrtps_c.cpython-310-x86_64-linux-gnu.so
[4.053s] -- Up-to-date: /home/fouadroboticist/ros2_ws/install/my_robot_interfaces/local/lib/python3.10/dist-packages/my_robot_interfaces/my_robot_interfaces_s__rosidl_typesupport_c.cpython-310-x86_64-linux-gnu.so
[4.054s] -- Up-to-date: /home/fouadroboticist/ros2_ws/install/my_robot_interfaces/local/lib/python3.10/dist-packages/my_robot_interfaces/_my_robot_interfaces_s.ep.rosidl_typesupport_introspection_c.c
[4.054s] -- Up-to-date: /home/fouadroboticist/ros2_ws/install/my_robot_interfaces/local/lib/python3.10/dist-packages/my_robot_interfaces/libmy_robot_interfaces__rosidl_generator_py.so
[4.055s] -- Up-to-date: /home/fouadroboticist/ros2_ws/install/my_robot_interfaces/local/lib/python3.10/dist-packages/my_robot_interfaces/__init__.py
[4.056s] -- Up-to-date: /home/fouadroboticist/ros2_ws/install/my_robot_interfaces/local/lib/python3.10/dist-packages/my_robot_interfaces/msg
[4.056s] -- Up-to-date: /home/fouadroboticist/ros2_ws/install/my_robot_interfaces/local/lib/python3.10/dist-packages/my_robot_interfaces/msg/__init__.py
[4.056s] -- Up-to-date: /home/fouadroboticist/ros2_ws/install/my_robot_interfaces/local/lib/python3.10/dist-packages/my_robot_interfaces/msg/_target_coordinates_s.c
[4.058s] -- Up-to-date: /home/fouadroboticist/ros2_ws/install/my_robot_interfaces/local/lib/python3.10/dist-packages/my_robot_interfaces/msg/_target_coordinates.py
[4.059s] -- Up-to-date: /home/fouadroboticist/ros2_ws/install/my_robot_interfaces/local/lib/python3.10/dist-packages/my_robot_interfaces/action
[4.059s] -- Up-to-date: /home/fouadroboticist/ros2_ws/install/my_robot_interfaces/local/lib/python3.10/dist-packages/my_robot_interfaces/action/__init__.py
[4.059s] -- Up-to-date: /home/fouadroboticist/ros2_ws/install/my_robot_interfaces/local/lib/python3.10/dist-packages/my_robot_interfaces/action/_count_until.py
[4.060s] -- Up-to-date: /home/fouadroboticist/ros2_ws/install/my_robot_interfaces/local/lib/python3.10/dist-packages/my_robot_interfaces/action/_count_until_s.c
[4.061s] -- Up-to-date: /home/fouadroboticist/ros2_ws/install/my_robot_interfaces/local/lib/python3.10/dist-packages/my_robot_interfaces/_my_robot_interfaces_s.ep.rosidl_typesupport_c.c
[4.061s] -- Up-to-date: /home/fouadroboticist/ros2_ws/install/my_robot_interfaces/local/lib/python3.10/dist-packages/my_robot_interfaces/srv
[4.065s] -- Up-to-date: /home/fouadroboticist/ros2_ws/install/my_robot_interfaces/local/lib/python3.10/dist-packages/my_robot_interfaces/srv/__init__.py
[4.066s] -- Up-to-date: /home/fouadroboticist/ros2_ws/install/my_robot_interfaces/local/lib/python3.10/dist-packages/my_robot_interfaces/srv/_set_led.py
[4.067s] -- Up-to-date: /home/fouadroboticist/ros2_ws/install/my_robot_interfaces/local/lib/python3.10/dist-packages/my_robot_interfaces/srv/_set_led_s.c
[4.067s] -- Up-to-date: /home/fouadroboticist/ros2_ws/install/my_robot_interfaces/local/lib/python3.10/dist-packages/my_robot_interfaces/_my_robot_interfaces_s.ep.rosidl_typesupport_fastrtps_c.c
[4.068s] -- Up-to-date: /home/fouadroboticist/ros2_ws/install/my_robot_interfaces/local/lib/python3.10/dist-packages/my_robot_interfaces/my_robot_interfaces_s__rosidl_typesupport_introspection_c.cpython-310-x86_64-linux-gnu.so
[4.119s] Listing '/home/fouadroboticist/ros2_ws/install/my_robot_interfaces/local/lib/python3.10/dist-packages/my_robot_interfaces'...
[4.119s] Listing '/home/fouadroboticist/ros2_ws/install/my_robot_interfaces/local/lib/python3.10/dist-packages/my_robot_interfaces/action'...
[4.119s] Listing '/home/fouadroboticist/ros2_ws/install/my_robot_interfaces/local/lib/python3.10/dist-packages/my_robot_interfaces/msg'...
[4.119s] Listing '/home/fouadroboticist/ros2_ws/install/my_robot_interfaces/local/lib/python3.10/dist-packages/my_robot_interfaces/srv'...
[4.132s] -- Up-to-date: /home/fouadroboticist/ros2_ws/install/my_robot_interfaces/local/lib/python3.10/dist-packages/my_robot_interfaces/my_robot_interfaces_s__rosidl_typesupport_fastrtps_c.cpython-310-x86_64-linux-gnu.so
[4.133s] -- Up-to-date: /home/fouadroboticist/ros2_ws/install/my_robot_interfaces/local/lib/python3.10/dist-packages/my_robot_interfaces/my_robot_interfaces_s__rosidl_typesupport_introspection_c.cpython-310-x86_64-linux-gnu.so
[4.135s] -- Up-to-date: /home/fouadroboticist/ros2_ws/install/my_robot_interfaces/local/lib/python3.10/dist-packages/my_robot_interfaces/my_robot_interfaces_s__rosidl_typesupport_c.cpython-310-x86_64-linux-gnu.so
[4.136s] -- Up-to-date: /home/fouadroboticist/ros2_ws/install/my_robot_interfaces/lib/libmy_robot_interfaces__rosidl_generator_py.so
[4.137s] -- Up-to-date: /home/fouadroboticist/ros2_ws/install/my_robot_interfaces/share/my_robot_interfaces/action/CountUntil.idl
[4.138s] -- Up-to-date: /home/fouadroboticist/ros2_ws/install/my_robot_interfaces/share/my_robot_interfaces/msg/TargetCoordinates.idl
[4.139s] -- Up-to-date: /home/fouadroboticist/ros2_ws/install/my_robot_interfaces/share/my_robot_interfaces/srv/SetLed.idl
[4.139s] -- Up-to-date: /home/fouadroboticist/ros2_ws/install/my_robot_interfaces/share/my_robot_interfaces/action/CountUntil.action
[4.140s] -- Up-to-date: /home/fouadroboticist/ros2_ws/install/my_robot_interfaces/share/my_robot_interfaces/msg/TargetCoordinates.msg
[4.140s] -- Up-to-date: /home/fouadroboticist/ros2_ws/install/my_robot_interfaces/share/my_robot_interfaces/srv/SetLed.srv
[4.140s] -- Up-to-date: /home/fouadroboticist/ros2_ws/install/my_robot_interfaces/share/my_robot_interfaces/srv/SetLed_Request.msg
[4.140s] -- Up-to-date: /home/fouadroboticist/ros2_ws/install/my_robot_interfaces/share/my_robot_interfaces/srv/SetLed_Response.msg
[4.141s] -- Up-to-date: /home/fouadroboticist/ros2_ws/install/my_robot_interfaces/share/ament_index/resource_index/package_run_dependencies/my_robot_interfaces
[4.141s] -- Up-to-date: /home/fouadroboticist/ros2_ws/install/my_robot_interfaces/share/ament_index/resource_index/parent_prefix_path/my_robot_interfaces
[4.142s] -- Up-to-date: /home/fouadroboticist/ros2_ws/install/my_robot_interfaces/share/my_robot_interfaces/environment/ament_prefix_path.sh
[4.142s] -- Up-to-date: /home/fouadroboticist/ros2_ws/install/my_robot_interfaces/share/my_robot_interfaces/environment/ament_prefix_path.dsv
[4.143s] -- Up-to-date: /home/fouadroboticist/ros2_ws/install/my_robot_interfaces/share/my_robot_interfaces/environment/path.sh
[4.143s] -- Up-to-date: /home/fouadroboticist/ros2_ws/install/my_robot_interfaces/share/my_robot_interfaces/environment/path.dsv
[4.143s] -- Up-to-date: /home/fouadroboticist/ros2_ws/install/my_robot_interfaces/share/my_robot_interfaces/local_setup.bash
[4.144s] -- Up-to-date: /home/fouadroboticist/ros2_ws/install/my_robot_interfaces/share/my_robot_interfaces/local_setup.sh
[4.144s] -- Up-to-date: /home/fouadroboticist/ros2_ws/install/my_robot_interfaces/share/my_robot_interfaces/local_setup.zsh
[4.144s] -- Up-to-date: /home/fouadroboticist/ros2_ws/install/my_robot_interfaces/share/my_robot_interfaces/local_setup.dsv
[4.147s] -- Installing: /home/fouadroboticist/ros2_ws/install/my_robot_interfaces/share/my_robot_interfaces/package.dsv
[4.148s] -- Up-to-date: /home/fouadroboticist/ros2_ws/install/my_robot_interfaces/share/ament_index/resource_index/packages/my_robot_interfaces
[4.149s] -- Up-to-date: /home/fouadroboticist/ros2_ws/install/my_robot_interfaces/share/my_robot_interfaces/cmake/export_my_robot_interfaces__rosidl_generator_cExport.cmake
[4.150s] -- Up-to-date: /home/fouadroboticist/ros2_ws/install/my_robot_interfaces/share/my_robot_interfaces/cmake/export_my_robot_interfaces__rosidl_generator_cExport-noconfig.cmake
[4.150s] -- Up-to-date: /home/fouadroboticist/ros2_ws/install/my_robot_interfaces/share/my_robot_interfaces/cmake/export_my_robot_interfaces__rosidl_typesupport_fastrtps_cExport.cmake
[4.151s] -- Up-to-date: /home/fouadroboticist/ros2_ws/install/my_robot_interfaces/share/my_robot_interfaces/cmake/export_my_robot_interfaces__rosidl_typesupport_fastrtps_cExport-noconfig.cmake
[4.151s] -- Up-to-date: /home/fouadroboticist/ros2_ws/install/my_robot_interfaces/share/my_robot_interfaces/cmake/export_my_robot_interfaces__rosidl_generator_cppExport.cmake
[4.151s] -- Up-to-date: /home/fouadroboticist/ros2_ws/install/my_robot_interfaces/share/my_robot_interfaces/cmake/export_my_robot_interfaces__rosidl_typesupport_fastrtps_cppExport.cmake
[4.152s] -- Up-to-date: /home/fouadroboticist/ros2_ws/install/my_robot_interfaces/share/my_robot_interfaces/cmake/export_my_robot_interfaces__rosidl_typesupport_fastrtps_cppExport-noconfig.cmake
[4.152s] -- Up-to-date: /home/fouadroboticist/ros2_ws/install/my_robot_interfaces/share/my_robot_interfaces/cmake/my_robot_interfaces__rosidl_typesupport_introspection_cExport.cmake
[4.152s] -- Up-to-date: /home/fouadroboticist/ros2_ws/install/my_robot_interfaces/share/my_robot_interfaces/cmake/my_robot_interfaces__rosidl_typesupport_introspection_cExport-noconfig.cmake
[4.155s] -- Up-to-date: /home/fouadroboticist/ros2_ws/install/my_robot_interfaces/share/my_robot_interfaces/cmake/my_robot_interfaces__rosidl_typesupport_cExport.cmake
[4.158s] -- Up-to-date: /home/fouadroboticist/ros2_ws/install/my_robot_interfaces/share/my_robot_interfaces/cmake/my_robot_interfaces__rosidl_typesupport_cExport-noconfig.cmake
[4.160s] -- Up-to-date: /home/fouadroboticist/ros2_ws/install/my_robot_interfaces/share/my_robot_interfaces/cmake/my_robot_interfaces__rosidl_typesupport_introspection_cppExport.cmake
[4.161s] -- Up-to-date: /home/fouadroboticist/ros2_ws/install/my_robot_interfaces/share/my_robot_interfaces/cmake/my_robot_interfaces__rosidl_typesupport_introspection_cppExport-noconfig.cmake
[4.162s] -- Up-to-date: /home/fouadroboticist/ros2_ws/install/my_robot_interfaces/share/my_robot_interfaces/cmake/my_robot_interfaces__rosidl_typesupport_cppExport.cmake
[4.162s] -- Up-to-date: /home/fouadroboticist/ros2_ws/install/my_robot_interfaces/share/my_robot_interfaces/cmake/my_robot_interfaces__rosidl_typesupport_cppExport-noconfig.cmake
[4.173s] -- Up-to-date: /home/fouadroboticist/ros2_ws/install/my_robot_interfaces/share/my_robot_interfaces/cmake/export_my_robot_interfaces__rosidl_generator_pyExport.cmake
[4.174s] -- Up-to-date: /home/fouadroboticist/ros2_ws/install/my_robot_interfaces/share/my_robot_interfaces/cmake/export_my_robot_interfaces__rosidl_generator_pyExport-noconfig.cmake
[4.175s] -- Up-to-date: /home/fouadroboticist/ros2_ws/install/my_robot_interfaces/share/my_robot_interfaces/cmake/rosidl_cmake-extras.cmake
[4.176s] -- Up-to-date: /home/fouadroboticist/ros2_ws/install/my_robot_interfaces/share/my_robot_interfaces/cmake/ament_cmake_export_dependencies-extras.cmake
[4.176s] -- Up-to-date: /home/fouadroboticist/ros2_ws/install/my_robot_interfaces/share/my_robot_interfaces/cmake/ament_cmake_export_include_directories-extras.cmake
[4.177s] -- Up-to-date: /home/fouadroboticist/ros2_ws/install/my_robot_interfaces/share/my_robot_interfaces/cmake/ament_cmake_export_libraries-extras.cmake
[4.178s] -- Up-to-date: /home/fouadroboticist/ros2_ws/install/my_robot_interfaces/share/my_robot_interfaces/cmake/ament_cmake_export_targets-extras.cmake
[4.186s] -- Up-to-date: /home/fouadroboticist/ros2_ws/install/my_robot_interfaces/share/my_robot_interfaces/cmake/rosidl_cmake_export_typesupport_targets-extras.cmake
[4.188s] -- Up-to-date: /home/fouadroboticist/ros2_ws/install/my_robot_interfaces/share/my_robot_interfaces/cmake/rosidl_cmake_export_typesupport_libraries-extras.cmake
[4.188s] -- Up-to-date: /home/fouadroboticist/ros2_ws/install/my_robot_interfaces/share/my_robot_interfaces/cmake/my_robot_interfacesConfig.cmake
[4.188s] -- Up-to-date: /home/fouadroboticist/ros2_ws/install/my_robot_interfaces/share/my_robot_interfaces/cmake/my_robot_interfacesConfig-version.cmake
[4.189s] -- Up-to-date: /home/fouadroboticist/ros2_ws/install/my_robot_interfaces/share/my_robot_interfaces/package.xml
[4.190s] Invoked command in '/home/fouadroboticist/ros2_ws/build/my_robot_interfaces' returned '0': CMAKE_PREFIX_PATH=${CMAKE_PREFIX_PATH}:/home/fouadroboticist/ros2_ws/install/tutorials_py:/home/fouadroboticist/ros2_ws/install/my_robot_controller:/home/fouadroboticist/ros2_ws/install/actions_py:/opt/ros/humble /usr/bin/cmake --install /home/fouadroboticist/ros2_ws/build/my_robot_interfaces
