[0.082s] Invoking command in '/home/fouadroboticist/ros2_ws/build/robot_description': CMAKE_PREFIX_PATH=${CMAKE_PREFIX_PATH}:/home/fouadroboticist/ros2_ws/install/tutorials_py:/home/fouadroboticist/ros2_ws/install/my_robot_controller:/home/fouadroboticist/ros2_ws/install/actions_py:/opt/ros/humble /usr/bin/cmake --build /home/fouadroboticist/ros2_ws/build/robot_description -- -j4 -l4
[0.444s] -- Found ament_cmake: 1.3.10 (/opt/ros/humble/share/ament_cmake/cmake)
[1.254s] -- Found rclcpp: 16.0.10 (/opt/ros/humble/share/rclcpp/cmake)
[1.899s] -- Found rosidl_generator_c: 3.1.5 (/opt/ros/humble/share/rosidl_generator_c/cmake)
[1.922s] -- Found rosidl_adapter: 3.1.5 (/opt/ros/humble/share/rosidl_adapter/cmake)
[1.951s] -- Found rosidl_generator_cpp: 3.1.5 (/opt/ros/humble/share/rosidl_generator_cpp/cmake)
[1.995s] -- Using all available rosidl_typesupport_c: rosidl_typesupport_fastrtps_c;rosidl_typesupport_introspection_c
[2.047s] -- Using all available rosidl_typesupport_cpp: rosidl_typesupport_fastrtps_cpp;rosidl_typesupport_introspection_cpp
[2.308s] -- Found rmw_implementation_cmake: 6.1.2 (/opt/ros/humble/share/rmw_implementation_cmake/cmake)
[2.325s] -- Found rmw_cyclonedds_cpp: 1.3.4 (/opt/ros/humble/share/rmw_cyclonedds_cpp/cmake)
[2.453s] -- Using RMW implementation 'rmw_cyclonedds_cpp' as default
[2.767s] -- Found ament_lint_auto: 0.12.11 (/opt/ros/humble/share/ament_lint_auto/cmake)
[3.210s] -- Added test 'flake8' to check Python code syntax and style conventions
[3.214s] -- Added test 'lint_cmake' to check CMake code style
[3.218s] -- Added test 'pep257' to check Python code against some of the docstring style conventions in PEP 257
[3.236s] -- Added test 'xmllint' to check XML markup files
[3.250s] -- Configuring done
[3.355s] -- Generating done
[3.365s] -- Build files have been written to: /home/fouadroboticist/ros2_ws/build/robot_description
[3.440s] Invoked command in '/home/fouadroboticist/ros2_ws/build/robot_description' returned '0': CMAKE_PREFIX_PATH=${CMAKE_PREFIX_PATH}:/home/fouadroboticist/ros2_ws/install/tutorials_py:/home/fouadroboticist/ros2_ws/install/my_robot_controller:/home/fouadroboticist/ros2_ws/install/actions_py:/opt/ros/humble /usr/bin/cmake --build /home/fouadroboticist/ros2_ws/build/robot_description -- -j4 -l4
[3.590s] Invoking command in '/home/fouadroboticist/ros2_ws/build/robot_description': CMAKE_PREFIX_PATH=${CMAKE_PREFIX_PATH}:/home/fouadroboticist/ros2_ws/install/tutorials_py:/home/fouadroboticist/ros2_ws/install/my_robot_controller:/home/fouadroboticist/ros2_ws/install/actions_py:/opt/ros/humble /usr/bin/cmake --install /home/fouadroboticist/ros2_ws/build/robot_description
[3.617s] -- Install configuration: ""
[3.617s] -- Up-to-date: /home/fouadroboticist/ros2_ws/install/robot_description/share/robot_description/urdf
[3.617s] -- Installing: /home/fouadroboticist/ros2_ws/install/robot_description/share/robot_description/urdf/robot_arm.urdf.xacro
[3.629s] -- Installing: /home/fouadroboticist/ros2_ws/install/robot_description/share/robot_description/urdf/mobile_manipulator.urdf.xacro
[3.634s] -- Installing: /home/fouadroboticist/ros2_ws/install/robot_description/share/robot_description/urdf/robot_arm.urdf
[3.639s] -- Installing: /home/fouadroboticist/ros2_ws/install/robot_description/share/robot_description/urdf/robot_essentials.xacro
[3.641s] -- Installing: /home/fouadroboticist/ros2_ws/install/robot_description/share/robot_description/urdf/robot_base_essentials.xacro
[3.644s] -- Installing: /home/fouadroboticist/ros2_ws/install/robot_description/share/robot_description/urdf/gazebo_essentials.xacro
[3.646s] -- Installing: /home/fouadroboticist/ros2_ws/install/robot_description/share/robot_description/urdf/robot_base.urdf
[3.649s] -- Installing: /home/fouadroboticist/ros2_ws/install/robot_description/share/robot_description/urdf/gazebo_essentials_base.xacro
[3.652s] -- Installing: /home/fouadroboticist/ros2_ws/install/robot_description/share/robot_description/urdf/gazebo_essentials_arm.xacro
[3.653s] -- Installing: /home/fouadroboticist/ros2_ws/install/robot_description/share/robot_description/urdf/mobile_manipulator.urdf
[3.658s] -- Installing: /home/fouadroboticist/ros2_ws/install/robot_description/share/robot_description/urdf/robot_base.urdf.xacro
[3.660s] -- Installing: /home/fouadroboticist/ros2_ws/install/robot_description/share/robot_description/urdf/robot_arm_essentials.xacro
[3.662s] -- Up-to-date: /home/fouadroboticist/ros2_ws/install/robot_description/share/robot_description/meshes
[3.665s] -- Installing: /home/fouadroboticist/ros2_ws/install/robot_description/share/robot_description/meshes/wrist.stl
[3.686s] -- Installing: /home/fouadroboticist/ros2_ws/install/robot_description/share/robot_description/meshes/bicep.stl
[3.695s] -- Installing: /home/fouadroboticist/ros2_ws/install/robot_description/share/robot_description/meshes/robot_base.stl
[3.698s] -- Installing: /home/fouadroboticist/ros2_ws/install/robot_description/share/robot_description/meshes/elbow.stl
[3.711s] -- Installing: /home/fouadroboticist/ros2_ws/install/robot_description/share/robot_description/meshes/wheel.stl
[3.716s] -- Installing: /home/fouadroboticist/ros2_ws/install/robot_description/share/robot_description/meshes/arm_base.stl
[3.725s] -- Up-to-date: /home/fouadroboticist/ros2_ws/install/robot_description/share/robot_description//launch
[3.726s] -- Up-to-date: /home/fouadroboticist/ros2_ws/install/robot_description/share/robot_description//launch/__pycache__
[3.728s] -- Installing: /home/fouadroboticist/ros2_ws/install/robot_description/share/robot_description//launch/__pycache__/base_gazebo_control_xacro.launch.cpython-310.pyc
[3.737s] -- Installing: /home/fouadroboticist/ros2_ws/install/robot_description/share/robot_description//launch/base_gazebo_control_xacro.launch.py
[3.741s] -- Installing: /home/fouadroboticist/ros2_ws/install/robot_description/share/robot_description//launch/base_gazebo_control_xacro.launch.xml
[3.745s] -- Installing: /home/fouadroboticist/ros2_ws/install/robot_description/share/ament_index/resource_index/package_run_dependencies/robot_description
[3.747s] -- Installing: /home/fouadroboticist/ros2_ws/install/robot_description/share/ament_index/resource_index/parent_prefix_path/robot_description
[3.748s] -- Installing: /home/fouadroboticist/ros2_ws/install/robot_description/share/robot_description/environment/ament_prefix_path.sh
[3.749s] -- Installing: /home/fouadroboticist/ros2_ws/install/robot_description/share/robot_description/environment/ament_prefix_path.dsv
[3.750s] -- Installing: /home/fouadroboticist/ros2_ws/install/robot_description/share/robot_description/environment/path.sh
[3.751s] -- Installing: /home/fouadroboticist/ros2_ws/install/robot_description/share/robot_description/environment/path.dsv
[3.752s] -- Installing: /home/fouadroboticist/ros2_ws/install/robot_description/share/robot_description/local_setup.bash
[3.753s] -- Installing: /home/fouadroboticist/ros2_ws/install/robot_description/share/robot_description/local_setup.sh
[3.755s] -- Installing: /home/fouadroboticist/ros2_ws/install/robot_description/share/robot_description/local_setup.zsh
[3.758s] -- Installing: /home/fouadroboticist/ros2_ws/install/robot_description/share/robot_description/local_setup.dsv
[3.758s] -- Installing: /home/fouadroboticist/ros2_ws/install/robot_description/share/robot_description/package.dsv
[3.759s] -- Installing: /home/fouadroboticist/ros2_ws/install/robot_description/share/ament_index/resource_index/packages/robot_description
[3.764s] -- Installing: /home/fouadroboticist/ros2_ws/install/robot_description/share/robot_description/cmake/robot_descriptionConfig.cmake
[3.765s] -- Installing: /home/fouadroboticist/ros2_ws/install/robot_description/share/robot_description/cmake/robot_descriptionConfig-version.cmake
[3.766s] -- Installing: /home/fouadroboticist/ros2_ws/install/robot_description/share/robot_description/package.xml
[3.784s] Invoked command in '/home/fouadroboticist/ros2_ws/build/robot_description' returned '0': CMAKE_PREFIX_PATH=${CMAKE_PREFIX_PATH}:/home/fouadroboticist/ros2_ws/install/tutorials_py:/home/fouadroboticist/ros2_ws/install/my_robot_controller:/home/fouadroboticist/ros2_ws/install/actions_py:/opt/ros/humble /usr/bin/cmake --install /home/fouadroboticist/ros2_ws/build/robot_description
