[0.133s] Invoking command in '/home/fouadroboticist/ros2_ws/build/robot_description': CMAKE_PREFIX_PATH=${CMAKE_PREFIX_PATH}:/home/fouadroboticist/ros2_ws/install/tutorials_py:/home/fouadroboticist/ros2_ws/install/my_robot_controller:/home/fouadroboticist/ros2_ws/install/actions_py:/opt/ros/humble /usr/bin/cmake --build /home/fouadroboticist/ros2_ws/build/robot_description -- -j4 -l4
[0.567s] Invoked command in '/home/fouadroboticist/ros2_ws/build/robot_description' returned '0': CMAKE_PREFIX_PATH=${CMAKE_PREFIX_PATH}:/home/fouadroboticist/ros2_ws/install/tutorials_py:/home/fouadroboticist/ros2_ws/install/my_robot_controller:/home/fouadroboticist/ros2_ws/install/actions_py:/opt/ros/humble /usr/bin/cmake --build /home/fouadroboticist/ros2_ws/build/robot_description -- -j4 -l4
[1.650s] Invoking command in '/home/fouadroboticist/ros2_ws/build/robot_description': CMAKE_PREFIX_PATH=${CMAKE_PREFIX_PATH}:/home/fouadroboticist/ros2_ws/install/tutorials_py:/home/fouadroboticist/ros2_ws/install/my_robot_controller:/home/fouadroboticist/ros2_ws/install/actions_py:/opt/ros/humble /usr/bin/cmake --install /home/fouadroboticist/ros2_ws/build/robot_description
[1.673s] -- Install configuration: ""
[1.673s] -- Up-to-date: /home/fouadroboticist/ros2_ws/install/robot_description/share/robot_description/urdf
[1.674s] -- Up-to-date: /home/fouadroboticist/ros2_ws/install/robot_description/share/robot_description/urdf/robot_arm.urdf.xacro
[1.674s] -- Up-to-date: /home/fouadroboticist/ros2_ws/install/robot_description/share/robot_description/urdf/mobile_manipulator.urdf.xacro
[1.674s] -- Up-to-date: /home/fouadroboticist/ros2_ws/install/robot_description/share/robot_description/urdf/robot_arm.urdf
[1.675s] -- Up-to-date: /home/fouadroboticist/ros2_ws/install/robot_description/share/robot_description/urdf/robot_essentials.xacro
[1.676s] -- Up-to-date: /home/fouadroboticist/ros2_ws/install/robot_description/share/robot_description/urdf/robot_base_essentials.xacro
[1.677s] -- Up-to-date: /home/fouadroboticist/ros2_ws/install/robot_description/share/robot_description/urdf/gazebo_essentials.xacro
[1.677s] -- Up-to-date: /home/fouadroboticist/ros2_ws/install/robot_description/share/robot_description/urdf/robot_base.urdf
[1.677s] -- Up-to-date: /home/fouadroboticist/ros2_ws/install/robot_description/share/robot_description/urdf/gazebo_essentials_base.xacro
[1.678s] -- Up-to-date: /home/fouadroboticist/ros2_ws/install/robot_description/share/robot_description/urdf/gazebo_essentials_arm.xacro
[1.678s] -- Up-to-date: /home/fouadroboticist/ros2_ws/install/robot_description/share/robot_description/urdf/mobile_manipulator.urdf
[1.678s] -- Up-to-date: /home/fouadroboticist/ros2_ws/install/robot_description/share/robot_description/urdf/robot_base.urdf.xacro
[1.678s] -- Up-to-date: /home/fouadroboticist/ros2_ws/install/robot_description/share/robot_description/urdf/robot_arm_essentials.xacro
[1.678s] -- Up-to-date: /home/fouadroboticist/ros2_ws/install/robot_description/share/robot_description/meshes
[1.679s] -- Up-to-date: /home/fouadroboticist/ros2_ws/install/robot_description/share/robot_description/meshes/wrist.stl
[1.679s] -- Up-to-date: /home/fouadroboticist/ros2_ws/install/robot_description/share/robot_description/meshes/bicep.stl
[1.679s] -- Up-to-date: /home/fouadroboticist/ros2_ws/install/robot_description/share/robot_description/meshes/robot_base.stl
[1.680s] -- Up-to-date: /home/fouadroboticist/ros2_ws/install/robot_description/share/robot_description/meshes/elbow.stl
[1.680s] -- Up-to-date: /home/fouadroboticist/ros2_ws/install/robot_description/share/robot_description/meshes/wheel.stl
[1.680s] -- Up-to-date: /home/fouadroboticist/ros2_ws/install/robot_description/share/robot_description/meshes/arm_base.stl
[1.683s] -- Up-to-date: /home/fouadroboticist/ros2_ws/install/robot_description/share/robot_description//launch
[1.683s] -- Installing: /home/fouadroboticist/ros2_ws/install/robot_description/share/robot_description//launch/base_gazebo_control_xacro.launch.py
[1.683s] -- Up-to-date: /home/fouadroboticist/ros2_ws/install/robot_description/share/robot_description//launch/base_gazebo_control_xacro.launch
[1.684s] -- Up-to-date: /home/fouadroboticist/ros2_ws/install/robot_description/share/ament_index/resource_index/package_run_dependencies/robot_description
[1.684s] -- Up-to-date: /home/fouadroboticist/ros2_ws/install/robot_description/share/ament_index/resource_index/parent_prefix_path/robot_description
[1.684s] -- Up-to-date: /home/fouadroboticist/ros2_ws/install/robot_description/share/robot_description/environment/ament_prefix_path.sh
[1.684s] -- Up-to-date: /home/fouadroboticist/ros2_ws/install/robot_description/share/robot_description/environment/ament_prefix_path.dsv
[1.685s] -- Up-to-date: /home/fouadroboticist/ros2_ws/install/robot_description/share/robot_description/environment/path.sh
[1.702s] -- Up-to-date: /home/fouadroboticist/ros2_ws/install/robot_description/share/robot_description/environment/path.dsv
[1.702s] -- Up-to-date: /home/fouadroboticist/ros2_ws/install/robot_description/share/robot_description/local_setup.bash
[1.703s] -- Up-to-date: /home/fouadroboticist/ros2_ws/install/robot_description/share/robot_description/local_setup.sh
[1.703s] -- Up-to-date: /home/fouadroboticist/ros2_ws/install/robot_description/share/robot_description/local_setup.zsh
[1.703s] -- Up-to-date: /home/fouadroboticist/ros2_ws/install/robot_description/share/robot_description/local_setup.dsv
[1.706s] -- Installing: /home/fouadroboticist/ros2_ws/install/robot_description/share/robot_description/package.dsv
[1.707s] -- Up-to-date: /home/fouadroboticist/ros2_ws/install/robot_description/share/ament_index/resource_index/packages/robot_description
[1.707s] -- Up-to-date: /home/fouadroboticist/ros2_ws/install/robot_description/share/robot_description/cmake/robot_descriptionConfig.cmake
[1.707s] -- Up-to-date: /home/fouadroboticist/ros2_ws/install/robot_description/share/robot_description/cmake/robot_descriptionConfig-version.cmake
[1.708s] -- Up-to-date: /home/fouadroboticist/ros2_ws/install/robot_description/share/robot_description/package.xml
[1.708s] Invoked command in '/home/fouadroboticist/ros2_ws/build/robot_description' returned '0': CMAKE_PREFIX_PATH=${CMAKE_PREFIX_PATH}:/home/fouadroboticist/ros2_ws/install/tutorials_py:/home/fouadroboticist/ros2_ws/install/my_robot_controller:/home/fouadroboticist/ros2_ws/install/actions_py:/opt/ros/humble /usr/bin/cmake --install /home/fouadroboticist/ros2_ws/build/robot_description
