[4.167s] Invoking command in '/home/fouadroboticist/ros2_ws/src/my_robot_controller': PYTHONPATH=/home/fouadroboticist/ros2_ws/build/my_robot_controller/prefix_override:/usr/lib/python3/dist-packages/colcon_core/task/python/colcon_distutils_commands:/home/fouadroboticist/ros2_ws/install/my_robot_controller/lib/python3.10/site-packages:${PYTHONPATH} /usr/bin/python3 -W ignore:setup.py install is deprecated setup.py egg_info --egg-base ../../build/my_robot_controller build --build-base /home/fouadroboticist/ros2_ws/build/my_robot_controller/build install --record /home/fouadroboticist/ros2_ws/build/my_robot_controller/install.log --single-version-externally-managed install_data
[4.816s] running egg_info
[4.818s] writing ../../build/my_robot_controller/my_robot_controller.egg-info/PKG-INFO
[4.820s] writing dependency_links to ../../build/my_robot_controller/my_robot_controller.egg-info/dependency_links.txt
[4.820s] writing entry points to ../../build/my_robot_controller/my_robot_controller.egg-info/entry_points.txt
[4.821s] writing requirements to ../../build/my_robot_controller/my_robot_controller.egg-info/requires.txt
[4.822s] writing top-level names to ../../build/my_robot_controller/my_robot_controller.egg-info/top_level.txt
[4.827s] reading manifest file '../../build/my_robot_controller/my_robot_controller.egg-info/SOURCES.txt'
[4.829s] writing manifest file '../../build/my_robot_controller/my_robot_controller.egg-info/SOURCES.txt'
[4.829s] running build
[4.830s] running build_py
[4.834s] running install
[4.835s] running install_lib
[4.841s] running install_data
[4.843s] running install_egg_info
[4.847s] removing '/home/fouadroboticist/ros2_ws/install/my_robot_controller/lib/python3.10/site-packages/my_robot_controller-0.0.0-py3.10.egg-info' (and everything under it)
[4.848s] Copying ../../build/my_robot_controller/my_robot_controller.egg-info to /home/fouadroboticist/ros2_ws/install/my_robot_controller/lib/python3.10/site-packages/my_robot_controller-0.0.0-py3.10.egg-info
[4.853s] running install_scripts
[4.897s] Installing draw_circle script to /home/fouadroboticist/ros2_ws/install/my_robot_controller/lib/my_robot_controller
[4.899s] Installing pose_subscriber script to /home/fouadroboticist/ros2_ws/install/my_robot_controller/lib/my_robot_controller
[4.899s] Installing test_node script to /home/fouadroboticist/ros2_ws/install/my_robot_controller/lib/my_robot_controller
[4.900s] Installing turtle_controller script to /home/fouadroboticist/ros2_ws/install/my_robot_controller/lib/my_robot_controller
[4.901s] writing list of installed files to '/home/fouadroboticist/ros2_ws/build/my_robot_controller/install.log'
[4.953s] Invoked command in '/home/fouadroboticist/ros2_ws/src/my_robot_controller' returned '0': PYTHONPATH=/home/fouadroboticist/ros2_ws/build/my_robot_controller/prefix_override:/usr/lib/python3/dist-packages/colcon_core/task/python/colcon_distutils_commands:/home/fouadroboticist/ros2_ws/install/my_robot_controller/lib/python3.10/site-packages:${PYTHONPATH} /usr/bin/python3 -W ignore:setup.py install is deprecated setup.py egg_info --egg-base ../../build/my_robot_controller build --build-base /home/fouadroboticist/ros2_ws/build/my_robot_controller/build install --record /home/fouadroboticist/ros2_ws/build/my_robot_controller/install.log --single-version-externally-managed install_data
