[0.142s] Invoking command in '/home/fouadroboticist/ros2_ws/build/my_custom_pkg': CMAKE_PREFIX_PATH=${CMAKE_PREFIX_PATH}:/home/fouadroboticist/ros2_ws/install/tutorials_py:/home/fouadroboticist/ros2_ws/install/my_robot_controller:/home/fouadroboticist/ros2_ws/install/actions_py:/opt/ros/humble /usr/bin/cmake --build /home/fouadroboticist/ros2_ws/build/my_custom_pkg -- -j4 -l4
[1.763s] -- Found ament_cmake: 1.3.10 (/opt/ros/humble/share/ament_cmake/cmake)
[3.054s] -- Found rclcpp: 16.0.10 (/opt/ros/humble/share/rclcpp/cmake)
[6.017s] -- Found rosidl_generator_c: 3.1.5 (/opt/ros/humble/share/rosidl_generator_c/cmake)
[6.042s] -- Found rosidl_adapter: 3.1.5 (/opt/ros/humble/share/rosidl_adapter/cmake)
[6.114s] -- Found rosidl_generator_cpp: 3.1.5 (/opt/ros/humble/share/rosidl_generator_cpp/cmake)
[6.213s] -- Using all available rosidl_typesupport_c: rosidl_typesupport_fastrtps_c;rosidl_typesupport_introspection_c
[6.286s] -- Using all available rosidl_typesupport_cpp: rosidl_typesupport_fastrtps_cpp;rosidl_typesupport_introspection_cpp
[6.529s] -- Found rmw_implementation_cmake: 6.1.2 (/opt/ros/humble/share/rmw_implementation_cmake/cmake)
[6.548s] -- Found rmw_cyclonedds_cpp: 1.3.4 (/opt/ros/humble/share/rmw_cyclonedds_cpp/cmake)
[6.736s] -- Using RMW implementation 'rmw_cyclonedds_cpp' as default
[7.154s] -- Found rclpy: 3.3.14 (/opt/ros/humble/share/rclpy/cmake)
[7.709s] -- Configuring done
[7.772s] -- Generating done
[7.779s] -- Build files have been written to: /home/fouadroboticist/ros2_ws/build/my_custom_pkg
[7.855s] [35m[1mConsolidate compiler generated dependencies of target cpp_exe[0m
[7.899s] [  0%] Built target ament_cmake_python_copy_my_custom_pkg
[7.906s] [100%] Built target cpp_exe
[9.025s] running egg_info
[9.027s] writing my_custom_pkg.egg-info/PKG-INFO
[9.028s] writing dependency_links to my_custom_pkg.egg-info/dependency_links.txt
[9.028s] writing top-level names to my_custom_pkg.egg-info/top_level.txt
[9.037s] reading manifest file 'my_custom_pkg.egg-info/SOURCES.txt'
[9.047s] writing manifest file 'my_custom_pkg.egg-info/SOURCES.txt'
[9.139s] [100%] Built target ament_cmake_python_build_my_custom_pkg_egg
[9.171s] Invoked command in '/home/fouadroboticist/ros2_ws/build/my_custom_pkg' returned '0': CMAKE_PREFIX_PATH=${CMAKE_PREFIX_PATH}:/home/fouadroboticist/ros2_ws/install/tutorials_py:/home/fouadroboticist/ros2_ws/install/my_robot_controller:/home/fouadroboticist/ros2_ws/install/actions_py:/opt/ros/humble /usr/bin/cmake --build /home/fouadroboticist/ros2_ws/build/my_custom_pkg -- -j4 -l4
[9.271s] Invoking command in '/home/fouadroboticist/ros2_ws/build/my_custom_pkg': CMAKE_PREFIX_PATH=${CMAKE_PREFIX_PATH}:/home/fouadroboticist/ros2_ws/install/tutorials_py:/home/fouadroboticist/ros2_ws/install/my_robot_controller:/home/fouadroboticist/ros2_ws/install/actions_py:/opt/ros/humble /usr/bin/cmake --install /home/fouadroboticist/ros2_ws/build/my_custom_pkg
[9.294s] -- Install configuration: ""
[9.311s] -- Up-to-date: /home/fouadroboticist/ros2_ws/install/my_custom_pkg/lib/my_custom_pkg/cpp_exe
[9.315s] -- Up-to-date: /home/fouadroboticist/ros2_ws/install/my_custom_pkg/share/my_custom_pkg/environment/pythonpath.sh
[9.316s] -- Installing: /home/fouadroboticist/ros2_ws/install/my_custom_pkg/share/my_custom_pkg/environment/pythonpath.dsv
[9.317s] -- Up-to-date: /home/fouadroboticist/ros2_ws/install/my_custom_pkg/local/lib/python3.10/dist-packages/my_custom_pkg-0.0.0-py3.10.egg-info
[9.317s] -- Installing: /home/fouadroboticist/ros2_ws/install/my_custom_pkg/local/lib/python3.10/dist-packages/my_custom_pkg-0.0.0-py3.10.egg-info/SOURCES.txt
[9.318s] -- Installing: /home/fouadroboticist/ros2_ws/install/my_custom_pkg/local/lib/python3.10/dist-packages/my_custom_pkg-0.0.0-py3.10.egg-info/dependency_links.txt
[9.320s] -- Installing: /home/fouadroboticist/ros2_ws/install/my_custom_pkg/local/lib/python3.10/dist-packages/my_custom_pkg-0.0.0-py3.10.egg-info/top_level.txt
[9.321s] -- Installing: /home/fouadroboticist/ros2_ws/install/my_custom_pkg/local/lib/python3.10/dist-packages/my_custom_pkg-0.0.0-py3.10.egg-info/PKG-INFO
[9.323s] -- Up-to-date: /home/fouadroboticist/ros2_ws/install/my_custom_pkg/local/lib/python3.10/dist-packages/my_custom_pkg
[9.324s] -- Up-to-date: /home/fouadroboticist/ros2_ws/install/my_custom_pkg/local/lib/python3.10/dist-packages/my_custom_pkg/__init__.py
[9.325s] -- Up-to-date: /home/fouadroboticist/ros2_ws/install/my_custom_pkg/local/lib/python3.10/dist-packages/my_custom_pkg/module_to_import.py
[9.515s] Listing '/home/fouadroboticist/ros2_ws/install/my_custom_pkg/local/lib/python3.10/dist-packages/my_custom_pkg'...
[9.533s] -- Up-to-date: /home/fouadroboticist/ros2_ws/install/my_custom_pkg/lib/my_custom_pkg/py_node.py
[9.533s] -- Up-to-date: /home/fouadroboticist/ros2_ws/install/my_custom_pkg/share/ament_index/resource_index/package_run_dependencies/my_custom_pkg
[9.546s] -- Installing: /home/fouadroboticist/ros2_ws/install/my_custom_pkg/share/ament_index/resource_index/parent_prefix_path/my_custom_pkg
[9.546s] -- Up-to-date: /home/fouadroboticist/ros2_ws/install/my_custom_pkg/share/my_custom_pkg/environment/ament_prefix_path.sh
[9.547s] -- Installing: /home/fouadroboticist/ros2_ws/install/my_custom_pkg/share/my_custom_pkg/environment/ament_prefix_path.dsv
[9.548s] -- Up-to-date: /home/fouadroboticist/ros2_ws/install/my_custom_pkg/share/my_custom_pkg/environment/path.sh
[9.548s] -- Installing: /home/fouadroboticist/ros2_ws/install/my_custom_pkg/share/my_custom_pkg/environment/path.dsv
[9.548s] -- Up-to-date: /home/fouadroboticist/ros2_ws/install/my_custom_pkg/share/my_custom_pkg/local_setup.bash
[9.549s] -- Up-to-date: /home/fouadroboticist/ros2_ws/install/my_custom_pkg/share/my_custom_pkg/local_setup.sh
[9.549s] -- Up-to-date: /home/fouadroboticist/ros2_ws/install/my_custom_pkg/share/my_custom_pkg/local_setup.zsh
[9.549s] -- Installing: /home/fouadroboticist/ros2_ws/install/my_custom_pkg/share/my_custom_pkg/local_setup.dsv
[9.549s] -- Installing: /home/fouadroboticist/ros2_ws/install/my_custom_pkg/share/my_custom_pkg/package.dsv
[9.550s] -- Up-to-date: /home/fouadroboticist/ros2_ws/install/my_custom_pkg/share/ament_index/resource_index/packages/my_custom_pkg
[9.552s] -- Up-to-date: /home/fouadroboticist/ros2_ws/install/my_custom_pkg/share/my_custom_pkg/cmake/my_custom_pkgConfig.cmake
[9.552s] -- Up-to-date: /home/fouadroboticist/ros2_ws/install/my_custom_pkg/share/my_custom_pkg/cmake/my_custom_pkgConfig-version.cmake
[9.553s] -- Up-to-date: /home/fouadroboticist/ros2_ws/install/my_custom_pkg/share/my_custom_pkg/package.xml
[9.569s] Invoked command in '/home/fouadroboticist/ros2_ws/build/my_custom_pkg' returned '0': CMAKE_PREFIX_PATH=${CMAKE_PREFIX_PATH}:/home/fouadroboticist/ros2_ws/install/tutorials_py:/home/fouadroboticist/ros2_ws/install/my_robot_controller:/home/fouadroboticist/ros2_ws/install/actions_py:/opt/ros/humble /usr/bin/cmake --install /home/fouadroboticist/ros2_ws/build/my_custom_pkg
