[0.706s] DEBUG:colcon:Command line arguments: ['/usr/bin/colcon', 'build']
[0.706s] DEBUG:colcon:Parsed command line arguments: Namespace(log_base=None, log_level=None, verb_name='build', build_base='build', install_base='install', merge_install=False, symlink_install=False, test_result_base=None, continue_on_error=False, executor='parallel', parallel_workers=4, event_handlers=None, ignore_user_meta=False, metas=['./colcon.meta'], base_paths=['.'], packages_ignore=None, packages_ignore_regex=None, paths=None, packages_up_to=None, packages_up_to_regex=None, packages_above=None, packages_above_and_dependencies=None, packages_above_depth=None, packages_select_by_dep=None, packages_skip_by_dep=None, packages_skip_up_to=None, packages_select_build_failed=False, packages_skip_build_finished=False, packages_select_test_failures=False, packages_skip_test_passed=False, packages_select=None, packages_skip=None, packages_select_regex=None, packages_skip_regex=None, packages_start=None, packages_end=None, allow_overriding=[], cmake_args=None, cmake_target=None, cmake_target_skip_unavailable=False, cmake_clean_cache=False, cmake_clean_first=False, cmake_force_configure=False, ament_cmake_args=None, catkin_cmake_args=None, catkin_skip_building_tests=False, mixin_files=None, mixin=None, verb_parser=<colcon_mixin.mixin.mixin_argument.MixinArgumentDecorator object at 0x7f9434c02020>, verb_extension=<colcon_core.verb.build.BuildVerb object at 0x7f9434c01180>, main=<bound method BuildVerb.main of <colcon_core.verb.build.BuildVerb object at 0x7f9434c01180>>, mixin_verb=('build',))
[1.253s] Level 1:colcon.colcon_core.package_discovery:discover_packages(colcon_meta) check parameters
[1.253s] Level 1:colcon.colcon_core.package_discovery:discover_packages(recursive) check parameters
[1.253s] Level 1:colcon.colcon_core.package_discovery:discover_packages(ignore) check parameters
[1.253s] Level 1:colcon.colcon_core.package_discovery:discover_packages(path) check parameters
[1.253s] Level 1:colcon.colcon_core.package_discovery:discover_packages(colcon_meta) discover
[1.253s] Level 1:colcon.colcon_core.package_discovery:discover_packages(recursive) discover
[1.253s] INFO:colcon.colcon_core.package_discovery:Crawling recursively for packages in '/home/fouadroboticist/ros2_ws'
[1.254s] Level 1:colcon.colcon_core.package_identification:_identify(.) by extensions ['ignore', 'ignore_ament_install']
[1.254s] Level 1:colcon.colcon_core.package_identification:_identify(.) by extension 'ignore'
[1.254s] Level 1:colcon.colcon_core.package_identification:_identify(.) by extension 'ignore_ament_install'
[1.254s] Level 1:colcon.colcon_core.package_identification:_identify(.) by extensions ['colcon_pkg']
[1.254s] Level 1:colcon.colcon_core.package_identification:_identify(.) by extension 'colcon_pkg'
[1.254s] Level 1:colcon.colcon_core.package_identification:_identify(.) by extensions ['colcon_meta']
[1.254s] Level 1:colcon.colcon_core.package_identification:_identify(.) by extension 'colcon_meta'
[1.254s] Level 1:colcon.colcon_core.package_identification:_identify(.) by extensions ['ros']
[1.254s] Level 1:colcon.colcon_core.package_identification:_identify(.) by extension 'ros'
[1.361s] Level 1:colcon.colcon_core.package_identification:_identify(.) by extensions ['cmake', 'python']
[1.361s] Level 1:colcon.colcon_core.package_identification:_identify(.) by extension 'cmake'
[1.361s] Level 1:colcon.colcon_core.package_identification:_identify(.) by extension 'python'
[1.362s] Level 1:colcon.colcon_core.package_identification:_identify(.) by extensions ['python_setup_py']
[1.362s] Level 1:colcon.colcon_core.package_identification:_identify(.) by extension 'python_setup_py'
[1.362s] Level 1:colcon.colcon_core.package_identification:_identify(Autonomous-Mobile-Manipulator-Robot) by extensions ['ignore', 'ignore_ament_install']
[1.362s] Level 1:colcon.colcon_core.package_identification:_identify(Autonomous-Mobile-Manipulator-Robot) by extension 'ignore'
[1.363s] Level 1:colcon.colcon_core.package_identification:_identify(Autonomous-Mobile-Manipulator-Robot) by extension 'ignore_ament_install'
[1.363s] Level 1:colcon.colcon_core.package_identification:_identify(Autonomous-Mobile-Manipulator-Robot) by extensions ['colcon_pkg']
[1.364s] Level 1:colcon.colcon_core.package_identification:_identify(Autonomous-Mobile-Manipulator-Robot) by extension 'colcon_pkg'
[1.364s] Level 1:colcon.colcon_core.package_identification:_identify(Autonomous-Mobile-Manipulator-Robot) by extensions ['colcon_meta']
[1.364s] Level 1:colcon.colcon_core.package_identification:_identify(Autonomous-Mobile-Manipulator-Robot) by extension 'colcon_meta'
[1.364s] Level 1:colcon.colcon_core.package_identification:_identify(Autonomous-Mobile-Manipulator-Robot) by extensions ['ros']
[1.365s] Level 1:colcon.colcon_core.package_identification:_identify(Autonomous-Mobile-Manipulator-Robot) by extension 'ros'
[1.365s] Level 1:colcon.colcon_core.package_identification:_identify(Autonomous-Mobile-Manipulator-Robot) by extensions ['cmake', 'python']
[1.365s] Level 1:colcon.colcon_core.package_identification:_identify(Autonomous-Mobile-Manipulator-Robot) by extension 'cmake'
[1.365s] Level 1:colcon.colcon_core.package_identification:_identify(Autonomous-Mobile-Manipulator-Robot) by extension 'python'
[1.366s] Level 1:colcon.colcon_core.package_identification:_identify(Autonomous-Mobile-Manipulator-Robot) by extensions ['python_setup_py']
[1.366s] Level 1:colcon.colcon_core.package_identification:_identify(Autonomous-Mobile-Manipulator-Robot) by extension 'python_setup_py'
[1.366s] Level 1:colcon.colcon_core.package_identification:_identify(build) by extensions ['ignore', 'ignore_ament_install']
[1.367s] Level 1:colcon.colcon_core.package_identification:_identify(build) by extension 'ignore'
[1.367s] Level 1:colcon.colcon_core.package_identification:_identify(build) ignored
[1.367s] Level 1:colcon.colcon_core.package_identification:_identify(install) by extensions ['ignore', 'ignore_ament_install']
[1.367s] Level 1:colcon.colcon_core.package_identification:_identify(install) by extension 'ignore'
[1.367s] Level 1:colcon.colcon_core.package_identification:_identify(install) ignored
[1.368s] Level 1:colcon.colcon_core.package_identification:_identify(log) by extensions ['ignore', 'ignore_ament_install']
[1.368s] Level 1:colcon.colcon_core.package_identification:_identify(log) by extension 'ignore'
[1.368s] Level 1:colcon.colcon_core.package_identification:_identify(log) ignored
[1.370s] Level 1:colcon.colcon_core.package_identification:_identify(src) by extensions ['ignore', 'ignore_ament_install']
[1.370s] Level 1:colcon.colcon_core.package_identification:_identify(src) by extension 'ignore'
[1.370s] Level 1:colcon.colcon_core.package_identification:_identify(src) by extension 'ignore_ament_install'
[1.371s] Level 1:colcon.colcon_core.package_identification:_identify(src) by extensions ['colcon_pkg']
[1.371s] Level 1:colcon.colcon_core.package_identification:_identify(src) by extension 'colcon_pkg'
[1.371s] Level 1:colcon.colcon_core.package_identification:_identify(src) by extensions ['colcon_meta']
[1.371s] Level 1:colcon.colcon_core.package_identification:_identify(src) by extension 'colcon_meta'
[1.371s] Level 1:colcon.colcon_core.package_identification:_identify(src) by extensions ['ros']
[1.371s] Level 1:colcon.colcon_core.package_identification:_identify(src) by extension 'ros'
[1.372s] Level 1:colcon.colcon_core.package_identification:_identify(src) by extensions ['cmake', 'python']
[1.372s] Level 1:colcon.colcon_core.package_identification:_identify(src) by extension 'cmake'
[1.372s] Level 1:colcon.colcon_core.package_identification:_identify(src) by extension 'python'
[1.372s] Level 1:colcon.colcon_core.package_identification:_identify(src) by extensions ['python_setup_py']
[1.372s] Level 1:colcon.colcon_core.package_identification:_identify(src) by extension 'python_setup_py'
[1.372s] Level 1:colcon.colcon_core.package_identification:_identify(src/actions_py) by extensions ['ignore', 'ignore_ament_install']
[1.372s] Level 1:colcon.colcon_core.package_identification:_identify(src/actions_py) by extension 'ignore'
[1.372s] Level 1:colcon.colcon_core.package_identification:_identify(src/actions_py) by extension 'ignore_ament_install'
[1.373s] Level 1:colcon.colcon_core.package_identification:_identify(src/actions_py) by extensions ['colcon_pkg']
[1.373s] Level 1:colcon.colcon_core.package_identification:_identify(src/actions_py) by extension 'colcon_pkg'
[1.373s] Level 1:colcon.colcon_core.package_identification:_identify(src/actions_py) by extensions ['colcon_meta']
[1.373s] Level 1:colcon.colcon_core.package_identification:_identify(src/actions_py) by extension 'colcon_meta'
[1.373s] Level 1:colcon.colcon_core.package_identification:_identify(src/actions_py) by extensions ['ros']
[1.373s] Level 1:colcon.colcon_core.package_identification:_identify(src/actions_py) by extension 'ros'
[1.380s] DEBUG:colcon.colcon_core.package_identification:Package 'src/actions_py' with type 'ros.ament_python' and name 'actions_py'
[1.380s] Level 1:colcon.colcon_core.package_identification:_identify(src/build) by extensions ['ignore', 'ignore_ament_install']
[1.381s] Level 1:colcon.colcon_core.package_identification:_identify(src/build) by extension 'ignore'
[1.381s] Level 1:colcon.colcon_core.package_identification:_identify(src/build) ignored
[1.381s] Level 1:colcon.colcon_core.package_identification:_identify(src/install) by extensions ['ignore', 'ignore_ament_install']
[1.381s] Level 1:colcon.colcon_core.package_identification:_identify(src/install) by extension 'ignore'
[1.381s] Level 1:colcon.colcon_core.package_identification:_identify(src/install) ignored
[1.381s] Level 1:colcon.colcon_core.package_identification:_identify(src/log) by extensions ['ignore', 'ignore_ament_install']
[1.382s] Level 1:colcon.colcon_core.package_identification:_identify(src/log) by extension 'ignore'
[1.382s] Level 1:colcon.colcon_core.package_identification:_identify(src/log) ignored
[1.382s] Level 1:colcon.colcon_core.package_identification:_identify(src/my_custom_pkg) by extensions ['ignore', 'ignore_ament_install']
[1.382s] Level 1:colcon.colcon_core.package_identification:_identify(src/my_custom_pkg) by extension 'ignore'
[1.382s] Level 1:colcon.colcon_core.package_identification:_identify(src/my_custom_pkg) by extension 'ignore_ament_install'
[1.382s] Level 1:colcon.colcon_core.package_identification:_identify(src/my_custom_pkg) by extensions ['colcon_pkg']
[1.383s] Level 1:colcon.colcon_core.package_identification:_identify(src/my_custom_pkg) by extension 'colcon_pkg'
[1.383s] Level 1:colcon.colcon_core.package_identification:_identify(src/my_custom_pkg) by extensions ['colcon_meta']
[1.383s] Level 1:colcon.colcon_core.package_identification:_identify(src/my_custom_pkg) by extension 'colcon_meta'
[1.383s] Level 1:colcon.colcon_core.package_identification:_identify(src/my_custom_pkg) by extensions ['ros']
[1.383s] Level 1:colcon.colcon_core.package_identification:_identify(src/my_custom_pkg) by extension 'ros'
[1.384s] DEBUG:colcon.colcon_core.package_identification:Package 'src/my_custom_pkg' with type 'ros.ament_cmake' and name 'my_custom_pkg'
[1.385s] Level 1:colcon.colcon_core.package_identification:_identify(src/my_robot_bringup) by extensions ['ignore', 'ignore_ament_install']
[1.385s] Level 1:colcon.colcon_core.package_identification:_identify(src/my_robot_bringup) by extension 'ignore'
[1.385s] Level 1:colcon.colcon_core.package_identification:_identify(src/my_robot_bringup) by extension 'ignore_ament_install'
[1.385s] Level 1:colcon.colcon_core.package_identification:_identify(src/my_robot_bringup) by extensions ['colcon_pkg']
[1.385s] Level 1:colcon.colcon_core.package_identification:_identify(src/my_robot_bringup) by extension 'colcon_pkg'
[1.386s] Level 1:colcon.colcon_core.package_identification:_identify(src/my_robot_bringup) by extensions ['colcon_meta']
[1.386s] Level 1:colcon.colcon_core.package_identification:_identify(src/my_robot_bringup) by extension 'colcon_meta'
[1.386s] Level 1:colcon.colcon_core.package_identification:_identify(src/my_robot_bringup) by extensions ['ros']
[1.386s] Level 1:colcon.colcon_core.package_identification:_identify(src/my_robot_bringup) by extension 'ros'
[1.388s] DEBUG:colcon.colcon_core.package_identification:Package 'src/my_robot_bringup' with type 'ros.ament_cmake' and name 'my_robot_bringup'
[1.388s] Level 1:colcon.colcon_core.package_identification:_identify(src/my_robot_control) by extensions ['ignore', 'ignore_ament_install']
[1.389s] Level 1:colcon.colcon_core.package_identification:_identify(src/my_robot_control) by extension 'ignore'
[1.389s] Level 1:colcon.colcon_core.package_identification:_identify(src/my_robot_control) by extension 'ignore_ament_install'
[1.389s] Level 1:colcon.colcon_core.package_identification:_identify(src/my_robot_control) by extensions ['colcon_pkg']
[1.389s] Level 1:colcon.colcon_core.package_identification:_identify(src/my_robot_control) by extension 'colcon_pkg'
[1.389s] Level 1:colcon.colcon_core.package_identification:_identify(src/my_robot_control) by extensions ['colcon_meta']
[1.389s] Level 1:colcon.colcon_core.package_identification:_identify(src/my_robot_control) by extension 'colcon_meta'
[1.389s] Level 1:colcon.colcon_core.package_identification:_identify(src/my_robot_control) by extensions ['ros']
[1.389s] Level 1:colcon.colcon_core.package_identification:_identify(src/my_robot_control) by extension 'ros'
[1.390s] DEBUG:colcon.colcon_core.package_identification:Package 'src/my_robot_control' with type 'ros.ament_cmake' and name 'my_robot_control'
[1.391s] Level 1:colcon.colcon_core.package_identification:_identify(src/my_robot_controller) by extensions ['ignore', 'ignore_ament_install']
[1.391s] Level 1:colcon.colcon_core.package_identification:_identify(src/my_robot_controller) by extension 'ignore'
[1.391s] Level 1:colcon.colcon_core.package_identification:_identify(src/my_robot_controller) by extension 'ignore_ament_install'
[1.391s] Level 1:colcon.colcon_core.package_identification:_identify(src/my_robot_controller) by extensions ['colcon_pkg']
[1.391s] Level 1:colcon.colcon_core.package_identification:_identify(src/my_robot_controller) by extension 'colcon_pkg'
[1.391s] Level 1:colcon.colcon_core.package_identification:_identify(src/my_robot_controller) by extensions ['colcon_meta']
[1.391s] Level 1:colcon.colcon_core.package_identification:_identify(src/my_robot_controller) by extension 'colcon_meta'
[1.391s] Level 1:colcon.colcon_core.package_identification:_identify(src/my_robot_controller) by extensions ['ros']
[1.391s] Level 1:colcon.colcon_core.package_identification:_identify(src/my_robot_controller) by extension 'ros'
[1.393s] DEBUG:colcon.colcon_core.package_identification:Package 'src/my_robot_controller' with type 'ros.ament_python' and name 'my_robot_controller'
[1.394s] Level 1:colcon.colcon_core.package_identification:_identify(src/my_robot_interfaces) by extensions ['ignore', 'ignore_ament_install']
[1.394s] Level 1:colcon.colcon_core.package_identification:_identify(src/my_robot_interfaces) by extension 'ignore'
[1.394s] Level 1:colcon.colcon_core.package_identification:_identify(src/my_robot_interfaces) by extension 'ignore_ament_install'
[1.394s] Level 1:colcon.colcon_core.package_identification:_identify(src/my_robot_interfaces) by extensions ['colcon_pkg']
[1.394s] Level 1:colcon.colcon_core.package_identification:_identify(src/my_robot_interfaces) by extension 'colcon_pkg'
[1.394s] Level 1:colcon.colcon_core.package_identification:_identify(src/my_robot_interfaces) by extensions ['colcon_meta']
[1.394s] Level 1:colcon.colcon_core.package_identification:_identify(src/my_robot_interfaces) by extension 'colcon_meta'
[1.394s] Level 1:colcon.colcon_core.package_identification:_identify(src/my_robot_interfaces) by extensions ['ros']
[1.394s] Level 1:colcon.colcon_core.package_identification:_identify(src/my_robot_interfaces) by extension 'ros'
[1.396s] DEBUG:colcon.colcon_core.package_identification:Package 'src/my_robot_interfaces' with type 'ros.ament_cmake' and name 'my_robot_interfaces'
[1.396s] Level 1:colcon.colcon_core.package_identification:_identify(src/robot_description) by extensions ['ignore', 'ignore_ament_install']
[1.397s] Level 1:colcon.colcon_core.package_identification:_identify(src/robot_description) by extension 'ignore'
[1.397s] Level 1:colcon.colcon_core.package_identification:_identify(src/robot_description) by extension 'ignore_ament_install'
[1.397s] Level 1:colcon.colcon_core.package_identification:_identify(src/robot_description) by extensions ['colcon_pkg']
[1.397s] Level 1:colcon.colcon_core.package_identification:_identify(src/robot_description) by extension 'colcon_pkg'
[1.397s] Level 1:colcon.colcon_core.package_identification:_identify(src/robot_description) by extensions ['colcon_meta']
[1.397s] Level 1:colcon.colcon_core.package_identification:_identify(src/robot_description) by extension 'colcon_meta'
[1.397s] Level 1:colcon.colcon_core.package_identification:_identify(src/robot_description) by extensions ['ros']
[1.397s] Level 1:colcon.colcon_core.package_identification:_identify(src/robot_description) by extension 'ros'
[1.399s] DEBUG:colcon.colcon_core.package_identification:Package 'src/robot_description' with type 'ros.ament_cmake' and name 'robot_description'
[1.399s] Level 1:colcon.colcon_core.package_identification:_identify(src/tutorials_py) by extensions ['ignore', 'ignore_ament_install']
[1.399s] Level 1:colcon.colcon_core.package_identification:_identify(src/tutorials_py) by extension 'ignore'
[1.399s] Level 1:colcon.colcon_core.package_identification:_identify(src/tutorials_py) by extension 'ignore_ament_install'
[1.399s] Level 1:colcon.colcon_core.package_identification:_identify(src/tutorials_py) by extensions ['colcon_pkg']
[1.399s] Level 1:colcon.colcon_core.package_identification:_identify(src/tutorials_py) by extension 'colcon_pkg'
[1.399s] Level 1:colcon.colcon_core.package_identification:_identify(src/tutorials_py) by extensions ['colcon_meta']
[1.399s] Level 1:colcon.colcon_core.package_identification:_identify(src/tutorials_py) by extension 'colcon_meta'
[1.400s] Level 1:colcon.colcon_core.package_identification:_identify(src/tutorials_py) by extensions ['ros']
[1.400s] Level 1:colcon.colcon_core.package_identification:_identify(src/tutorials_py) by extension 'ros'
[1.401s] DEBUG:colcon.colcon_core.package_identification:Package 'src/tutorials_py' with type 'ros.ament_python' and name 'tutorials_py'
[1.401s] Level 1:colcon.colcon_core.package_discovery:discover_packages(recursive) using defaults
[1.401s] Level 1:colcon.colcon_core.package_discovery:discover_packages(ignore) discover
[1.401s] Level 1:colcon.colcon_core.package_discovery:discover_packages(ignore) using defaults
[1.401s] Level 1:colcon.colcon_core.package_discovery:discover_packages(path) discover
[1.401s] Level 1:colcon.colcon_core.package_discovery:discover_packages(path) using defaults
[1.473s] Level 1:colcon.colcon_core.package_discovery:discover_packages(prefix_path) check parameters
[1.473s] Level 1:colcon.colcon_core.package_discovery:discover_packages(prefix_path) discover
[1.478s] DEBUG:colcon.colcon_installed_package_information.package_discovery:Found 8 installed packages in /home/fouadroboticist/ros2_ws/install
[1.482s] DEBUG:colcon.colcon_installed_package_information.package_discovery:Found 387 installed packages in /opt/ros/humble
[1.505s] Level 1:colcon.colcon_core.package_discovery:discover_packages(prefix_path) using defaults
[1.685s] Level 5:colcon.colcon_core.verb:set package 'my_custom_pkg' build argument 'cmake_args' from command line to 'None'
[1.685s] Level 5:colcon.colcon_core.verb:set package 'my_custom_pkg' build argument 'cmake_target' from command line to 'None'
[1.686s] Level 5:colcon.colcon_core.verb:set package 'my_custom_pkg' build argument 'cmake_target_skip_unavailable' from command line to 'False'
[1.686s] Level 5:colcon.colcon_core.verb:set package 'my_custom_pkg' build argument 'cmake_clean_cache' from command line to 'False'
[1.686s] Level 5:colcon.colcon_core.verb:set package 'my_custom_pkg' build argument 'cmake_clean_first' from command line to 'False'
[1.686s] Level 5:colcon.colcon_core.verb:set package 'my_custom_pkg' build argument 'cmake_force_configure' from command line to 'False'
[1.686s] Level 5:colcon.colcon_core.verb:set package 'my_custom_pkg' build argument 'ament_cmake_args' from command line to 'None'
[1.686s] Level 5:colcon.colcon_core.verb:set package 'my_custom_pkg' build argument 'catkin_cmake_args' from command line to 'None'
[1.686s] Level 5:colcon.colcon_core.verb:set package 'my_custom_pkg' build argument 'catkin_skip_building_tests' from command line to 'False'
[1.687s] DEBUG:colcon.colcon_core.verb:Building package 'my_custom_pkg' with the following arguments: {'ament_cmake_args': None, 'build_base': '/home/fouadroboticist/ros2_ws/build/my_custom_pkg', 'catkin_cmake_args': None, 'catkin_skip_building_tests': False, 'cmake_args': None, 'cmake_clean_cache': False, 'cmake_clean_first': False, 'cmake_force_configure': False, 'cmake_target': None, 'cmake_target_skip_unavailable': False, 'install_base': '/home/fouadroboticist/ros2_ws/install/my_custom_pkg', 'merge_install': False, 'path': '/home/fouadroboticist/ros2_ws/src/my_custom_pkg', 'symlink_install': False, 'test_result_base': None}
[1.687s] Level 5:colcon.colcon_core.verb:set package 'my_robot_bringup' build argument 'cmake_args' from command line to 'None'
[1.687s] Level 5:colcon.colcon_core.verb:set package 'my_robot_bringup' build argument 'cmake_target' from command line to 'None'
[1.687s] Level 5:colcon.colcon_core.verb:set package 'my_robot_bringup' build argument 'cmake_target_skip_unavailable' from command line to 'False'
[1.688s] Level 5:colcon.colcon_core.verb:set package 'my_robot_bringup' build argument 'cmake_clean_cache' from command line to 'False'
[1.688s] Level 5:colcon.colcon_core.verb:set package 'my_robot_bringup' build argument 'cmake_clean_first' from command line to 'False'
[1.688s] Level 5:colcon.colcon_core.verb:set package 'my_robot_bringup' build argument 'cmake_force_configure' from command line to 'False'
[1.688s] Level 5:colcon.colcon_core.verb:set package 'my_robot_bringup' build argument 'ament_cmake_args' from command line to 'None'
[1.688s] Level 5:colcon.colcon_core.verb:set package 'my_robot_bringup' build argument 'catkin_cmake_args' from command line to 'None'
[1.688s] Level 5:colcon.colcon_core.verb:set package 'my_robot_bringup' build argument 'catkin_skip_building_tests' from command line to 'False'
[1.688s] DEBUG:colcon.colcon_core.verb:Building package 'my_robot_bringup' with the following arguments: {'ament_cmake_args': None, 'build_base': '/home/fouadroboticist/ros2_ws/build/my_robot_bringup', 'catkin_cmake_args': None, 'catkin_skip_building_tests': False, 'cmake_args': None, 'cmake_clean_cache': False, 'cmake_clean_first': False, 'cmake_force_configure': False, 'cmake_target': None, 'cmake_target_skip_unavailable': False, 'install_base': '/home/fouadroboticist/ros2_ws/install/my_robot_bringup', 'merge_install': False, 'path': '/home/fouadroboticist/ros2_ws/src/my_robot_bringup', 'symlink_install': False, 'test_result_base': None}
[1.688s] Level 5:colcon.colcon_core.verb:set package 'my_robot_control' build argument 'cmake_args' from command line to 'None'
[1.689s] Level 5:colcon.colcon_core.verb:set package 'my_robot_control' build argument 'cmake_target' from command line to 'None'
[1.689s] Level 5:colcon.colcon_core.verb:set package 'my_robot_control' build argument 'cmake_target_skip_unavailable' from command line to 'False'
[1.689s] Level 5:colcon.colcon_core.verb:set package 'my_robot_control' build argument 'cmake_clean_cache' from command line to 'False'
[1.689s] Level 5:colcon.colcon_core.verb:set package 'my_robot_control' build argument 'cmake_clean_first' from command line to 'False'
[1.689s] Level 5:colcon.colcon_core.verb:set package 'my_robot_control' build argument 'cmake_force_configure' from command line to 'False'
[1.689s] Level 5:colcon.colcon_core.verb:set package 'my_robot_control' build argument 'ament_cmake_args' from command line to 'None'
[1.689s] Level 5:colcon.colcon_core.verb:set package 'my_robot_control' build argument 'catkin_cmake_args' from command line to 'None'
[1.689s] Level 5:colcon.colcon_core.verb:set package 'my_robot_control' build argument 'catkin_skip_building_tests' from command line to 'False'
[1.689s] DEBUG:colcon.colcon_core.verb:Building package 'my_robot_control' with the following arguments: {'ament_cmake_args': None, 'build_base': '/home/fouadroboticist/ros2_ws/build/my_robot_control', 'catkin_cmake_args': None, 'catkin_skip_building_tests': False, 'cmake_args': None, 'cmake_clean_cache': False, 'cmake_clean_first': False, 'cmake_force_configure': False, 'cmake_target': None, 'cmake_target_skip_unavailable': False, 'install_base': '/home/fouadroboticist/ros2_ws/install/my_robot_control', 'merge_install': False, 'path': '/home/fouadroboticist/ros2_ws/src/my_robot_control', 'symlink_install': False, 'test_result_base': None}
[1.689s] Level 5:colcon.colcon_core.verb:set package 'my_robot_interfaces' build argument 'cmake_args' from command line to 'None'
[1.690s] Level 5:colcon.colcon_core.verb:set package 'my_robot_interfaces' build argument 'cmake_target' from command line to 'None'
[1.690s] Level 5:colcon.colcon_core.verb:set package 'my_robot_interfaces' build argument 'cmake_target_skip_unavailable' from command line to 'False'
[1.690s] Level 5:colcon.colcon_core.verb:set package 'my_robot_interfaces' build argument 'cmake_clean_cache' from command line to 'False'
[1.690s] Level 5:colcon.colcon_core.verb:set package 'my_robot_interfaces' build argument 'cmake_clean_first' from command line to 'False'
[1.690s] Level 5:colcon.colcon_core.verb:set package 'my_robot_interfaces' build argument 'cmake_force_configure' from command line to 'False'
[1.690s] Level 5:colcon.colcon_core.verb:set package 'my_robot_interfaces' build argument 'ament_cmake_args' from command line to 'None'
[1.690s] Level 5:colcon.colcon_core.verb:set package 'my_robot_interfaces' build argument 'catkin_cmake_args' from command line to 'None'
[1.690s] Level 5:colcon.colcon_core.verb:set package 'my_robot_interfaces' build argument 'catkin_skip_building_tests' from command line to 'False'
[1.690s] DEBUG:colcon.colcon_core.verb:Building package 'my_robot_interfaces' with the following arguments: {'ament_cmake_args': None, 'build_base': '/home/fouadroboticist/ros2_ws/build/my_robot_interfaces', 'catkin_cmake_args': None, 'catkin_skip_building_tests': False, 'cmake_args': None, 'cmake_clean_cache': False, 'cmake_clean_first': False, 'cmake_force_configure': False, 'cmake_target': None, 'cmake_target_skip_unavailable': False, 'install_base': '/home/fouadroboticist/ros2_ws/install/my_robot_interfaces', 'merge_install': False, 'path': '/home/fouadroboticist/ros2_ws/src/my_robot_interfaces', 'symlink_install': False, 'test_result_base': None}
[1.691s] Level 5:colcon.colcon_core.verb:set package 'robot_description' build argument 'cmake_args' from command line to 'None'
[1.691s] Level 5:colcon.colcon_core.verb:set package 'robot_description' build argument 'cmake_target' from command line to 'None'
[1.691s] Level 5:colcon.colcon_core.verb:set package 'robot_description' build argument 'cmake_target_skip_unavailable' from command line to 'False'
[1.691s] Level 5:colcon.colcon_core.verb:set package 'robot_description' build argument 'cmake_clean_cache' from command line to 'False'
[1.691s] Level 5:colcon.colcon_core.verb:set package 'robot_description' build argument 'cmake_clean_first' from command line to 'False'
[1.691s] Level 5:colcon.colcon_core.verb:set package 'robot_description' build argument 'cmake_force_configure' from command line to 'False'
[1.691s] Level 5:colcon.colcon_core.verb:set package 'robot_description' build argument 'ament_cmake_args' from command line to 'None'
[1.691s] Level 5:colcon.colcon_core.verb:set package 'robot_description' build argument 'catkin_cmake_args' from command line to 'None'
[1.691s] Level 5:colcon.colcon_core.verb:set package 'robot_description' build argument 'catkin_skip_building_tests' from command line to 'False'
[1.691s] DEBUG:colcon.colcon_core.verb:Building package 'robot_description' with the following arguments: {'ament_cmake_args': None, 'build_base': '/home/fouadroboticist/ros2_ws/build/robot_description', 'catkin_cmake_args': None, 'catkin_skip_building_tests': False, 'cmake_args': None, 'cmake_clean_cache': False, 'cmake_clean_first': False, 'cmake_force_configure': False, 'cmake_target': None, 'cmake_target_skip_unavailable': False, 'install_base': '/home/fouadroboticist/ros2_ws/install/robot_description', 'merge_install': False, 'path': '/home/fouadroboticist/ros2_ws/src/robot_description', 'symlink_install': False, 'test_result_base': None}
[1.692s] Level 5:colcon.colcon_core.verb:set package 'tutorials_py' build argument 'cmake_args' from command line to 'None'
[1.692s] Level 5:colcon.colcon_core.verb:set package 'tutorials_py' build argument 'cmake_target' from command line to 'None'
[1.692s] Level 5:colcon.colcon_core.verb:set package 'tutorials_py' build argument 'cmake_target_skip_unavailable' from command line to 'False'
[1.692s] Level 5:colcon.colcon_core.verb:set package 'tutorials_py' build argument 'cmake_clean_cache' from command line to 'False'
[1.692s] Level 5:colcon.colcon_core.verb:set package 'tutorials_py' build argument 'cmake_clean_first' from command line to 'False'
[1.692s] Level 5:colcon.colcon_core.verb:set package 'tutorials_py' build argument 'cmake_force_configure' from command line to 'False'
[1.692s] Level 5:colcon.colcon_core.verb:set package 'tutorials_py' build argument 'ament_cmake_args' from command line to 'None'
[1.692s] Level 5:colcon.colcon_core.verb:set package 'tutorials_py' build argument 'catkin_cmake_args' from command line to 'None'
[1.692s] Level 5:colcon.colcon_core.verb:set package 'tutorials_py' build argument 'catkin_skip_building_tests' from command line to 'False'
[1.692s] DEBUG:colcon.colcon_core.verb:Building package 'tutorials_py' with the following arguments: {'ament_cmake_args': None, 'build_base': '/home/fouadroboticist/ros2_ws/build/tutorials_py', 'catkin_cmake_args': None, 'catkin_skip_building_tests': False, 'cmake_args': None, 'cmake_clean_cache': False, 'cmake_clean_first': False, 'cmake_force_configure': False, 'cmake_target': None, 'cmake_target_skip_unavailable': False, 'install_base': '/home/fouadroboticist/ros2_ws/install/tutorials_py', 'merge_install': False, 'path': '/home/fouadroboticist/ros2_ws/src/tutorials_py', 'symlink_install': False, 'test_result_base': None}
[1.693s] Level 5:colcon.colcon_core.verb:set package 'actions_py' build argument 'cmake_args' from command line to 'None'
[1.693s] Level 5:colcon.colcon_core.verb:set package 'actions_py' build argument 'cmake_target' from command line to 'None'
[1.693s] Level 5:colcon.colcon_core.verb:set package 'actions_py' build argument 'cmake_target_skip_unavailable' from command line to 'False'
[1.693s] Level 5:colcon.colcon_core.verb:set package 'actions_py' build argument 'cmake_clean_cache' from command line to 'False'
[1.693s] Level 5:colcon.colcon_core.verb:set package 'actions_py' build argument 'cmake_clean_first' from command line to 'False'
[1.693s] Level 5:colcon.colcon_core.verb:set package 'actions_py' build argument 'cmake_force_configure' from command line to 'False'
[1.693s] Level 5:colcon.colcon_core.verb:set package 'actions_py' build argument 'ament_cmake_args' from command line to 'None'
[1.693s] Level 5:colcon.colcon_core.verb:set package 'actions_py' build argument 'catkin_cmake_args' from command line to 'None'
[1.693s] Level 5:colcon.colcon_core.verb:set package 'actions_py' build argument 'catkin_skip_building_tests' from command line to 'False'
[1.693s] DEBUG:colcon.colcon_core.verb:Building package 'actions_py' with the following arguments: {'ament_cmake_args': None, 'build_base': '/home/fouadroboticist/ros2_ws/build/actions_py', 'catkin_cmake_args': None, 'catkin_skip_building_tests': False, 'cmake_args': None, 'cmake_clean_cache': False, 'cmake_clean_first': False, 'cmake_force_configure': False, 'cmake_target': None, 'cmake_target_skip_unavailable': False, 'install_base': '/home/fouadroboticist/ros2_ws/install/actions_py', 'merge_install': False, 'path': '/home/fouadroboticist/ros2_ws/src/actions_py', 'symlink_install': False, 'test_result_base': None}
[1.694s] Level 5:colcon.colcon_core.verb:set package 'my_robot_controller' build argument 'cmake_args' from command line to 'None'
[1.694s] Level 5:colcon.colcon_core.verb:set package 'my_robot_controller' build argument 'cmake_target' from command line to 'None'
[1.694s] Level 5:colcon.colcon_core.verb:set package 'my_robot_controller' build argument 'cmake_target_skip_unavailable' from command line to 'False'
[1.694s] Level 5:colcon.colcon_core.verb:set package 'my_robot_controller' build argument 'cmake_clean_cache' from command line to 'False'
[1.694s] Level 5:colcon.colcon_core.verb:set package 'my_robot_controller' build argument 'cmake_clean_first' from command line to 'False'
[1.694s] Level 5:colcon.colcon_core.verb:set package 'my_robot_controller' build argument 'cmake_force_configure' from command line to 'False'
[1.694s] Level 5:colcon.colcon_core.verb:set package 'my_robot_controller' build argument 'ament_cmake_args' from command line to 'None'
[1.694s] Level 5:colcon.colcon_core.verb:set package 'my_robot_controller' build argument 'catkin_cmake_args' from command line to 'None'
[1.694s] Level 5:colcon.colcon_core.verb:set package 'my_robot_controller' build argument 'catkin_skip_building_tests' from command line to 'False'
[1.694s] DEBUG:colcon.colcon_core.verb:Building package 'my_robot_controller' with the following arguments: {'ament_cmake_args': None, 'build_base': '/home/fouadroboticist/ros2_ws/build/my_robot_controller', 'catkin_cmake_args': None, 'catkin_skip_building_tests': False, 'cmake_args': None, 'cmake_clean_cache': False, 'cmake_clean_first': False, 'cmake_force_configure': False, 'cmake_target': None, 'cmake_target_skip_unavailable': False, 'install_base': '/home/fouadroboticist/ros2_ws/install/my_robot_controller', 'merge_install': False, 'path': '/home/fouadroboticist/ros2_ws/src/my_robot_controller', 'symlink_install': False, 'test_result_base': None}
[1.694s] INFO:colcon.colcon_core.executor:Executing jobs using 'parallel' executor
[1.696s] DEBUG:colcon.colcon_parallel_executor.executor.parallel:run_until_complete
[1.700s] INFO:colcon.colcon_ros.task.ament_cmake.build:Building ROS package in '/home/fouadroboticist/ros2_ws/src/my_robot_interfaces' with build type 'ament_cmake'
[1.701s] INFO:colcon.colcon_cmake.task.cmake.build:Building CMake package in '/home/fouadroboticist/ros2_ws/src/my_robot_interfaces'
[1.711s] INFO:colcon.colcon_core.plugin_system:Skipping extension 'colcon_core.shell.bat': Not used on non-Windows systems
[1.712s] INFO:colcon.colcon_core.shell:Skip shell extension 'powershell' for command environment: Not usable outside of PowerShell
[1.712s] DEBUG:colcon.colcon_core.shell:Skip shell extension 'dsv' for command environment
[1.724s] INFO:colcon.colcon_ros.task.ament_cmake.build:Building ROS package in '/home/fouadroboticist/ros2_ws/src/my_custom_pkg' with build type 'ament_cmake'
[1.725s] INFO:colcon.colcon_cmake.task.cmake.build:Building CMake package in '/home/fouadroboticist/ros2_ws/src/my_custom_pkg'
[1.726s] INFO:colcon.colcon_core.shell:Skip shell extension 'powershell' for command environment: Not usable outside of PowerShell
[1.726s] DEBUG:colcon.colcon_core.shell:Skip shell extension 'dsv' for command environment
[1.738s] INFO:colcon.colcon_ros.task.ament_cmake.build:Building ROS package in '/home/fouadroboticist/ros2_ws/src/my_robot_bringup' with build type 'ament_cmake'
[1.738s] INFO:colcon.colcon_cmake.task.cmake.build:Building CMake package in '/home/fouadroboticist/ros2_ws/src/my_robot_bringup'
[1.741s] INFO:colcon.colcon_core.shell:Skip shell extension 'powershell' for command environment: Not usable outside of PowerShell
[1.741s] DEBUG:colcon.colcon_core.shell:Skip shell extension 'dsv' for command environment
[1.750s] INFO:colcon.colcon_ros.task.ament_cmake.build:Building ROS package in '/home/fouadroboticist/ros2_ws/src/my_robot_control' with build type 'ament_cmake'
[1.750s] INFO:colcon.colcon_cmake.task.cmake.build:Building CMake package in '/home/fouadroboticist/ros2_ws/src/my_robot_control'
[1.751s] INFO:colcon.colcon_core.shell:Skip shell extension 'powershell' for command environment: Not usable outside of PowerShell
[1.751s] DEBUG:colcon.colcon_core.shell:Skip shell extension 'dsv' for command environment
[1.792s] DEBUG:colcon.colcon_core.event_handler.log_command:Invoking command in '/home/fouadroboticist/ros2_ws/build/my_robot_interfaces': CMAKE_PREFIX_PATH=${CMAKE_PREFIX_PATH}:/home/fouadroboticist/ros2_ws/install/tutorials_py:/home/fouadroboticist/ros2_ws/install/my_robot_controller:/home/fouadroboticist/ros2_ws/install/actions_py:/opt/ros/humble /usr/bin/cmake --build /home/fouadroboticist/ros2_ws/build/my_robot_interfaces -- -j4 -l4
[1.798s] DEBUG:colcon.colcon_core.event_handler.log_command:Invoking command in '/home/fouadroboticist/ros2_ws/build/my_custom_pkg': CMAKE_PREFIX_PATH=${CMAKE_PREFIX_PATH}:/home/fouadroboticist/ros2_ws/install/tutorials_py:/home/fouadroboticist/ros2_ws/install/my_robot_controller:/home/fouadroboticist/ros2_ws/install/actions_py:/opt/ros/humble /usr/bin/cmake --build /home/fouadroboticist/ros2_ws/build/my_custom_pkg -- -j4 -l4
[1.817s] DEBUG:colcon.colcon_core.event_handler.log_command:Invoking command in '/home/fouadroboticist/ros2_ws/build/my_robot_bringup': CMAKE_PREFIX_PATH=${CMAKE_PREFIX_PATH}:/home/fouadroboticist/ros2_ws/install/tutorials_py:/home/fouadroboticist/ros2_ws/install/my_robot_controller:/home/fouadroboticist/ros2_ws/install/actions_py:/opt/ros/humble /usr/bin/cmake --build /home/fouadroboticist/ros2_ws/build/my_robot_bringup -- -j4 -l4
[1.839s] DEBUG:colcon.colcon_core.event_handler.log_command:Invoking command in '/home/fouadroboticist/ros2_ws/build/my_robot_control': CMAKE_PREFIX_PATH=${CMAKE_PREFIX_PATH}:/home/fouadroboticist/ros2_ws/install/tutorials_py:/home/fouadroboticist/ros2_ws/install/my_robot_controller:/home/fouadroboticist/ros2_ws/install/actions_py:/opt/ros/humble /usr/bin/cmake --build /home/fouadroboticist/ros2_ws/build/my_robot_control -- -j4 -l4
[2.583s] DEBUG:colcon.colcon_core.event_handler.log_command:Invoked command in '/home/fouadroboticist/ros2_ws/build/my_robot_bringup' returned '0': CMAKE_PREFIX_PATH=${CMAKE_PREFIX_PATH}:/home/fouadroboticist/ros2_ws/install/tutorials_py:/home/fouadroboticist/ros2_ws/install/my_robot_controller:/home/fouadroboticist/ros2_ws/install/actions_py:/opt/ros/humble /usr/bin/cmake --build /home/fouadroboticist/ros2_ws/build/my_robot_bringup -- -j4 -l4
[2.977s] DEBUG:colcon.colcon_core.event_handler.log_command:Invoking command in '/home/fouadroboticist/ros2_ws/build/my_robot_bringup': CMAKE_PREFIX_PATH=${CMAKE_PREFIX_PATH}:/home/fouadroboticist/ros2_ws/install/tutorials_py:/home/fouadroboticist/ros2_ws/install/my_robot_controller:/home/fouadroboticist/ros2_ws/install/actions_py:/opt/ros/humble /usr/bin/cmake --install /home/fouadroboticist/ros2_ws/build/my_robot_bringup
[2.996s] DEBUG:colcon.colcon_core.event_handler.log_command:Invoked command in '/home/fouadroboticist/ros2_ws/build/my_robot_control' returned '0': CMAKE_PREFIX_PATH=${CMAKE_PREFIX_PATH}:/home/fouadroboticist/ros2_ws/install/tutorials_py:/home/fouadroboticist/ros2_ws/install/my_robot_controller:/home/fouadroboticist/ros2_ws/install/actions_py:/opt/ros/humble /usr/bin/cmake --build /home/fouadroboticist/ros2_ws/build/my_robot_control -- -j4 -l4
[3.028s] Level 1:colcon.colcon_core.environment:create_environment_scripts_only(my_robot_bringup)
[3.034s] DEBUG:colcon.colcon_core.event_handler.log_command:Invoked command in '/home/fouadroboticist/ros2_ws/build/my_robot_bringup' returned '0': CMAKE_PREFIX_PATH=${CMAKE_PREFIX_PATH}:/home/fouadroboticist/ros2_ws/install/tutorials_py:/home/fouadroboticist/ros2_ws/install/my_robot_controller:/home/fouadroboticist/ros2_ws/install/actions_py:/opt/ros/humble /usr/bin/cmake --install /home/fouadroboticist/ros2_ws/build/my_robot_bringup
[3.039s] Level 1:colcon.colcon_core.environment:checking '/home/fouadroboticist/ros2_ws/install/my_robot_bringup' for CMake module files
[3.040s] Level 1:colcon.colcon_core.environment:checking '/home/fouadroboticist/ros2_ws/install/my_robot_bringup' for CMake config files
[3.041s] Level 1:colcon.colcon_core.shell:create_environment_hook('my_robot_bringup', 'cmake_prefix_path')
[3.042s] INFO:colcon.colcon_core.shell:Creating environment hook '/home/fouadroboticist/ros2_ws/install/my_robot_bringup/share/my_robot_bringup/hook/cmake_prefix_path.ps1'
[3.045s] INFO:colcon.colcon_core.shell:Creating environment descriptor '/home/fouadroboticist/ros2_ws/install/my_robot_bringup/share/my_robot_bringup/hook/cmake_prefix_path.dsv'
[3.047s] INFO:colcon.colcon_core.shell:Creating environment hook '/home/fouadroboticist/ros2_ws/install/my_robot_bringup/share/my_robot_bringup/hook/cmake_prefix_path.sh'
[3.049s] Level 1:colcon.colcon_core.environment:checking '/home/fouadroboticist/ros2_ws/install/my_robot_bringup/bin'
[3.050s] Level 1:colcon.colcon_core.environment:checking '/home/fouadroboticist/ros2_ws/install/my_robot_bringup/lib/pkgconfig/my_robot_bringup.pc'
[3.051s] Level 1:colcon.colcon_core.environment:checking '/home/fouadroboticist/ros2_ws/install/my_robot_bringup/lib/python3.10/site-packages'
[3.052s] Level 1:colcon.colcon_core.environment:checking '/home/fouadroboticist/ros2_ws/install/my_robot_bringup/bin'
[3.065s] INFO:colcon.colcon_core.shell:Creating package script '/home/fouadroboticist/ros2_ws/install/my_robot_bringup/share/my_robot_bringup/package.ps1'
[3.067s] INFO:colcon.colcon_core.shell:Creating package descriptor '/home/fouadroboticist/ros2_ws/install/my_robot_bringup/share/my_robot_bringup/package.dsv'
[3.072s] INFO:colcon.colcon_core.shell:Creating package script '/home/fouadroboticist/ros2_ws/install/my_robot_bringup/share/my_robot_bringup/package.sh'
[3.075s] INFO:colcon.colcon_core.shell:Creating package script '/home/fouadroboticist/ros2_ws/install/my_robot_bringup/share/my_robot_bringup/package.bash'
[3.080s] INFO:colcon.colcon_core.shell:Creating package script '/home/fouadroboticist/ros2_ws/install/my_robot_bringup/share/my_robot_bringup/package.zsh'
[3.083s] Level 1:colcon.colcon_core.environment:create_file_with_runtime_dependencies(/home/fouadroboticist/ros2_ws/install/my_robot_bringup/share/colcon-core/packages/my_robot_bringup)
[3.214s] DEBUG:colcon.colcon_core.event_handler.log_command:Invoking command in '/home/fouadroboticist/ros2_ws/build/my_robot_control': CMAKE_PREFIX_PATH=${CMAKE_PREFIX_PATH}:/home/fouadroboticist/ros2_ws/install/tutorials_py:/home/fouadroboticist/ros2_ws/install/my_robot_controller:/home/fouadroboticist/ros2_ws/install/actions_py:/opt/ros/humble /usr/bin/cmake --install /home/fouadroboticist/ros2_ws/build/my_robot_control
[3.275s] Level 1:colcon.colcon_core.environment:create_environment_scripts_only(my_robot_control)
[3.276s] DEBUG:colcon.colcon_core.event_handler.log_command:Invoked command in '/home/fouadroboticist/ros2_ws/build/my_robot_control' returned '0': CMAKE_PREFIX_PATH=${CMAKE_PREFIX_PATH}:/home/fouadroboticist/ros2_ws/install/tutorials_py:/home/fouadroboticist/ros2_ws/install/my_robot_controller:/home/fouadroboticist/ros2_ws/install/actions_py:/opt/ros/humble /usr/bin/cmake --install /home/fouadroboticist/ros2_ws/build/my_robot_control
[3.277s] Level 1:colcon.colcon_core.environment:checking '/home/fouadroboticist/ros2_ws/install/my_robot_control' for CMake module files
[3.279s] Level 1:colcon.colcon_core.environment:checking '/home/fouadroboticist/ros2_ws/install/my_robot_control' for CMake config files
[3.279s] Level 1:colcon.colcon_core.shell:create_environment_hook('my_robot_control', 'cmake_prefix_path')
[3.280s] INFO:colcon.colcon_core.shell:Creating environment hook '/home/fouadroboticist/ros2_ws/install/my_robot_control/share/my_robot_control/hook/cmake_prefix_path.ps1'
[3.281s] INFO:colcon.colcon_core.shell:Creating environment descriptor '/home/fouadroboticist/ros2_ws/install/my_robot_control/share/my_robot_control/hook/cmake_prefix_path.dsv'
[3.282s] INFO:colcon.colcon_core.shell:Creating environment hook '/home/fouadroboticist/ros2_ws/install/my_robot_control/share/my_robot_control/hook/cmake_prefix_path.sh'
[3.285s] Level 1:colcon.colcon_core.environment:checking '/home/fouadroboticist/ros2_ws/install/my_robot_control/lib'
[3.286s] Level 1:colcon.colcon_core.environment:checking '/home/fouadroboticist/ros2_ws/install/my_robot_control/bin'
[3.287s] Level 1:colcon.colcon_core.environment:checking '/home/fouadroboticist/ros2_ws/install/my_robot_control/lib/pkgconfig/my_robot_control.pc'
[3.287s] Level 1:colcon.colcon_core.environment:checking '/home/fouadroboticist/ros2_ws/install/my_robot_control/lib/python3.10/site-packages'
[3.288s] Level 1:colcon.colcon_core.environment:checking '/home/fouadroboticist/ros2_ws/install/my_robot_control/bin'
[3.289s] INFO:colcon.colcon_core.shell:Creating package script '/home/fouadroboticist/ros2_ws/install/my_robot_control/share/my_robot_control/package.ps1'
[3.290s] INFO:colcon.colcon_core.shell:Creating package descriptor '/home/fouadroboticist/ros2_ws/install/my_robot_control/share/my_robot_control/package.dsv'
[3.292s] INFO:colcon.colcon_core.shell:Creating package script '/home/fouadroboticist/ros2_ws/install/my_robot_control/share/my_robot_control/package.sh'
[3.313s] INFO:colcon.colcon_core.shell:Creating package script '/home/fouadroboticist/ros2_ws/install/my_robot_control/share/my_robot_control/package.bash'
[3.315s] INFO:colcon.colcon_core.shell:Creating package script '/home/fouadroboticist/ros2_ws/install/my_robot_control/share/my_robot_control/package.zsh'
[3.316s] Level 1:colcon.colcon_core.environment:create_file_with_runtime_dependencies(/home/fouadroboticist/ros2_ws/install/my_robot_control/share/colcon-core/packages/my_robot_control)
[3.347s] Level 1:colcon.colcon_core.environment:create_environment_scripts_only(my_robot_bringup)
[3.348s] Level 1:colcon.colcon_core.environment:checking '/home/fouadroboticist/ros2_ws/install/my_robot_bringup' for CMake module files
[3.349s] Level 1:colcon.colcon_core.environment:checking '/home/fouadroboticist/ros2_ws/install/my_robot_bringup' for CMake config files
[3.349s] Level 1:colcon.colcon_core.shell:create_environment_hook('my_robot_bringup', 'cmake_prefix_path')
[3.350s] INFO:colcon.colcon_core.shell:Creating environment hook '/home/fouadroboticist/ros2_ws/install/my_robot_bringup/share/my_robot_bringup/hook/cmake_prefix_path.ps1'
[3.352s] INFO:colcon.colcon_core.shell:Creating environment descriptor '/home/fouadroboticist/ros2_ws/install/my_robot_bringup/share/my_robot_bringup/hook/cmake_prefix_path.dsv'
[3.353s] INFO:colcon.colcon_core.shell:Creating environment hook '/home/fouadroboticist/ros2_ws/install/my_robot_bringup/share/my_robot_bringup/hook/cmake_prefix_path.sh'
[3.355s] Level 1:colcon.colcon_core.environment:checking '/home/fouadroboticist/ros2_ws/install/my_robot_bringup/bin'
[3.355s] Level 1:colcon.colcon_core.environment:checking '/home/fouadroboticist/ros2_ws/install/my_robot_bringup/lib/pkgconfig/my_robot_bringup.pc'
[3.356s] Level 1:colcon.colcon_core.environment:checking '/home/fouadroboticist/ros2_ws/install/my_robot_bringup/lib/python3.10/site-packages'
[3.357s] Level 1:colcon.colcon_core.environment:checking '/home/fouadroboticist/ros2_ws/install/my_robot_bringup/bin'
[3.358s] INFO:colcon.colcon_core.shell:Creating package script '/home/fouadroboticist/ros2_ws/install/my_robot_bringup/share/my_robot_bringup/package.ps1'
[3.359s] INFO:colcon.colcon_core.shell:Creating package descriptor '/home/fouadroboticist/ros2_ws/install/my_robot_bringup/share/my_robot_bringup/package.dsv'
[3.360s] INFO:colcon.colcon_core.shell:Creating package script '/home/fouadroboticist/ros2_ws/install/my_robot_bringup/share/my_robot_bringup/package.sh'
[3.361s] INFO:colcon.colcon_core.shell:Creating package script '/home/fouadroboticist/ros2_ws/install/my_robot_bringup/share/my_robot_bringup/package.bash'
[3.362s] INFO:colcon.colcon_core.shell:Creating package script '/home/fouadroboticist/ros2_ws/install/my_robot_bringup/share/my_robot_bringup/package.zsh'
[3.373s] Level 1:colcon.colcon_core.environment:create_file_with_runtime_dependencies(/home/fouadroboticist/ros2_ws/install/my_robot_bringup/share/colcon-core/packages/my_robot_bringup)
[3.375s] INFO:colcon.colcon_ros.task.ament_cmake.build:Building ROS package in '/home/fouadroboticist/ros2_ws/src/robot_description' with build type 'ament_cmake'
[3.381s] INFO:colcon.colcon_cmake.task.cmake.build:Building CMake package in '/home/fouadroboticist/ros2_ws/src/robot_description'
[3.385s] INFO:colcon.colcon_core.shell:Skip shell extension 'powershell' for command environment: Not usable outside of PowerShell
[3.385s] DEBUG:colcon.colcon_core.shell:Skip shell extension 'dsv' for command environment
[3.437s] DEBUG:colcon.colcon_core.event_handler.log_command:Invoking command in '/home/fouadroboticist/ros2_ws/build/robot_description': CMAKE_PREFIX_PATH=${CMAKE_PREFIX_PATH}:/home/fouadroboticist/ros2_ws/install/tutorials_py:/home/fouadroboticist/ros2_ws/install/my_robot_controller:/home/fouadroboticist/ros2_ws/install/actions_py:/opt/ros/humble /usr/bin/cmake --build /home/fouadroboticist/ros2_ws/build/robot_description -- -j4 -l4
[3.955s] Level 1:colcon.colcon_core.environment:create_environment_scripts_only(my_robot_control)
[3.956s] Level 1:colcon.colcon_core.environment:checking '/home/fouadroboticist/ros2_ws/install/my_robot_control' for CMake module files
[3.957s] Level 1:colcon.colcon_core.environment:checking '/home/fouadroboticist/ros2_ws/install/my_robot_control' for CMake config files
[3.957s] Level 1:colcon.colcon_core.shell:create_environment_hook('my_robot_control', 'cmake_prefix_path')
[3.958s] INFO:colcon.colcon_core.shell:Creating environment hook '/home/fouadroboticist/ros2_ws/install/my_robot_control/share/my_robot_control/hook/cmake_prefix_path.ps1'
[3.960s] INFO:colcon.colcon_core.shell:Creating environment descriptor '/home/fouadroboticist/ros2_ws/install/my_robot_control/share/my_robot_control/hook/cmake_prefix_path.dsv'
[3.962s] INFO:colcon.colcon_core.shell:Creating environment hook '/home/fouadroboticist/ros2_ws/install/my_robot_control/share/my_robot_control/hook/cmake_prefix_path.sh'
[3.967s] Level 1:colcon.colcon_core.environment:checking '/home/fouadroboticist/ros2_ws/install/my_robot_control/lib'
[3.968s] Level 1:colcon.colcon_core.environment:checking '/home/fouadroboticist/ros2_ws/install/my_robot_control/bin'
[3.968s] Level 1:colcon.colcon_core.environment:checking '/home/fouadroboticist/ros2_ws/install/my_robot_control/lib/pkgconfig/my_robot_control.pc'
[3.970s] Level 1:colcon.colcon_core.environment:checking '/home/fouadroboticist/ros2_ws/install/my_robot_control/lib/python3.10/site-packages'
[3.971s] Level 1:colcon.colcon_core.environment:checking '/home/fouadroboticist/ros2_ws/install/my_robot_control/bin'
[3.972s] INFO:colcon.colcon_core.shell:Creating package script '/home/fouadroboticist/ros2_ws/install/my_robot_control/share/my_robot_control/package.ps1'
[3.974s] INFO:colcon.colcon_core.shell:Creating package descriptor '/home/fouadroboticist/ros2_ws/install/my_robot_control/share/my_robot_control/package.dsv'
[3.975s] INFO:colcon.colcon_core.shell:Creating package script '/home/fouadroboticist/ros2_ws/install/my_robot_control/share/my_robot_control/package.sh'
[3.976s] INFO:colcon.colcon_core.shell:Creating package script '/home/fouadroboticist/ros2_ws/install/my_robot_control/share/my_robot_control/package.bash'
[3.978s] INFO:colcon.colcon_core.shell:Creating package script '/home/fouadroboticist/ros2_ws/install/my_robot_control/share/my_robot_control/package.zsh'
[3.979s] Level 1:colcon.colcon_core.environment:create_file_with_runtime_dependencies(/home/fouadroboticist/ros2_ws/install/my_robot_control/share/colcon-core/packages/my_robot_control)
[3.990s] INFO:colcon.colcon_ros.task.ament_python.build:Building ROS package in '/home/fouadroboticist/ros2_ws/src/tutorials_py' with build type 'ament_python'
[3.990s] Level 1:colcon.colcon_core.shell:create_environment_hook('tutorials_py', 'ament_prefix_path')
[3.991s] INFO:colcon.colcon_core.shell:Creating environment hook '/home/fouadroboticist/ros2_ws/install/tutorials_py/share/tutorials_py/hook/ament_prefix_path.ps1'
[3.993s] INFO:colcon.colcon_core.shell:Creating environment descriptor '/home/fouadroboticist/ros2_ws/install/tutorials_py/share/tutorials_py/hook/ament_prefix_path.dsv'
[3.994s] INFO:colcon.colcon_core.shell:Creating environment hook '/home/fouadroboticist/ros2_ws/install/tutorials_py/share/tutorials_py/hook/ament_prefix_path.sh'
[4.030s] INFO:colcon.colcon_core.shell:Skip shell extension 'powershell' for command environment: Not usable outside of PowerShell
[4.030s] DEBUG:colcon.colcon_core.shell:Skip shell extension 'dsv' for command environment
[5.609s] INFO:colcon.colcon_core.task.python.build:Building Python package in '/home/fouadroboticist/ros2_ws/src/tutorials_py'
[5.610s] INFO:colcon.colcon_core.shell:Skip shell extension 'powershell' for command environment: Not usable outside of PowerShell
[5.610s] DEBUG:colcon.colcon_core.shell:Skip shell extension 'dsv' for command environment
[5.625s] DEBUG:colcon.colcon_core.event_handler.log_command:Invoked command in '/home/fouadroboticist/ros2_ws/build/robot_description' returned '0': CMAKE_PREFIX_PATH=${CMAKE_PREFIX_PATH}:/home/fouadroboticist/ros2_ws/install/tutorials_py:/home/fouadroboticist/ros2_ws/install/my_robot_controller:/home/fouadroboticist/ros2_ws/install/actions_py:/opt/ros/humble /usr/bin/cmake --build /home/fouadroboticist/ros2_ws/build/robot_description -- -j4 -l4
[5.629s] DEBUG:colcon.colcon_core.event_handler.log_command:Invoked command in '/home/fouadroboticist/ros2_ws/build/my_robot_interfaces' returned '0': CMAKE_PREFIX_PATH=${CMAKE_PREFIX_PATH}:/home/fouadroboticist/ros2_ws/install/tutorials_py:/home/fouadroboticist/ros2_ws/install/my_robot_controller:/home/fouadroboticist/ros2_ws/install/actions_py:/opt/ros/humble /usr/bin/cmake --build /home/fouadroboticist/ros2_ws/build/my_robot_interfaces -- -j4 -l4
[5.634s] DEBUG:colcon.colcon_core.event_handler.log_command:Invoked command in '/home/fouadroboticist/ros2_ws/build/my_custom_pkg' returned '0': CMAKE_PREFIX_PATH=${CMAKE_PREFIX_PATH}:/home/fouadroboticist/ros2_ws/install/tutorials_py:/home/fouadroboticist/ros2_ws/install/my_robot_controller:/home/fouadroboticist/ros2_ws/install/actions_py:/opt/ros/humble /usr/bin/cmake --build /home/fouadroboticist/ros2_ws/build/my_custom_pkg -- -j4 -l4
[5.723s] DEBUG:colcon.colcon_core.event_handler.log_command:Invoking command in '/home/fouadroboticist/ros2_ws/build/robot_description': CMAKE_PREFIX_PATH=${CMAKE_PREFIX_PATH}:/home/fouadroboticist/ros2_ws/install/tutorials_py:/home/fouadroboticist/ros2_ws/install/my_robot_controller:/home/fouadroboticist/ros2_ws/install/actions_py:/opt/ros/humble /usr/bin/cmake --install /home/fouadroboticist/ros2_ws/build/robot_description
[5.751s] DEBUG:colcon.colcon_core.event_handler.log_command:Invoking command in '/home/fouadroboticist/ros2_ws/build/my_custom_pkg': CMAKE_PREFIX_PATH=${CMAKE_PREFIX_PATH}:/home/fouadroboticist/ros2_ws/install/tutorials_py:/home/fouadroboticist/ros2_ws/install/my_robot_controller:/home/fouadroboticist/ros2_ws/install/actions_py:/opt/ros/humble /usr/bin/cmake --install /home/fouadroboticist/ros2_ws/build/my_custom_pkg
[5.791s] Level 1:colcon.colcon_core.environment:create_environment_scripts_only(robot_description)
[5.792s] Level 1:colcon.colcon_core.environment:checking '/home/fouadroboticist/ros2_ws/install/robot_description' for CMake module files
[5.795s] Level 1:colcon.colcon_core.environment:checking '/home/fouadroboticist/ros2_ws/install/robot_description' for CMake config files
[5.796s] Level 1:colcon.colcon_core.shell:create_environment_hook('robot_description', 'cmake_prefix_path')
[5.810s] INFO:colcon.colcon_core.shell:Creating environment hook '/home/fouadroboticist/ros2_ws/install/robot_description/share/robot_description/hook/cmake_prefix_path.ps1'
[5.813s] INFO:colcon.colcon_core.shell:Creating environment descriptor '/home/fouadroboticist/ros2_ws/install/robot_description/share/robot_description/hook/cmake_prefix_path.dsv'
[5.815s] INFO:colcon.colcon_core.shell:Creating environment hook '/home/fouadroboticist/ros2_ws/install/robot_description/share/robot_description/hook/cmake_prefix_path.sh'
[5.829s] Level 1:colcon.colcon_core.environment:checking '/home/fouadroboticist/ros2_ws/install/robot_description/bin'
[5.829s] Level 1:colcon.colcon_core.environment:checking '/home/fouadroboticist/ros2_ws/install/robot_description/lib/pkgconfig/robot_description.pc'
[5.830s] Level 1:colcon.colcon_core.environment:checking '/home/fouadroboticist/ros2_ws/install/robot_description/lib/python3.10/site-packages'
[5.831s] Level 1:colcon.colcon_core.environment:checking '/home/fouadroboticist/ros2_ws/install/robot_description/bin'
[5.832s] INFO:colcon.colcon_core.shell:Creating package script '/home/fouadroboticist/ros2_ws/install/robot_description/share/robot_description/package.ps1'
[5.834s] INFO:colcon.colcon_core.shell:Creating package descriptor '/home/fouadroboticist/ros2_ws/install/robot_description/share/robot_description/package.dsv'
[5.855s] DEBUG:colcon.colcon_core.event_handler.log_command:Invoked command in '/home/fouadroboticist/ros2_ws/build/robot_description' returned '0': CMAKE_PREFIX_PATH=${CMAKE_PREFIX_PATH}:/home/fouadroboticist/ros2_ws/install/tutorials_py:/home/fouadroboticist/ros2_ws/install/my_robot_controller:/home/fouadroboticist/ros2_ws/install/actions_py:/opt/ros/humble /usr/bin/cmake --install /home/fouadroboticist/ros2_ws/build/robot_description
[5.859s] INFO:colcon.colcon_core.shell:Creating package script '/home/fouadroboticist/ros2_ws/install/robot_description/share/robot_description/package.sh'
[5.872s] INFO:colcon.colcon_core.shell:Creating package script '/home/fouadroboticist/ros2_ws/install/robot_description/share/robot_description/package.bash'
[5.873s] INFO:colcon.colcon_core.shell:Creating package script '/home/fouadroboticist/ros2_ws/install/robot_description/share/robot_description/package.zsh'
[5.874s] Level 1:colcon.colcon_core.environment:create_file_with_runtime_dependencies(/home/fouadroboticist/ros2_ws/install/robot_description/share/colcon-core/packages/robot_description)
[5.996s] Level 1:colcon.colcon_core.environment:create_environment_scripts_only(robot_description)
[5.997s] Level 1:colcon.colcon_core.environment:checking '/home/fouadroboticist/ros2_ws/install/robot_description' for CMake module files
[5.999s] Level 1:colcon.colcon_core.environment:checking '/home/fouadroboticist/ros2_ws/install/robot_description' for CMake config files
[6.000s] Level 1:colcon.colcon_core.shell:create_environment_hook('robot_description', 'cmake_prefix_path')
[6.001s] INFO:colcon.colcon_core.shell:Creating environment hook '/home/fouadroboticist/ros2_ws/install/robot_description/share/robot_description/hook/cmake_prefix_path.ps1'
[6.002s] INFO:colcon.colcon_core.shell:Creating environment descriptor '/home/fouadroboticist/ros2_ws/install/robot_description/share/robot_description/hook/cmake_prefix_path.dsv'
[6.003s] INFO:colcon.colcon_core.shell:Creating environment hook '/home/fouadroboticist/ros2_ws/install/robot_description/share/robot_description/hook/cmake_prefix_path.sh'
[6.004s] Level 1:colcon.colcon_core.environment:checking '/home/fouadroboticist/ros2_ws/install/robot_description/bin'
[6.004s] Level 1:colcon.colcon_core.environment:checking '/home/fouadroboticist/ros2_ws/install/robot_description/lib/pkgconfig/robot_description.pc'
[6.008s] Level 1:colcon.colcon_core.environment:checking '/home/fouadroboticist/ros2_ws/install/robot_description/lib/python3.10/site-packages'
[6.009s] Level 1:colcon.colcon_core.environment:checking '/home/fouadroboticist/ros2_ws/install/robot_description/bin'
[6.010s] INFO:colcon.colcon_core.shell:Creating package script '/home/fouadroboticist/ros2_ws/install/robot_description/share/robot_description/package.ps1'
[6.018s] INFO:colcon.colcon_core.shell:Creating package descriptor '/home/fouadroboticist/ros2_ws/install/robot_description/share/robot_description/package.dsv'
[6.019s] INFO:colcon.colcon_core.shell:Creating package script '/home/fouadroboticist/ros2_ws/install/robot_description/share/robot_description/package.sh'
[6.020s] INFO:colcon.colcon_core.shell:Creating package script '/home/fouadroboticist/ros2_ws/install/robot_description/share/robot_description/package.bash'
[6.025s] INFO:colcon.colcon_core.shell:Creating package script '/home/fouadroboticist/ros2_ws/install/robot_description/share/robot_description/package.zsh'
[6.027s] Level 1:colcon.colcon_core.environment:create_file_with_runtime_dependencies(/home/fouadroboticist/ros2_ws/install/robot_description/share/colcon-core/packages/robot_description)
[6.101s] Level 1:colcon.colcon_core.environment:create_environment_scripts_only(my_custom_pkg)
[6.103s] Level 1:colcon.colcon_core.environment:checking '/home/fouadroboticist/ros2_ws/install/my_custom_pkg' for CMake module files
[6.105s] Level 1:colcon.colcon_core.environment:checking '/home/fouadroboticist/ros2_ws/install/my_custom_pkg' for CMake config files
[6.112s] Level 1:colcon.colcon_core.shell:create_environment_hook('my_custom_pkg', 'cmake_prefix_path')
[6.113s] INFO:colcon.colcon_core.shell:Creating environment hook '/home/fouadroboticist/ros2_ws/install/my_custom_pkg/share/my_custom_pkg/hook/cmake_prefix_path.ps1'
[6.115s] INFO:colcon.colcon_core.shell:Creating environment descriptor '/home/fouadroboticist/ros2_ws/install/my_custom_pkg/share/my_custom_pkg/hook/cmake_prefix_path.dsv'
[6.117s] INFO:colcon.colcon_core.shell:Creating environment hook '/home/fouadroboticist/ros2_ws/install/my_custom_pkg/share/my_custom_pkg/hook/cmake_prefix_path.sh'
[6.118s] Level 1:colcon.colcon_core.environment:checking '/home/fouadroboticist/ros2_ws/install/my_custom_pkg/lib'
[6.118s] Level 1:colcon.colcon_core.shell:create_environment_hook('my_custom_pkg', 'ld_library_path_lib')
[6.119s] INFO:colcon.colcon_core.shell:Creating environment hook '/home/fouadroboticist/ros2_ws/install/my_custom_pkg/share/my_custom_pkg/hook/ld_library_path_lib.ps1'
[6.120s] INFO:colcon.colcon_core.shell:Creating environment descriptor '/home/fouadroboticist/ros2_ws/install/my_custom_pkg/share/my_custom_pkg/hook/ld_library_path_lib.dsv'
[6.127s] INFO:colcon.colcon_core.shell:Creating environment hook '/home/fouadroboticist/ros2_ws/install/my_custom_pkg/share/my_custom_pkg/hook/ld_library_path_lib.sh'
[6.128s] DEBUG:colcon.colcon_core.event_handler.log_command:Invoked command in '/home/fouadroboticist/ros2_ws/build/my_custom_pkg' returned '0': CMAKE_PREFIX_PATH=${CMAKE_PREFIX_PATH}:/home/fouadroboticist/ros2_ws/install/tutorials_py:/home/fouadroboticist/ros2_ws/install/my_robot_controller:/home/fouadroboticist/ros2_ws/install/actions_py:/opt/ros/humble /usr/bin/cmake --install /home/fouadroboticist/ros2_ws/build/my_custom_pkg
[6.134s] Level 1:colcon.colcon_core.environment:checking '/home/fouadroboticist/ros2_ws/install/my_custom_pkg/bin'
[6.135s] Level 1:colcon.colcon_core.environment:checking '/home/fouadroboticist/ros2_ws/install/my_custom_pkg/lib/pkgconfig/my_custom_pkg.pc'
[6.136s] Level 1:colcon.colcon_core.environment:checking '/home/fouadroboticist/ros2_ws/install/my_custom_pkg/lib/python3.10/site-packages'
[6.136s] Level 1:colcon.colcon_core.environment:checking '/home/fouadroboticist/ros2_ws/install/my_custom_pkg/bin'
[6.137s] INFO:colcon.colcon_core.shell:Creating package script '/home/fouadroboticist/ros2_ws/install/my_custom_pkg/share/my_custom_pkg/package.ps1'
[6.140s] INFO:colcon.colcon_core.shell:Creating package descriptor '/home/fouadroboticist/ros2_ws/install/my_custom_pkg/share/my_custom_pkg/package.dsv'
[6.141s] INFO:colcon.colcon_core.shell:Creating package script '/home/fouadroboticist/ros2_ws/install/my_custom_pkg/share/my_custom_pkg/package.sh'
[6.143s] INFO:colcon.colcon_core.shell:Creating package script '/home/fouadroboticist/ros2_ws/install/my_custom_pkg/share/my_custom_pkg/package.bash'
[6.144s] INFO:colcon.colcon_core.shell:Creating package script '/home/fouadroboticist/ros2_ws/install/my_custom_pkg/share/my_custom_pkg/package.zsh'
[6.145s] Level 1:colcon.colcon_core.environment:create_file_with_runtime_dependencies(/home/fouadroboticist/ros2_ws/install/my_custom_pkg/share/colcon-core/packages/my_custom_pkg)
[6.157s] DEBUG:colcon.colcon_core.event_handler.log_command:Invoking command in '/home/fouadroboticist/ros2_ws/build/my_robot_interfaces': CMAKE_PREFIX_PATH=${CMAKE_PREFIX_PATH}:/home/fouadroboticist/ros2_ws/install/tutorials_py:/home/fouadroboticist/ros2_ws/install/my_robot_controller:/home/fouadroboticist/ros2_ws/install/actions_py:/opt/ros/humble /usr/bin/cmake --install /home/fouadroboticist/ros2_ws/build/my_robot_interfaces
[6.260s] Level 1:colcon.colcon_core.environment:create_environment_scripts_only(my_custom_pkg)
[6.261s] Level 1:colcon.colcon_core.environment:checking '/home/fouadroboticist/ros2_ws/install/my_custom_pkg' for CMake module files
[6.268s] Level 1:colcon.colcon_core.environment:checking '/home/fouadroboticist/ros2_ws/install/my_custom_pkg' for CMake config files
[6.296s] Level 1:colcon.colcon_core.shell:create_environment_hook('my_custom_pkg', 'cmake_prefix_path')
[6.297s] INFO:colcon.colcon_core.shell:Creating environment hook '/home/fouadroboticist/ros2_ws/install/my_custom_pkg/share/my_custom_pkg/hook/cmake_prefix_path.ps1'
[6.303s] INFO:colcon.colcon_core.shell:Creating environment descriptor '/home/fouadroboticist/ros2_ws/install/my_custom_pkg/share/my_custom_pkg/hook/cmake_prefix_path.dsv'
[6.309s] INFO:colcon.colcon_core.shell:Creating environment hook '/home/fouadroboticist/ros2_ws/install/my_custom_pkg/share/my_custom_pkg/hook/cmake_prefix_path.sh'
[6.312s] Level 1:colcon.colcon_core.environment:checking '/home/fouadroboticist/ros2_ws/install/my_custom_pkg/lib'
[6.312s] Level 1:colcon.colcon_core.shell:create_environment_hook('my_custom_pkg', 'ld_library_path_lib')
[6.314s] INFO:colcon.colcon_core.shell:Creating environment hook '/home/fouadroboticist/ros2_ws/install/my_custom_pkg/share/my_custom_pkg/hook/ld_library_path_lib.ps1'
[6.315s] INFO:colcon.colcon_core.shell:Creating environment descriptor '/home/fouadroboticist/ros2_ws/install/my_custom_pkg/share/my_custom_pkg/hook/ld_library_path_lib.dsv'
[6.316s] INFO:colcon.colcon_core.shell:Creating environment hook '/home/fouadroboticist/ros2_ws/install/my_custom_pkg/share/my_custom_pkg/hook/ld_library_path_lib.sh'
[6.317s] Level 1:colcon.colcon_core.environment:checking '/home/fouadroboticist/ros2_ws/install/my_custom_pkg/bin'
[6.318s] Level 1:colcon.colcon_core.environment:checking '/home/fouadroboticist/ros2_ws/install/my_custom_pkg/lib/pkgconfig/my_custom_pkg.pc'
[6.318s] Level 1:colcon.colcon_core.environment:checking '/home/fouadroboticist/ros2_ws/install/my_custom_pkg/lib/python3.10/site-packages'
[6.319s] Level 1:colcon.colcon_core.environment:checking '/home/fouadroboticist/ros2_ws/install/my_custom_pkg/bin'
[6.321s] INFO:colcon.colcon_core.shell:Creating package script '/home/fouadroboticist/ros2_ws/install/my_custom_pkg/share/my_custom_pkg/package.ps1'
[6.324s] INFO:colcon.colcon_core.shell:Creating package descriptor '/home/fouadroboticist/ros2_ws/install/my_custom_pkg/share/my_custom_pkg/package.dsv'
[6.326s] INFO:colcon.colcon_core.shell:Creating package script '/home/fouadroboticist/ros2_ws/install/my_custom_pkg/share/my_custom_pkg/package.sh'
[6.328s] INFO:colcon.colcon_core.shell:Creating package script '/home/fouadroboticist/ros2_ws/install/my_custom_pkg/share/my_custom_pkg/package.bash'
[6.329s] INFO:colcon.colcon_core.shell:Creating package script '/home/fouadroboticist/ros2_ws/install/my_custom_pkg/share/my_custom_pkg/package.zsh'
[6.333s] Level 1:colcon.colcon_core.environment:create_file_with_runtime_dependencies(/home/fouadroboticist/ros2_ws/install/my_custom_pkg/share/colcon-core/packages/my_custom_pkg)
[6.410s] Level 1:colcon.colcon_core.environment:create_environment_scripts_only(my_robot_interfaces)
[6.411s] DEBUG:colcon.colcon_core.event_handler.log_command:Invoked command in '/home/fouadroboticist/ros2_ws/build/my_robot_interfaces' returned '0': CMAKE_PREFIX_PATH=${CMAKE_PREFIX_PATH}:/home/fouadroboticist/ros2_ws/install/tutorials_py:/home/fouadroboticist/ros2_ws/install/my_robot_controller:/home/fouadroboticist/ros2_ws/install/actions_py:/opt/ros/humble /usr/bin/cmake --install /home/fouadroboticist/ros2_ws/build/my_robot_interfaces
[6.412s] Level 1:colcon.colcon_core.environment:checking '/home/fouadroboticist/ros2_ws/install/my_robot_interfaces' for CMake module files
[6.414s] Level 1:colcon.colcon_core.environment:checking '/home/fouadroboticist/ros2_ws/install/my_robot_interfaces' for CMake config files
[6.416s] Level 1:colcon.colcon_core.shell:create_environment_hook('my_robot_interfaces', 'cmake_prefix_path')
[6.416s] INFO:colcon.colcon_core.shell:Creating environment hook '/home/fouadroboticist/ros2_ws/install/my_robot_interfaces/share/my_robot_interfaces/hook/cmake_prefix_path.ps1'
[6.417s] INFO:colcon.colcon_core.shell:Creating environment descriptor '/home/fouadroboticist/ros2_ws/install/my_robot_interfaces/share/my_robot_interfaces/hook/cmake_prefix_path.dsv'
[6.417s] INFO:colcon.colcon_core.shell:Creating environment hook '/home/fouadroboticist/ros2_ws/install/my_robot_interfaces/share/my_robot_interfaces/hook/cmake_prefix_path.sh'
[6.418s] Level 1:colcon.colcon_core.environment:checking '/home/fouadroboticist/ros2_ws/install/my_robot_interfaces/lib'
[6.419s] Level 1:colcon.colcon_core.shell:create_environment_hook('my_robot_interfaces', 'ld_library_path_lib')
[6.419s] INFO:colcon.colcon_core.shell:Creating environment hook '/home/fouadroboticist/ros2_ws/install/my_robot_interfaces/share/my_robot_interfaces/hook/ld_library_path_lib.ps1'
[6.420s] INFO:colcon.colcon_core.shell:Creating environment descriptor '/home/fouadroboticist/ros2_ws/install/my_robot_interfaces/share/my_robot_interfaces/hook/ld_library_path_lib.dsv'
[6.420s] INFO:colcon.colcon_core.shell:Creating environment hook '/home/fouadroboticist/ros2_ws/install/my_robot_interfaces/share/my_robot_interfaces/hook/ld_library_path_lib.sh'
[6.421s] Level 1:colcon.colcon_core.environment:checking '/home/fouadroboticist/ros2_ws/install/my_robot_interfaces/bin'
[6.421s] Level 1:colcon.colcon_core.environment:checking '/home/fouadroboticist/ros2_ws/install/my_robot_interfaces/lib/pkgconfig/my_robot_interfaces.pc'
[6.421s] Level 1:colcon.colcon_core.environment:checking '/home/fouadroboticist/ros2_ws/install/my_robot_interfaces/lib/python3.10/site-packages'
[6.421s] Level 1:colcon.colcon_core.environment:checking '/home/fouadroboticist/ros2_ws/install/my_robot_interfaces/bin'
[6.422s] INFO:colcon.colcon_core.shell:Creating package script '/home/fouadroboticist/ros2_ws/install/my_robot_interfaces/share/my_robot_interfaces/package.ps1'
[6.423s] INFO:colcon.colcon_core.shell:Creating package descriptor '/home/fouadroboticist/ros2_ws/install/my_robot_interfaces/share/my_robot_interfaces/package.dsv'
[6.424s] INFO:colcon.colcon_core.shell:Creating package script '/home/fouadroboticist/ros2_ws/install/my_robot_interfaces/share/my_robot_interfaces/package.sh'
[6.426s] INFO:colcon.colcon_core.shell:Creating package script '/home/fouadroboticist/ros2_ws/install/my_robot_interfaces/share/my_robot_interfaces/package.bash'
[6.427s] INFO:colcon.colcon_core.shell:Creating package script '/home/fouadroboticist/ros2_ws/install/my_robot_interfaces/share/my_robot_interfaces/package.zsh'
[6.428s] Level 1:colcon.colcon_core.environment:create_file_with_runtime_dependencies(/home/fouadroboticist/ros2_ws/install/my_robot_interfaces/share/colcon-core/packages/my_robot_interfaces)
[6.739s] Level 1:colcon.colcon_core.environment:create_environment_scripts_only(my_robot_interfaces)
[6.740s] Level 1:colcon.colcon_core.environment:checking '/home/fouadroboticist/ros2_ws/install/my_robot_interfaces' for CMake module files
[6.742s] Level 1:colcon.colcon_core.environment:checking '/home/fouadroboticist/ros2_ws/install/my_robot_interfaces' for CMake config files
[6.744s] Level 1:colcon.colcon_core.shell:create_environment_hook('my_robot_interfaces', 'cmake_prefix_path')
[6.744s] INFO:colcon.colcon_core.shell:Creating environment hook '/home/fouadroboticist/ros2_ws/install/my_robot_interfaces/share/my_robot_interfaces/hook/cmake_prefix_path.ps1'
[6.746s] INFO:colcon.colcon_core.shell:Creating environment descriptor '/home/fouadroboticist/ros2_ws/install/my_robot_interfaces/share/my_robot_interfaces/hook/cmake_prefix_path.dsv'
[6.747s] INFO:colcon.colcon_core.shell:Creating environment hook '/home/fouadroboticist/ros2_ws/install/my_robot_interfaces/share/my_robot_interfaces/hook/cmake_prefix_path.sh'
[6.750s] Level 1:colcon.colcon_core.environment:checking '/home/fouadroboticist/ros2_ws/install/my_robot_interfaces/lib'
[6.750s] Level 1:colcon.colcon_core.shell:create_environment_hook('my_robot_interfaces', 'ld_library_path_lib')
[6.751s] INFO:colcon.colcon_core.shell:Creating environment hook '/home/fouadroboticist/ros2_ws/install/my_robot_interfaces/share/my_robot_interfaces/hook/ld_library_path_lib.ps1'
[6.752s] INFO:colcon.colcon_core.shell:Creating environment descriptor '/home/fouadroboticist/ros2_ws/install/my_robot_interfaces/share/my_robot_interfaces/hook/ld_library_path_lib.dsv'
[6.753s] INFO:colcon.colcon_core.shell:Creating environment hook '/home/fouadroboticist/ros2_ws/install/my_robot_interfaces/share/my_robot_interfaces/hook/ld_library_path_lib.sh'
[6.754s] Level 1:colcon.colcon_core.environment:checking '/home/fouadroboticist/ros2_ws/install/my_robot_interfaces/bin'
[6.754s] Level 1:colcon.colcon_core.environment:checking '/home/fouadroboticist/ros2_ws/install/my_robot_interfaces/lib/pkgconfig/my_robot_interfaces.pc'
[6.755s] Level 1:colcon.colcon_core.environment:checking '/home/fouadroboticist/ros2_ws/install/my_robot_interfaces/lib/python3.10/site-packages'
[6.756s] Level 1:colcon.colcon_core.environment:checking '/home/fouadroboticist/ros2_ws/install/my_robot_interfaces/bin'
[6.757s] INFO:colcon.colcon_core.shell:Creating package script '/home/fouadroboticist/ros2_ws/install/my_robot_interfaces/share/my_robot_interfaces/package.ps1'
[6.758s] INFO:colcon.colcon_core.shell:Creating package descriptor '/home/fouadroboticist/ros2_ws/install/my_robot_interfaces/share/my_robot_interfaces/package.dsv'
[6.760s] INFO:colcon.colcon_core.shell:Creating package script '/home/fouadroboticist/ros2_ws/install/my_robot_interfaces/share/my_robot_interfaces/package.sh'
[6.761s] INFO:colcon.colcon_core.shell:Creating package script '/home/fouadroboticist/ros2_ws/install/my_robot_interfaces/share/my_robot_interfaces/package.bash'
[6.765s] INFO:colcon.colcon_core.shell:Creating package script '/home/fouadroboticist/ros2_ws/install/my_robot_interfaces/share/my_robot_interfaces/package.zsh'
[6.768s] Level 1:colcon.colcon_core.environment:create_file_with_runtime_dependencies(/home/fouadroboticist/ros2_ws/install/my_robot_interfaces/share/colcon-core/packages/my_robot_interfaces)
[6.771s] INFO:colcon.colcon_ros.task.ament_python.build:Building ROS package in '/home/fouadroboticist/ros2_ws/src/actions_py' with build type 'ament_python'
[6.771s] Level 1:colcon.colcon_core.shell:create_environment_hook('actions_py', 'ament_prefix_path')
[6.772s] INFO:colcon.colcon_core.shell:Creating environment hook '/home/fouadroboticist/ros2_ws/install/actions_py/share/actions_py/hook/ament_prefix_path.ps1'
[6.774s] INFO:colcon.colcon_core.shell:Creating environment descriptor '/home/fouadroboticist/ros2_ws/install/actions_py/share/actions_py/hook/ament_prefix_path.dsv'
[6.775s] INFO:colcon.colcon_core.shell:Creating environment hook '/home/fouadroboticist/ros2_ws/install/actions_py/share/actions_py/hook/ament_prefix_path.sh'
[6.779s] INFO:colcon.colcon_core.shell:Skip shell extension 'powershell' for command environment: Not usable outside of PowerShell
[6.783s] DEBUG:colcon.colcon_core.shell:Skip shell extension 'dsv' for command environment
[6.802s] INFO:colcon.colcon_ros.task.ament_python.build:Building ROS package in '/home/fouadroboticist/ros2_ws/src/my_robot_controller' with build type 'ament_python'
[6.802s] Level 1:colcon.colcon_core.shell:create_environment_hook('my_robot_controller', 'ament_prefix_path')
[6.803s] INFO:colcon.colcon_core.shell:Creating environment hook '/home/fouadroboticist/ros2_ws/install/my_robot_controller/share/my_robot_controller/hook/ament_prefix_path.ps1'
[6.805s] INFO:colcon.colcon_core.shell:Creating environment descriptor '/home/fouadroboticist/ros2_ws/install/my_robot_controller/share/my_robot_controller/hook/ament_prefix_path.dsv'
[6.809s] INFO:colcon.colcon_core.shell:Creating environment hook '/home/fouadroboticist/ros2_ws/install/my_robot_controller/share/my_robot_controller/hook/ament_prefix_path.sh'
[6.811s] INFO:colcon.colcon_core.shell:Skip shell extension 'powershell' for command environment: Not usable outside of PowerShell
[6.812s] DEBUG:colcon.colcon_core.shell:Skip shell extension 'dsv' for command environment
[7.533s] INFO:colcon.colcon_core.task.python.build:Building Python package in '/home/fouadroboticist/ros2_ws/src/my_robot_controller'
[7.533s] INFO:colcon.colcon_core.shell:Skip shell extension 'powershell' for command environment: Not usable outside of PowerShell
[7.533s] DEBUG:colcon.colcon_core.shell:Skip shell extension 'dsv' for command environment
[8.116s] INFO:colcon.colcon_core.task.python.build:Building Python package in '/home/fouadroboticist/ros2_ws/src/actions_py'
[8.117s] INFO:colcon.colcon_core.shell:Skip shell extension 'powershell' for command environment: Not usable outside of PowerShell
[8.117s] DEBUG:colcon.colcon_core.shell:Skip shell extension 'dsv' for command environment
[8.154s] DEBUG:colcon.colcon_core.event_handler.log_command:Invoking command in '/home/fouadroboticist/ros2_ws/src/tutorials_py': PYTHONPATH=/home/fouadroboticist/ros2_ws/build/tutorials_py/prefix_override:/usr/lib/python3/dist-packages/colcon_core/task/python/colcon_distutils_commands:/home/fouadroboticist/ros2_ws/install/tutorials_py/lib/python3.10/site-packages:${PYTHONPATH} /usr/bin/python3 -W ignore:setup.py install is deprecated setup.py egg_info --egg-base ../../build/tutorials_py build --build-base /home/fouadroboticist/ros2_ws/build/tutorials_py/build install --record /home/fouadroboticist/ros2_ws/build/tutorials_py/install.log --single-version-externally-managed install_data
[9.173s] Level 1:colcon.colcon_core.environment:checking '/home/fouadroboticist/ros2_ws/install/tutorials_py' for CMake module files
[9.174s] Level 1:colcon.colcon_core.environment:checking '/home/fouadroboticist/ros2_ws/install/tutorials_py' for CMake config files
[9.176s] Level 1:colcon.colcon_core.environment:checking '/home/fouadroboticist/ros2_ws/install/tutorials_py/lib'
[9.176s] Level 1:colcon.colcon_core.environment:checking '/home/fouadroboticist/ros2_ws/install/tutorials_py/bin'
[9.176s] Level 1:colcon.colcon_core.environment:checking '/home/fouadroboticist/ros2_ws/install/tutorials_py/lib/pkgconfig/tutorials_py.pc'
[9.177s] Level 1:colcon.colcon_core.environment:checking '/home/fouadroboticist/ros2_ws/install/tutorials_py/lib/python3.10/site-packages'
[9.177s] Level 1:colcon.colcon_core.shell:create_environment_hook('tutorials_py', 'pythonpath')
[9.178s] INFO:colcon.colcon_core.shell:Creating environment hook '/home/fouadroboticist/ros2_ws/install/tutorials_py/share/tutorials_py/hook/pythonpath.ps1'
[9.179s] INFO:colcon.colcon_core.shell:Creating environment descriptor '/home/fouadroboticist/ros2_ws/install/tutorials_py/share/tutorials_py/hook/pythonpath.dsv'
[9.180s] INFO:colcon.colcon_core.shell:Creating environment hook '/home/fouadroboticist/ros2_ws/install/tutorials_py/share/tutorials_py/hook/pythonpath.sh'
[9.182s] Level 1:colcon.colcon_core.environment:checking '/home/fouadroboticist/ros2_ws/install/tutorials_py/bin'
[9.182s] Level 1:colcon.colcon_core.environment:create_environment_scripts_only(tutorials_py)
[9.183s] DEBUG:colcon.colcon_core.event_handler.log_command:Invoked command in '/home/fouadroboticist/ros2_ws/src/tutorials_py' returned '0': PYTHONPATH=/home/fouadroboticist/ros2_ws/build/tutorials_py/prefix_override:/usr/lib/python3/dist-packages/colcon_core/task/python/colcon_distutils_commands:/home/fouadroboticist/ros2_ws/install/tutorials_py/lib/python3.10/site-packages:${PYTHONPATH} /usr/bin/python3 -W ignore:setup.py install is deprecated setup.py egg_info --egg-base ../../build/tutorials_py build --build-base /home/fouadroboticist/ros2_ws/build/tutorials_py/build install --record /home/fouadroboticist/ros2_ws/build/tutorials_py/install.log --single-version-externally-managed install_data
[9.184s] INFO:colcon.colcon_core.shell:Creating package script '/home/fouadroboticist/ros2_ws/install/tutorials_py/share/tutorials_py/package.ps1'
[9.186s] INFO:colcon.colcon_core.shell:Creating package descriptor '/home/fouadroboticist/ros2_ws/install/tutorials_py/share/tutorials_py/package.dsv'
[9.188s] INFO:colcon.colcon_core.shell:Creating package script '/home/fouadroboticist/ros2_ws/install/tutorials_py/share/tutorials_py/package.sh'
[9.189s] INFO:colcon.colcon_core.shell:Creating package script '/home/fouadroboticist/ros2_ws/install/tutorials_py/share/tutorials_py/package.bash'
[9.190s] INFO:colcon.colcon_core.shell:Creating package script '/home/fouadroboticist/ros2_ws/install/tutorials_py/share/tutorials_py/package.zsh'
[9.191s] Level 1:colcon.colcon_core.environment:create_file_with_runtime_dependencies(/home/fouadroboticist/ros2_ws/install/tutorials_py/share/colcon-core/packages/tutorials_py)
[9.283s] DEBUG:colcon.colcon_core.event_handler.log_command:Invoking command in '/home/fouadroboticist/ros2_ws/src/my_robot_controller': CMAKE_PREFIX_PATH=/home/fouadroboticist/ros2_ws/install/my_robot_interfaces:/home/fouadroboticist/ros2_ws/install/robot_description:/home/fouadroboticist/ros2_ws/install/my_robot_control:/home/fouadroboticist/ros2_ws/install/my_robot_bringup:/home/fouadroboticist/ros2_ws/install/my_custom_pkg PYTHONPATH=/home/fouadroboticist/ros2_ws/build/my_robot_controller/prefix_override:/usr/lib/python3/dist-packages/colcon_core/task/python/colcon_distutils_commands:/home/fouadroboticist/ros2_ws/install/my_robot_controller/lib/python3.10/site-packages:${PYTHONPATH} /usr/bin/python3 -W ignore:setup.py install is deprecated setup.py egg_info --egg-base ../../build/my_robot_controller build --build-base /home/fouadroboticist/ros2_ws/build/my_robot_controller/build install --record /home/fouadroboticist/ros2_ws/build/my_robot_controller/install.log --single-version-externally-managed install_data
[9.514s] DEBUG:colcon.colcon_core.event_handler.log_command:Invoking command in '/home/fouadroboticist/ros2_ws/src/actions_py': CMAKE_PREFIX_PATH=/home/fouadroboticist/ros2_ws/install/my_robot_interfaces:/home/fouadroboticist/ros2_ws/install/robot_description:/home/fouadroboticist/ros2_ws/install/my_robot_control:/home/fouadroboticist/ros2_ws/install/my_robot_bringup:/home/fouadroboticist/ros2_ws/install/my_custom_pkg PYTHONPATH=/home/fouadroboticist/ros2_ws/build/actions_py/prefix_override:/usr/lib/python3/dist-packages/colcon_core/task/python/colcon_distutils_commands:/home/fouadroboticist/ros2_ws/install/actions_py/lib/python3.10/site-packages:${PYTHONPATH} /usr/bin/python3 -W ignore:setup.py install is deprecated setup.py egg_info --egg-base ../../build/actions_py build --build-base /home/fouadroboticist/ros2_ws/build/actions_py/build install --record /home/fouadroboticist/ros2_ws/build/actions_py/install.log --single-version-externally-managed install_data
[10.009s] Level 1:colcon.colcon_core.environment:checking '/home/fouadroboticist/ros2_ws/install/my_robot_controller' for CMake module files
[10.012s] DEBUG:colcon.colcon_core.event_handler.log_command:Invoked command in '/home/fouadroboticist/ros2_ws/src/my_robot_controller' returned '0': CMAKE_PREFIX_PATH=/home/fouadroboticist/ros2_ws/install/my_robot_interfaces:/home/fouadroboticist/ros2_ws/install/robot_description:/home/fouadroboticist/ros2_ws/install/my_robot_control:/home/fouadroboticist/ros2_ws/install/my_robot_bringup:/home/fouadroboticist/ros2_ws/install/my_custom_pkg PYTHONPATH=/home/fouadroboticist/ros2_ws/build/my_robot_controller/prefix_override:/usr/lib/python3/dist-packages/colcon_core/task/python/colcon_distutils_commands:/home/fouadroboticist/ros2_ws/install/my_robot_controller/lib/python3.10/site-packages:${PYTHONPATH} /usr/bin/python3 -W ignore:setup.py install is deprecated setup.py egg_info --egg-base ../../build/my_robot_controller build --build-base /home/fouadroboticist/ros2_ws/build/my_robot_controller/build install --record /home/fouadroboticist/ros2_ws/build/my_robot_controller/install.log --single-version-externally-managed install_data
[10.014s] Level 1:colcon.colcon_core.environment:checking '/home/fouadroboticist/ros2_ws/install/my_robot_controller' for CMake config files
[10.016s] Level 1:colcon.colcon_core.environment:checking '/home/fouadroboticist/ros2_ws/install/my_robot_controller/lib'
[10.016s] Level 1:colcon.colcon_core.environment:checking '/home/fouadroboticist/ros2_ws/install/my_robot_controller/bin'
[10.016s] Level 1:colcon.colcon_core.environment:checking '/home/fouadroboticist/ros2_ws/install/my_robot_controller/lib/pkgconfig/my_robot_controller.pc'
[10.017s] Level 1:colcon.colcon_core.environment:checking '/home/fouadroboticist/ros2_ws/install/my_robot_controller/lib/python3.10/site-packages'
[10.018s] Level 1:colcon.colcon_core.shell:create_environment_hook('my_robot_controller', 'pythonpath')
[10.018s] INFO:colcon.colcon_core.shell:Creating environment hook '/home/fouadroboticist/ros2_ws/install/my_robot_controller/share/my_robot_controller/hook/pythonpath.ps1'
[10.020s] INFO:colcon.colcon_core.shell:Creating environment descriptor '/home/fouadroboticist/ros2_ws/install/my_robot_controller/share/my_robot_controller/hook/pythonpath.dsv'
[10.021s] INFO:colcon.colcon_core.shell:Creating environment hook '/home/fouadroboticist/ros2_ws/install/my_robot_controller/share/my_robot_controller/hook/pythonpath.sh'
[10.022s] Level 1:colcon.colcon_core.environment:checking '/home/fouadroboticist/ros2_ws/install/my_robot_controller/bin'
[10.022s] Level 1:colcon.colcon_core.environment:create_environment_scripts_only(my_robot_controller)
[10.024s] INFO:colcon.colcon_core.shell:Creating package script '/home/fouadroboticist/ros2_ws/install/my_robot_controller/share/my_robot_controller/package.ps1'
[10.025s] INFO:colcon.colcon_core.shell:Creating package descriptor '/home/fouadroboticist/ros2_ws/install/my_robot_controller/share/my_robot_controller/package.dsv'
[10.027s] INFO:colcon.colcon_core.shell:Creating package script '/home/fouadroboticist/ros2_ws/install/my_robot_controller/share/my_robot_controller/package.sh'
[10.029s] INFO:colcon.colcon_core.shell:Creating package script '/home/fouadroboticist/ros2_ws/install/my_robot_controller/share/my_robot_controller/package.bash'
[10.030s] INFO:colcon.colcon_core.shell:Creating package script '/home/fouadroboticist/ros2_ws/install/my_robot_controller/share/my_robot_controller/package.zsh'
[10.031s] Level 1:colcon.colcon_core.environment:create_file_with_runtime_dependencies(/home/fouadroboticist/ros2_ws/install/my_robot_controller/share/colcon-core/packages/my_robot_controller)
[10.188s] Level 1:colcon.colcon_core.environment:checking '/home/fouadroboticist/ros2_ws/install/actions_py' for CMake module files
[10.190s] DEBUG:colcon.colcon_core.event_handler.log_command:Invoked command in '/home/fouadroboticist/ros2_ws/src/actions_py' returned '0': CMAKE_PREFIX_PATH=/home/fouadroboticist/ros2_ws/install/my_robot_interfaces:/home/fouadroboticist/ros2_ws/install/robot_description:/home/fouadroboticist/ros2_ws/install/my_robot_control:/home/fouadroboticist/ros2_ws/install/my_robot_bringup:/home/fouadroboticist/ros2_ws/install/my_custom_pkg PYTHONPATH=/home/fouadroboticist/ros2_ws/build/actions_py/prefix_override:/usr/lib/python3/dist-packages/colcon_core/task/python/colcon_distutils_commands:/home/fouadroboticist/ros2_ws/install/actions_py/lib/python3.10/site-packages:${PYTHONPATH} /usr/bin/python3 -W ignore:setup.py install is deprecated setup.py egg_info --egg-base ../../build/actions_py build --build-base /home/fouadroboticist/ros2_ws/build/actions_py/build install --record /home/fouadroboticist/ros2_ws/build/actions_py/install.log --single-version-externally-managed install_data
[10.190s] Level 1:colcon.colcon_core.environment:checking '/home/fouadroboticist/ros2_ws/install/actions_py' for CMake config files
[10.192s] Level 1:colcon.colcon_core.environment:checking '/home/fouadroboticist/ros2_ws/install/actions_py/lib'
[10.192s] Level 1:colcon.colcon_core.environment:checking '/home/fouadroboticist/ros2_ws/install/actions_py/bin'
[10.192s] Level 1:colcon.colcon_core.environment:checking '/home/fouadroboticist/ros2_ws/install/actions_py/lib/pkgconfig/actions_py.pc'
[10.192s] Level 1:colcon.colcon_core.environment:checking '/home/fouadroboticist/ros2_ws/install/actions_py/lib/python3.10/site-packages'
[10.192s] Level 1:colcon.colcon_core.shell:create_environment_hook('actions_py', 'pythonpath')
[10.193s] INFO:colcon.colcon_core.shell:Creating environment hook '/home/fouadroboticist/ros2_ws/install/actions_py/share/actions_py/hook/pythonpath.ps1'
[10.194s] INFO:colcon.colcon_core.shell:Creating environment descriptor '/home/fouadroboticist/ros2_ws/install/actions_py/share/actions_py/hook/pythonpath.dsv'
[10.195s] INFO:colcon.colcon_core.shell:Creating environment hook '/home/fouadroboticist/ros2_ws/install/actions_py/share/actions_py/hook/pythonpath.sh'
[10.196s] Level 1:colcon.colcon_core.environment:checking '/home/fouadroboticist/ros2_ws/install/actions_py/bin'
[10.196s] Level 1:colcon.colcon_core.environment:create_environment_scripts_only(actions_py)
[10.197s] INFO:colcon.colcon_core.shell:Creating package script '/home/fouadroboticist/ros2_ws/install/actions_py/share/actions_py/package.ps1'
[10.198s] INFO:colcon.colcon_core.shell:Creating package descriptor '/home/fouadroboticist/ros2_ws/install/actions_py/share/actions_py/package.dsv'
[10.199s] INFO:colcon.colcon_core.shell:Creating package script '/home/fouadroboticist/ros2_ws/install/actions_py/share/actions_py/package.sh'
[10.199s] INFO:colcon.colcon_core.shell:Creating package script '/home/fouadroboticist/ros2_ws/install/actions_py/share/actions_py/package.bash'
[10.200s] INFO:colcon.colcon_core.shell:Creating package script '/home/fouadroboticist/ros2_ws/install/actions_py/share/actions_py/package.zsh'
[10.201s] Level 1:colcon.colcon_core.environment:create_file_with_runtime_dependencies(/home/fouadroboticist/ros2_ws/install/actions_py/share/colcon-core/packages/actions_py)
[10.201s] DEBUG:colcon.colcon_parallel_executor.executor.parallel:closing loop
[10.203s] DEBUG:colcon.colcon_parallel_executor.executor.parallel:loop closed
[10.203s] DEBUG:colcon.colcon_parallel_executor.executor.parallel:run_until_complete finished with '0'
[10.204s] DEBUG:colcon.colcon_core.event_reactor:joining thread
[10.224s] INFO:colcon.colcon_core.plugin_system:Skipping extension 'colcon_notification.desktop_notification.terminal_notifier': Not used on non-Darwin systems
[10.224s] INFO:colcon.colcon_core.plugin_system:Skipping extension 'colcon_notification.desktop_notification.win32': Not used on non-Windows systems
[10.224s] INFO:colcon.colcon_notification.desktop_notification:Sending desktop notification using 'notify2'
[10.259s] DEBUG:colcon.colcon_core.event_reactor:joined thread
[10.262s] INFO:colcon.colcon_core.shell:Creating prefix script '/home/fouadroboticist/ros2_ws/install/local_setup.ps1'
[10.265s] INFO:colcon.colcon_core.shell:Creating prefix util module '/home/fouadroboticist/ros2_ws/install/_local_setup_util_ps1.py'
[10.268s] INFO:colcon.colcon_core.shell:Creating prefix chain script '/home/fouadroboticist/ros2_ws/install/setup.ps1'
[10.270s] INFO:colcon.colcon_core.shell:Creating prefix script '/home/fouadroboticist/ros2_ws/install/local_setup.sh'
[10.271s] INFO:colcon.colcon_core.shell:Creating prefix util module '/home/fouadroboticist/ros2_ws/install/_local_setup_util_sh.py'
[10.273s] INFO:colcon.colcon_core.shell:Creating prefix chain script '/home/fouadroboticist/ros2_ws/install/setup.sh'
[10.276s] INFO:colcon.colcon_core.shell:Creating prefix script '/home/fouadroboticist/ros2_ws/install/local_setup.bash'
[10.277s] INFO:colcon.colcon_core.shell:Creating prefix chain script '/home/fouadroboticist/ros2_ws/install/setup.bash'
[10.282s] INFO:colcon.colcon_core.shell:Creating prefix script '/home/fouadroboticist/ros2_ws/install/local_setup.zsh'
[10.284s] INFO:colcon.colcon_core.shell:Creating prefix chain script '/home/fouadroboticist/ros2_ws/install/setup.zsh'
