[3.483s] Invoking command in '/home/fouadroboticist/ros2_ws/src/tutorials_py': PYTHONPATH=/home/fouadroboticist/ros2_ws/build/tutorials_py/prefix_override:/usr/lib/python3/dist-packages/colcon_core/task/python/colcon_distutils_commands:/home/fouadroboticist/ros2_ws/install/tutorials_py/lib/python3.10/site-packages:${PYTHONPATH} /usr/bin/python3 -W ignore:setup.py install is deprecated setup.py egg_info --egg-base ../../build/tutorials_py build --build-base /home/fouadroboticist/ros2_ws/build/tutorials_py/build install --record /home/fouadroboticist/ros2_ws/build/tutorials_py/install.log --single-version-externally-managed install_data
[4.413s] running egg_info
[4.415s] writing ../../build/tutorials_py/tutorials_py.egg-info/PKG-INFO
[4.416s] writing dependency_links to ../../build/tutorials_py/tutorials_py.egg-info/dependency_links.txt
[4.417s] writing entry points to ../../build/tutorials_py/tutorials_py.egg-info/entry_points.txt
[4.417s] writing requirements to ../../build/tutorials_py/tutorials_py.egg-info/requires.txt
[4.418s] writing top-level names to ../../build/tutorials_py/tutorials_py.egg-info/top_level.txt
[4.423s] reading manifest file '../../build/tutorials_py/tutorials_py.egg-info/SOURCES.txt'
[4.427s] writing manifest file '../../build/tutorials_py/tutorials_py.egg-info/SOURCES.txt'
[4.427s] running build
[4.427s] running build_py
[4.428s] running install
[4.430s] running install_lib
[4.433s] running install_data
[4.433s] running install_egg_info
[4.437s] removing '/home/fouadroboticist/ros2_ws/install/tutorials_py/lib/python3.10/site-packages/tutorials_py-0.0.0-py3.10.egg-info' (and everything under it)
[4.438s] Copying ../../build/tutorials_py/tutorials_py.egg-info to /home/fouadroboticist/ros2_ws/install/tutorials_py/lib/python3.10/site-packages/tutorials_py-0.0.0-py3.10.egg-info
[4.446s] running install_scripts
[4.508s] Installing node1 script to /home/fouadroboticist/ros2_ws/install/tutorials_py/lib/tutorials_py
[4.509s] Installing node2 script to /home/fouadroboticist/ros2_ws/install/tutorials_py/lib/tutorials_py
[4.509s] Installing node3 script to /home/fouadroboticist/ros2_ws/install/tutorials_py/lib/tutorials_py
[4.510s] writing list of installed files to '/home/fouadroboticist/ros2_ws/build/tutorials_py/install.log'
[4.592s] Invoked command in '/home/fouadroboticist/ros2_ws/src/tutorials_py' returned '0': PYTHONPATH=/home/fouadroboticist/ros2_ws/build/tutorials_py/prefix_override:/usr/lib/python3/dist-packages/colcon_core/task/python/colcon_distutils_commands:/home/fouadroboticist/ros2_ws/install/tutorials_py/lib/python3.10/site-packages:${PYTHONPATH} /usr/bin/python3 -W ignore:setup.py install is deprecated setup.py egg_info --egg-base ../../build/tutorials_py build --build-base /home/fouadroboticist/ros2_ws/build/tutorials_py/build install --record /home/fouadroboticist/ros2_ws/build/tutorials_py/install.log --single-version-externally-managed install_data
