[9.212s] Invoking command in '/home/fouadroboticist/ros2_ws/src/my_robot_controller': PYTHONPATH=/home/fouadroboticist/ros2_ws/build/my_robot_controller/prefix_override:/usr/lib/python3/dist-packages/colcon_core/task/python/colcon_distutils_commands:/home/fouadroboticist/ros2_ws/install/my_robot_controller/lib/python3.10/site-packages:${PYTHONPATH} /usr/bin/python3 -W ignore:setup.py install is deprecated setup.py egg_info --egg-base ../../build/my_robot_controller build --build-base /home/fouadroboticist/ros2_ws/build/my_robot_controller/build install --record /home/fouadroboticist/ros2_ws/build/my_robot_controller/install.log --single-version-externally-managed install_data
[10.008s] running egg_info
[10.010s] writing ../../build/my_robot_controller/my_robot_controller.egg-info/PKG-INFO
[10.013s] writing dependency_links to ../../build/my_robot_controller/my_robot_controller.egg-info/dependency_links.txt
[10.014s] writing entry points to ../../build/my_robot_controller/my_robot_controller.egg-info/entry_points.txt
[10.015s] writing requirements to ../../build/my_robot_controller/my_robot_controller.egg-info/requires.txt
[10.015s] writing top-level names to ../../build/my_robot_controller/my_robot_controller.egg-info/top_level.txt
[10.043s] reading manifest file '../../build/my_robot_controller/my_robot_controller.egg-info/SOURCES.txt'
[10.047s] writing manifest file '../../build/my_robot_controller/my_robot_controller.egg-info/SOURCES.txt'
[10.048s] running build
[10.049s] running build_py
[10.060s] running install
[10.061s] running install_lib
[10.065s] running install_data
[10.068s] running install_egg_info
[10.076s] removing '/home/fouadroboticist/ros2_ws/install/my_robot_controller/lib/python3.10/site-packages/my_robot_controller-0.0.0-py3.10.egg-info' (and everything under it)
[10.078s] Copying ../../build/my_robot_controller/my_robot_controller.egg-info to /home/fouadroboticist/ros2_ws/install/my_robot_controller/lib/python3.10/site-packages/my_robot_controller-0.0.0-py3.10.egg-info
[10.089s] running install_scripts
[10.183s] Installing draw_circle script to /home/fouadroboticist/ros2_ws/install/my_robot_controller/lib/my_robot_controller
[10.186s] Installing pose_subscriber script to /home/fouadroboticist/ros2_ws/install/my_robot_controller/lib/my_robot_controller
[10.186s] Installing test_node script to /home/fouadroboticist/ros2_ws/install/my_robot_controller/lib/my_robot_controller
[10.188s] Installing turtle_controller script to /home/fouadroboticist/ros2_ws/install/my_robot_controller/lib/my_robot_controller
[10.189s] writing list of installed files to '/home/fouadroboticist/ros2_ws/build/my_robot_controller/install.log'
[10.247s] Invoked command in '/home/fouadroboticist/ros2_ws/src/my_robot_controller' returned '0': PYTHONPATH=/home/fouadroboticist/ros2_ws/build/my_robot_controller/prefix_override:/usr/lib/python3/dist-packages/colcon_core/task/python/colcon_distutils_commands:/home/fouadroboticist/ros2_ws/install/my_robot_controller/lib/python3.10/site-packages:${PYTHONPATH} /usr/bin/python3 -W ignore:setup.py install is deprecated setup.py egg_info --egg-base ../../build/my_robot_controller build --build-base /home/fouadroboticist/ros2_ws/build/my_robot_controller/build install --record /home/fouadroboticist/ros2_ws/build/my_robot_controller/install.log --single-version-externally-managed install_data
