[3.469s] Invoking command in '/home/fouadroboticist/ros2_ws/src/tutorials_py': PYTHONPATH=/home/fouadroboticist/ros2_ws/build/tutorials_py/prefix_override:/usr/lib/python3/dist-packages/colcon_core/task/python/colcon_distutils_commands:/home/fouadroboticist/ros2_ws/install/tutorials_py/lib/python3.10/site-packages:${PYTHONPATH} /usr/bin/python3 -W ignore:setup.py install is deprecated setup.py egg_info --egg-base ../../build/tutorials_py build --build-base /home/fouadroboticist/ros2_ws/build/tutorials_py/build install --record /home/fouadroboticist/ros2_ws/build/tutorials_py/install.log --single-version-externally-managed install_data
[4.496s] running egg_info
[4.498s] writing ../../build/tutorials_py/tutorials_py.egg-info/PKG-INFO
[4.499s] writing dependency_links to ../../build/tutorials_py/tutorials_py.egg-info/dependency_links.txt
[4.500s] writing entry points to ../../build/tutorials_py/tutorials_py.egg-info/entry_points.txt
[4.500s] writing requirements to ../../build/tutorials_py/tutorials_py.egg-info/requires.txt
[4.500s] writing top-level names to ../../build/tutorials_py/tutorials_py.egg-info/top_level.txt
[4.505s] reading manifest file '../../build/tutorials_py/tutorials_py.egg-info/SOURCES.txt'
[4.512s] writing manifest file '../../build/tutorials_py/tutorials_py.egg-info/SOURCES.txt'
[4.513s] running build
[4.513s] running build_py
[4.513s] running install
[4.514s] running install_lib
[4.517s] running install_data
[4.517s] running install_egg_info
[4.522s] removing '/home/fouadroboticist/ros2_ws/install/tutorials_py/lib/python3.10/site-packages/tutorials_py-0.0.0-py3.10.egg-info' (and everything under it)
[4.524s] Copying ../../build/tutorials_py/tutorials_py.egg-info to /home/fouadroboticist/ros2_ws/install/tutorials_py/lib/python3.10/site-packages/tutorials_py-0.0.0-py3.10.egg-info
[4.528s] running install_scripts
[4.599s] Installing node1 script to /home/fouadroboticist/ros2_ws/install/tutorials_py/lib/tutorials_py
[4.599s] Installing node2 script to /home/fouadroboticist/ros2_ws/install/tutorials_py/lib/tutorials_py
[4.600s] Installing node3 script to /home/fouadroboticist/ros2_ws/install/tutorials_py/lib/tutorials_py
[4.604s] writing list of installed files to '/home/fouadroboticist/ros2_ws/build/tutorials_py/install.log'
[4.663s] Invoked command in '/home/fouadroboticist/ros2_ws/src/tutorials_py' returned '0': PYTHONPATH=/home/fouadroboticist/ros2_ws/build/tutorials_py/prefix_override:/usr/lib/python3/dist-packages/colcon_core/task/python/colcon_distutils_commands:/home/fouadroboticist/ros2_ws/install/tutorials_py/lib/python3.10/site-packages:${PYTHONPATH} /usr/bin/python3 -W ignore:setup.py install is deprecated setup.py egg_info --egg-base ../../build/tutorials_py build --build-base /home/fouadroboticist/ros2_ws/build/tutorials_py/build install --record /home/fouadroboticist/ros2_ws/build/tutorials_py/install.log --single-version-externally-managed install_data
