[0.764s] Invoking command in '/home/fouadroboticist/ros2_ws/build/my_robot_control': CMAKE_PREFIX_PATH=${CMAKE_PREFIX_PATH}:/home/fouadroboticist/ros2_ws/install/tutorials_py:/home/fouadroboticist/ros2_ws/install/my_robot_controller:/home/fouadroboticist/ros2_ws/install/actions_py:/opt/ros/humble /usr/bin/cmake --build /home/fouadroboticist/ros2_ws/build/my_robot_control -- -j4 -l4
[1.184s] [100%] Built target params_callback
[1.222s] Invoked command in '/home/fouadroboticist/ros2_ws/build/my_robot_control' returned '0': CMAKE_PREFIX_PATH=${CMAKE_PREFIX_PATH}:/home/fouadroboticist/ros2_ws/install/tutorials_py:/home/fouadroboticist/ros2_ws/install/my_robot_controller:/home/fouadroboticist/ros2_ws/install/actions_py:/opt/ros/humble /usr/bin/cmake --build /home/fouadroboticist/ros2_ws/build/my_robot_control -- -j4 -l4
[1.441s] Invoking command in '/home/fouadroboticist/ros2_ws/build/my_robot_control': CMAKE_PREFIX_PATH=${CMAKE_PREFIX_PATH}:/home/fouadroboticist/ros2_ws/install/tutorials_py:/home/fouadroboticist/ros2_ws/install/my_robot_controller:/home/fouadroboticist/ros2_ws/install/actions_py:/opt/ros/humble /usr/bin/cmake --install /home/fouadroboticist/ros2_ws/build/my_robot_control
[1.478s] -- Install configuration: ""
[1.479s] -- Up-to-date: /home/fouadroboticist/ros2_ws/install/my_robot_control/lib/my_robot_control/params_callback
[1.482s] -- Up-to-date: /home/fouadroboticist/ros2_ws/install/my_robot_control/share/ament_index/resource_index/package_run_dependencies/my_robot_control
[1.482s] -- Up-to-date: /home/fouadroboticist/ros2_ws/install/my_robot_control/share/ament_index/resource_index/parent_prefix_path/my_robot_control
[1.483s] -- Up-to-date: /home/fouadroboticist/ros2_ws/install/my_robot_control/share/my_robot_control/environment/ament_prefix_path.sh
[1.483s] -- Up-to-date: /home/fouadroboticist/ros2_ws/install/my_robot_control/share/my_robot_control/environment/ament_prefix_path.dsv
[1.483s] -- Up-to-date: /home/fouadroboticist/ros2_ws/install/my_robot_control/share/my_robot_control/environment/path.sh
[1.484s] -- Up-to-date: /home/fouadroboticist/ros2_ws/install/my_robot_control/share/my_robot_control/environment/path.dsv
[1.484s] -- Up-to-date: /home/fouadroboticist/ros2_ws/install/my_robot_control/share/my_robot_control/local_setup.bash
[1.484s] -- Up-to-date: /home/fouadroboticist/ros2_ws/install/my_robot_control/share/my_robot_control/local_setup.sh
[1.484s] -- Up-to-date: /home/fouadroboticist/ros2_ws/install/my_robot_control/share/my_robot_control/local_setup.zsh
[1.484s] -- Up-to-date: /home/fouadroboticist/ros2_ws/install/my_robot_control/share/my_robot_control/local_setup.dsv
[1.485s] -- Installing: /home/fouadroboticist/ros2_ws/install/my_robot_control/share/my_robot_control/package.dsv
[1.485s] -- Up-to-date: /home/fouadroboticist/ros2_ws/install/my_robot_control/share/ament_index/resource_index/packages/my_robot_control
[1.485s] -- Up-to-date: /home/fouadroboticist/ros2_ws/install/my_robot_control/share/my_robot_control/cmake/my_robot_controlConfig.cmake
[1.485s] -- Up-to-date: /home/fouadroboticist/ros2_ws/install/my_robot_control/share/my_robot_control/cmake/my_robot_controlConfig-version.cmake
[1.486s] -- Up-to-date: /home/fouadroboticist/ros2_ws/install/my_robot_control/share/my_robot_control/package.xml
[1.504s] Invoked command in '/home/fouadroboticist/ros2_ws/build/my_robot_control' returned '0': CMAKE_PREFIX_PATH=${CMAKE_PREFIX_PATH}:/home/fouadroboticist/ros2_ws/install/tutorials_py:/home/fouadroboticist/ros2_ws/install/my_robot_controller:/home/fouadroboticist/ros2_ws/install/actions_py:/opt/ros/humble /usr/bin/cmake --install /home/fouadroboticist/ros2_ws/build/my_robot_control
