[2.630s] DEBUG:colcon:Command line arguments: ['/usr/bin/colcon', 'list', '-p', '--base-paths', '/home/fouadroboticist/ros2_ws']
[2.630s] DEBUG:colcon:Parsed command line arguments: Namespace(log_base=None, log_level=None, verb_name='list', build_base='build', ignore_user_meta=False, metas=['./colcon.meta'], base_paths=['/home/fouadroboticist/ros2_ws'], packages_ignore=None, packages_ignore_regex=None, paths=None, packages_up_to=None, packages_up_to_regex=None, packages_above=None, packages_above_and_dependencies=None, packages_above_depth=None, packages_select_by_dep=None, packages_skip_by_dep=None, packages_skip_up_to=None, packages_select_build_failed=False, packages_skip_build_finished=False, packages_select_test_failures=False, packages_skip_test_passed=False, packages_select=None, packages_skip=None, packages_select_regex=None, packages_skip_regex=None, packages_start=None, packages_end=None, allow_overriding=[], topological_order=False, names_only=False, paths_only=True, topological_graph=False, topological_graph_dot=False, topological_graph_density=False, topological_graph_legend=False, topological_graph_dot_cluster=False, topological_graph_dot_include_skipped=False, mixin_files=None, mixin=None, verb_parser=<colcon_mixin.mixin.mixin_argument.MixinArgumentDecorator object at 0x7f4401536a40>, verb_extension=<colcon_package_information.verb.list.ListVerb object at 0x7f44015356c0>, main=<bound method ListVerb.main of <colcon_package_information.verb.list.ListVerb object at 0x7f44015356c0>>, mixin_verb=('list',))
[4.485s] Level 1:colcon.colcon_core.package_discovery:discover_packages(colcon_meta) check parameters
[4.486s] Level 1:colcon.colcon_core.package_discovery:discover_packages(recursive) check parameters
[4.486s] Level 1:colcon.colcon_core.package_discovery:discover_packages(ignore) check parameters
[4.487s] Level 1:colcon.colcon_core.package_discovery:discover_packages(path) check parameters
[4.487s] Level 1:colcon.colcon_core.package_discovery:discover_packages(recursive) discover
[4.487s] INFO:colcon.colcon_core.package_discovery:Crawling recursively for packages in '/home/fouadroboticist/ros2_ws'
[4.487s] Level 1:colcon.colcon_core.package_identification:_identify(/home/fouadroboticist/ros2_ws) by extensions ['ignore', 'ignore_ament_install']
[4.488s] Level 1:colcon.colcon_core.package_identification:_identify(/home/fouadroboticist/ros2_ws) by extension 'ignore'
[4.488s] Level 1:colcon.colcon_core.package_identification:_identify(/home/fouadroboticist/ros2_ws) by extension 'ignore_ament_install'
[4.488s] Level 1:colcon.colcon_core.package_identification:_identify(/home/fouadroboticist/ros2_ws) by extensions ['colcon_pkg']
[4.489s] Level 1:colcon.colcon_core.package_identification:_identify(/home/fouadroboticist/ros2_ws) by extension 'colcon_pkg'
[4.489s] Level 1:colcon.colcon_core.package_identification:_identify(/home/fouadroboticist/ros2_ws) by extensions ['colcon_meta']
[4.489s] Level 1:colcon.colcon_core.package_identification:_identify(/home/fouadroboticist/ros2_ws) by extension 'colcon_meta'
[4.489s] Level 1:colcon.colcon_core.package_identification:_identify(/home/fouadroboticist/ros2_ws) by extensions ['ros']
[4.490s] Level 1:colcon.colcon_core.package_identification:_identify(/home/fouadroboticist/ros2_ws) by extension 'ros'
[4.587s] Level 1:colcon.colcon_core.package_identification:_identify(/home/fouadroboticist/ros2_ws) by extensions ['cmake', 'python']
[4.587s] Level 1:colcon.colcon_core.package_identification:_identify(/home/fouadroboticist/ros2_ws) by extension 'cmake'
[4.587s] Level 1:colcon.colcon_core.package_identification:_identify(/home/fouadroboticist/ros2_ws) by extension 'python'
[4.588s] Level 1:colcon.colcon_core.package_identification:_identify(/home/fouadroboticist/ros2_ws) by extensions ['python_setup_py']
[4.588s] Level 1:colcon.colcon_core.package_identification:_identify(/home/fouadroboticist/ros2_ws) by extension 'python_setup_py'
[4.589s] Level 1:colcon.colcon_core.package_identification:_identify(/home/fouadroboticist/ros2_ws/build) by extensions ['ignore', 'ignore_ament_install']
[4.590s] Level 1:colcon.colcon_core.package_identification:_identify(/home/fouadroboticist/ros2_ws/build) by extension 'ignore'
[4.590s] Level 1:colcon.colcon_core.package_identification:_identify(/home/fouadroboticist/ros2_ws/build) ignored
[4.591s] Level 1:colcon.colcon_core.package_identification:_identify(/home/fouadroboticist/ros2_ws/install) by extensions ['ignore', 'ignore_ament_install']
[4.592s] Level 1:colcon.colcon_core.package_identification:_identify(/home/fouadroboticist/ros2_ws/install) by extension 'ignore'
[4.592s] Level 1:colcon.colcon_core.package_identification:_identify(/home/fouadroboticist/ros2_ws/install) ignored
[4.593s] Level 1:colcon.colcon_core.package_identification:_identify(/home/fouadroboticist/ros2_ws/log) by extensions ['ignore', 'ignore_ament_install']
[4.594s] Level 1:colcon.colcon_core.package_identification:_identify(/home/fouadroboticist/ros2_ws/log) by extension 'ignore'
[4.594s] Level 1:colcon.colcon_core.package_identification:_identify(/home/fouadroboticist/ros2_ws/log) ignored
[4.596s] Level 1:colcon.colcon_core.package_identification:_identify(/home/fouadroboticist/ros2_ws/src) by extensions ['ignore', 'ignore_ament_install']
[4.597s] Level 1:colcon.colcon_core.package_identification:_identify(/home/fouadroboticist/ros2_ws/src) by extension 'ignore'
[4.598s] Level 1:colcon.colcon_core.package_identification:_identify(/home/fouadroboticist/ros2_ws/src) by extension 'ignore_ament_install'
[4.598s] Level 1:colcon.colcon_core.package_identification:_identify(/home/fouadroboticist/ros2_ws/src) by extensions ['colcon_pkg']
[4.598s] Level 1:colcon.colcon_core.package_identification:_identify(/home/fouadroboticist/ros2_ws/src) by extension 'colcon_pkg'
[4.599s] Level 1:colcon.colcon_core.package_identification:_identify(/home/fouadroboticist/ros2_ws/src) by extensions ['colcon_meta']
[4.599s] Level 1:colcon.colcon_core.package_identification:_identify(/home/fouadroboticist/ros2_ws/src) by extension 'colcon_meta'
[4.599s] Level 1:colcon.colcon_core.package_identification:_identify(/home/fouadroboticist/ros2_ws/src) by extensions ['ros']
[4.599s] Level 1:colcon.colcon_core.package_identification:_identify(/home/fouadroboticist/ros2_ws/src) by extension 'ros'
[4.599s] Level 1:colcon.colcon_core.package_identification:_identify(/home/fouadroboticist/ros2_ws/src) by extensions ['cmake', 'python']
[4.600s] Level 1:colcon.colcon_core.package_identification:_identify(/home/fouadroboticist/ros2_ws/src) by extension 'cmake'
[4.600s] Level 1:colcon.colcon_core.package_identification:_identify(/home/fouadroboticist/ros2_ws/src) by extension 'python'
[4.600s] Level 1:colcon.colcon_core.package_identification:_identify(/home/fouadroboticist/ros2_ws/src) by extensions ['python_setup_py']
[4.600s] Level 1:colcon.colcon_core.package_identification:_identify(/home/fouadroboticist/ros2_ws/src) by extension 'python_setup_py'
[4.601s] Level 1:colcon.colcon_core.package_identification:_identify(/home/fouadroboticist/ros2_ws/src/actions_py) by extensions ['ignore', 'ignore_ament_install']
[4.601s] Level 1:colcon.colcon_core.package_identification:_identify(/home/fouadroboticist/ros2_ws/src/actions_py) by extension 'ignore'
[4.602s] Level 1:colcon.colcon_core.package_identification:_identify(/home/fouadroboticist/ros2_ws/src/actions_py) by extension 'ignore_ament_install'
[4.602s] Level 1:colcon.colcon_core.package_identification:_identify(/home/fouadroboticist/ros2_ws/src/actions_py) by extensions ['colcon_pkg']
[4.602s] Level 1:colcon.colcon_core.package_identification:_identify(/home/fouadroboticist/ros2_ws/src/actions_py) by extension 'colcon_pkg'
[4.603s] Level 1:colcon.colcon_core.package_identification:_identify(/home/fouadroboticist/ros2_ws/src/actions_py) by extensions ['colcon_meta']
[4.603s] Level 1:colcon.colcon_core.package_identification:_identify(/home/fouadroboticist/ros2_ws/src/actions_py) by extension 'colcon_meta'
[4.603s] Level 1:colcon.colcon_core.package_identification:_identify(/home/fouadroboticist/ros2_ws/src/actions_py) by extensions ['ros']
[4.604s] Level 1:colcon.colcon_core.package_identification:_identify(/home/fouadroboticist/ros2_ws/src/actions_py) by extension 'ros'
[4.622s] DEBUG:colcon.colcon_core.package_identification:Package '/home/fouadroboticist/ros2_ws/src/actions_py' with type 'ros.ament_python' and name 'actions_py'
[4.622s] Level 1:colcon.colcon_core.package_identification:_identify(/home/fouadroboticist/ros2_ws/src/build) by extensions ['ignore', 'ignore_ament_install']
[4.623s] Level 1:colcon.colcon_core.package_identification:_identify(/home/fouadroboticist/ros2_ws/src/build) by extension 'ignore'
[4.623s] Level 1:colcon.colcon_core.package_identification:_identify(/home/fouadroboticist/ros2_ws/src/build) ignored
[4.623s] Level 1:colcon.colcon_core.package_identification:_identify(/home/fouadroboticist/ros2_ws/src/install) by extensions ['ignore', 'ignore_ament_install']
[4.624s] Level 1:colcon.colcon_core.package_identification:_identify(/home/fouadroboticist/ros2_ws/src/install) by extension 'ignore'
[4.624s] Level 1:colcon.colcon_core.package_identification:_identify(/home/fouadroboticist/ros2_ws/src/install) ignored
[4.624s] Level 1:colcon.colcon_core.package_identification:_identify(/home/fouadroboticist/ros2_ws/src/log) by extensions ['ignore', 'ignore_ament_install']
[4.625s] Level 1:colcon.colcon_core.package_identification:_identify(/home/fouadroboticist/ros2_ws/src/log) by extension 'ignore'
[4.625s] Level 1:colcon.colcon_core.package_identification:_identify(/home/fouadroboticist/ros2_ws/src/log) ignored
[4.625s] Level 1:colcon.colcon_core.package_identification:_identify(/home/fouadroboticist/ros2_ws/src/my_robot_bringup) by extensions ['ignore', 'ignore_ament_install']
[4.626s] Level 1:colcon.colcon_core.package_identification:_identify(/home/fouadroboticist/ros2_ws/src/my_robot_bringup) by extension 'ignore'
[4.626s] Level 1:colcon.colcon_core.package_identification:_identify(/home/fouadroboticist/ros2_ws/src/my_robot_bringup) by extension 'ignore_ament_install'
[4.627s] Level 1:colcon.colcon_core.package_identification:_identify(/home/fouadroboticist/ros2_ws/src/my_robot_bringup) by extensions ['colcon_pkg']
[4.627s] Level 1:colcon.colcon_core.package_identification:_identify(/home/fouadroboticist/ros2_ws/src/my_robot_bringup) by extension 'colcon_pkg'
[4.627s] Level 1:colcon.colcon_core.package_identification:_identify(/home/fouadroboticist/ros2_ws/src/my_robot_bringup) by extensions ['colcon_meta']
[4.627s] Level 1:colcon.colcon_core.package_identification:_identify(/home/fouadroboticist/ros2_ws/src/my_robot_bringup) by extension 'colcon_meta'
[4.628s] Level 1:colcon.colcon_core.package_identification:_identify(/home/fouadroboticist/ros2_ws/src/my_robot_bringup) by extensions ['ros']
[4.628s] Level 1:colcon.colcon_core.package_identification:_identify(/home/fouadroboticist/ros2_ws/src/my_robot_bringup) by extension 'ros'
[4.633s] DEBUG:colcon.colcon_core.package_identification:Package '/home/fouadroboticist/ros2_ws/src/my_robot_bringup' with type 'ros.ament_cmake' and name 'my_robot_bringup'
[4.635s] Level 1:colcon.colcon_core.package_identification:_identify(/home/fouadroboticist/ros2_ws/src/my_robot_controller) by extensions ['ignore', 'ignore_ament_install']
[4.636s] Level 1:colcon.colcon_core.package_identification:_identify(/home/fouadroboticist/ros2_ws/src/my_robot_controller) by extension 'ignore'
[4.636s] Level 1:colcon.colcon_core.package_identification:_identify(/home/fouadroboticist/ros2_ws/src/my_robot_controller) by extension 'ignore_ament_install'
[4.637s] Level 1:colcon.colcon_core.package_identification:_identify(/home/fouadroboticist/ros2_ws/src/my_robot_controller) by extensions ['colcon_pkg']
[4.638s] Level 1:colcon.colcon_core.package_identification:_identify(/home/fouadroboticist/ros2_ws/src/my_robot_controller) by extension 'colcon_pkg'
[4.639s] Level 1:colcon.colcon_core.package_identification:_identify(/home/fouadroboticist/ros2_ws/src/my_robot_controller) by extensions ['colcon_meta']
[4.639s] Level 1:colcon.colcon_core.package_identification:_identify(/home/fouadroboticist/ros2_ws/src/my_robot_controller) by extension 'colcon_meta'
[4.639s] Level 1:colcon.colcon_core.package_identification:_identify(/home/fouadroboticist/ros2_ws/src/my_robot_controller) by extensions ['ros']
[4.640s] Level 1:colcon.colcon_core.package_identification:_identify(/home/fouadroboticist/ros2_ws/src/my_robot_controller) by extension 'ros'
[4.643s] DEBUG:colcon.colcon_core.package_identification:Package '/home/fouadroboticist/ros2_ws/src/my_robot_controller' with type 'ros.ament_python' and name 'my_robot_controller'
[4.643s] Level 1:colcon.colcon_core.package_identification:_identify(/home/fouadroboticist/ros2_ws/src/my_robot_interfaces) by extensions ['ignore', 'ignore_ament_install']
[4.644s] Level 1:colcon.colcon_core.package_identification:_identify(/home/fouadroboticist/ros2_ws/src/my_robot_interfaces) by extension 'ignore'
[4.644s] Level 1:colcon.colcon_core.package_identification:_identify(/home/fouadroboticist/ros2_ws/src/my_robot_interfaces) by extension 'ignore_ament_install'
[4.645s] Level 1:colcon.colcon_core.package_identification:_identify(/home/fouadroboticist/ros2_ws/src/my_robot_interfaces) by extensions ['colcon_pkg']
[4.645s] Level 1:colcon.colcon_core.package_identification:_identify(/home/fouadroboticist/ros2_ws/src/my_robot_interfaces) by extension 'colcon_pkg'
[4.645s] Level 1:colcon.colcon_core.package_identification:_identify(/home/fouadroboticist/ros2_ws/src/my_robot_interfaces) by extensions ['colcon_meta']
[4.645s] Level 1:colcon.colcon_core.package_identification:_identify(/home/fouadroboticist/ros2_ws/src/my_robot_interfaces) by extension 'colcon_meta'
[4.645s] Level 1:colcon.colcon_core.package_identification:_identify(/home/fouadroboticist/ros2_ws/src/my_robot_interfaces) by extensions ['ros']
[4.646s] Level 1:colcon.colcon_core.package_identification:_identify(/home/fouadroboticist/ros2_ws/src/my_robot_interfaces) by extension 'ros'
[4.657s] DEBUG:colcon.colcon_core.package_identification:Package '/home/fouadroboticist/ros2_ws/src/my_robot_interfaces' with type 'ros.ament_cmake' and name 'my_robot_interfaces'
[4.658s] Level 1:colcon.colcon_core.package_discovery:discover_packages(recursive) using defaults
