[1.237s] DEBUG:colcon:Command line arguments: ['/usr/bin/colcon', 'build', '--packages-select', 'my_robot_bringup']
[1.238s] DEBUG:colcon:Parsed command line arguments: Namespace(log_base=None, log_level=None, verb_name='build', build_base='build', install_base='install', merge_install=False, symlink_install=False, test_result_base=None, continue_on_error=False, executor='parallel', parallel_workers=4, event_handlers=None, ignore_user_meta=False, metas=['./colcon.meta'], base_paths=['.'], packages_ignore=None, packages_ignore_regex=None, paths=None, packages_up_to=None, packages_up_to_regex=None, packages_above=None, packages_above_and_dependencies=None, packages_above_depth=None, packages_select_by_dep=None, packages_skip_by_dep=None, packages_skip_up_to=None, packages_select_build_failed=False, packages_skip_build_finished=False, packages_select_test_failures=False, packages_skip_test_passed=False, packages_select=['my_robot_bringup'], packages_skip=None, packages_select_regex=None, packages_skip_regex=None, packages_start=None, packages_end=None, allow_overriding=[], cmake_args=None, cmake_target=None, cmake_target_skip_unavailable=False, cmake_clean_cache=False, cmake_clean_first=False, cmake_force_configure=False, ament_cmake_args=None, catkin_cmake_args=None, catkin_skip_building_tests=False, mixin_files=None, mixin=None, verb_parser=<colcon_mixin.mixin.mixin_argument.MixinArgumentDecorator object at 0x7f9806935a20>, verb_extension=<colcon_core.verb.build.BuildVerb object at 0x7f9806934b80>, main=<bound method BuildVerb.main of <colcon_core.verb.build.BuildVerb object at 0x7f9806934b80>>, mixin_verb=('build',))
[2.162s] Level 1:colcon.colcon_core.package_discovery:discover_packages(colcon_meta) check parameters
[2.162s] Level 1:colcon.colcon_core.package_discovery:discover_packages(recursive) check parameters
[2.162s] Level 1:colcon.colcon_core.package_discovery:discover_packages(ignore) check parameters
[2.162s] Level 1:colcon.colcon_core.package_discovery:discover_packages(path) check parameters
[2.162s] Level 1:colcon.colcon_core.package_discovery:discover_packages(colcon_meta) discover
[2.162s] Level 1:colcon.colcon_core.package_discovery:discover_packages(recursive) discover
[2.162s] INFO:colcon.colcon_core.package_discovery:Crawling recursively for packages in '/home/fouadroboticist/ros2_ws/src'
[2.162s] Level 1:colcon.colcon_core.package_identification:_identify(.) by extensions ['ignore', 'ignore_ament_install']
[2.163s] Level 1:colcon.colcon_core.package_identification:_identify(.) by extension 'ignore'
[2.163s] Level 1:colcon.colcon_core.package_identification:_identify(.) by extension 'ignore_ament_install'
[2.163s] Level 1:colcon.colcon_core.package_identification:_identify(.) by extensions ['colcon_pkg']
[2.163s] Level 1:colcon.colcon_core.package_identification:_identify(.) by extension 'colcon_pkg'
[2.164s] Level 1:colcon.colcon_core.package_identification:_identify(.) by extensions ['colcon_meta']
[2.164s] Level 1:colcon.colcon_core.package_identification:_identify(.) by extension 'colcon_meta'
[2.164s] Level 1:colcon.colcon_core.package_identification:_identify(.) by extensions ['ros']
[2.164s] Level 1:colcon.colcon_core.package_identification:_identify(.) by extension 'ros'
[2.299s] Level 1:colcon.colcon_core.package_identification:_identify(.) by extensions ['cmake', 'python']
[2.299s] Level 1:colcon.colcon_core.package_identification:_identify(.) by extension 'cmake'
[2.300s] Level 1:colcon.colcon_core.package_identification:_identify(.) by extension 'python'
[2.300s] Level 1:colcon.colcon_core.package_identification:_identify(.) by extensions ['python_setup_py']
[2.300s] Level 1:colcon.colcon_core.package_identification:_identify(.) by extension 'python_setup_py'
[2.301s] Level 1:colcon.colcon_core.package_identification:_identify(actions_py) by extensions ['ignore', 'ignore_ament_install']
[2.301s] Level 1:colcon.colcon_core.package_identification:_identify(actions_py) by extension 'ignore'
[2.302s] Level 1:colcon.colcon_core.package_identification:_identify(actions_py) by extension 'ignore_ament_install'
[2.302s] Level 1:colcon.colcon_core.package_identification:_identify(actions_py) by extensions ['colcon_pkg']
[2.302s] Level 1:colcon.colcon_core.package_identification:_identify(actions_py) by extension 'colcon_pkg'
[2.302s] Level 1:colcon.colcon_core.package_identification:_identify(actions_py) by extensions ['colcon_meta']
[2.303s] Level 1:colcon.colcon_core.package_identification:_identify(actions_py) by extension 'colcon_meta'
[2.303s] Level 1:colcon.colcon_core.package_identification:_identify(actions_py) by extensions ['ros']
[2.303s] Level 1:colcon.colcon_core.package_identification:_identify(actions_py) by extension 'ros'
[2.314s] DEBUG:colcon.colcon_core.package_identification:Package 'actions_py' with type 'ros.ament_python' and name 'actions_py'
[2.315s] Level 1:colcon.colcon_core.package_identification:_identify(build) by extensions ['ignore', 'ignore_ament_install']
[2.315s] Level 1:colcon.colcon_core.package_identification:_identify(build) by extension 'ignore'
[2.315s] Level 1:colcon.colcon_core.package_identification:_identify(build) ignored
[2.316s] Level 1:colcon.colcon_core.package_identification:_identify(install) by extensions ['ignore', 'ignore_ament_install']
[2.316s] Level 1:colcon.colcon_core.package_identification:_identify(install) by extension 'ignore'
[2.317s] Level 1:colcon.colcon_core.package_identification:_identify(install) ignored
[2.317s] Level 1:colcon.colcon_core.package_identification:_identify(log) by extensions ['ignore', 'ignore_ament_install']
[2.317s] Level 1:colcon.colcon_core.package_identification:_identify(log) by extension 'ignore'
[2.318s] Level 1:colcon.colcon_core.package_identification:_identify(log) ignored
[2.318s] Level 1:colcon.colcon_core.package_identification:_identify(my_robot_bringup) by extensions ['ignore', 'ignore_ament_install']
[2.318s] Level 1:colcon.colcon_core.package_identification:_identify(my_robot_bringup) by extension 'ignore'
[2.319s] Level 1:colcon.colcon_core.package_identification:_identify(my_robot_bringup) by extension 'ignore_ament_install'
[2.321s] Level 1:colcon.colcon_core.package_identification:_identify(my_robot_bringup) by extensions ['colcon_pkg']
[2.321s] Level 1:colcon.colcon_core.package_identification:_identify(my_robot_bringup) by extension 'colcon_pkg'
[2.321s] Level 1:colcon.colcon_core.package_identification:_identify(my_robot_bringup) by extensions ['colcon_meta']
[2.322s] Level 1:colcon.colcon_core.package_identification:_identify(my_robot_bringup) by extension 'colcon_meta'
[2.322s] Level 1:colcon.colcon_core.package_identification:_identify(my_robot_bringup) by extensions ['ros']
[2.322s] Level 1:colcon.colcon_core.package_identification:_identify(my_robot_bringup) by extension 'ros'
[2.323s] DEBUG:colcon.colcon_core.package_identification:Package 'my_robot_bringup' with type 'ros.ament_cmake' and name 'my_robot_bringup'
[2.324s] Level 1:colcon.colcon_core.package_identification:_identify(my_robot_controller) by extensions ['ignore', 'ignore_ament_install']
[2.324s] Level 1:colcon.colcon_core.package_identification:_identify(my_robot_controller) by extension 'ignore'
[2.325s] Level 1:colcon.colcon_core.package_identification:_identify(my_robot_controller) by extension 'ignore_ament_install'
[2.326s] Level 1:colcon.colcon_core.package_identification:_identify(my_robot_controller) by extensions ['colcon_pkg']
[2.326s] Level 1:colcon.colcon_core.package_identification:_identify(my_robot_controller) by extension 'colcon_pkg'
[2.326s] Level 1:colcon.colcon_core.package_identification:_identify(my_robot_controller) by extensions ['colcon_meta']
[2.327s] Level 1:colcon.colcon_core.package_identification:_identify(my_robot_controller) by extension 'colcon_meta'
[2.327s] Level 1:colcon.colcon_core.package_identification:_identify(my_robot_controller) by extensions ['ros']
[2.327s] Level 1:colcon.colcon_core.package_identification:_identify(my_robot_controller) by extension 'ros'
[2.330s] DEBUG:colcon.colcon_core.package_identification:Package 'my_robot_controller' with type 'ros.ament_python' and name 'my_robot_controller'
[2.330s] Level 1:colcon.colcon_core.package_identification:_identify(my_robot_interfaces) by extensions ['ignore', 'ignore_ament_install']
[2.331s] Level 1:colcon.colcon_core.package_identification:_identify(my_robot_interfaces) by extension 'ignore'
[2.331s] Level 1:colcon.colcon_core.package_identification:_identify(my_robot_interfaces) by extension 'ignore_ament_install'
[2.332s] Level 1:colcon.colcon_core.package_identification:_identify(my_robot_interfaces) by extensions ['colcon_pkg']
[2.332s] Level 1:colcon.colcon_core.package_identification:_identify(my_robot_interfaces) by extension 'colcon_pkg'
[2.333s] Level 1:colcon.colcon_core.package_identification:_identify(my_robot_interfaces) by extensions ['colcon_meta']
[2.333s] Level 1:colcon.colcon_core.package_identification:_identify(my_robot_interfaces) by extension 'colcon_meta'
[2.334s] Level 1:colcon.colcon_core.package_identification:_identify(my_robot_interfaces) by extensions ['ros']
[2.334s] Level 1:colcon.colcon_core.package_identification:_identify(my_robot_interfaces) by extension 'ros'
[2.336s] DEBUG:colcon.colcon_core.package_identification:Package 'my_robot_interfaces' with type 'ros.ament_cmake' and name 'my_robot_interfaces'
[2.337s] Level 1:colcon.colcon_core.package_discovery:discover_packages(recursive) using defaults
[2.337s] Level 1:colcon.colcon_core.package_discovery:discover_packages(ignore) discover
[2.337s] Level 1:colcon.colcon_core.package_discovery:discover_packages(ignore) using defaults
[2.337s] Level 1:colcon.colcon_core.package_discovery:discover_packages(path) discover
[2.337s] Level 1:colcon.colcon_core.package_discovery:discover_packages(path) using defaults
[2.516s] INFO:colcon.colcon_core.package_selection:Skipping not selected package 'my_robot_controller' in 'my_robot_controller'
[2.516s] INFO:colcon.colcon_core.package_selection:Skipping not selected package 'my_robot_interfaces' in 'my_robot_interfaces'
[2.516s] INFO:colcon.colcon_core.package_selection:Skipping not selected package 'actions_py' in 'actions_py'
[2.518s] Level 1:colcon.colcon_core.package_discovery:discover_packages(prefix_path) check parameters
[2.518s] Level 1:colcon.colcon_core.package_discovery:discover_packages(prefix_path) discover
[2.534s] DEBUG:colcon.colcon_installed_package_information.package_discovery:Found 4 installed packages in /home/fouadroboticist/ros2_ws/install
[2.540s] DEBUG:colcon.colcon_installed_package_information.package_discovery:Found 387 installed packages in /opt/ros/humble
[2.563s] Level 1:colcon.colcon_core.package_discovery:discover_packages(prefix_path) using defaults
[2.830s] Level 5:colcon.colcon_core.verb:set package 'my_robot_bringup' build argument 'cmake_args' from command line to 'None'
[2.830s] Level 5:colcon.colcon_core.verb:set package 'my_robot_bringup' build argument 'cmake_target' from command line to 'None'
[2.830s] Level 5:colcon.colcon_core.verb:set package 'my_robot_bringup' build argument 'cmake_target_skip_unavailable' from command line to 'False'
[2.830s] Level 5:colcon.colcon_core.verb:set package 'my_robot_bringup' build argument 'cmake_clean_cache' from command line to 'False'
[2.830s] Level 5:colcon.colcon_core.verb:set package 'my_robot_bringup' build argument 'cmake_clean_first' from command line to 'False'
[2.830s] Level 5:colcon.colcon_core.verb:set package 'my_robot_bringup' build argument 'cmake_force_configure' from command line to 'False'
[2.830s] Level 5:colcon.colcon_core.verb:set package 'my_robot_bringup' build argument 'ament_cmake_args' from command line to 'None'
[2.831s] Level 5:colcon.colcon_core.verb:set package 'my_robot_bringup' build argument 'catkin_cmake_args' from command line to 'None'
[2.831s] Level 5:colcon.colcon_core.verb:set package 'my_robot_bringup' build argument 'catkin_skip_building_tests' from command line to 'False'
[2.831s] DEBUG:colcon.colcon_core.verb:Building package 'my_robot_bringup' with the following arguments: {'ament_cmake_args': None, 'build_base': '/home/fouadroboticist/ros2_ws/src/build/my_robot_bringup', 'catkin_cmake_args': None, 'catkin_skip_building_tests': False, 'cmake_args': None, 'cmake_clean_cache': False, 'cmake_clean_first': False, 'cmake_force_configure': False, 'cmake_target': None, 'cmake_target_skip_unavailable': False, 'install_base': '/home/fouadroboticist/ros2_ws/src/install/my_robot_bringup', 'merge_install': False, 'path': '/home/fouadroboticist/ros2_ws/src/my_robot_bringup', 'symlink_install': False, 'test_result_base': None}
[2.832s] INFO:colcon.colcon_core.executor:Executing jobs using 'parallel' executor
[2.836s] DEBUG:colcon.colcon_parallel_executor.executor.parallel:run_until_complete
[2.836s] INFO:colcon.colcon_ros.task.ament_cmake.build:Building ROS package in '/home/fouadroboticist/ros2_ws/src/my_robot_bringup' with build type 'ament_cmake'
[2.837s] INFO:colcon.colcon_cmake.task.cmake.build:Building CMake package in '/home/fouadroboticist/ros2_ws/src/my_robot_bringup'
[2.857s] INFO:colcon.colcon_core.plugin_system:Skipping extension 'colcon_core.shell.bat': Not used on non-Windows systems
[2.858s] INFO:colcon.colcon_core.shell:Skip shell extension 'powershell' for command environment: Not usable outside of PowerShell
[2.858s] DEBUG:colcon.colcon_core.shell:Skip shell extension 'dsv' for command environment
[2.908s] DEBUG:colcon.colcon_core.event_handler.log_command:Invoking command in '/home/fouadroboticist/ros2_ws/src/build/my_robot_bringup': CMAKE_PREFIX_PATH=${CMAKE_PREFIX_PATH}:/home/fouadroboticist/ros2_ws/install/actions_py:/home/fouadroboticist/ros2_ws/install/my_robot_controller:/opt/ros/humble /usr/bin/cmake /home/fouadroboticist/ros2_ws/src/my_robot_bringup -DCMAKE_INSTALL_PREFIX=/home/fouadroboticist/ros2_ws/src/install/my_robot_bringup
[12.517s] DEBUG:colcon.colcon_core.event_handler.log_command:Invoked command in '/home/fouadroboticist/ros2_ws/src/build/my_robot_bringup' returned '0': CMAKE_PREFIX_PATH=${CMAKE_PREFIX_PATH}:/home/fouadroboticist/ros2_ws/install/actions_py:/home/fouadroboticist/ros2_ws/install/my_robot_controller:/opt/ros/humble /usr/bin/cmake /home/fouadroboticist/ros2_ws/src/my_robot_bringup -DCMAKE_INSTALL_PREFIX=/home/fouadroboticist/ros2_ws/src/install/my_robot_bringup
[12.527s] DEBUG:colcon.colcon_core.event_handler.log_command:Invoking command in '/home/fouadroboticist/ros2_ws/src/build/my_robot_bringup': CMAKE_PREFIX_PATH=${CMAKE_PREFIX_PATH}:/home/fouadroboticist/ros2_ws/install/actions_py:/home/fouadroboticist/ros2_ws/install/my_robot_controller:/opt/ros/humble /usr/bin/cmake --build /home/fouadroboticist/ros2_ws/src/build/my_robot_bringup -- -j4 -l4
[12.652s] DEBUG:colcon.colcon_core.event_handler.log_command:Invoked command in '/home/fouadroboticist/ros2_ws/src/build/my_robot_bringup' returned '0': CMAKE_PREFIX_PATH=${CMAKE_PREFIX_PATH}:/home/fouadroboticist/ros2_ws/install/actions_py:/home/fouadroboticist/ros2_ws/install/my_robot_controller:/opt/ros/humble /usr/bin/cmake --build /home/fouadroboticist/ros2_ws/src/build/my_robot_bringup -- -j4 -l4
[12.761s] DEBUG:colcon.colcon_core.event_handler.log_command:Invoking command in '/home/fouadroboticist/ros2_ws/src/build/my_robot_bringup': CMAKE_PREFIX_PATH=${CMAKE_PREFIX_PATH}:/home/fouadroboticist/ros2_ws/install/actions_py:/home/fouadroboticist/ros2_ws/install/my_robot_controller:/opt/ros/humble /usr/bin/cmake --install /home/fouadroboticist/ros2_ws/src/build/my_robot_bringup
[12.835s] Level 1:colcon.colcon_core.environment:create_environment_scripts_only(my_robot_bringup)
[12.836s] DEBUG:colcon.colcon_core.event_handler.log_command:Invoked command in '/home/fouadroboticist/ros2_ws/src/build/my_robot_bringup' returned '0': CMAKE_PREFIX_PATH=${CMAKE_PREFIX_PATH}:/home/fouadroboticist/ros2_ws/install/actions_py:/home/fouadroboticist/ros2_ws/install/my_robot_controller:/opt/ros/humble /usr/bin/cmake --install /home/fouadroboticist/ros2_ws/src/build/my_robot_bringup
[12.855s] Level 1:colcon.colcon_core.environment:checking '/home/fouadroboticist/ros2_ws/src/install/my_robot_bringup' for CMake module files
[12.856s] Level 1:colcon.colcon_core.environment:checking '/home/fouadroboticist/ros2_ws/src/install/my_robot_bringup' for CMake config files
[12.857s] Level 1:colcon.colcon_core.shell:create_environment_hook('my_robot_bringup', 'cmake_prefix_path')
[12.857s] INFO:colcon.colcon_core.shell:Creating environment hook '/home/fouadroboticist/ros2_ws/src/install/my_robot_bringup/share/my_robot_bringup/hook/cmake_prefix_path.ps1'
[12.862s] INFO:colcon.colcon_core.shell:Creating environment descriptor '/home/fouadroboticist/ros2_ws/src/install/my_robot_bringup/share/my_robot_bringup/hook/cmake_prefix_path.dsv'
[12.863s] INFO:colcon.colcon_core.shell:Creating environment hook '/home/fouadroboticist/ros2_ws/src/install/my_robot_bringup/share/my_robot_bringup/hook/cmake_prefix_path.sh'
[12.867s] Level 1:colcon.colcon_core.environment:checking '/home/fouadroboticist/ros2_ws/src/install/my_robot_bringup/bin'
[12.867s] Level 1:colcon.colcon_core.environment:checking '/home/fouadroboticist/ros2_ws/src/install/my_robot_bringup/lib/pkgconfig/my_robot_bringup.pc'
[12.868s] Level 1:colcon.colcon_core.environment:checking '/home/fouadroboticist/ros2_ws/src/install/my_robot_bringup/lib/python3.10/site-packages'
[12.868s] Level 1:colcon.colcon_core.environment:checking '/home/fouadroboticist/ros2_ws/src/install/my_robot_bringup/bin'
[12.869s] INFO:colcon.colcon_core.shell:Creating package script '/home/fouadroboticist/ros2_ws/src/install/my_robot_bringup/share/my_robot_bringup/package.ps1'
[12.874s] INFO:colcon.colcon_core.shell:Creating package descriptor '/home/fouadroboticist/ros2_ws/src/install/my_robot_bringup/share/my_robot_bringup/package.dsv'
[12.877s] INFO:colcon.colcon_core.shell:Creating package script '/home/fouadroboticist/ros2_ws/src/install/my_robot_bringup/share/my_robot_bringup/package.sh'
[12.881s] INFO:colcon.colcon_core.shell:Creating package script '/home/fouadroboticist/ros2_ws/src/install/my_robot_bringup/share/my_robot_bringup/package.bash'
[12.885s] INFO:colcon.colcon_core.shell:Creating package script '/home/fouadroboticist/ros2_ws/src/install/my_robot_bringup/share/my_robot_bringup/package.zsh'
[12.887s] Level 1:colcon.colcon_core.environment:create_file_with_runtime_dependencies(/home/fouadroboticist/ros2_ws/src/install/my_robot_bringup/share/colcon-core/packages/my_robot_bringup)
[12.964s] Level 1:colcon.colcon_core.environment:create_environment_scripts_only(my_robot_bringup)
[12.965s] Level 1:colcon.colcon_core.environment:checking '/home/fouadroboticist/ros2_ws/src/install/my_robot_bringup' for CMake module files
[12.966s] Level 1:colcon.colcon_core.environment:checking '/home/fouadroboticist/ros2_ws/src/install/my_robot_bringup' for CMake config files
[12.967s] Level 1:colcon.colcon_core.shell:create_environment_hook('my_robot_bringup', 'cmake_prefix_path')
[12.968s] INFO:colcon.colcon_core.shell:Creating environment hook '/home/fouadroboticist/ros2_ws/src/install/my_robot_bringup/share/my_robot_bringup/hook/cmake_prefix_path.ps1'
[12.970s] INFO:colcon.colcon_core.shell:Creating environment descriptor '/home/fouadroboticist/ros2_ws/src/install/my_robot_bringup/share/my_robot_bringup/hook/cmake_prefix_path.dsv'
[12.972s] INFO:colcon.colcon_core.shell:Creating environment hook '/home/fouadroboticist/ros2_ws/src/install/my_robot_bringup/share/my_robot_bringup/hook/cmake_prefix_path.sh'
[12.975s] Level 1:colcon.colcon_core.environment:checking '/home/fouadroboticist/ros2_ws/src/install/my_robot_bringup/bin'
[12.975s] Level 1:colcon.colcon_core.environment:checking '/home/fouadroboticist/ros2_ws/src/install/my_robot_bringup/lib/pkgconfig/my_robot_bringup.pc'
[12.976s] Level 1:colcon.colcon_core.environment:checking '/home/fouadroboticist/ros2_ws/src/install/my_robot_bringup/lib/python3.10/site-packages'
[12.977s] Level 1:colcon.colcon_core.environment:checking '/home/fouadroboticist/ros2_ws/src/install/my_robot_bringup/bin'
[12.978s] INFO:colcon.colcon_core.shell:Creating package script '/home/fouadroboticist/ros2_ws/src/install/my_robot_bringup/share/my_robot_bringup/package.ps1'
[12.980s] INFO:colcon.colcon_core.shell:Creating package descriptor '/home/fouadroboticist/ros2_ws/src/install/my_robot_bringup/share/my_robot_bringup/package.dsv'
[12.982s] INFO:colcon.colcon_core.shell:Creating package script '/home/fouadroboticist/ros2_ws/src/install/my_robot_bringup/share/my_robot_bringup/package.sh'
[12.983s] INFO:colcon.colcon_core.shell:Creating package script '/home/fouadroboticist/ros2_ws/src/install/my_robot_bringup/share/my_robot_bringup/package.bash'
[12.984s] INFO:colcon.colcon_core.shell:Creating package script '/home/fouadroboticist/ros2_ws/src/install/my_robot_bringup/share/my_robot_bringup/package.zsh'
[12.985s] Level 1:colcon.colcon_core.environment:create_file_with_runtime_dependencies(/home/fouadroboticist/ros2_ws/src/install/my_robot_bringup/share/colcon-core/packages/my_robot_bringup)
[12.986s] DEBUG:colcon.colcon_parallel_executor.executor.parallel:closing loop
[12.987s] DEBUG:colcon.colcon_parallel_executor.executor.parallel:loop closed
[12.988s] DEBUG:colcon.colcon_parallel_executor.executor.parallel:run_until_complete finished with '0'
[12.989s] DEBUG:colcon.colcon_core.event_reactor:joining thread
[13.077s] INFO:colcon.colcon_core.plugin_system:Skipping extension 'colcon_notification.desktop_notification.terminal_notifier': Not used on non-Darwin systems
[13.077s] INFO:colcon.colcon_core.plugin_system:Skipping extension 'colcon_notification.desktop_notification.win32': Not used on non-Windows systems
[13.077s] INFO:colcon.colcon_notification.desktop_notification:Sending desktop notification using 'notify2'
[13.945s] DEBUG:colcon.colcon_core.event_reactor:joined thread
[13.948s] INFO:colcon.colcon_core.shell:Creating prefix script '/home/fouadroboticist/ros2_ws/src/install/local_setup.ps1'
[13.954s] INFO:colcon.colcon_core.shell:Creating prefix util module '/home/fouadroboticist/ros2_ws/src/install/_local_setup_util_ps1.py'
[13.964s] INFO:colcon.colcon_core.shell:Creating prefix chain script '/home/fouadroboticist/ros2_ws/src/install/setup.ps1'
[13.973s] INFO:colcon.colcon_core.shell:Creating prefix script '/home/fouadroboticist/ros2_ws/src/install/local_setup.sh'
[13.977s] INFO:colcon.colcon_core.shell:Creating prefix util module '/home/fouadroboticist/ros2_ws/src/install/_local_setup_util_sh.py'
[13.982s] INFO:colcon.colcon_core.shell:Creating prefix chain script '/home/fouadroboticist/ros2_ws/src/install/setup.sh'
[13.985s] INFO:colcon.colcon_core.shell:Creating prefix script '/home/fouadroboticist/ros2_ws/src/install/local_setup.bash'
[13.990s] INFO:colcon.colcon_core.shell:Creating prefix chain script '/home/fouadroboticist/ros2_ws/src/install/setup.bash'
[13.997s] INFO:colcon.colcon_core.shell:Creating prefix script '/home/fouadroboticist/ros2_ws/src/install/local_setup.zsh'
[14.003s] INFO:colcon.colcon_core.shell:Creating prefix chain script '/home/fouadroboticist/ros2_ws/src/install/setup.zsh'
