[0.080s] Invoking command in '/home/fouadroboticist/ros2_ws/build/my_robot_bringup': CMAKE_PREFIX_PATH=${CMAKE_PREFIX_PATH}:/home/fouadroboticist/ros2_ws/install/actions_py:/home/fouadroboticist/ros2_ws/install/my_robot_controller:/opt/ros/humble /usr/bin/cmake --build /home/fouadroboticist/ros2_ws/build/my_robot_bringup -- -j4 -l4
[0.265s] Invoked command in '/home/fouadroboticist/ros2_ws/build/my_robot_bringup' returned '0': CMAKE_PREFIX_PATH=${CMAKE_PREFIX_PATH}:/home/fouadroboticist/ros2_ws/install/actions_py:/home/fouadroboticist/ros2_ws/install/my_robot_controller:/opt/ros/humble /usr/bin/cmake --build /home/fouadroboticist/ros2_ws/build/my_robot_bringup -- -j4 -l4
[0.467s] Invoking command in '/home/fouadroboticist/ros2_ws/build/my_robot_bringup': CMAKE_PREFIX_PATH=${CMAKE_PREFIX_PATH}:/home/fouadroboticist/ros2_ws/install/actions_py:/home/fouadroboticist/ros2_ws/install/my_robot_controller:/opt/ros/humble /usr/bin/cmake --install /home/fouadroboticist/ros2_ws/build/my_robot_bringup
[0.504s] -- Install configuration: ""
[0.504s] -- Up-to-date: /home/fouadroboticist/ros2_ws/install/my_robot_bringup/share/my_robot_bringup/launch
[0.505s] -- Installing: /home/fouadroboticist/ros2_ws/install/my_robot_bringup/share/my_robot_bringup/launch/demo.launch.yaml
[0.506s] -- Up-to-date: /home/fouadroboticist/ros2_ws/install/my_robot_bringup/share/my_robot_bringup/launch/demo.launch.xml
[0.506s] -- Up-to-date: /home/fouadroboticist/ros2_ws/install/my_robot_bringup/share/my_robot_bringup/launch/demo.launch.py
[0.507s] -- Up-to-date: /home/fouadroboticist/ros2_ws/install/my_robot_bringup/share/ament_index/resource_index/package_run_dependencies/my_robot_bringup
[0.507s] -- Up-to-date: /home/fouadroboticist/ros2_ws/install/my_robot_bringup/share/ament_index/resource_index/parent_prefix_path/my_robot_bringup
[0.508s] -- Up-to-date: /home/fouadroboticist/ros2_ws/install/my_robot_bringup/share/my_robot_bringup/environment/ament_prefix_path.sh
[0.509s] -- Up-to-date: /home/fouadroboticist/ros2_ws/install/my_robot_bringup/share/my_robot_bringup/environment/ament_prefix_path.dsv
[0.510s] -- Up-to-date: /home/fouadroboticist/ros2_ws/install/my_robot_bringup/share/my_robot_bringup/environment/path.sh
[0.510s] -- Up-to-date: /home/fouadroboticist/ros2_ws/install/my_robot_bringup/share/my_robot_bringup/environment/path.dsv
[0.510s] -- Up-to-date: /home/fouadroboticist/ros2_ws/install/my_robot_bringup/share/my_robot_bringup/local_setup.bash
[0.511s] -- Up-to-date: /home/fouadroboticist/ros2_ws/install/my_robot_bringup/share/my_robot_bringup/local_setup.sh
[0.511s] -- Up-to-date: /home/fouadroboticist/ros2_ws/install/my_robot_bringup/share/my_robot_bringup/local_setup.zsh
[0.519s] -- Up-to-date: /home/fouadroboticist/ros2_ws/install/my_robot_bringup/share/my_robot_bringup/local_setup.dsv
[0.522s] -- Installing: /home/fouadroboticist/ros2_ws/install/my_robot_bringup/share/my_robot_bringup/package.dsv
[0.523s] -- Up-to-date: /home/fouadroboticist/ros2_ws/install/my_robot_bringup/share/ament_index/resource_index/packages/my_robot_bringup
[0.524s] -- Up-to-date: /home/fouadroboticist/ros2_ws/install/my_robot_bringup/share/my_robot_bringup/cmake/my_robot_bringupConfig.cmake
[0.525s] -- Up-to-date: /home/fouadroboticist/ros2_ws/install/my_robot_bringup/share/my_robot_bringup/cmake/my_robot_bringupConfig-version.cmake
[0.529s] -- Up-to-date: /home/fouadroboticist/ros2_ws/install/my_robot_bringup/share/my_robot_bringup/package.xml
[0.532s] Invoked command in '/home/fouadroboticist/ros2_ws/build/my_robot_bringup' returned '0': CMAKE_PREFIX_PATH=${CMAKE_PREFIX_PATH}:/home/fouadroboticist/ros2_ws/install/actions_py:/home/fouadroboticist/ros2_ws/install/my_robot_controller:/opt/ros/humble /usr/bin/cmake --install /home/fouadroboticist/ros2_ws/build/my_robot_bringup
