[3.796s] Invoking command in '/home/fouadroboticist/ros2_ws/src/actions_py': CMAKE_PREFIX_PATH=/home/fouadroboticist/ros2_ws/install/my_robot_interfaces:/home/fouadroboticist/ros2_ws/install/robot_description:/home/fouadroboticist/ros2_ws/install/my_robot_control:/home/fouadroboticist/ros2_ws/install/my_robot_bringup:/home/fouadroboticist/ros2_ws/install/my_custom_pkg PYTHONPATH=/home/fouadroboticist/ros2_ws/build/actions_py/prefix_override:/usr/lib/python3/dist-packages/colcon_core/task/python/colcon_distutils_commands:/home/fouadroboticist/ros2_ws/install/actions_py/lib/python3.10/site-packages:${PYTHONPATH} /usr/bin/python3 -W ignore:setup.py install is deprecated setup.py egg_info --egg-base ../../build/actions_py build --build-base /home/fouadroboticist/ros2_ws/build/actions_py/build install --record /home/fouadroboticist/ros2_ws/build/actions_py/install.log --single-version-externally-managed install_data
[4.545s] running egg_info
[4.547s] writing ../../build/actions_py/actions_py.egg-info/PKG-INFO
[4.548s] writing dependency_links to ../../build/actions_py/actions_py.egg-info/dependency_links.txt
[4.549s] writing entry points to ../../build/actions_py/actions_py.egg-info/entry_points.txt
[4.553s] writing requirements to ../../build/actions_py/actions_py.egg-info/requires.txt
[4.554s] writing top-level names to ../../build/actions_py/actions_py.egg-info/top_level.txt
[4.556s] reading manifest file '../../build/actions_py/actions_py.egg-info/SOURCES.txt'
[4.561s] writing manifest file '../../build/actions_py/actions_py.egg-info/SOURCES.txt'
[4.561s] running build
[4.562s] running build_py
[4.562s] copying actions_py/__init__.py -> /home/fouadroboticist/ros2_ws/build/actions_py/build/lib/actions_py
[4.563s] copying actions_py/count_until_server.py -> /home/fouadroboticist/ros2_ws/build/actions_py/build/lib/actions_py
[4.566s] copying actions_py/count_until_client.py -> /home/fouadroboticist/ros2_ws/build/actions_py/build/lib/actions_py
[4.570s] running install
[4.571s] running install_lib
[4.573s] copying /home/fouadroboticist/ros2_ws/build/actions_py/build/lib/actions_py/__init__.py -> /home/fouadroboticist/ros2_ws/install/actions_py/lib/python3.10/site-packages/actions_py
[4.574s] copying /home/fouadroboticist/ros2_ws/build/actions_py/build/lib/actions_py/count_until_server.py -> /home/fouadroboticist/ros2_ws/install/actions_py/lib/python3.10/site-packages/actions_py
[4.575s] copying /home/fouadroboticist/ros2_ws/build/actions_py/build/lib/actions_py/count_until_client.py -> /home/fouadroboticist/ros2_ws/install/actions_py/lib/python3.10/site-packages/actions_py
[4.576s] byte-compiling /home/fouadroboticist/ros2_ws/install/actions_py/lib/python3.10/site-packages/actions_py/__init__.py to __init__.cpython-310.pyc
[4.577s] byte-compiling /home/fouadroboticist/ros2_ws/install/actions_py/lib/python3.10/site-packages/actions_py/count_until_server.py to count_until_server.cpython-310.pyc
[4.579s] byte-compiling /home/fouadroboticist/ros2_ws/install/actions_py/lib/python3.10/site-packages/actions_py/count_until_client.py to count_until_client.cpython-310.pyc
[4.580s] running install_data
[4.581s] copying resource/actions_py -> /home/fouadroboticist/ros2_ws/install/actions_py/share/ament_index/resource_index/packages
[4.581s] copying package.xml -> /home/fouadroboticist/ros2_ws/install/actions_py/share/actions_py
[4.582s] running install_egg_info
[4.588s] removing '/home/fouadroboticist/ros2_ws/install/actions_py/lib/python3.10/site-packages/actions_py-0.0.0-py3.10.egg-info' (and everything under it)
[4.589s] Copying ../../build/actions_py/actions_py.egg-info to /home/fouadroboticist/ros2_ws/install/actions_py/lib/python3.10/site-packages/actions_py-0.0.0-py3.10.egg-info
[4.594s] running install_scripts
[4.658s] Installing count_until_client script to /home/fouadroboticist/ros2_ws/install/actions_py/lib/actions_py
[4.658s] Installing count_until_server script to /home/fouadroboticist/ros2_ws/install/actions_py/lib/actions_py
[4.659s] writing list of installed files to '/home/fouadroboticist/ros2_ws/build/actions_py/install.log'
[4.732s] Invoked command in '/home/fouadroboticist/ros2_ws/src/actions_py' returned '0': CMAKE_PREFIX_PATH=/home/fouadroboticist/ros2_ws/install/my_robot_interfaces:/home/fouadroboticist/ros2_ws/install/robot_description:/home/fouadroboticist/ros2_ws/install/my_robot_control:/home/fouadroboticist/ros2_ws/install/my_robot_bringup:/home/fouadroboticist/ros2_ws/install/my_custom_pkg PYTHONPATH=/home/fouadroboticist/ros2_ws/build/actions_py/prefix_override:/usr/lib/python3/dist-packages/colcon_core/task/python/colcon_distutils_commands:/home/fouadroboticist/ros2_ws/install/actions_py/lib/python3.10/site-packages:${PYTHONPATH} /usr/bin/python3 -W ignore:setup.py install is deprecated setup.py egg_info --egg-base ../../build/actions_py build --build-base /home/fouadroboticist/ros2_ws/build/actions_py/build install --record /home/fouadroboticist/ros2_ws/build/actions_py/install.log --single-version-externally-managed install_data
