[0.113s] Invoking command in '/home/fouadroboticist/ros2_ws/build/my_custom_pkg': CMAKE_PREFIX_PATH=${CMAKE_PREFIX_PATH}:/home/fouadroboticist/ros2_ws/install/tutorials_py:/home/fouadroboticist/ros2_ws/install/my_robot_controller:/home/fouadroboticist/ros2_ws/install/actions_py:/opt/ros/humble /usr/bin/cmake --build /home/fouadroboticist/ros2_ws/build/my_custom_pkg -- -j4 -l4
[0.689s] [  0%] Built target ament_cmake_python_copy_my_custom_pkg
[0.740s] [ 50%] Built target cpp_exe
[0.751s] [100%] Built target motor_controller_component
[2.394s] running egg_info
[2.398s] writing my_custom_pkg.egg-info/PKG-INFO
[2.399s] writing dependency_links to my_custom_pkg.egg-info/dependency_links.txt
[2.400s] writing top-level names to my_custom_pkg.egg-info/top_level.txt
[2.414s] reading manifest file 'my_custom_pkg.egg-info/SOURCES.txt'
[2.420s] writing manifest file 'my_custom_pkg.egg-info/SOURCES.txt'
[2.512s] [100%] Built target ament_cmake_python_build_my_custom_pkg_egg
[2.853s] Invoked command in '/home/fouadroboticist/ros2_ws/build/my_custom_pkg' returned '0': CMAKE_PREFIX_PATH=${CMAKE_PREFIX_PATH}:/home/fouadroboticist/ros2_ws/install/tutorials_py:/home/fouadroboticist/ros2_ws/install/my_robot_controller:/home/fouadroboticist/ros2_ws/install/actions_py:/opt/ros/humble /usr/bin/cmake --build /home/fouadroboticist/ros2_ws/build/my_custom_pkg -- -j4 -l4
[2.997s] Invoking command in '/home/fouadroboticist/ros2_ws/build/my_custom_pkg': CMAKE_PREFIX_PATH=${CMAKE_PREFIX_PATH}:/home/fouadroboticist/ros2_ws/install/tutorials_py:/home/fouadroboticist/ros2_ws/install/my_robot_controller:/home/fouadroboticist/ros2_ws/install/actions_py:/opt/ros/humble /usr/bin/cmake --install /home/fouadroboticist/ros2_ws/build/my_custom_pkg
[3.030s] -- Install configuration: ""
[3.035s] -- Up-to-date: /home/fouadroboticist/ros2_ws/install/my_custom_pkg/lib/libmotor_controller_component.so
[3.038s] -- Up-to-date: /home/fouadroboticist/ros2_ws/install/my_custom_pkg/share/my_custom_pkg/environment/pythonpath.sh
[3.040s] -- Up-to-date: /home/fouadroboticist/ros2_ws/install/my_custom_pkg/share/my_custom_pkg/environment/pythonpath.dsv
[3.042s] -- Up-to-date: /home/fouadroboticist/ros2_ws/install/my_custom_pkg/local/lib/python3.10/dist-packages/my_custom_pkg-0.0.0-py3.10.egg-info
[3.043s] -- Installing: /home/fouadroboticist/ros2_ws/install/my_custom_pkg/local/lib/python3.10/dist-packages/my_custom_pkg-0.0.0-py3.10.egg-info/SOURCES.txt
[3.046s] -- Installing: /home/fouadroboticist/ros2_ws/install/my_custom_pkg/local/lib/python3.10/dist-packages/my_custom_pkg-0.0.0-py3.10.egg-info/dependency_links.txt
[3.049s] -- Installing: /home/fouadroboticist/ros2_ws/install/my_custom_pkg/local/lib/python3.10/dist-packages/my_custom_pkg-0.0.0-py3.10.egg-info/top_level.txt
[3.051s] -- Installing: /home/fouadroboticist/ros2_ws/install/my_custom_pkg/local/lib/python3.10/dist-packages/my_custom_pkg-0.0.0-py3.10.egg-info/PKG-INFO
[3.052s] -- Up-to-date: /home/fouadroboticist/ros2_ws/install/my_custom_pkg/local/lib/python3.10/dist-packages/my_custom_pkg
[3.052s] -- Up-to-date: /home/fouadroboticist/ros2_ws/install/my_custom_pkg/local/lib/python3.10/dist-packages/my_custom_pkg/__init__.py
[3.053s] -- Up-to-date: /home/fouadroboticist/ros2_ws/install/my_custom_pkg/local/lib/python3.10/dist-packages/my_custom_pkg/module_to_import.py
[3.189s] Listing '/home/fouadroboticist/ros2_ws/install/my_custom_pkg/local/lib/python3.10/dist-packages/my_custom_pkg'...
[3.206s] -- Up-to-date: /home/fouadroboticist/ros2_ws/install/my_custom_pkg/lib/my_custom_pkg/composition.py
[3.206s] -- Up-to-date: /home/fouadroboticist/ros2_ws/install/my_custom_pkg/share/ament_index/resource_index/package_run_dependencies/my_custom_pkg
[3.208s] -- Up-to-date: /home/fouadroboticist/ros2_ws/install/my_custom_pkg/share/ament_index/resource_index/parent_prefix_path/my_custom_pkg
[3.208s] -- Up-to-date: /home/fouadroboticist/ros2_ws/install/my_custom_pkg/share/my_custom_pkg/environment/ament_prefix_path.sh
[3.209s] -- Up-to-date: /home/fouadroboticist/ros2_ws/install/my_custom_pkg/share/my_custom_pkg/environment/ament_prefix_path.dsv
[3.209s] -- Up-to-date: /home/fouadroboticist/ros2_ws/install/my_custom_pkg/share/my_custom_pkg/environment/path.sh
[3.210s] -- Up-to-date: /home/fouadroboticist/ros2_ws/install/my_custom_pkg/share/my_custom_pkg/environment/path.dsv
[3.210s] -- Up-to-date: /home/fouadroboticist/ros2_ws/install/my_custom_pkg/share/my_custom_pkg/local_setup.bash
[3.211s] -- Up-to-date: /home/fouadroboticist/ros2_ws/install/my_custom_pkg/share/my_custom_pkg/local_setup.sh
[3.212s] -- Up-to-date: /home/fouadroboticist/ros2_ws/install/my_custom_pkg/share/my_custom_pkg/local_setup.zsh
[3.212s] -- Up-to-date: /home/fouadroboticist/ros2_ws/install/my_custom_pkg/share/my_custom_pkg/local_setup.dsv
[3.213s] -- Installing: /home/fouadroboticist/ros2_ws/install/my_custom_pkg/share/my_custom_pkg/package.dsv
[3.213s] -- Up-to-date: /home/fouadroboticist/ros2_ws/install/my_custom_pkg/share/ament_index/resource_index/packages/my_custom_pkg
[3.213s] -- Up-to-date: /home/fouadroboticist/ros2_ws/install/my_custom_pkg/share/my_custom_pkg/cmake/my_custom_pkgConfig.cmake
[3.214s] -- Up-to-date: /home/fouadroboticist/ros2_ws/install/my_custom_pkg/share/my_custom_pkg/cmake/my_custom_pkgConfig-version.cmake
[3.216s] -- Up-to-date: /home/fouadroboticist/ros2_ws/install/my_custom_pkg/share/my_custom_pkg/package.xml
[3.221s] Invoked command in '/home/fouadroboticist/ros2_ws/build/my_custom_pkg' returned '0': CMAKE_PREFIX_PATH=${CMAKE_PREFIX_PATH}:/home/fouadroboticist/ros2_ws/install/tutorials_py:/home/fouadroboticist/ros2_ws/install/my_robot_controller:/home/fouadroboticist/ros2_ws/install/actions_py:/opt/ros/humble /usr/bin/cmake --install /home/fouadroboticist/ros2_ws/build/my_custom_pkg
