[7.027s] Invoking command in '/home/fouadroboticist/ros2_ws/build/my_robot_controller': PYTHONPATH=/home/fouadroboticist/ros2_ws/build/my_robot_controller/prefix_override:/usr/lib/python3/dist-packages/colcon_core/task/python/colcon_distutils_commands:/home/fouadroboticist/ros2_ws/install/my_robot_controller/lib/python3.10/site-packages:${PYTHONPATH} /usr/bin/python3 -W ignore:setup.py install is deprecated setup.py develop --uninstall --editable --build-directory /home/fouadroboticist/ros2_ws/build/my_robot_controller/build
[8.586s] running develop
[8.618s] /usr/lib/python3/dist-packages/setuptools/command/easy_install.py:158: EasyInstallDeprecationWarning: easy_install command is deprecated. Use build and pip and other standards-based tools.
[8.618s]   warnings.warn(
[9.654s] Removing /home/fouadroboticist/ros2_ws/install/my_robot_controller/lib/python3.10/site-packages/my-robot-controller.egg-link (link to .)
[9.747s] Invoked command in '/home/fouadroboticist/ros2_ws/build/my_robot_controller' returned '0': PYTHONPATH=/home/fouadroboticist/ros2_ws/build/my_robot_controller/prefix_override:/usr/lib/python3/dist-packages/colcon_core/task/python/colcon_distutils_commands:/home/fouadroboticist/ros2_ws/install/my_robot_controller/lib/python3.10/site-packages:${PYTHONPATH} /usr/bin/python3 -W ignore:setup.py install is deprecated setup.py develop --uninstall --editable --build-directory /home/fouadroboticist/ros2_ws/build/my_robot_controller/build
[9.749s] Invoking command in '/home/fouadroboticist/ros2_ws/src/my_robot_controller': PYTHONPATH=/home/fouadroboticist/ros2_ws/build/my_robot_controller/prefix_override:/usr/lib/python3/dist-packages/colcon_core/task/python/colcon_distutils_commands:/home/fouadroboticist/ros2_ws/install/my_robot_controller/lib/python3.10/site-packages:${PYTHONPATH} /usr/bin/python3 -W ignore:setup.py install is deprecated setup.py egg_info --egg-base ../../build/my_robot_controller build --build-base /home/fouadroboticist/ros2_ws/build/my_robot_controller/build install --record /home/fouadroboticist/ros2_ws/build/my_robot_controller/install.log --single-version-externally-managed install_data --force
[11.370s] running egg_info
[11.373s] writing ../../build/my_robot_controller/my_robot_controller.egg-info/PKG-INFO
[11.378s] writing dependency_links to ../../build/my_robot_controller/my_robot_controller.egg-info/dependency_links.txt
[11.382s] writing entry points to ../../build/my_robot_controller/my_robot_controller.egg-info/entry_points.txt
[11.385s] writing requirements to ../../build/my_robot_controller/my_robot_controller.egg-info/requires.txt
[11.386s] writing top-level names to ../../build/my_robot_controller/my_robot_controller.egg-info/top_level.txt
[11.393s] reading manifest file '../../build/my_robot_controller/my_robot_controller.egg-info/SOURCES.txt'
[11.402s] writing manifest file '../../build/my_robot_controller/my_robot_controller.egg-info/SOURCES.txt'
[11.402s] running build
[11.403s] running build_py
[11.403s] copying my_robot_controller/pose_subscriber.py -> /home/fouadroboticist/ros2_ws/build/my_robot_controller/build/lib/my_robot_controller
[11.404s] copying my_robot_controller/draw_circle.py -> /home/fouadroboticist/ros2_ws/build/my_robot_controller/build/lib/my_robot_controller
[11.404s] copying my_robot_controller/my_first_node.py -> /home/fouadroboticist/ros2_ws/build/my_robot_controller/build/lib/my_robot_controller
[11.405s] copying my_robot_controller/turtle_controller.py -> /home/fouadroboticist/ros2_ws/build/my_robot_controller/build/lib/my_robot_controller
[11.408s] running install
[11.413s] running install_lib
[11.421s] creating /home/fouadroboticist/ros2_ws/install/my_robot_controller/lib/python3.10/site-packages/my_robot_controller
[11.421s] copying /home/fouadroboticist/ros2_ws/build/my_robot_controller/build/lib/my_robot_controller/pose_subscriber.py -> /home/fouadroboticist/ros2_ws/install/my_robot_controller/lib/python3.10/site-packages/my_robot_controller
[11.422s] copying /home/fouadroboticist/ros2_ws/build/my_robot_controller/build/lib/my_robot_controller/__init__.py -> /home/fouadroboticist/ros2_ws/install/my_robot_controller/lib/python3.10/site-packages/my_robot_controller
[11.422s] copying /home/fouadroboticist/ros2_ws/build/my_robot_controller/build/lib/my_robot_controller/draw_circle.py -> /home/fouadroboticist/ros2_ws/install/my_robot_controller/lib/python3.10/site-packages/my_robot_controller
[11.423s] copying /home/fouadroboticist/ros2_ws/build/my_robot_controller/build/lib/my_robot_controller/my_first_node.py -> /home/fouadroboticist/ros2_ws/install/my_robot_controller/lib/python3.10/site-packages/my_robot_controller
[11.423s] copying /home/fouadroboticist/ros2_ws/build/my_robot_controller/build/lib/my_robot_controller/turtle_controller.py -> /home/fouadroboticist/ros2_ws/install/my_robot_controller/lib/python3.10/site-packages/my_robot_controller
[11.431s] byte-compiling /home/fouadroboticist/ros2_ws/install/my_robot_controller/lib/python3.10/site-packages/my_robot_controller/pose_subscriber.py to pose_subscriber.cpython-310.pyc
[11.441s] byte-compiling /home/fouadroboticist/ros2_ws/install/my_robot_controller/lib/python3.10/site-packages/my_robot_controller/__init__.py to __init__.cpython-310.pyc
[11.442s] byte-compiling /home/fouadroboticist/ros2_ws/install/my_robot_controller/lib/python3.10/site-packages/my_robot_controller/draw_circle.py to draw_circle.cpython-310.pyc
[11.447s] byte-compiling /home/fouadroboticist/ros2_ws/install/my_robot_controller/lib/python3.10/site-packages/my_robot_controller/my_first_node.py to my_first_node.cpython-310.pyc
[11.463s] byte-compiling /home/fouadroboticist/ros2_ws/install/my_robot_controller/lib/python3.10/site-packages/my_robot_controller/turtle_controller.py to turtle_controller.cpython-310.pyc
[11.478s] running install_data
[11.478s] copying resource/my_robot_controller -> /home/fouadroboticist/ros2_ws/install/my_robot_controller/share/ament_index/resource_index/packages
[11.485s] copying package.xml -> /home/fouadroboticist/ros2_ws/install/my_robot_controller/share/my_robot_controller
[11.486s] running install_egg_info
[11.506s] Copying ../../build/my_robot_controller/my_robot_controller.egg-info to /home/fouadroboticist/ros2_ws/install/my_robot_controller/lib/python3.10/site-packages/my_robot_controller-0.0.0-py3.10.egg-info
[11.517s] running install_scripts
[12.006s] Installing draw_circle script to /home/fouadroboticist/ros2_ws/install/my_robot_controller/lib/my_robot_controller
[12.043s] Installing pose_subscriber script to /home/fouadroboticist/ros2_ws/install/my_robot_controller/lib/my_robot_controller
[12.044s] Installing test_node script to /home/fouadroboticist/ros2_ws/install/my_robot_controller/lib/my_robot_controller
[12.044s] Installing turtle_controller script to /home/fouadroboticist/ros2_ws/install/my_robot_controller/lib/my_robot_controller
[12.044s] writing list of installed files to '/home/fouadroboticist/ros2_ws/build/my_robot_controller/install.log'
[12.321s] Invoked command in '/home/fouadroboticist/ros2_ws/src/my_robot_controller' returned '0': PYTHONPATH=/home/fouadroboticist/ros2_ws/build/my_robot_controller/prefix_override:/usr/lib/python3/dist-packages/colcon_core/task/python/colcon_distutils_commands:/home/fouadroboticist/ros2_ws/install/my_robot_controller/lib/python3.10/site-packages:${PYTHONPATH} /usr/bin/python3 -W ignore:setup.py install is deprecated setup.py egg_info --egg-base ../../build/my_robot_controller build --build-base /home/fouadroboticist/ros2_ws/build/my_robot_controller/build install --record /home/fouadroboticist/ros2_ws/build/my_robot_controller/install.log --single-version-externally-managed install_data --force
