[9.165s] Invoking command in '/home/fouadroboticist/ros2_ws/src/actions_py': PYTHONPATH=/home/fouadroboticist/ros2_ws/build/actions_py/prefix_override:/usr/lib/python3/dist-packages/colcon_core/task/python/colcon_distutils_commands:/home/fouadroboticist/ros2_ws/install/actions_py/lib/python3.10/site-packages:${PYTHONPATH} /usr/bin/python3 -W ignore:setup.py install is deprecated setup.py egg_info --egg-base ../../build/actions_py build --build-base /home/fouadroboticist/ros2_ws/build/actions_py/build install --record /home/fouadroboticist/ros2_ws/build/actions_py/install.log --single-version-externally-managed install_data
[10.072s] running egg_info
[10.080s] writing ../../build/actions_py/actions_py.egg-info/PKG-INFO
[10.082s] writing dependency_links to ../../build/actions_py/actions_py.egg-info/dependency_links.txt
[10.083s] writing entry points to ../../build/actions_py/actions_py.egg-info/entry_points.txt
[10.083s] writing requirements to ../../build/actions_py/actions_py.egg-info/requires.txt
[10.084s] writing top-level names to ../../build/actions_py/actions_py.egg-info/top_level.txt
[10.090s] reading manifest file '../../build/actions_py/actions_py.egg-info/SOURCES.txt'
[10.094s] writing manifest file '../../build/actions_py/actions_py.egg-info/SOURCES.txt'
[10.095s] running build
[10.095s] running build_py
[10.101s] running install
[10.102s] running install_lib
[10.107s] running install_data
[10.109s] running install_egg_info
[10.114s] removing '/home/fouadroboticist/ros2_ws/install/actions_py/lib/python3.10/site-packages/actions_py-0.0.0-py3.10.egg-info' (and everything under it)
[10.117s] Copying ../../build/actions_py/actions_py.egg-info to /home/fouadroboticist/ros2_ws/install/actions_py/lib/python3.10/site-packages/actions_py-0.0.0-py3.10.egg-info
[10.124s] running install_scripts
[10.182s] Installing count_until_client script to /home/fouadroboticist/ros2_ws/install/actions_py/lib/actions_py
[10.185s] Installing count_until_server script to /home/fouadroboticist/ros2_ws/install/actions_py/lib/actions_py
[10.186s] writing list of installed files to '/home/fouadroboticist/ros2_ws/build/actions_py/install.log'
[10.247s] Invoked command in '/home/fouadroboticist/ros2_ws/src/actions_py' returned '0': PYTHONPATH=/home/fouadroboticist/ros2_ws/build/actions_py/prefix_override:/usr/lib/python3/dist-packages/colcon_core/task/python/colcon_distutils_commands:/home/fouadroboticist/ros2_ws/install/actions_py/lib/python3.10/site-packages:${PYTHONPATH} /usr/bin/python3 -W ignore:setup.py install is deprecated setup.py egg_info --egg-base ../../build/actions_py build --build-base /home/fouadroboticist/ros2_ws/build/actions_py/build install --record /home/fouadroboticist/ros2_ws/build/actions_py/install.log --single-version-externally-managed install_data
