[0.825s] DEBUG:colcon:Command line arguments: ['/usr/bin/colcon', 'build']
[0.825s] DEBUG:colcon:Parsed command line arguments: Namespace(log_base=None, log_level=None, verb_name='build', build_base='build', install_base='install', merge_install=False, symlink_install=False, test_result_base=None, continue_on_error=False, executor='parallel', parallel_workers=4, event_handlers=None, ignore_user_meta=False, metas=['./colcon.meta'], base_paths=['.'], packages_ignore=None, packages_ignore_regex=None, paths=None, packages_up_to=None, packages_up_to_regex=None, packages_above=None, packages_above_and_dependencies=None, packages_above_depth=None, packages_select_by_dep=None, packages_skip_by_dep=None, packages_skip_up_to=None, packages_select_build_failed=False, packages_skip_build_finished=False, packages_select_test_failures=False, packages_skip_test_passed=False, packages_select=None, packages_skip=None, packages_select_regex=None, packages_skip_regex=None, packages_start=None, packages_end=None, allow_overriding=[], cmake_args=None, cmake_target=None, cmake_target_skip_unavailable=False, cmake_clean_cache=False, cmake_clean_first=False, cmake_force_configure=False, ament_cmake_args=None, catkin_cmake_args=None, catkin_skip_building_tests=False, mixin_files=None, mixin=None, verb_parser=<colcon_mixin.mixin.mixin_argument.MixinArgumentDecorator object at 0x7f363aec2020>, verb_extension=<colcon_core.verb.build.BuildVerb object at 0x7f363aec1180>, main=<bound method BuildVerb.main of <colcon_core.verb.build.BuildVerb object at 0x7f363aec1180>>, mixin_verb=('build',))
[1.385s] Level 1:colcon.colcon_core.package_discovery:discover_packages(colcon_meta) check parameters
[1.386s] Level 1:colcon.colcon_core.package_discovery:discover_packages(recursive) check parameters
[1.386s] Level 1:colcon.colcon_core.package_discovery:discover_packages(ignore) check parameters
[1.386s] Level 1:colcon.colcon_core.package_discovery:discover_packages(path) check parameters
[1.386s] Level 1:colcon.colcon_core.package_discovery:discover_packages(colcon_meta) discover
[1.386s] Level 1:colcon.colcon_core.package_discovery:discover_packages(recursive) discover
[1.386s] INFO:colcon.colcon_core.package_discovery:Crawling recursively for packages in '/home/fouadroboticist/ros2_ws'
[1.387s] Level 1:colcon.colcon_core.package_identification:_identify(.) by extensions ['ignore', 'ignore_ament_install']
[1.387s] Level 1:colcon.colcon_core.package_identification:_identify(.) by extension 'ignore'
[1.387s] Level 1:colcon.colcon_core.package_identification:_identify(.) by extension 'ignore_ament_install'
[1.387s] Level 1:colcon.colcon_core.package_identification:_identify(.) by extensions ['colcon_pkg']
[1.387s] Level 1:colcon.colcon_core.package_identification:_identify(.) by extension 'colcon_pkg'
[1.387s] Level 1:colcon.colcon_core.package_identification:_identify(.) by extensions ['colcon_meta']
[1.387s] Level 1:colcon.colcon_core.package_identification:_identify(.) by extension 'colcon_meta'
[1.388s] Level 1:colcon.colcon_core.package_identification:_identify(.) by extensions ['ros']
[1.388s] Level 1:colcon.colcon_core.package_identification:_identify(.) by extension 'ros'
[1.436s] Level 1:colcon.colcon_core.package_identification:_identify(.) by extensions ['cmake', 'python']
[1.436s] Level 1:colcon.colcon_core.package_identification:_identify(.) by extension 'cmake'
[1.437s] Level 1:colcon.colcon_core.package_identification:_identify(.) by extension 'python'
[1.437s] Level 1:colcon.colcon_core.package_identification:_identify(.) by extensions ['python_setup_py']
[1.437s] Level 1:colcon.colcon_core.package_identification:_identify(.) by extension 'python_setup_py'
[1.437s] Level 1:colcon.colcon_core.package_identification:_identify(Autonomous-Mobile-Manipulator-Robot) by extensions ['ignore', 'ignore_ament_install']
[1.437s] Level 1:colcon.colcon_core.package_identification:_identify(Autonomous-Mobile-Manipulator-Robot) by extension 'ignore'
[1.438s] Level 1:colcon.colcon_core.package_identification:_identify(Autonomous-Mobile-Manipulator-Robot) by extension 'ignore_ament_install'
[1.438s] Level 1:colcon.colcon_core.package_identification:_identify(Autonomous-Mobile-Manipulator-Robot) by extensions ['colcon_pkg']
[1.438s] Level 1:colcon.colcon_core.package_identification:_identify(Autonomous-Mobile-Manipulator-Robot) by extension 'colcon_pkg'
[1.438s] Level 1:colcon.colcon_core.package_identification:_identify(Autonomous-Mobile-Manipulator-Robot) by extensions ['colcon_meta']
[1.438s] Level 1:colcon.colcon_core.package_identification:_identify(Autonomous-Mobile-Manipulator-Robot) by extension 'colcon_meta'
[1.438s] Level 1:colcon.colcon_core.package_identification:_identify(Autonomous-Mobile-Manipulator-Robot) by extensions ['ros']
[1.438s] Level 1:colcon.colcon_core.package_identification:_identify(Autonomous-Mobile-Manipulator-Robot) by extension 'ros'
[1.438s] Level 1:colcon.colcon_core.package_identification:_identify(Autonomous-Mobile-Manipulator-Robot) by extensions ['cmake', 'python']
[1.438s] Level 1:colcon.colcon_core.package_identification:_identify(Autonomous-Mobile-Manipulator-Robot) by extension 'cmake'
[1.438s] Level 1:colcon.colcon_core.package_identification:_identify(Autonomous-Mobile-Manipulator-Robot) by extension 'python'
[1.439s] Level 1:colcon.colcon_core.package_identification:_identify(Autonomous-Mobile-Manipulator-Robot) by extensions ['python_setup_py']
[1.439s] Level 1:colcon.colcon_core.package_identification:_identify(Autonomous-Mobile-Manipulator-Robot) by extension 'python_setup_py'
[1.440s] Level 1:colcon.colcon_core.package_identification:_identify(build) by extensions ['ignore', 'ignore_ament_install']
[1.440s] Level 1:colcon.colcon_core.package_identification:_identify(build) by extension 'ignore'
[1.440s] Level 1:colcon.colcon_core.package_identification:_identify(build) ignored
[1.441s] Level 1:colcon.colcon_core.package_identification:_identify(install) by extensions ['ignore', 'ignore_ament_install']
[1.442s] Level 1:colcon.colcon_core.package_identification:_identify(install) by extension 'ignore'
[1.442s] Level 1:colcon.colcon_core.package_identification:_identify(install) ignored
[1.442s] Level 1:colcon.colcon_core.package_identification:_identify(log) by extensions ['ignore', 'ignore_ament_install']
[1.442s] Level 1:colcon.colcon_core.package_identification:_identify(log) by extension 'ignore'
[1.443s] Level 1:colcon.colcon_core.package_identification:_identify(log) ignored
[1.443s] Level 1:colcon.colcon_core.package_identification:_identify(src) by extensions ['ignore', 'ignore_ament_install']
[1.443s] Level 1:colcon.colcon_core.package_identification:_identify(src) by extension 'ignore'
[1.443s] Level 1:colcon.colcon_core.package_identification:_identify(src) by extension 'ignore_ament_install'
[1.443s] Level 1:colcon.colcon_core.package_identification:_identify(src) by extensions ['colcon_pkg']
[1.443s] Level 1:colcon.colcon_core.package_identification:_identify(src) by extension 'colcon_pkg'
[1.444s] Level 1:colcon.colcon_core.package_identification:_identify(src) by extensions ['colcon_meta']
[1.444s] Level 1:colcon.colcon_core.package_identification:_identify(src) by extension 'colcon_meta'
[1.444s] Level 1:colcon.colcon_core.package_identification:_identify(src) by extensions ['ros']
[1.444s] Level 1:colcon.colcon_core.package_identification:_identify(src) by extension 'ros'
[1.444s] Level 1:colcon.colcon_core.package_identification:_identify(src) by extensions ['cmake', 'python']
[1.444s] Level 1:colcon.colcon_core.package_identification:_identify(src) by extension 'cmake'
[1.445s] Level 1:colcon.colcon_core.package_identification:_identify(src) by extension 'python'
[1.445s] Level 1:colcon.colcon_core.package_identification:_identify(src) by extensions ['python_setup_py']
[1.445s] Level 1:colcon.colcon_core.package_identification:_identify(src) by extension 'python_setup_py'
[1.446s] Level 1:colcon.colcon_core.package_identification:_identify(src/actions_py) by extensions ['ignore', 'ignore_ament_install']
[1.446s] Level 1:colcon.colcon_core.package_identification:_identify(src/actions_py) by extension 'ignore'
[1.446s] Level 1:colcon.colcon_core.package_identification:_identify(src/actions_py) by extension 'ignore_ament_install'
[1.447s] Level 1:colcon.colcon_core.package_identification:_identify(src/actions_py) by extensions ['colcon_pkg']
[1.447s] Level 1:colcon.colcon_core.package_identification:_identify(src/actions_py) by extension 'colcon_pkg'
[1.447s] Level 1:colcon.colcon_core.package_identification:_identify(src/actions_py) by extensions ['colcon_meta']
[1.447s] Level 1:colcon.colcon_core.package_identification:_identify(src/actions_py) by extension 'colcon_meta'
[1.447s] Level 1:colcon.colcon_core.package_identification:_identify(src/actions_py) by extensions ['ros']
[1.447s] Level 1:colcon.colcon_core.package_identification:_identify(src/actions_py) by extension 'ros'
[1.462s] DEBUG:colcon.colcon_core.package_identification:Package 'src/actions_py' with type 'ros.ament_python' and name 'actions_py'
[1.463s] Level 1:colcon.colcon_core.package_identification:_identify(src/build) by extensions ['ignore', 'ignore_ament_install']
[1.463s] Level 1:colcon.colcon_core.package_identification:_identify(src/build) by extension 'ignore'
[1.463s] Level 1:colcon.colcon_core.package_identification:_identify(src/build) ignored
[1.464s] Level 1:colcon.colcon_core.package_identification:_identify(src/install) by extensions ['ignore', 'ignore_ament_install']
[1.464s] Level 1:colcon.colcon_core.package_identification:_identify(src/install) by extension 'ignore'
[1.464s] Level 1:colcon.colcon_core.package_identification:_identify(src/install) ignored
[1.465s] Level 1:colcon.colcon_core.package_identification:_identify(src/log) by extensions ['ignore', 'ignore_ament_install']
[1.465s] Level 1:colcon.colcon_core.package_identification:_identify(src/log) by extension 'ignore'
[1.466s] Level 1:colcon.colcon_core.package_identification:_identify(src/log) ignored
[1.467s] Level 1:colcon.colcon_core.package_identification:_identify(src/my_custom_pkg) by extensions ['ignore', 'ignore_ament_install']
[1.467s] Level 1:colcon.colcon_core.package_identification:_identify(src/my_custom_pkg) by extension 'ignore'
[1.467s] Level 1:colcon.colcon_core.package_identification:_identify(src/my_custom_pkg) by extension 'ignore_ament_install'
[1.467s] Level 1:colcon.colcon_core.package_identification:_identify(src/my_custom_pkg) by extensions ['colcon_pkg']
[1.468s] Level 1:colcon.colcon_core.package_identification:_identify(src/my_custom_pkg) by extension 'colcon_pkg'
[1.468s] Level 1:colcon.colcon_core.package_identification:_identify(src/my_custom_pkg) by extensions ['colcon_meta']
[1.468s] Level 1:colcon.colcon_core.package_identification:_identify(src/my_custom_pkg) by extension 'colcon_meta'
[1.468s] Level 1:colcon.colcon_core.package_identification:_identify(src/my_custom_pkg) by extensions ['ros']
[1.468s] Level 1:colcon.colcon_core.package_identification:_identify(src/my_custom_pkg) by extension 'ros'
[1.471s] DEBUG:colcon.colcon_core.package_identification:Package 'src/my_custom_pkg' with type 'ros.ament_cmake' and name 'my_custom_pkg'
[1.472s] Level 1:colcon.colcon_core.package_identification:_identify(src/my_robot_bringup) by extensions ['ignore', 'ignore_ament_install']
[1.472s] Level 1:colcon.colcon_core.package_identification:_identify(src/my_robot_bringup) by extension 'ignore'
[1.472s] Level 1:colcon.colcon_core.package_identification:_identify(src/my_robot_bringup) by extension 'ignore_ament_install'
[1.472s] Level 1:colcon.colcon_core.package_identification:_identify(src/my_robot_bringup) by extensions ['colcon_pkg']
[1.472s] Level 1:colcon.colcon_core.package_identification:_identify(src/my_robot_bringup) by extension 'colcon_pkg'
[1.472s] Level 1:colcon.colcon_core.package_identification:_identify(src/my_robot_bringup) by extensions ['colcon_meta']
[1.472s] Level 1:colcon.colcon_core.package_identification:_identify(src/my_robot_bringup) by extension 'colcon_meta'
[1.473s] Level 1:colcon.colcon_core.package_identification:_identify(src/my_robot_bringup) by extensions ['ros']
[1.473s] Level 1:colcon.colcon_core.package_identification:_identify(src/my_robot_bringup) by extension 'ros'
[1.474s] DEBUG:colcon.colcon_core.package_identification:Package 'src/my_robot_bringup' with type 'ros.ament_cmake' and name 'my_robot_bringup'
[1.475s] Level 1:colcon.colcon_core.package_identification:_identify(src/my_robot_control) by extensions ['ignore', 'ignore_ament_install']
[1.475s] Level 1:colcon.colcon_core.package_identification:_identify(src/my_robot_control) by extension 'ignore'
[1.476s] Level 1:colcon.colcon_core.package_identification:_identify(src/my_robot_control) by extension 'ignore_ament_install'
[1.476s] Level 1:colcon.colcon_core.package_identification:_identify(src/my_robot_control) by extensions ['colcon_pkg']
[1.476s] Level 1:colcon.colcon_core.package_identification:_identify(src/my_robot_control) by extension 'colcon_pkg'
[1.477s] Level 1:colcon.colcon_core.package_identification:_identify(src/my_robot_control) by extensions ['colcon_meta']
[1.477s] Level 1:colcon.colcon_core.package_identification:_identify(src/my_robot_control) by extension 'colcon_meta'
[1.477s] Level 1:colcon.colcon_core.package_identification:_identify(src/my_robot_control) by extensions ['ros']
[1.477s] Level 1:colcon.colcon_core.package_identification:_identify(src/my_robot_control) by extension 'ros'
[1.479s] DEBUG:colcon.colcon_core.package_identification:Package 'src/my_robot_control' with type 'ros.ament_cmake' and name 'my_robot_control'
[1.479s] Level 1:colcon.colcon_core.package_identification:_identify(src/my_robot_controller) by extensions ['ignore', 'ignore_ament_install']
[1.479s] Level 1:colcon.colcon_core.package_identification:_identify(src/my_robot_controller) by extension 'ignore'
[1.480s] Level 1:colcon.colcon_core.package_identification:_identify(src/my_robot_controller) by extension 'ignore_ament_install'
[1.480s] Level 1:colcon.colcon_core.package_identification:_identify(src/my_robot_controller) by extensions ['colcon_pkg']
[1.480s] Level 1:colcon.colcon_core.package_identification:_identify(src/my_robot_controller) by extension 'colcon_pkg'
[1.480s] Level 1:colcon.colcon_core.package_identification:_identify(src/my_robot_controller) by extensions ['colcon_meta']
[1.480s] Level 1:colcon.colcon_core.package_identification:_identify(src/my_robot_controller) by extension 'colcon_meta'
[1.480s] Level 1:colcon.colcon_core.package_identification:_identify(src/my_robot_controller) by extensions ['ros']
[1.480s] Level 1:colcon.colcon_core.package_identification:_identify(src/my_robot_controller) by extension 'ros'
[1.483s] DEBUG:colcon.colcon_core.package_identification:Package 'src/my_robot_controller' with type 'ros.ament_python' and name 'my_robot_controller'
[1.484s] Level 1:colcon.colcon_core.package_identification:_identify(src/my_robot_interfaces) by extensions ['ignore', 'ignore_ament_install']
[1.484s] Level 1:colcon.colcon_core.package_identification:_identify(src/my_robot_interfaces) by extension 'ignore'
[1.484s] Level 1:colcon.colcon_core.package_identification:_identify(src/my_robot_interfaces) by extension 'ignore_ament_install'
[1.484s] Level 1:colcon.colcon_core.package_identification:_identify(src/my_robot_interfaces) by extensions ['colcon_pkg']
[1.484s] Level 1:colcon.colcon_core.package_identification:_identify(src/my_robot_interfaces) by extension 'colcon_pkg'
[1.485s] Level 1:colcon.colcon_core.package_identification:_identify(src/my_robot_interfaces) by extensions ['colcon_meta']
[1.485s] Level 1:colcon.colcon_core.package_identification:_identify(src/my_robot_interfaces) by extension 'colcon_meta'
[1.485s] Level 1:colcon.colcon_core.package_identification:_identify(src/my_robot_interfaces) by extensions ['ros']
[1.485s] Level 1:colcon.colcon_core.package_identification:_identify(src/my_robot_interfaces) by extension 'ros'
[1.487s] DEBUG:colcon.colcon_core.package_identification:Package 'src/my_robot_interfaces' with type 'ros.ament_cmake' and name 'my_robot_interfaces'
[1.487s] Level 1:colcon.colcon_core.package_identification:_identify(src/robot_description) by extensions ['ignore', 'ignore_ament_install']
[1.487s] Level 1:colcon.colcon_core.package_identification:_identify(src/robot_description) by extension 'ignore'
[1.487s] Level 1:colcon.colcon_core.package_identification:_identify(src/robot_description) by extension 'ignore_ament_install'
[1.487s] Level 1:colcon.colcon_core.package_identification:_identify(src/robot_description) by extensions ['colcon_pkg']
[1.487s] Level 1:colcon.colcon_core.package_identification:_identify(src/robot_description) by extension 'colcon_pkg'
[1.487s] Level 1:colcon.colcon_core.package_identification:_identify(src/robot_description) by extensions ['colcon_meta']
[1.487s] Level 1:colcon.colcon_core.package_identification:_identify(src/robot_description) by extension 'colcon_meta'
[1.487s] Level 1:colcon.colcon_core.package_identification:_identify(src/robot_description) by extensions ['ros']
[1.488s] Level 1:colcon.colcon_core.package_identification:_identify(src/robot_description) by extension 'ros'
[1.489s] DEBUG:colcon.colcon_core.package_identification:Package 'src/robot_description' with type 'ros.ament_cmake' and name 'robot_description'
[1.489s] Level 1:colcon.colcon_core.package_identification:_identify(src/tutorials_py) by extensions ['ignore', 'ignore_ament_install']
[1.489s] Level 1:colcon.colcon_core.package_identification:_identify(src/tutorials_py) by extension 'ignore'
[1.490s] Level 1:colcon.colcon_core.package_identification:_identify(src/tutorials_py) by extension 'ignore_ament_install'
[1.490s] Level 1:colcon.colcon_core.package_identification:_identify(src/tutorials_py) by extensions ['colcon_pkg']
[1.490s] Level 1:colcon.colcon_core.package_identification:_identify(src/tutorials_py) by extension 'colcon_pkg'
[1.490s] Level 1:colcon.colcon_core.package_identification:_identify(src/tutorials_py) by extensions ['colcon_meta']
[1.490s] Level 1:colcon.colcon_core.package_identification:_identify(src/tutorials_py) by extension 'colcon_meta'
[1.490s] Level 1:colcon.colcon_core.package_identification:_identify(src/tutorials_py) by extensions ['ros']
[1.490s] Level 1:colcon.colcon_core.package_identification:_identify(src/tutorials_py) by extension 'ros'
[1.492s] DEBUG:colcon.colcon_core.package_identification:Package 'src/tutorials_py' with type 'ros.ament_python' and name 'tutorials_py'
[1.492s] Level 1:colcon.colcon_core.package_discovery:discover_packages(recursive) using defaults
[1.492s] Level 1:colcon.colcon_core.package_discovery:discover_packages(ignore) discover
[1.493s] Level 1:colcon.colcon_core.package_discovery:discover_packages(ignore) using defaults
[1.493s] Level 1:colcon.colcon_core.package_discovery:discover_packages(path) discover
[1.493s] Level 1:colcon.colcon_core.package_discovery:discover_packages(path) using defaults
[1.600s] Level 1:colcon.colcon_core.package_discovery:discover_packages(prefix_path) check parameters
[1.600s] Level 1:colcon.colcon_core.package_discovery:discover_packages(prefix_path) discover
[1.624s] DEBUG:colcon.colcon_installed_package_information.package_discovery:Found 8 installed packages in /home/fouadroboticist/ros2_ws/install
[1.630s] DEBUG:colcon.colcon_installed_package_information.package_discovery:Found 387 installed packages in /opt/ros/humble
[1.660s] Level 1:colcon.colcon_core.package_discovery:discover_packages(prefix_path) using defaults
[1.968s] Level 5:colcon.colcon_core.verb:set package 'my_custom_pkg' build argument 'cmake_args' from command line to 'None'
[1.968s] Level 5:colcon.colcon_core.verb:set package 'my_custom_pkg' build argument 'cmake_target' from command line to 'None'
[1.968s] Level 5:colcon.colcon_core.verb:set package 'my_custom_pkg' build argument 'cmake_target_skip_unavailable' from command line to 'False'
[1.968s] Level 5:colcon.colcon_core.verb:set package 'my_custom_pkg' build argument 'cmake_clean_cache' from command line to 'False'
[1.968s] Level 5:colcon.colcon_core.verb:set package 'my_custom_pkg' build argument 'cmake_clean_first' from command line to 'False'
[1.968s] Level 5:colcon.colcon_core.verb:set package 'my_custom_pkg' build argument 'cmake_force_configure' from command line to 'False'
[1.968s] Level 5:colcon.colcon_core.verb:set package 'my_custom_pkg' build argument 'ament_cmake_args' from command line to 'None'
[1.968s] Level 5:colcon.colcon_core.verb:set package 'my_custom_pkg' build argument 'catkin_cmake_args' from command line to 'None'
[1.968s] Level 5:colcon.colcon_core.verb:set package 'my_custom_pkg' build argument 'catkin_skip_building_tests' from command line to 'False'
[1.968s] DEBUG:colcon.colcon_core.verb:Building package 'my_custom_pkg' with the following arguments: {'ament_cmake_args': None, 'build_base': '/home/fouadroboticist/ros2_ws/build/my_custom_pkg', 'catkin_cmake_args': None, 'catkin_skip_building_tests': False, 'cmake_args': None, 'cmake_clean_cache': False, 'cmake_clean_first': False, 'cmake_force_configure': False, 'cmake_target': None, 'cmake_target_skip_unavailable': False, 'install_base': '/home/fouadroboticist/ros2_ws/install/my_custom_pkg', 'merge_install': False, 'path': '/home/fouadroboticist/ros2_ws/src/my_custom_pkg', 'symlink_install': False, 'test_result_base': None}
[1.969s] Level 5:colcon.colcon_core.verb:set package 'my_robot_bringup' build argument 'cmake_args' from command line to 'None'
[1.969s] Level 5:colcon.colcon_core.verb:set package 'my_robot_bringup' build argument 'cmake_target' from command line to 'None'
[1.969s] Level 5:colcon.colcon_core.verb:set package 'my_robot_bringup' build argument 'cmake_target_skip_unavailable' from command line to 'False'
[1.969s] Level 5:colcon.colcon_core.verb:set package 'my_robot_bringup' build argument 'cmake_clean_cache' from command line to 'False'
[1.969s] Level 5:colcon.colcon_core.verb:set package 'my_robot_bringup' build argument 'cmake_clean_first' from command line to 'False'
[1.969s] Level 5:colcon.colcon_core.verb:set package 'my_robot_bringup' build argument 'cmake_force_configure' from command line to 'False'
[1.969s] Level 5:colcon.colcon_core.verb:set package 'my_robot_bringup' build argument 'ament_cmake_args' from command line to 'None'
[1.969s] Level 5:colcon.colcon_core.verb:set package 'my_robot_bringup' build argument 'catkin_cmake_args' from command line to 'None'
[1.969s] Level 5:colcon.colcon_core.verb:set package 'my_robot_bringup' build argument 'catkin_skip_building_tests' from command line to 'False'
[1.969s] DEBUG:colcon.colcon_core.verb:Building package 'my_robot_bringup' with the following arguments: {'ament_cmake_args': None, 'build_base': '/home/fouadroboticist/ros2_ws/build/my_robot_bringup', 'catkin_cmake_args': None, 'catkin_skip_building_tests': False, 'cmake_args': None, 'cmake_clean_cache': False, 'cmake_clean_first': False, 'cmake_force_configure': False, 'cmake_target': None, 'cmake_target_skip_unavailable': False, 'install_base': '/home/fouadroboticist/ros2_ws/install/my_robot_bringup', 'merge_install': False, 'path': '/home/fouadroboticist/ros2_ws/src/my_robot_bringup', 'symlink_install': False, 'test_result_base': None}
[1.970s] Level 5:colcon.colcon_core.verb:set package 'my_robot_control' build argument 'cmake_args' from command line to 'None'
[1.970s] Level 5:colcon.colcon_core.verb:set package 'my_robot_control' build argument 'cmake_target' from command line to 'None'
[1.970s] Level 5:colcon.colcon_core.verb:set package 'my_robot_control' build argument 'cmake_target_skip_unavailable' from command line to 'False'
[1.970s] Level 5:colcon.colcon_core.verb:set package 'my_robot_control' build argument 'cmake_clean_cache' from command line to 'False'
[1.970s] Level 5:colcon.colcon_core.verb:set package 'my_robot_control' build argument 'cmake_clean_first' from command line to 'False'
[1.970s] Level 5:colcon.colcon_core.verb:set package 'my_robot_control' build argument 'cmake_force_configure' from command line to 'False'
[1.970s] Level 5:colcon.colcon_core.verb:set package 'my_robot_control' build argument 'ament_cmake_args' from command line to 'None'
[1.970s] Level 5:colcon.colcon_core.verb:set package 'my_robot_control' build argument 'catkin_cmake_args' from command line to 'None'
[1.970s] Level 5:colcon.colcon_core.verb:set package 'my_robot_control' build argument 'catkin_skip_building_tests' from command line to 'False'
[1.971s] DEBUG:colcon.colcon_core.verb:Building package 'my_robot_control' with the following arguments: {'ament_cmake_args': None, 'build_base': '/home/fouadroboticist/ros2_ws/build/my_robot_control', 'catkin_cmake_args': None, 'catkin_skip_building_tests': False, 'cmake_args': None, 'cmake_clean_cache': False, 'cmake_clean_first': False, 'cmake_force_configure': False, 'cmake_target': None, 'cmake_target_skip_unavailable': False, 'install_base': '/home/fouadroboticist/ros2_ws/install/my_robot_control', 'merge_install': False, 'path': '/home/fouadroboticist/ros2_ws/src/my_robot_control', 'symlink_install': False, 'test_result_base': None}
[1.971s] Level 5:colcon.colcon_core.verb:set package 'my_robot_interfaces' build argument 'cmake_args' from command line to 'None'
[1.971s] Level 5:colcon.colcon_core.verb:set package 'my_robot_interfaces' build argument 'cmake_target' from command line to 'None'
[1.971s] Level 5:colcon.colcon_core.verb:set package 'my_robot_interfaces' build argument 'cmake_target_skip_unavailable' from command line to 'False'
[1.972s] Level 5:colcon.colcon_core.verb:set package 'my_robot_interfaces' build argument 'cmake_clean_cache' from command line to 'False'
[1.972s] Level 5:colcon.colcon_core.verb:set package 'my_robot_interfaces' build argument 'cmake_clean_first' from command line to 'False'
[1.972s] Level 5:colcon.colcon_core.verb:set package 'my_robot_interfaces' build argument 'cmake_force_configure' from command line to 'False'
[1.972s] Level 5:colcon.colcon_core.verb:set package 'my_robot_interfaces' build argument 'ament_cmake_args' from command line to 'None'
[1.972s] Level 5:colcon.colcon_core.verb:set package 'my_robot_interfaces' build argument 'catkin_cmake_args' from command line to 'None'
[1.972s] Level 5:colcon.colcon_core.verb:set package 'my_robot_interfaces' build argument 'catkin_skip_building_tests' from command line to 'False'
[1.972s] DEBUG:colcon.colcon_core.verb:Building package 'my_robot_interfaces' with the following arguments: {'ament_cmake_args': None, 'build_base': '/home/fouadroboticist/ros2_ws/build/my_robot_interfaces', 'catkin_cmake_args': None, 'catkin_skip_building_tests': False, 'cmake_args': None, 'cmake_clean_cache': False, 'cmake_clean_first': False, 'cmake_force_configure': False, 'cmake_target': None, 'cmake_target_skip_unavailable': False, 'install_base': '/home/fouadroboticist/ros2_ws/install/my_robot_interfaces', 'merge_install': False, 'path': '/home/fouadroboticist/ros2_ws/src/my_robot_interfaces', 'symlink_install': False, 'test_result_base': None}
[1.973s] Level 5:colcon.colcon_core.verb:set package 'robot_description' build argument 'cmake_args' from command line to 'None'
[1.973s] Level 5:colcon.colcon_core.verb:set package 'robot_description' build argument 'cmake_target' from command line to 'None'
[1.973s] Level 5:colcon.colcon_core.verb:set package 'robot_description' build argument 'cmake_target_skip_unavailable' from command line to 'False'
[1.973s] Level 5:colcon.colcon_core.verb:set package 'robot_description' build argument 'cmake_clean_cache' from command line to 'False'
[1.973s] Level 5:colcon.colcon_core.verb:set package 'robot_description' build argument 'cmake_clean_first' from command line to 'False'
[1.974s] Level 5:colcon.colcon_core.verb:set package 'robot_description' build argument 'cmake_force_configure' from command line to 'False'
[1.974s] Level 5:colcon.colcon_core.verb:set package 'robot_description' build argument 'ament_cmake_args' from command line to 'None'
[1.974s] Level 5:colcon.colcon_core.verb:set package 'robot_description' build argument 'catkin_cmake_args' from command line to 'None'
[1.974s] Level 5:colcon.colcon_core.verb:set package 'robot_description' build argument 'catkin_skip_building_tests' from command line to 'False'
[1.974s] DEBUG:colcon.colcon_core.verb:Building package 'robot_description' with the following arguments: {'ament_cmake_args': None, 'build_base': '/home/fouadroboticist/ros2_ws/build/robot_description', 'catkin_cmake_args': None, 'catkin_skip_building_tests': False, 'cmake_args': None, 'cmake_clean_cache': False, 'cmake_clean_first': False, 'cmake_force_configure': False, 'cmake_target': None, 'cmake_target_skip_unavailable': False, 'install_base': '/home/fouadroboticist/ros2_ws/install/robot_description', 'merge_install': False, 'path': '/home/fouadroboticist/ros2_ws/src/robot_description', 'symlink_install': False, 'test_result_base': None}
[1.975s] Level 5:colcon.colcon_core.verb:set package 'tutorials_py' build argument 'cmake_args' from command line to 'None'
[1.976s] Level 5:colcon.colcon_core.verb:set package 'tutorials_py' build argument 'cmake_target' from command line to 'None'
[1.976s] Level 5:colcon.colcon_core.verb:set package 'tutorials_py' build argument 'cmake_target_skip_unavailable' from command line to 'False'
[1.976s] Level 5:colcon.colcon_core.verb:set package 'tutorials_py' build argument 'cmake_clean_cache' from command line to 'False'
[1.976s] Level 5:colcon.colcon_core.verb:set package 'tutorials_py' build argument 'cmake_clean_first' from command line to 'False'
[1.976s] Level 5:colcon.colcon_core.verb:set package 'tutorials_py' build argument 'cmake_force_configure' from command line to 'False'
[1.976s] Level 5:colcon.colcon_core.verb:set package 'tutorials_py' build argument 'ament_cmake_args' from command line to 'None'
[1.976s] Level 5:colcon.colcon_core.verb:set package 'tutorials_py' build argument 'catkin_cmake_args' from command line to 'None'
[1.976s] Level 5:colcon.colcon_core.verb:set package 'tutorials_py' build argument 'catkin_skip_building_tests' from command line to 'False'
[1.976s] DEBUG:colcon.colcon_core.verb:Building package 'tutorials_py' with the following arguments: {'ament_cmake_args': None, 'build_base': '/home/fouadroboticist/ros2_ws/build/tutorials_py', 'catkin_cmake_args': None, 'catkin_skip_building_tests': False, 'cmake_args': None, 'cmake_clean_cache': False, 'cmake_clean_first': False, 'cmake_force_configure': False, 'cmake_target': None, 'cmake_target_skip_unavailable': False, 'install_base': '/home/fouadroboticist/ros2_ws/install/tutorials_py', 'merge_install': False, 'path': '/home/fouadroboticist/ros2_ws/src/tutorials_py', 'symlink_install': False, 'test_result_base': None}
[1.978s] Level 5:colcon.colcon_core.verb:set package 'actions_py' build argument 'cmake_args' from command line to 'None'
[1.978s] Level 5:colcon.colcon_core.verb:set package 'actions_py' build argument 'cmake_target' from command line to 'None'
[1.978s] Level 5:colcon.colcon_core.verb:set package 'actions_py' build argument 'cmake_target_skip_unavailable' from command line to 'False'
[1.978s] Level 5:colcon.colcon_core.verb:set package 'actions_py' build argument 'cmake_clean_cache' from command line to 'False'
[1.978s] Level 5:colcon.colcon_core.verb:set package 'actions_py' build argument 'cmake_clean_first' from command line to 'False'
[1.978s] Level 5:colcon.colcon_core.verb:set package 'actions_py' build argument 'cmake_force_configure' from command line to 'False'
[1.978s] Level 5:colcon.colcon_core.verb:set package 'actions_py' build argument 'ament_cmake_args' from command line to 'None'
[1.978s] Level 5:colcon.colcon_core.verb:set package 'actions_py' build argument 'catkin_cmake_args' from command line to 'None'
[1.978s] Level 5:colcon.colcon_core.verb:set package 'actions_py' build argument 'catkin_skip_building_tests' from command line to 'False'
[1.978s] DEBUG:colcon.colcon_core.verb:Building package 'actions_py' with the following arguments: {'ament_cmake_args': None, 'build_base': '/home/fouadroboticist/ros2_ws/build/actions_py', 'catkin_cmake_args': None, 'catkin_skip_building_tests': False, 'cmake_args': None, 'cmake_clean_cache': False, 'cmake_clean_first': False, 'cmake_force_configure': False, 'cmake_target': None, 'cmake_target_skip_unavailable': False, 'install_base': '/home/fouadroboticist/ros2_ws/install/actions_py', 'merge_install': False, 'path': '/home/fouadroboticist/ros2_ws/src/actions_py', 'symlink_install': False, 'test_result_base': None}
[1.980s] Level 5:colcon.colcon_core.verb:set package 'my_robot_controller' build argument 'cmake_args' from command line to 'None'
[1.980s] Level 5:colcon.colcon_core.verb:set package 'my_robot_controller' build argument 'cmake_target' from command line to 'None'
[1.980s] Level 5:colcon.colcon_core.verb:set package 'my_robot_controller' build argument 'cmake_target_skip_unavailable' from command line to 'False'
[1.980s] Level 5:colcon.colcon_core.verb:set package 'my_robot_controller' build argument 'cmake_clean_cache' from command line to 'False'
[1.980s] Level 5:colcon.colcon_core.verb:set package 'my_robot_controller' build argument 'cmake_clean_first' from command line to 'False'
[1.980s] Level 5:colcon.colcon_core.verb:set package 'my_robot_controller' build argument 'cmake_force_configure' from command line to 'False'
[1.981s] Level 5:colcon.colcon_core.verb:set package 'my_robot_controller' build argument 'ament_cmake_args' from command line to 'None'
[1.981s] Level 5:colcon.colcon_core.verb:set package 'my_robot_controller' build argument 'catkin_cmake_args' from command line to 'None'
[1.981s] Level 5:colcon.colcon_core.verb:set package 'my_robot_controller' build argument 'catkin_skip_building_tests' from command line to 'False'
[1.981s] DEBUG:colcon.colcon_core.verb:Building package 'my_robot_controller' with the following arguments: {'ament_cmake_args': None, 'build_base': '/home/fouadroboticist/ros2_ws/build/my_robot_controller', 'catkin_cmake_args': None, 'catkin_skip_building_tests': False, 'cmake_args': None, 'cmake_clean_cache': False, 'cmake_clean_first': False, 'cmake_force_configure': False, 'cmake_target': None, 'cmake_target_skip_unavailable': False, 'install_base': '/home/fouadroboticist/ros2_ws/install/my_robot_controller', 'merge_install': False, 'path': '/home/fouadroboticist/ros2_ws/src/my_robot_controller', 'symlink_install': False, 'test_result_base': None}
[1.981s] INFO:colcon.colcon_core.executor:Executing jobs using 'parallel' executor
[1.985s] DEBUG:colcon.colcon_parallel_executor.executor.parallel:run_until_complete
[1.986s] INFO:colcon.colcon_ros.task.ament_cmake.build:Building ROS package in '/home/fouadroboticist/ros2_ws/src/my_robot_interfaces' with build type 'ament_cmake'
[1.986s] INFO:colcon.colcon_cmake.task.cmake.build:Building CMake package in '/home/fouadroboticist/ros2_ws/src/my_robot_interfaces'
[2.001s] INFO:colcon.colcon_core.plugin_system:Skipping extension 'colcon_core.shell.bat': Not used on non-Windows systems
[2.002s] INFO:colcon.colcon_core.shell:Skip shell extension 'powershell' for command environment: Not usable outside of PowerShell
[2.002s] DEBUG:colcon.colcon_core.shell:Skip shell extension 'dsv' for command environment
[2.014s] INFO:colcon.colcon_ros.task.ament_cmake.build:Building ROS package in '/home/fouadroboticist/ros2_ws/src/my_custom_pkg' with build type 'ament_cmake'
[2.015s] INFO:colcon.colcon_cmake.task.cmake.build:Building CMake package in '/home/fouadroboticist/ros2_ws/src/my_custom_pkg'
[2.016s] INFO:colcon.colcon_core.shell:Skip shell extension 'powershell' for command environment: Not usable outside of PowerShell
[2.016s] DEBUG:colcon.colcon_core.shell:Skip shell extension 'dsv' for command environment
[2.033s] INFO:colcon.colcon_ros.task.ament_cmake.build:Building ROS package in '/home/fouadroboticist/ros2_ws/src/my_robot_bringup' with build type 'ament_cmake'
[2.038s] INFO:colcon.colcon_cmake.task.cmake.build:Building CMake package in '/home/fouadroboticist/ros2_ws/src/my_robot_bringup'
[2.039s] INFO:colcon.colcon_core.shell:Skip shell extension 'powershell' for command environment: Not usable outside of PowerShell
[2.039s] DEBUG:colcon.colcon_core.shell:Skip shell extension 'dsv' for command environment
[2.053s] INFO:colcon.colcon_ros.task.ament_cmake.build:Building ROS package in '/home/fouadroboticist/ros2_ws/src/my_robot_control' with build type 'ament_cmake'
[2.054s] INFO:colcon.colcon_cmake.task.cmake.build:Building CMake package in '/home/fouadroboticist/ros2_ws/src/my_robot_control'
[2.055s] INFO:colcon.colcon_core.shell:Skip shell extension 'powershell' for command environment: Not usable outside of PowerShell
[2.055s] DEBUG:colcon.colcon_core.shell:Skip shell extension 'dsv' for command environment
[2.112s] DEBUG:colcon.colcon_core.event_handler.log_command:Invoking command in '/home/fouadroboticist/ros2_ws/build/my_robot_interfaces': CMAKE_PREFIX_PATH=${CMAKE_PREFIX_PATH}:/home/fouadroboticist/ros2_ws/install/tutorials_py:/home/fouadroboticist/ros2_ws/install/my_robot_controller:/home/fouadroboticist/ros2_ws/install/actions_py:/opt/ros/humble /usr/bin/cmake --build /home/fouadroboticist/ros2_ws/build/my_robot_interfaces -- -j4 -l4
[2.291s] DEBUG:colcon.colcon_core.event_handler.log_command:Invoking command in '/home/fouadroboticist/ros2_ws/build/my_custom_pkg': CMAKE_PREFIX_PATH=${CMAKE_PREFIX_PATH}:/home/fouadroboticist/ros2_ws/install/tutorials_py:/home/fouadroboticist/ros2_ws/install/my_robot_controller:/home/fouadroboticist/ros2_ws/install/actions_py:/opt/ros/humble /usr/bin/cmake --build /home/fouadroboticist/ros2_ws/build/my_custom_pkg -- -j4 -l4
[2.316s] DEBUG:colcon.colcon_core.event_handler.log_command:Invoking command in '/home/fouadroboticist/ros2_ws/build/my_robot_bringup': CMAKE_PREFIX_PATH=${CMAKE_PREFIX_PATH}:/home/fouadroboticist/ros2_ws/install/tutorials_py:/home/fouadroboticist/ros2_ws/install/my_robot_controller:/home/fouadroboticist/ros2_ws/install/actions_py:/opt/ros/humble /usr/bin/cmake --build /home/fouadroboticist/ros2_ws/build/my_robot_bringup -- -j4 -l4
[2.325s] DEBUG:colcon.colcon_core.event_handler.log_command:Invoking command in '/home/fouadroboticist/ros2_ws/build/my_robot_control': CMAKE_PREFIX_PATH=${CMAKE_PREFIX_PATH}:/home/fouadroboticist/ros2_ws/install/tutorials_py:/home/fouadroboticist/ros2_ws/install/my_robot_controller:/home/fouadroboticist/ros2_ws/install/actions_py:/opt/ros/humble /usr/bin/cmake --build /home/fouadroboticist/ros2_ws/build/my_robot_control -- -j4 -l4
[2.743s] DEBUG:colcon.colcon_core.event_handler.log_command:Invoked command in '/home/fouadroboticist/ros2_ws/build/my_robot_bringup' returned '0': CMAKE_PREFIX_PATH=${CMAKE_PREFIX_PATH}:/home/fouadroboticist/ros2_ws/install/tutorials_py:/home/fouadroboticist/ros2_ws/install/my_robot_controller:/home/fouadroboticist/ros2_ws/install/actions_py:/opt/ros/humble /usr/bin/cmake --build /home/fouadroboticist/ros2_ws/build/my_robot_bringup -- -j4 -l4
[2.992s] DEBUG:colcon.colcon_core.event_handler.log_command:Invoking command in '/home/fouadroboticist/ros2_ws/build/my_robot_bringup': CMAKE_PREFIX_PATH=${CMAKE_PREFIX_PATH}:/home/fouadroboticist/ros2_ws/install/tutorials_py:/home/fouadroboticist/ros2_ws/install/my_robot_controller:/home/fouadroboticist/ros2_ws/install/actions_py:/opt/ros/humble /usr/bin/cmake --install /home/fouadroboticist/ros2_ws/build/my_robot_bringup
[3.003s] DEBUG:colcon.colcon_core.event_handler.log_command:Invoked command in '/home/fouadroboticist/ros2_ws/build/my_robot_control' returned '0': CMAKE_PREFIX_PATH=${CMAKE_PREFIX_PATH}:/home/fouadroboticist/ros2_ws/install/tutorials_py:/home/fouadroboticist/ros2_ws/install/my_robot_controller:/home/fouadroboticist/ros2_ws/install/actions_py:/opt/ros/humble /usr/bin/cmake --build /home/fouadroboticist/ros2_ws/build/my_robot_control -- -j4 -l4
[3.117s] Level 1:colcon.colcon_core.environment:create_environment_scripts_only(my_robot_bringup)
[3.126s] DEBUG:colcon.colcon_core.event_handler.log_command:Invoked command in '/home/fouadroboticist/ros2_ws/build/my_robot_bringup' returned '0': CMAKE_PREFIX_PATH=${CMAKE_PREFIX_PATH}:/home/fouadroboticist/ros2_ws/install/tutorials_py:/home/fouadroboticist/ros2_ws/install/my_robot_controller:/home/fouadroboticist/ros2_ws/install/actions_py:/opt/ros/humble /usr/bin/cmake --install /home/fouadroboticist/ros2_ws/build/my_robot_bringup
[3.142s] Level 1:colcon.colcon_core.environment:checking '/home/fouadroboticist/ros2_ws/install/my_robot_bringup' for CMake module files
[3.145s] Level 1:colcon.colcon_core.environment:checking '/home/fouadroboticist/ros2_ws/install/my_robot_bringup' for CMake config files
[3.155s] Level 1:colcon.colcon_core.shell:create_environment_hook('my_robot_bringup', 'cmake_prefix_path')
[3.156s] INFO:colcon.colcon_core.shell:Creating environment hook '/home/fouadroboticist/ros2_ws/install/my_robot_bringup/share/my_robot_bringup/hook/cmake_prefix_path.ps1'
[3.159s] INFO:colcon.colcon_core.shell:Creating environment descriptor '/home/fouadroboticist/ros2_ws/install/my_robot_bringup/share/my_robot_bringup/hook/cmake_prefix_path.dsv'
[3.162s] INFO:colcon.colcon_core.shell:Creating environment hook '/home/fouadroboticist/ros2_ws/install/my_robot_bringup/share/my_robot_bringup/hook/cmake_prefix_path.sh'
[3.168s] Level 1:colcon.colcon_core.environment:checking '/home/fouadroboticist/ros2_ws/install/my_robot_bringup/bin'
[3.168s] Level 1:colcon.colcon_core.environment:checking '/home/fouadroboticist/ros2_ws/install/my_robot_bringup/lib/pkgconfig/my_robot_bringup.pc'
[3.172s] Level 1:colcon.colcon_core.environment:checking '/home/fouadroboticist/ros2_ws/install/my_robot_bringup/lib/python3.10/site-packages'
[3.173s] Level 1:colcon.colcon_core.environment:checking '/home/fouadroboticist/ros2_ws/install/my_robot_bringup/bin'
[3.174s] INFO:colcon.colcon_core.shell:Creating package script '/home/fouadroboticist/ros2_ws/install/my_robot_bringup/share/my_robot_bringup/package.ps1'
[3.182s] INFO:colcon.colcon_core.shell:Creating package descriptor '/home/fouadroboticist/ros2_ws/install/my_robot_bringup/share/my_robot_bringup/package.dsv'
[3.185s] INFO:colcon.colcon_core.shell:Creating package script '/home/fouadroboticist/ros2_ws/install/my_robot_bringup/share/my_robot_bringup/package.sh'
[3.197s] INFO:colcon.colcon_core.shell:Creating package script '/home/fouadroboticist/ros2_ws/install/my_robot_bringup/share/my_robot_bringup/package.bash'
[3.201s] INFO:colcon.colcon_core.shell:Creating package script '/home/fouadroboticist/ros2_ws/install/my_robot_bringup/share/my_robot_bringup/package.zsh'
[3.204s] Level 1:colcon.colcon_core.environment:create_file_with_runtime_dependencies(/home/fouadroboticist/ros2_ws/install/my_robot_bringup/share/colcon-core/packages/my_robot_bringup)
[3.342s] DEBUG:colcon.colcon_core.event_handler.log_command:Invoking command in '/home/fouadroboticist/ros2_ws/build/my_robot_control': CMAKE_PREFIX_PATH=${CMAKE_PREFIX_PATH}:/home/fouadroboticist/ros2_ws/install/tutorials_py:/home/fouadroboticist/ros2_ws/install/my_robot_controller:/home/fouadroboticist/ros2_ws/install/actions_py:/opt/ros/humble /usr/bin/cmake --install /home/fouadroboticist/ros2_ws/build/my_robot_control
[3.451s] Level 1:colcon.colcon_core.environment:create_environment_scripts_only(my_robot_bringup)
[3.452s] Level 1:colcon.colcon_core.environment:checking '/home/fouadroboticist/ros2_ws/install/my_robot_bringup' for CMake module files
[3.453s] Level 1:colcon.colcon_core.environment:checking '/home/fouadroboticist/ros2_ws/install/my_robot_bringup' for CMake config files
[3.454s] Level 1:colcon.colcon_core.shell:create_environment_hook('my_robot_bringup', 'cmake_prefix_path')
[3.455s] INFO:colcon.colcon_core.shell:Creating environment hook '/home/fouadroboticist/ros2_ws/install/my_robot_bringup/share/my_robot_bringup/hook/cmake_prefix_path.ps1'
[3.457s] INFO:colcon.colcon_core.shell:Creating environment descriptor '/home/fouadroboticist/ros2_ws/install/my_robot_bringup/share/my_robot_bringup/hook/cmake_prefix_path.dsv'
[3.458s] INFO:colcon.colcon_core.shell:Creating environment hook '/home/fouadroboticist/ros2_ws/install/my_robot_bringup/share/my_robot_bringup/hook/cmake_prefix_path.sh'
[3.460s] Level 1:colcon.colcon_core.environment:checking '/home/fouadroboticist/ros2_ws/install/my_robot_bringup/bin'
[3.460s] Level 1:colcon.colcon_core.environment:checking '/home/fouadroboticist/ros2_ws/install/my_robot_bringup/lib/pkgconfig/my_robot_bringup.pc'
[3.461s] Level 1:colcon.colcon_core.environment:checking '/home/fouadroboticist/ros2_ws/install/my_robot_bringup/lib/python3.10/site-packages'
[3.462s] Level 1:colcon.colcon_core.environment:checking '/home/fouadroboticist/ros2_ws/install/my_robot_bringup/bin'
[3.463s] INFO:colcon.colcon_core.shell:Creating package script '/home/fouadroboticist/ros2_ws/install/my_robot_bringup/share/my_robot_bringup/package.ps1'
[3.464s] INFO:colcon.colcon_core.shell:Creating package descriptor '/home/fouadroboticist/ros2_ws/install/my_robot_bringup/share/my_robot_bringup/package.dsv'
[3.466s] INFO:colcon.colcon_core.shell:Creating package script '/home/fouadroboticist/ros2_ws/install/my_robot_bringup/share/my_robot_bringup/package.sh'
[3.467s] INFO:colcon.colcon_core.shell:Creating package script '/home/fouadroboticist/ros2_ws/install/my_robot_bringup/share/my_robot_bringup/package.bash'
[3.469s] INFO:colcon.colcon_core.shell:Creating package script '/home/fouadroboticist/ros2_ws/install/my_robot_bringup/share/my_robot_bringup/package.zsh'
[3.471s] Level 1:colcon.colcon_core.environment:create_file_with_runtime_dependencies(/home/fouadroboticist/ros2_ws/install/my_robot_bringup/share/colcon-core/packages/my_robot_bringup)
[3.500s] INFO:colcon.colcon_ros.task.ament_cmake.build:Building ROS package in '/home/fouadroboticist/ros2_ws/src/robot_description' with build type 'ament_cmake'
[3.501s] INFO:colcon.colcon_cmake.task.cmake.build:Building CMake package in '/home/fouadroboticist/ros2_ws/src/robot_description'
[3.501s] INFO:colcon.colcon_core.shell:Skip shell extension 'powershell' for command environment: Not usable outside of PowerShell
[3.502s] DEBUG:colcon.colcon_core.shell:Skip shell extension 'dsv' for command environment
[3.538s] Level 1:colcon.colcon_core.environment:create_environment_scripts_only(my_robot_control)
[3.539s] Level 1:colcon.colcon_core.environment:checking '/home/fouadroboticist/ros2_ws/install/my_robot_control' for CMake module files
[3.542s] Level 1:colcon.colcon_core.environment:checking '/home/fouadroboticist/ros2_ws/install/my_robot_control' for CMake config files
[3.542s] Level 1:colcon.colcon_core.shell:create_environment_hook('my_robot_control', 'cmake_prefix_path')
[3.543s] INFO:colcon.colcon_core.shell:Creating environment hook '/home/fouadroboticist/ros2_ws/install/my_robot_control/share/my_robot_control/hook/cmake_prefix_path.ps1'
[3.552s] DEBUG:colcon.colcon_core.event_handler.log_command:Invoked command in '/home/fouadroboticist/ros2_ws/build/my_robot_control' returned '0': CMAKE_PREFIX_PATH=${CMAKE_PREFIX_PATH}:/home/fouadroboticist/ros2_ws/install/tutorials_py:/home/fouadroboticist/ros2_ws/install/my_robot_controller:/home/fouadroboticist/ros2_ws/install/actions_py:/opt/ros/humble /usr/bin/cmake --install /home/fouadroboticist/ros2_ws/build/my_robot_control
[3.555s] INFO:colcon.colcon_core.shell:Creating environment descriptor '/home/fouadroboticist/ros2_ws/install/my_robot_control/share/my_robot_control/hook/cmake_prefix_path.dsv'
[3.556s] INFO:colcon.colcon_core.shell:Creating environment hook '/home/fouadroboticist/ros2_ws/install/my_robot_control/share/my_robot_control/hook/cmake_prefix_path.sh'
[3.558s] Level 1:colcon.colcon_core.environment:checking '/home/fouadroboticist/ros2_ws/install/my_robot_control/lib'
[3.559s] Level 1:colcon.colcon_core.environment:checking '/home/fouadroboticist/ros2_ws/install/my_robot_control/bin'
[3.560s] Level 1:colcon.colcon_core.environment:checking '/home/fouadroboticist/ros2_ws/install/my_robot_control/lib/pkgconfig/my_robot_control.pc'
[3.561s] Level 1:colcon.colcon_core.environment:checking '/home/fouadroboticist/ros2_ws/install/my_robot_control/lib/python3.10/site-packages'
[3.562s] Level 1:colcon.colcon_core.environment:checking '/home/fouadroboticist/ros2_ws/install/my_robot_control/bin'
[3.563s] INFO:colcon.colcon_core.shell:Creating package script '/home/fouadroboticist/ros2_ws/install/my_robot_control/share/my_robot_control/package.ps1'
[3.566s] INFO:colcon.colcon_core.shell:Creating package descriptor '/home/fouadroboticist/ros2_ws/install/my_robot_control/share/my_robot_control/package.dsv'
[3.573s] INFO:colcon.colcon_core.shell:Creating package script '/home/fouadroboticist/ros2_ws/install/my_robot_control/share/my_robot_control/package.sh'
[3.576s] INFO:colcon.colcon_core.shell:Creating package script '/home/fouadroboticist/ros2_ws/install/my_robot_control/share/my_robot_control/package.bash'
[3.577s] INFO:colcon.colcon_core.shell:Creating package script '/home/fouadroboticist/ros2_ws/install/my_robot_control/share/my_robot_control/package.zsh'
[3.579s] Level 1:colcon.colcon_core.environment:create_file_with_runtime_dependencies(/home/fouadroboticist/ros2_ws/install/my_robot_control/share/colcon-core/packages/my_robot_control)
[3.620s] DEBUG:colcon.colcon_core.event_handler.log_command:Invoking command in '/home/fouadroboticist/ros2_ws/build/robot_description': CMAKE_PREFIX_PATH=${CMAKE_PREFIX_PATH}:/home/fouadroboticist/ros2_ws/install/tutorials_py:/home/fouadroboticist/ros2_ws/install/my_robot_controller:/home/fouadroboticist/ros2_ws/install/actions_py:/opt/ros/humble /usr/bin/cmake --build /home/fouadroboticist/ros2_ws/build/robot_description -- -j4 -l4
[4.099s] Level 1:colcon.colcon_core.environment:create_environment_scripts_only(my_robot_control)
[4.101s] Level 1:colcon.colcon_core.environment:checking '/home/fouadroboticist/ros2_ws/install/my_robot_control' for CMake module files
[4.102s] Level 1:colcon.colcon_core.environment:checking '/home/fouadroboticist/ros2_ws/install/my_robot_control' for CMake config files
[4.103s] Level 1:colcon.colcon_core.shell:create_environment_hook('my_robot_control', 'cmake_prefix_path')
[4.104s] INFO:colcon.colcon_core.shell:Creating environment hook '/home/fouadroboticist/ros2_ws/install/my_robot_control/share/my_robot_control/hook/cmake_prefix_path.ps1'
[4.106s] INFO:colcon.colcon_core.shell:Creating environment descriptor '/home/fouadroboticist/ros2_ws/install/my_robot_control/share/my_robot_control/hook/cmake_prefix_path.dsv'
[4.107s] INFO:colcon.colcon_core.shell:Creating environment hook '/home/fouadroboticist/ros2_ws/install/my_robot_control/share/my_robot_control/hook/cmake_prefix_path.sh'
[4.108s] Level 1:colcon.colcon_core.environment:checking '/home/fouadroboticist/ros2_ws/install/my_robot_control/lib'
[4.109s] Level 1:colcon.colcon_core.environment:checking '/home/fouadroboticist/ros2_ws/install/my_robot_control/bin'
[4.109s] Level 1:colcon.colcon_core.environment:checking '/home/fouadroboticist/ros2_ws/install/my_robot_control/lib/pkgconfig/my_robot_control.pc'
[4.109s] Level 1:colcon.colcon_core.environment:checking '/home/fouadroboticist/ros2_ws/install/my_robot_control/lib/python3.10/site-packages'
[4.110s] Level 1:colcon.colcon_core.environment:checking '/home/fouadroboticist/ros2_ws/install/my_robot_control/bin'
[4.126s] INFO:colcon.colcon_core.shell:Creating package script '/home/fouadroboticist/ros2_ws/install/my_robot_control/share/my_robot_control/package.ps1'
[4.131s] INFO:colcon.colcon_core.shell:Creating package descriptor '/home/fouadroboticist/ros2_ws/install/my_robot_control/share/my_robot_control/package.dsv'
[4.133s] INFO:colcon.colcon_core.shell:Creating package script '/home/fouadroboticist/ros2_ws/install/my_robot_control/share/my_robot_control/package.sh'
[4.135s] INFO:colcon.colcon_core.shell:Creating package script '/home/fouadroboticist/ros2_ws/install/my_robot_control/share/my_robot_control/package.bash'
[4.136s] INFO:colcon.colcon_core.shell:Creating package script '/home/fouadroboticist/ros2_ws/install/my_robot_control/share/my_robot_control/package.zsh'
[4.138s] Level 1:colcon.colcon_core.environment:create_file_with_runtime_dependencies(/home/fouadroboticist/ros2_ws/install/my_robot_control/share/colcon-core/packages/my_robot_control)
[4.139s] INFO:colcon.colcon_ros.task.ament_python.build:Building ROS package in '/home/fouadroboticist/ros2_ws/src/tutorials_py' with build type 'ament_python'
[4.139s] Level 1:colcon.colcon_core.shell:create_environment_hook('tutorials_py', 'ament_prefix_path')
[4.141s] INFO:colcon.colcon_core.shell:Creating environment hook '/home/fouadroboticist/ros2_ws/install/tutorials_py/share/tutorials_py/hook/ament_prefix_path.ps1'
[4.148s] INFO:colcon.colcon_core.shell:Creating environment descriptor '/home/fouadroboticist/ros2_ws/install/tutorials_py/share/tutorials_py/hook/ament_prefix_path.dsv'
[4.156s] INFO:colcon.colcon_core.shell:Creating environment hook '/home/fouadroboticist/ros2_ws/install/tutorials_py/share/tutorials_py/hook/ament_prefix_path.sh'
[4.157s] INFO:colcon.colcon_core.shell:Skip shell extension 'powershell' for command environment: Not usable outside of PowerShell
[4.158s] DEBUG:colcon.colcon_core.shell:Skip shell extension 'dsv' for command environment
[5.980s] INFO:colcon.colcon_core.task.python.build:Building Python package in '/home/fouadroboticist/ros2_ws/src/tutorials_py'
[5.981s] INFO:colcon.colcon_core.shell:Skip shell extension 'powershell' for command environment: Not usable outside of PowerShell
[5.981s] DEBUG:colcon.colcon_core.shell:Skip shell extension 'dsv' for command environment
[5.999s] DEBUG:colcon.colcon_core.event_handler.log_command:Invoked command in '/home/fouadroboticist/ros2_ws/build/my_custom_pkg' returned '0': CMAKE_PREFIX_PATH=${CMAKE_PREFIX_PATH}:/home/fouadroboticist/ros2_ws/install/tutorials_py:/home/fouadroboticist/ros2_ws/install/my_robot_controller:/home/fouadroboticist/ros2_ws/install/actions_py:/opt/ros/humble /usr/bin/cmake --build /home/fouadroboticist/ros2_ws/build/my_custom_pkg -- -j4 -l4
[6.004s] DEBUG:colcon.colcon_core.event_handler.log_command:Invoked command in '/home/fouadroboticist/ros2_ws/build/my_robot_interfaces' returned '0': CMAKE_PREFIX_PATH=${CMAKE_PREFIX_PATH}:/home/fouadroboticist/ros2_ws/install/tutorials_py:/home/fouadroboticist/ros2_ws/install/my_robot_controller:/home/fouadroboticist/ros2_ws/install/actions_py:/opt/ros/humble /usr/bin/cmake --build /home/fouadroboticist/ros2_ws/build/my_robot_interfaces -- -j4 -l4
[6.130s] DEBUG:colcon.colcon_core.event_handler.log_command:Invoking command in '/home/fouadroboticist/ros2_ws/build/my_custom_pkg': CMAKE_PREFIX_PATH=${CMAKE_PREFIX_PATH}:/home/fouadroboticist/ros2_ws/install/tutorials_py:/home/fouadroboticist/ros2_ws/install/my_robot_controller:/home/fouadroboticist/ros2_ws/install/actions_py:/opt/ros/humble /usr/bin/cmake --install /home/fouadroboticist/ros2_ws/build/my_custom_pkg
[6.381s] Level 1:colcon.colcon_core.environment:create_environment_scripts_only(my_custom_pkg)
[6.388s] Level 1:colcon.colcon_core.environment:checking '/home/fouadroboticist/ros2_ws/install/my_custom_pkg' for CMake module files
[6.392s] DEBUG:colcon.colcon_core.event_handler.log_command:Invoked command in '/home/fouadroboticist/ros2_ws/build/my_custom_pkg' returned '0': CMAKE_PREFIX_PATH=${CMAKE_PREFIX_PATH}:/home/fouadroboticist/ros2_ws/install/tutorials_py:/home/fouadroboticist/ros2_ws/install/my_robot_controller:/home/fouadroboticist/ros2_ws/install/actions_py:/opt/ros/humble /usr/bin/cmake --install /home/fouadroboticist/ros2_ws/build/my_custom_pkg
[6.399s] Level 1:colcon.colcon_core.environment:checking '/home/fouadroboticist/ros2_ws/install/my_custom_pkg' for CMake config files
[6.401s] Level 1:colcon.colcon_core.shell:create_environment_hook('my_custom_pkg', 'cmake_prefix_path')
[6.402s] INFO:colcon.colcon_core.shell:Creating environment hook '/home/fouadroboticist/ros2_ws/install/my_custom_pkg/share/my_custom_pkg/hook/cmake_prefix_path.ps1'
[6.404s] INFO:colcon.colcon_core.shell:Creating environment descriptor '/home/fouadroboticist/ros2_ws/install/my_custom_pkg/share/my_custom_pkg/hook/cmake_prefix_path.dsv'
[6.406s] INFO:colcon.colcon_core.shell:Creating environment hook '/home/fouadroboticist/ros2_ws/install/my_custom_pkg/share/my_custom_pkg/hook/cmake_prefix_path.sh'
[6.408s] Level 1:colcon.colcon_core.environment:checking '/home/fouadroboticist/ros2_ws/install/my_custom_pkg/lib'
[6.408s] Level 1:colcon.colcon_core.shell:create_environment_hook('my_custom_pkg', 'ld_library_path_lib')
[6.409s] INFO:colcon.colcon_core.shell:Creating environment hook '/home/fouadroboticist/ros2_ws/install/my_custom_pkg/share/my_custom_pkg/hook/ld_library_path_lib.ps1'
[6.410s] INFO:colcon.colcon_core.shell:Creating environment descriptor '/home/fouadroboticist/ros2_ws/install/my_custom_pkg/share/my_custom_pkg/hook/ld_library_path_lib.dsv'
[6.423s] INFO:colcon.colcon_core.shell:Creating environment hook '/home/fouadroboticist/ros2_ws/install/my_custom_pkg/share/my_custom_pkg/hook/ld_library_path_lib.sh'
[6.424s] Level 1:colcon.colcon_core.environment:checking '/home/fouadroboticist/ros2_ws/install/my_custom_pkg/bin'
[6.425s] Level 1:colcon.colcon_core.environment:checking '/home/fouadroboticist/ros2_ws/install/my_custom_pkg/lib/pkgconfig/my_custom_pkg.pc'
[6.425s] Level 1:colcon.colcon_core.environment:checking '/home/fouadroboticist/ros2_ws/install/my_custom_pkg/lib/python3.10/site-packages'
[6.426s] Level 1:colcon.colcon_core.environment:checking '/home/fouadroboticist/ros2_ws/install/my_custom_pkg/bin'
[6.428s] INFO:colcon.colcon_core.shell:Creating package script '/home/fouadroboticist/ros2_ws/install/my_custom_pkg/share/my_custom_pkg/package.ps1'
[6.431s] INFO:colcon.colcon_core.shell:Creating package descriptor '/home/fouadroboticist/ros2_ws/install/my_custom_pkg/share/my_custom_pkg/package.dsv'
[6.433s] INFO:colcon.colcon_core.shell:Creating package script '/home/fouadroboticist/ros2_ws/install/my_custom_pkg/share/my_custom_pkg/package.sh'
[6.435s] INFO:colcon.colcon_core.shell:Creating package script '/home/fouadroboticist/ros2_ws/install/my_custom_pkg/share/my_custom_pkg/package.bash'
[6.438s] INFO:colcon.colcon_core.shell:Creating package script '/home/fouadroboticist/ros2_ws/install/my_custom_pkg/share/my_custom_pkg/package.zsh'
[6.441s] Level 1:colcon.colcon_core.environment:create_file_with_runtime_dependencies(/home/fouadroboticist/ros2_ws/install/my_custom_pkg/share/colcon-core/packages/my_custom_pkg)
[6.531s] DEBUG:colcon.colcon_core.event_handler.log_command:Invoking command in '/home/fouadroboticist/ros2_ws/build/my_robot_interfaces': CMAKE_PREFIX_PATH=${CMAKE_PREFIX_PATH}:/home/fouadroboticist/ros2_ws/install/tutorials_py:/home/fouadroboticist/ros2_ws/install/my_robot_controller:/home/fouadroboticist/ros2_ws/install/actions_py:/opt/ros/humble /usr/bin/cmake --install /home/fouadroboticist/ros2_ws/build/my_robot_interfaces
[6.585s] Level 1:colcon.colcon_core.environment:create_environment_scripts_only(my_custom_pkg)
[6.586s] Level 1:colcon.colcon_core.environment:checking '/home/fouadroboticist/ros2_ws/install/my_custom_pkg' for CMake module files
[6.592s] Level 1:colcon.colcon_core.environment:checking '/home/fouadroboticist/ros2_ws/install/my_custom_pkg' for CMake config files
[6.595s] Level 1:colcon.colcon_core.shell:create_environment_hook('my_custom_pkg', 'cmake_prefix_path')
[6.597s] INFO:colcon.colcon_core.shell:Creating environment hook '/home/fouadroboticist/ros2_ws/install/my_custom_pkg/share/my_custom_pkg/hook/cmake_prefix_path.ps1'
[6.601s] INFO:colcon.colcon_core.shell:Creating environment descriptor '/home/fouadroboticist/ros2_ws/install/my_custom_pkg/share/my_custom_pkg/hook/cmake_prefix_path.dsv'
[6.602s] INFO:colcon.colcon_core.shell:Creating environment hook '/home/fouadroboticist/ros2_ws/install/my_custom_pkg/share/my_custom_pkg/hook/cmake_prefix_path.sh'
[6.603s] Level 1:colcon.colcon_core.environment:checking '/home/fouadroboticist/ros2_ws/install/my_custom_pkg/lib'
[6.604s] Level 1:colcon.colcon_core.shell:create_environment_hook('my_custom_pkg', 'ld_library_path_lib')
[6.605s] INFO:colcon.colcon_core.shell:Creating environment hook '/home/fouadroboticist/ros2_ws/install/my_custom_pkg/share/my_custom_pkg/hook/ld_library_path_lib.ps1'
[6.607s] INFO:colcon.colcon_core.shell:Creating environment descriptor '/home/fouadroboticist/ros2_ws/install/my_custom_pkg/share/my_custom_pkg/hook/ld_library_path_lib.dsv'
[6.625s] INFO:colcon.colcon_core.shell:Creating environment hook '/home/fouadroboticist/ros2_ws/install/my_custom_pkg/share/my_custom_pkg/hook/ld_library_path_lib.sh'
[6.634s] Level 1:colcon.colcon_core.environment:checking '/home/fouadroboticist/ros2_ws/install/my_custom_pkg/bin'
[6.635s] Level 1:colcon.colcon_core.environment:checking '/home/fouadroboticist/ros2_ws/install/my_custom_pkg/lib/pkgconfig/my_custom_pkg.pc'
[6.638s] Level 1:colcon.colcon_core.environment:checking '/home/fouadroboticist/ros2_ws/install/my_custom_pkg/lib/python3.10/site-packages'
[6.641s] Level 1:colcon.colcon_core.environment:checking '/home/fouadroboticist/ros2_ws/install/my_custom_pkg/bin'
[6.642s] INFO:colcon.colcon_core.shell:Creating package script '/home/fouadroboticist/ros2_ws/install/my_custom_pkg/share/my_custom_pkg/package.ps1'
[6.654s] INFO:colcon.colcon_core.shell:Creating package descriptor '/home/fouadroboticist/ros2_ws/install/my_custom_pkg/share/my_custom_pkg/package.dsv'
[6.662s] INFO:colcon.colcon_core.shell:Creating package script '/home/fouadroboticist/ros2_ws/install/my_custom_pkg/share/my_custom_pkg/package.sh'
[6.671s] INFO:colcon.colcon_core.shell:Creating package script '/home/fouadroboticist/ros2_ws/install/my_custom_pkg/share/my_custom_pkg/package.bash'
[6.688s] INFO:colcon.colcon_core.shell:Creating package script '/home/fouadroboticist/ros2_ws/install/my_custom_pkg/share/my_custom_pkg/package.zsh'
[6.708s] Level 1:colcon.colcon_core.environment:create_file_with_runtime_dependencies(/home/fouadroboticist/ros2_ws/install/my_custom_pkg/share/colcon-core/packages/my_custom_pkg)
[6.972s] Level 1:colcon.colcon_core.environment:create_environment_scripts_only(my_robot_interfaces)
[6.973s] Level 1:colcon.colcon_core.environment:checking '/home/fouadroboticist/ros2_ws/install/my_robot_interfaces' for CMake module files
[6.977s] DEBUG:colcon.colcon_core.event_handler.log_command:Invoked command in '/home/fouadroboticist/ros2_ws/build/my_robot_interfaces' returned '0': CMAKE_PREFIX_PATH=${CMAKE_PREFIX_PATH}:/home/fouadroboticist/ros2_ws/install/tutorials_py:/home/fouadroboticist/ros2_ws/install/my_robot_controller:/home/fouadroboticist/ros2_ws/install/actions_py:/opt/ros/humble /usr/bin/cmake --install /home/fouadroboticist/ros2_ws/build/my_robot_interfaces
[6.980s] Level 1:colcon.colcon_core.environment:checking '/home/fouadroboticist/ros2_ws/install/my_robot_interfaces' for CMake config files
[6.984s] Level 1:colcon.colcon_core.shell:create_environment_hook('my_robot_interfaces', 'cmake_prefix_path')
[6.985s] INFO:colcon.colcon_core.shell:Creating environment hook '/home/fouadroboticist/ros2_ws/install/my_robot_interfaces/share/my_robot_interfaces/hook/cmake_prefix_path.ps1'
[6.993s] INFO:colcon.colcon_core.shell:Creating environment descriptor '/home/fouadroboticist/ros2_ws/install/my_robot_interfaces/share/my_robot_interfaces/hook/cmake_prefix_path.dsv'
[6.997s] INFO:colcon.colcon_core.shell:Creating environment hook '/home/fouadroboticist/ros2_ws/install/my_robot_interfaces/share/my_robot_interfaces/hook/cmake_prefix_path.sh'
[6.999s] Level 1:colcon.colcon_core.environment:checking '/home/fouadroboticist/ros2_ws/install/my_robot_interfaces/lib'
[6.999s] Level 1:colcon.colcon_core.shell:create_environment_hook('my_robot_interfaces', 'ld_library_path_lib')
[7.000s] INFO:colcon.colcon_core.shell:Creating environment hook '/home/fouadroboticist/ros2_ws/install/my_robot_interfaces/share/my_robot_interfaces/hook/ld_library_path_lib.ps1'
[7.002s] INFO:colcon.colcon_core.shell:Creating environment descriptor '/home/fouadroboticist/ros2_ws/install/my_robot_interfaces/share/my_robot_interfaces/hook/ld_library_path_lib.dsv'
[7.008s] INFO:colcon.colcon_core.shell:Creating environment hook '/home/fouadroboticist/ros2_ws/install/my_robot_interfaces/share/my_robot_interfaces/hook/ld_library_path_lib.sh'
[7.016s] Level 1:colcon.colcon_core.environment:checking '/home/fouadroboticist/ros2_ws/install/my_robot_interfaces/bin'
[7.017s] Level 1:colcon.colcon_core.environment:checking '/home/fouadroboticist/ros2_ws/install/my_robot_interfaces/lib/pkgconfig/my_robot_interfaces.pc'
[7.018s] Level 1:colcon.colcon_core.environment:checking '/home/fouadroboticist/ros2_ws/install/my_robot_interfaces/lib/python3.10/site-packages'
[7.018s] Level 1:colcon.colcon_core.environment:checking '/home/fouadroboticist/ros2_ws/install/my_robot_interfaces/bin'
[7.020s] INFO:colcon.colcon_core.shell:Creating package script '/home/fouadroboticist/ros2_ws/install/my_robot_interfaces/share/my_robot_interfaces/package.ps1'
[7.022s] INFO:colcon.colcon_core.shell:Creating package descriptor '/home/fouadroboticist/ros2_ws/install/my_robot_interfaces/share/my_robot_interfaces/package.dsv'
[7.023s] INFO:colcon.colcon_core.shell:Creating package script '/home/fouadroboticist/ros2_ws/install/my_robot_interfaces/share/my_robot_interfaces/package.sh'
[7.035s] INFO:colcon.colcon_core.shell:Creating package script '/home/fouadroboticist/ros2_ws/install/my_robot_interfaces/share/my_robot_interfaces/package.bash'
[7.036s] INFO:colcon.colcon_core.shell:Creating package script '/home/fouadroboticist/ros2_ws/install/my_robot_interfaces/share/my_robot_interfaces/package.zsh'
[7.038s] Level 1:colcon.colcon_core.environment:create_file_with_runtime_dependencies(/home/fouadroboticist/ros2_ws/install/my_robot_interfaces/share/colcon-core/packages/my_robot_interfaces)
[7.472s] Level 1:colcon.colcon_core.environment:create_environment_scripts_only(my_robot_interfaces)
[7.473s] Level 1:colcon.colcon_core.environment:checking '/home/fouadroboticist/ros2_ws/install/my_robot_interfaces' for CMake module files
[7.480s] Level 1:colcon.colcon_core.environment:checking '/home/fouadroboticist/ros2_ws/install/my_robot_interfaces' for CMake config files
[7.484s] Level 1:colcon.colcon_core.shell:create_environment_hook('my_robot_interfaces', 'cmake_prefix_path')
[7.485s] INFO:colcon.colcon_core.shell:Creating environment hook '/home/fouadroboticist/ros2_ws/install/my_robot_interfaces/share/my_robot_interfaces/hook/cmake_prefix_path.ps1'
[7.487s] INFO:colcon.colcon_core.shell:Creating environment descriptor '/home/fouadroboticist/ros2_ws/install/my_robot_interfaces/share/my_robot_interfaces/hook/cmake_prefix_path.dsv'
[7.488s] INFO:colcon.colcon_core.shell:Creating environment hook '/home/fouadroboticist/ros2_ws/install/my_robot_interfaces/share/my_robot_interfaces/hook/cmake_prefix_path.sh'
[7.489s] Level 1:colcon.colcon_core.environment:checking '/home/fouadroboticist/ros2_ws/install/my_robot_interfaces/lib'
[7.490s] Level 1:colcon.colcon_core.shell:create_environment_hook('my_robot_interfaces', 'ld_library_path_lib')
[7.491s] INFO:colcon.colcon_core.shell:Creating environment hook '/home/fouadroboticist/ros2_ws/install/my_robot_interfaces/share/my_robot_interfaces/hook/ld_library_path_lib.ps1'
[7.492s] INFO:colcon.colcon_core.shell:Creating environment descriptor '/home/fouadroboticist/ros2_ws/install/my_robot_interfaces/share/my_robot_interfaces/hook/ld_library_path_lib.dsv'
[7.493s] INFO:colcon.colcon_core.shell:Creating environment hook '/home/fouadroboticist/ros2_ws/install/my_robot_interfaces/share/my_robot_interfaces/hook/ld_library_path_lib.sh'
[7.494s] Level 1:colcon.colcon_core.environment:checking '/home/fouadroboticist/ros2_ws/install/my_robot_interfaces/bin'
[7.494s] Level 1:colcon.colcon_core.environment:checking '/home/fouadroboticist/ros2_ws/install/my_robot_interfaces/lib/pkgconfig/my_robot_interfaces.pc'
[7.495s] Level 1:colcon.colcon_core.environment:checking '/home/fouadroboticist/ros2_ws/install/my_robot_interfaces/lib/python3.10/site-packages'
[7.499s] Level 1:colcon.colcon_core.environment:checking '/home/fouadroboticist/ros2_ws/install/my_robot_interfaces/bin'
[7.501s] INFO:colcon.colcon_core.shell:Creating package script '/home/fouadroboticist/ros2_ws/install/my_robot_interfaces/share/my_robot_interfaces/package.ps1'
[7.503s] INFO:colcon.colcon_core.shell:Creating package descriptor '/home/fouadroboticist/ros2_ws/install/my_robot_interfaces/share/my_robot_interfaces/package.dsv'
[7.505s] INFO:colcon.colcon_core.shell:Creating package script '/home/fouadroboticist/ros2_ws/install/my_robot_interfaces/share/my_robot_interfaces/package.sh'
[7.508s] INFO:colcon.colcon_core.shell:Creating package script '/home/fouadroboticist/ros2_ws/install/my_robot_interfaces/share/my_robot_interfaces/package.bash'
[7.510s] INFO:colcon.colcon_core.shell:Creating package script '/home/fouadroboticist/ros2_ws/install/my_robot_interfaces/share/my_robot_interfaces/package.zsh'
[7.512s] Level 1:colcon.colcon_core.environment:create_file_with_runtime_dependencies(/home/fouadroboticist/ros2_ws/install/my_robot_interfaces/share/colcon-core/packages/my_robot_interfaces)
[7.520s] INFO:colcon.colcon_ros.task.ament_python.build:Building ROS package in '/home/fouadroboticist/ros2_ws/src/actions_py' with build type 'ament_python'
[7.522s] Level 1:colcon.colcon_core.shell:create_environment_hook('actions_py', 'ament_prefix_path')
[7.523s] INFO:colcon.colcon_core.shell:Creating environment hook '/home/fouadroboticist/ros2_ws/install/actions_py/share/actions_py/hook/ament_prefix_path.ps1'
[7.526s] INFO:colcon.colcon_core.shell:Creating environment descriptor '/home/fouadroboticist/ros2_ws/install/actions_py/share/actions_py/hook/ament_prefix_path.dsv'
[7.530s] INFO:colcon.colcon_core.shell:Creating environment hook '/home/fouadroboticist/ros2_ws/install/actions_py/share/actions_py/hook/ament_prefix_path.sh'
[7.533s] INFO:colcon.colcon_core.shell:Skip shell extension 'powershell' for command environment: Not usable outside of PowerShell
[7.533s] DEBUG:colcon.colcon_core.shell:Skip shell extension 'dsv' for command environment
[7.550s] INFO:colcon.colcon_ros.task.ament_python.build:Building ROS package in '/home/fouadroboticist/ros2_ws/src/my_robot_controller' with build type 'ament_python'
[7.551s] Level 1:colcon.colcon_core.shell:create_environment_hook('my_robot_controller', 'ament_prefix_path')
[7.552s] INFO:colcon.colcon_core.shell:Creating environment hook '/home/fouadroboticist/ros2_ws/install/my_robot_controller/share/my_robot_controller/hook/ament_prefix_path.ps1'
[7.554s] INFO:colcon.colcon_core.shell:Creating environment descriptor '/home/fouadroboticist/ros2_ws/install/my_robot_controller/share/my_robot_controller/hook/ament_prefix_path.dsv'
[7.556s] INFO:colcon.colcon_core.shell:Creating environment hook '/home/fouadroboticist/ros2_ws/install/my_robot_controller/share/my_robot_controller/hook/ament_prefix_path.sh'
[7.559s] INFO:colcon.colcon_core.shell:Skip shell extension 'powershell' for command environment: Not usable outside of PowerShell
[7.559s] DEBUG:colcon.colcon_core.shell:Skip shell extension 'dsv' for command environment
[9.178s] INFO:colcon.colcon_core.task.python.build:Building Python package in '/home/fouadroboticist/ros2_ws/src/actions_py'
[9.178s] INFO:colcon.colcon_core.shell:Skip shell extension 'powershell' for command environment: Not usable outside of PowerShell
[9.178s] DEBUG:colcon.colcon_core.shell:Skip shell extension 'dsv' for command environment
[10.235s] INFO:colcon.colcon_core.task.python.build:Building Python package in '/home/fouadroboticist/ros2_ws/src/my_robot_controller'
[10.236s] INFO:colcon.colcon_core.shell:Skip shell extension 'powershell' for command environment: Not usable outside of PowerShell
[10.236s] DEBUG:colcon.colcon_core.shell:Skip shell extension 'dsv' for command environment
[10.271s] DEBUG:colcon.colcon_core.event_handler.log_command:Invoking command in '/home/fouadroboticist/ros2_ws/src/tutorials_py': PYTHONPATH=/home/fouadroboticist/ros2_ws/build/tutorials_py/prefix_override:/usr/lib/python3/dist-packages/colcon_core/task/python/colcon_distutils_commands:/home/fouadroboticist/ros2_ws/install/tutorials_py/lib/python3.10/site-packages:${PYTHONPATH} /usr/bin/python3 -W ignore:setup.py install is deprecated setup.py egg_info --egg-base ../../build/tutorials_py build --build-base /home/fouadroboticist/ros2_ws/build/tutorials_py/build install --record /home/fouadroboticist/ros2_ws/build/tutorials_py/install.log --single-version-externally-managed install_data
[10.281s] DEBUG:colcon.colcon_core.event_handler.log_command:Invoked command in '/home/fouadroboticist/ros2_ws/build/robot_description' returned '0': CMAKE_PREFIX_PATH=${CMAKE_PREFIX_PATH}:/home/fouadroboticist/ros2_ws/install/tutorials_py:/home/fouadroboticist/ros2_ws/install/my_robot_controller:/home/fouadroboticist/ros2_ws/install/actions_py:/opt/ros/humble /usr/bin/cmake --build /home/fouadroboticist/ros2_ws/build/robot_description -- -j4 -l4
[10.389s] DEBUG:colcon.colcon_core.event_handler.log_command:Invoking command in '/home/fouadroboticist/ros2_ws/build/robot_description': CMAKE_PREFIX_PATH=${CMAKE_PREFIX_PATH}:/home/fouadroboticist/ros2_ws/install/tutorials_py:/home/fouadroboticist/ros2_ws/install/my_robot_controller:/home/fouadroboticist/ros2_ws/install/actions_py:/opt/ros/humble /usr/bin/cmake --install /home/fouadroboticist/ros2_ws/build/robot_description
[10.456s] Level 1:colcon.colcon_core.environment:create_environment_scripts_only(robot_description)
[10.457s] Level 1:colcon.colcon_core.environment:checking '/home/fouadroboticist/ros2_ws/install/robot_description' for CMake module files
[10.464s] Level 1:colcon.colcon_core.environment:checking '/home/fouadroboticist/ros2_ws/install/robot_description' for CMake config files
[10.467s] DEBUG:colcon.colcon_core.event_handler.log_command:Invoked command in '/home/fouadroboticist/ros2_ws/build/robot_description' returned '0': CMAKE_PREFIX_PATH=${CMAKE_PREFIX_PATH}:/home/fouadroboticist/ros2_ws/install/tutorials_py:/home/fouadroboticist/ros2_ws/install/my_robot_controller:/home/fouadroboticist/ros2_ws/install/actions_py:/opt/ros/humble /usr/bin/cmake --install /home/fouadroboticist/ros2_ws/build/robot_description
[10.471s] Level 1:colcon.colcon_core.shell:create_environment_hook('robot_description', 'cmake_prefix_path')
[10.472s] INFO:colcon.colcon_core.shell:Creating environment hook '/home/fouadroboticist/ros2_ws/install/robot_description/share/robot_description/hook/cmake_prefix_path.ps1'
[10.476s] INFO:colcon.colcon_core.shell:Creating environment descriptor '/home/fouadroboticist/ros2_ws/install/robot_description/share/robot_description/hook/cmake_prefix_path.dsv'
[10.478s] INFO:colcon.colcon_core.shell:Creating environment hook '/home/fouadroboticist/ros2_ws/install/robot_description/share/robot_description/hook/cmake_prefix_path.sh'
[10.480s] Level 1:colcon.colcon_core.environment:checking '/home/fouadroboticist/ros2_ws/install/robot_description/bin'
[10.480s] Level 1:colcon.colcon_core.environment:checking '/home/fouadroboticist/ros2_ws/install/robot_description/lib/pkgconfig/robot_description.pc'
[10.481s] Level 1:colcon.colcon_core.environment:checking '/home/fouadroboticist/ros2_ws/install/robot_description/lib/python3.10/site-packages'
[10.482s] Level 1:colcon.colcon_core.environment:checking '/home/fouadroboticist/ros2_ws/install/robot_description/bin'
[10.483s] INFO:colcon.colcon_core.shell:Creating package script '/home/fouadroboticist/ros2_ws/install/robot_description/share/robot_description/package.ps1'
[10.489s] INFO:colcon.colcon_core.shell:Creating package descriptor '/home/fouadroboticist/ros2_ws/install/robot_description/share/robot_description/package.dsv'
[10.496s] INFO:colcon.colcon_core.shell:Creating package script '/home/fouadroboticist/ros2_ws/install/robot_description/share/robot_description/package.sh'
[10.497s] INFO:colcon.colcon_core.shell:Creating package script '/home/fouadroboticist/ros2_ws/install/robot_description/share/robot_description/package.bash'
[10.499s] INFO:colcon.colcon_core.shell:Creating package script '/home/fouadroboticist/ros2_ws/install/robot_description/share/robot_description/package.zsh'
[10.500s] Level 1:colcon.colcon_core.environment:create_file_with_runtime_dependencies(/home/fouadroboticist/ros2_ws/install/robot_description/share/colcon-core/packages/robot_description)
[10.606s] Level 1:colcon.colcon_core.environment:create_environment_scripts_only(robot_description)
[10.607s] Level 1:colcon.colcon_core.environment:checking '/home/fouadroboticist/ros2_ws/install/robot_description' for CMake module files
[10.614s] Level 1:colcon.colcon_core.environment:checking '/home/fouadroboticist/ros2_ws/install/robot_description' for CMake config files
[10.615s] Level 1:colcon.colcon_core.shell:create_environment_hook('robot_description', 'cmake_prefix_path')
[10.616s] INFO:colcon.colcon_core.shell:Creating environment hook '/home/fouadroboticist/ros2_ws/install/robot_description/share/robot_description/hook/cmake_prefix_path.ps1'
[10.623s] INFO:colcon.colcon_core.shell:Creating environment descriptor '/home/fouadroboticist/ros2_ws/install/robot_description/share/robot_description/hook/cmake_prefix_path.dsv'
[10.627s] INFO:colcon.colcon_core.shell:Creating environment hook '/home/fouadroboticist/ros2_ws/install/robot_description/share/robot_description/hook/cmake_prefix_path.sh'
[10.629s] Level 1:colcon.colcon_core.environment:checking '/home/fouadroboticist/ros2_ws/install/robot_description/bin'
[10.629s] Level 1:colcon.colcon_core.environment:checking '/home/fouadroboticist/ros2_ws/install/robot_description/lib/pkgconfig/robot_description.pc'
[10.630s] Level 1:colcon.colcon_core.environment:checking '/home/fouadroboticist/ros2_ws/install/robot_description/lib/python3.10/site-packages'
[10.631s] Level 1:colcon.colcon_core.environment:checking '/home/fouadroboticist/ros2_ws/install/robot_description/bin'
[10.632s] INFO:colcon.colcon_core.shell:Creating package script '/home/fouadroboticist/ros2_ws/install/robot_description/share/robot_description/package.ps1'
[10.633s] INFO:colcon.colcon_core.shell:Creating package descriptor '/home/fouadroboticist/ros2_ws/install/robot_description/share/robot_description/package.dsv'
[10.635s] INFO:colcon.colcon_core.shell:Creating package script '/home/fouadroboticist/ros2_ws/install/robot_description/share/robot_description/package.sh'
[10.646s] INFO:colcon.colcon_core.shell:Creating package script '/home/fouadroboticist/ros2_ws/install/robot_description/share/robot_description/package.bash'
[10.648s] INFO:colcon.colcon_core.shell:Creating package script '/home/fouadroboticist/ros2_ws/install/robot_description/share/robot_description/package.zsh'
[10.650s] Level 1:colcon.colcon_core.environment:create_file_with_runtime_dependencies(/home/fouadroboticist/ros2_ws/install/robot_description/share/colcon-core/packages/robot_description)
[11.606s] Level 1:colcon.colcon_core.environment:checking '/home/fouadroboticist/ros2_ws/install/tutorials_py' for CMake module files
[11.614s] Level 1:colcon.colcon_core.environment:checking '/home/fouadroboticist/ros2_ws/install/tutorials_py' for CMake config files
[11.626s] DEBUG:colcon.colcon_core.event_handler.log_command:Invoked command in '/home/fouadroboticist/ros2_ws/src/tutorials_py' returned '0': PYTHONPATH=/home/fouadroboticist/ros2_ws/build/tutorials_py/prefix_override:/usr/lib/python3/dist-packages/colcon_core/task/python/colcon_distutils_commands:/home/fouadroboticist/ros2_ws/install/tutorials_py/lib/python3.10/site-packages:${PYTHONPATH} /usr/bin/python3 -W ignore:setup.py install is deprecated setup.py egg_info --egg-base ../../build/tutorials_py build --build-base /home/fouadroboticist/ros2_ws/build/tutorials_py/build install --record /home/fouadroboticist/ros2_ws/build/tutorials_py/install.log --single-version-externally-managed install_data
[11.630s] Level 1:colcon.colcon_core.environment:checking '/home/fouadroboticist/ros2_ws/install/tutorials_py/lib'
[11.630s] Level 1:colcon.colcon_core.environment:checking '/home/fouadroboticist/ros2_ws/install/tutorials_py/bin'
[11.630s] Level 1:colcon.colcon_core.environment:checking '/home/fouadroboticist/ros2_ws/install/tutorials_py/lib/pkgconfig/tutorials_py.pc'
[11.631s] Level 1:colcon.colcon_core.environment:checking '/home/fouadroboticist/ros2_ws/install/tutorials_py/lib/python3.10/site-packages'
[11.631s] Level 1:colcon.colcon_core.shell:create_environment_hook('tutorials_py', 'pythonpath')
[11.632s] INFO:colcon.colcon_core.shell:Creating environment hook '/home/fouadroboticist/ros2_ws/install/tutorials_py/share/tutorials_py/hook/pythonpath.ps1'
[11.633s] INFO:colcon.colcon_core.shell:Creating environment descriptor '/home/fouadroboticist/ros2_ws/install/tutorials_py/share/tutorials_py/hook/pythonpath.dsv'
[11.635s] INFO:colcon.colcon_core.shell:Creating environment hook '/home/fouadroboticist/ros2_ws/install/tutorials_py/share/tutorials_py/hook/pythonpath.sh'
[11.637s] Level 1:colcon.colcon_core.environment:checking '/home/fouadroboticist/ros2_ws/install/tutorials_py/bin'
[11.638s] Level 1:colcon.colcon_core.environment:create_environment_scripts_only(tutorials_py)
[11.638s] INFO:colcon.colcon_core.shell:Creating package script '/home/fouadroboticist/ros2_ws/install/tutorials_py/share/tutorials_py/package.ps1'
[11.639s] INFO:colcon.colcon_core.shell:Creating package descriptor '/home/fouadroboticist/ros2_ws/install/tutorials_py/share/tutorials_py/package.dsv'
[11.642s] INFO:colcon.colcon_core.shell:Creating package script '/home/fouadroboticist/ros2_ws/install/tutorials_py/share/tutorials_py/package.sh'
[11.643s] INFO:colcon.colcon_core.shell:Creating package script '/home/fouadroboticist/ros2_ws/install/tutorials_py/share/tutorials_py/package.bash'
[11.645s] INFO:colcon.colcon_core.shell:Creating package script '/home/fouadroboticist/ros2_ws/install/tutorials_py/share/tutorials_py/package.zsh'
[11.646s] Level 1:colcon.colcon_core.environment:create_file_with_runtime_dependencies(/home/fouadroboticist/ros2_ws/install/tutorials_py/share/colcon-core/packages/tutorials_py)
[11.867s] DEBUG:colcon.colcon_core.event_handler.log_command:Invoking command in '/home/fouadroboticist/ros2_ws/src/actions_py': CMAKE_PREFIX_PATH=/home/fouadroboticist/ros2_ws/install/my_robot_interfaces:/home/fouadroboticist/ros2_ws/install/robot_description:/home/fouadroboticist/ros2_ws/install/my_robot_control:/home/fouadroboticist/ros2_ws/install/my_robot_bringup:/home/fouadroboticist/ros2_ws/install/my_custom_pkg PYTHONPATH=/home/fouadroboticist/ros2_ws/build/actions_py/prefix_override:/usr/lib/python3/dist-packages/colcon_core/task/python/colcon_distutils_commands:/home/fouadroboticist/ros2_ws/install/actions_py/lib/python3.10/site-packages:${PYTHONPATH} /usr/bin/python3 -W ignore:setup.py install is deprecated setup.py egg_info --egg-base ../../build/actions_py build --build-base /home/fouadroboticist/ros2_ws/build/actions_py/build install --record /home/fouadroboticist/ros2_ws/build/actions_py/install.log --single-version-externally-managed install_data
[12.129s] DEBUG:colcon.colcon_core.event_handler.log_command:Invoking command in '/home/fouadroboticist/ros2_ws/src/my_robot_controller': CMAKE_PREFIX_PATH=/home/fouadroboticist/ros2_ws/install/my_robot_interfaces:/home/fouadroboticist/ros2_ws/install/robot_description:/home/fouadroboticist/ros2_ws/install/my_robot_control:/home/fouadroboticist/ros2_ws/install/my_robot_bringup:/home/fouadroboticist/ros2_ws/install/my_custom_pkg PYTHONPATH=/home/fouadroboticist/ros2_ws/build/my_robot_controller/prefix_override:/usr/lib/python3/dist-packages/colcon_core/task/python/colcon_distutils_commands:/home/fouadroboticist/ros2_ws/install/my_robot_controller/lib/python3.10/site-packages:${PYTHONPATH} /usr/bin/python3 -W ignore:setup.py install is deprecated setup.py egg_info --egg-base ../../build/my_robot_controller build --build-base /home/fouadroboticist/ros2_ws/build/my_robot_controller/build install --record /home/fouadroboticist/ros2_ws/build/my_robot_controller/install.log --single-version-externally-managed install_data
[13.091s] Level 1:colcon.colcon_core.environment:checking '/home/fouadroboticist/ros2_ws/install/actions_py' for CMake module files
[13.092s] DEBUG:colcon.colcon_core.event_handler.log_command:Invoked command in '/home/fouadroboticist/ros2_ws/src/actions_py' returned '0': CMAKE_PREFIX_PATH=/home/fouadroboticist/ros2_ws/install/my_robot_interfaces:/home/fouadroboticist/ros2_ws/install/robot_description:/home/fouadroboticist/ros2_ws/install/my_robot_control:/home/fouadroboticist/ros2_ws/install/my_robot_bringup:/home/fouadroboticist/ros2_ws/install/my_custom_pkg PYTHONPATH=/home/fouadroboticist/ros2_ws/build/actions_py/prefix_override:/usr/lib/python3/dist-packages/colcon_core/task/python/colcon_distutils_commands:/home/fouadroboticist/ros2_ws/install/actions_py/lib/python3.10/site-packages:${PYTHONPATH} /usr/bin/python3 -W ignore:setup.py install is deprecated setup.py egg_info --egg-base ../../build/actions_py build --build-base /home/fouadroboticist/ros2_ws/build/actions_py/build install --record /home/fouadroboticist/ros2_ws/build/actions_py/install.log --single-version-externally-managed install_data
[13.095s] Level 1:colcon.colcon_core.environment:checking '/home/fouadroboticist/ros2_ws/install/actions_py' for CMake config files
[13.098s] Level 1:colcon.colcon_core.environment:checking '/home/fouadroboticist/ros2_ws/install/actions_py/lib'
[13.099s] Level 1:colcon.colcon_core.environment:checking '/home/fouadroboticist/ros2_ws/install/actions_py/bin'
[13.099s] Level 1:colcon.colcon_core.environment:checking '/home/fouadroboticist/ros2_ws/install/actions_py/lib/pkgconfig/actions_py.pc'
[13.099s] Level 1:colcon.colcon_core.environment:checking '/home/fouadroboticist/ros2_ws/install/actions_py/lib/python3.10/site-packages'
[13.099s] Level 1:colcon.colcon_core.shell:create_environment_hook('actions_py', 'pythonpath')
[13.100s] INFO:colcon.colcon_core.shell:Creating environment hook '/home/fouadroboticist/ros2_ws/install/actions_py/share/actions_py/hook/pythonpath.ps1'
[13.101s] INFO:colcon.colcon_core.shell:Creating environment descriptor '/home/fouadroboticist/ros2_ws/install/actions_py/share/actions_py/hook/pythonpath.dsv'
[13.102s] INFO:colcon.colcon_core.shell:Creating environment hook '/home/fouadroboticist/ros2_ws/install/actions_py/share/actions_py/hook/pythonpath.sh'
[13.104s] Level 1:colcon.colcon_core.environment:checking '/home/fouadroboticist/ros2_ws/install/actions_py/bin'
[13.105s] Level 1:colcon.colcon_core.environment:create_environment_scripts_only(actions_py)
[13.107s] INFO:colcon.colcon_core.shell:Creating package script '/home/fouadroboticist/ros2_ws/install/actions_py/share/actions_py/package.ps1'
[13.108s] INFO:colcon.colcon_core.shell:Creating package descriptor '/home/fouadroboticist/ros2_ws/install/actions_py/share/actions_py/package.dsv'
[13.110s] INFO:colcon.colcon_core.shell:Creating package script '/home/fouadroboticist/ros2_ws/install/actions_py/share/actions_py/package.sh'
[13.111s] INFO:colcon.colcon_core.shell:Creating package script '/home/fouadroboticist/ros2_ws/install/actions_py/share/actions_py/package.bash'
[13.112s] INFO:colcon.colcon_core.shell:Creating package script '/home/fouadroboticist/ros2_ws/install/actions_py/share/actions_py/package.zsh'
[13.114s] Level 1:colcon.colcon_core.environment:create_file_with_runtime_dependencies(/home/fouadroboticist/ros2_ws/install/actions_py/share/colcon-core/packages/actions_py)
[13.273s] Level 1:colcon.colcon_core.environment:checking '/home/fouadroboticist/ros2_ws/install/my_robot_controller' for CMake module files
[13.274s] DEBUG:colcon.colcon_core.event_handler.log_command:Invoked command in '/home/fouadroboticist/ros2_ws/src/my_robot_controller' returned '0': CMAKE_PREFIX_PATH=/home/fouadroboticist/ros2_ws/install/my_robot_interfaces:/home/fouadroboticist/ros2_ws/install/robot_description:/home/fouadroboticist/ros2_ws/install/my_robot_control:/home/fouadroboticist/ros2_ws/install/my_robot_bringup:/home/fouadroboticist/ros2_ws/install/my_custom_pkg PYTHONPATH=/home/fouadroboticist/ros2_ws/build/my_robot_controller/prefix_override:/usr/lib/python3/dist-packages/colcon_core/task/python/colcon_distutils_commands:/home/fouadroboticist/ros2_ws/install/my_robot_controller/lib/python3.10/site-packages:${PYTHONPATH} /usr/bin/python3 -W ignore:setup.py install is deprecated setup.py egg_info --egg-base ../../build/my_robot_controller build --build-base /home/fouadroboticist/ros2_ws/build/my_robot_controller/build install --record /home/fouadroboticist/ros2_ws/build/my_robot_controller/install.log --single-version-externally-managed install_data
[13.275s] Level 1:colcon.colcon_core.environment:checking '/home/fouadroboticist/ros2_ws/install/my_robot_controller' for CMake config files
[13.279s] Level 1:colcon.colcon_core.environment:checking '/home/fouadroboticist/ros2_ws/install/my_robot_controller/lib'
[13.279s] Level 1:colcon.colcon_core.environment:checking '/home/fouadroboticist/ros2_ws/install/my_robot_controller/bin'
[13.279s] Level 1:colcon.colcon_core.environment:checking '/home/fouadroboticist/ros2_ws/install/my_robot_controller/lib/pkgconfig/my_robot_controller.pc'
[13.280s] Level 1:colcon.colcon_core.environment:checking '/home/fouadroboticist/ros2_ws/install/my_robot_controller/lib/python3.10/site-packages'
[13.280s] Level 1:colcon.colcon_core.shell:create_environment_hook('my_robot_controller', 'pythonpath')
[13.281s] INFO:colcon.colcon_core.shell:Creating environment hook '/home/fouadroboticist/ros2_ws/install/my_robot_controller/share/my_robot_controller/hook/pythonpath.ps1'
[13.282s] INFO:colcon.colcon_core.shell:Creating environment descriptor '/home/fouadroboticist/ros2_ws/install/my_robot_controller/share/my_robot_controller/hook/pythonpath.dsv'
[13.284s] INFO:colcon.colcon_core.shell:Creating environment hook '/home/fouadroboticist/ros2_ws/install/my_robot_controller/share/my_robot_controller/hook/pythonpath.sh'
[13.285s] Level 1:colcon.colcon_core.environment:checking '/home/fouadroboticist/ros2_ws/install/my_robot_controller/bin'
[13.286s] Level 1:colcon.colcon_core.environment:create_environment_scripts_only(my_robot_controller)
[13.286s] INFO:colcon.colcon_core.shell:Creating package script '/home/fouadroboticist/ros2_ws/install/my_robot_controller/share/my_robot_controller/package.ps1'
[13.287s] INFO:colcon.colcon_core.shell:Creating package descriptor '/home/fouadroboticist/ros2_ws/install/my_robot_controller/share/my_robot_controller/package.dsv'
[13.289s] INFO:colcon.colcon_core.shell:Creating package script '/home/fouadroboticist/ros2_ws/install/my_robot_controller/share/my_robot_controller/package.sh'
[13.290s] INFO:colcon.colcon_core.shell:Creating package script '/home/fouadroboticist/ros2_ws/install/my_robot_controller/share/my_robot_controller/package.bash'
[13.292s] INFO:colcon.colcon_core.shell:Creating package script '/home/fouadroboticist/ros2_ws/install/my_robot_controller/share/my_robot_controller/package.zsh'
[13.292s] Level 1:colcon.colcon_core.environment:create_file_with_runtime_dependencies(/home/fouadroboticist/ros2_ws/install/my_robot_controller/share/colcon-core/packages/my_robot_controller)
[13.293s] DEBUG:colcon.colcon_parallel_executor.executor.parallel:closing loop
[13.294s] DEBUG:colcon.colcon_parallel_executor.executor.parallel:loop closed
[13.295s] DEBUG:colcon.colcon_parallel_executor.executor.parallel:run_until_complete finished with '0'
[13.295s] DEBUG:colcon.colcon_core.event_reactor:joining thread
[13.348s] INFO:colcon.colcon_core.plugin_system:Skipping extension 'colcon_notification.desktop_notification.terminal_notifier': Not used on non-Darwin systems
[13.348s] INFO:colcon.colcon_core.plugin_system:Skipping extension 'colcon_notification.desktop_notification.win32': Not used on non-Windows systems
[13.348s] INFO:colcon.colcon_notification.desktop_notification:Sending desktop notification using 'notify2'
[13.764s] DEBUG:colcon.colcon_core.event_reactor:joined thread
[13.766s] INFO:colcon.colcon_core.shell:Creating prefix script '/home/fouadroboticist/ros2_ws/install/local_setup.ps1'
[13.769s] INFO:colcon.colcon_core.shell:Creating prefix util module '/home/fouadroboticist/ros2_ws/install/_local_setup_util_ps1.py'
[13.774s] INFO:colcon.colcon_core.shell:Creating prefix chain script '/home/fouadroboticist/ros2_ws/install/setup.ps1'
[13.778s] INFO:colcon.colcon_core.shell:Creating prefix script '/home/fouadroboticist/ros2_ws/install/local_setup.sh'
[13.780s] INFO:colcon.colcon_core.shell:Creating prefix util module '/home/fouadroboticist/ros2_ws/install/_local_setup_util_sh.py'
[13.782s] INFO:colcon.colcon_core.shell:Creating prefix chain script '/home/fouadroboticist/ros2_ws/install/setup.sh'
[13.785s] INFO:colcon.colcon_core.shell:Creating prefix script '/home/fouadroboticist/ros2_ws/install/local_setup.bash'
[13.786s] INFO:colcon.colcon_core.shell:Creating prefix chain script '/home/fouadroboticist/ros2_ws/install/setup.bash'
[13.790s] INFO:colcon.colcon_core.shell:Creating prefix script '/home/fouadroboticist/ros2_ws/install/local_setup.zsh'
[13.791s] INFO:colcon.colcon_core.shell:Creating prefix chain script '/home/fouadroboticist/ros2_ws/install/setup.zsh'
