[3.044s] Invoking command in '/home/fouadroboticist/ros2_ws/src/my_robot_controller': PYTHONPATH=/home/fouadroboticist/ros2_ws/build/my_robot_controller/prefix_override:/usr/lib/python3/dist-packages/colcon_core/task/python/colcon_distutils_commands:/home/fouadroboticist/ros2_ws/install/my_robot_controller/lib/python3.10/site-packages:${PYTHONPATH} /usr/bin/python3 -W ignore:setup.py install is deprecated setup.py egg_info --egg-base ../../build/my_robot_controller build --build-base /home/fouadroboticist/ros2_ws/build/my_robot_controller/build install --record /home/fouadroboticist/ros2_ws/build/my_robot_controller/install.log --single-version-externally-managed install_data
[3.680s] running egg_info
[3.682s] writing ../../build/my_robot_controller/my_robot_controller.egg-info/PKG-INFO
[3.682s] writing dependency_links to ../../build/my_robot_controller/my_robot_controller.egg-info/dependency_links.txt
[3.683s] writing entry points to ../../build/my_robot_controller/my_robot_controller.egg-info/entry_points.txt
[3.683s] writing requirements to ../../build/my_robot_controller/my_robot_controller.egg-info/requires.txt
[3.683s] writing top-level names to ../../build/my_robot_controller/my_robot_controller.egg-info/top_level.txt
[3.688s] reading manifest file '../../build/my_robot_controller/my_robot_controller.egg-info/SOURCES.txt'
[3.702s] writing manifest file '../../build/my_robot_controller/my_robot_controller.egg-info/SOURCES.txt'
[3.703s] running build
[3.703s] running build_py
[3.705s] running install
[3.705s] running install_lib
[3.713s] running install_data
[3.714s] running install_egg_info
[3.717s] removing '/home/fouadroboticist/ros2_ws/install/my_robot_controller/lib/python3.10/site-packages/my_robot_controller-0.0.0-py3.10.egg-info' (and everything under it)
[3.717s] Copying ../../build/my_robot_controller/my_robot_controller.egg-info to /home/fouadroboticist/ros2_ws/install/my_robot_controller/lib/python3.10/site-packages/my_robot_controller-0.0.0-py3.10.egg-info
[3.721s] running install_scripts
[3.774s] Installing draw_circle script to /home/fouadroboticist/ros2_ws/install/my_robot_controller/lib/my_robot_controller
[3.774s] Installing pose_subscriber script to /home/fouadroboticist/ros2_ws/install/my_robot_controller/lib/my_robot_controller
[3.774s] Installing test_node script to /home/fouadroboticist/ros2_ws/install/my_robot_controller/lib/my_robot_controller
[3.776s] Installing turtle_controller script to /home/fouadroboticist/ros2_ws/install/my_robot_controller/lib/my_robot_controller
[3.776s] writing list of installed files to '/home/fouadroboticist/ros2_ws/build/my_robot_controller/install.log'
[3.832s] Invoked command in '/home/fouadroboticist/ros2_ws/src/my_robot_controller' returned '0': PYTHONPATH=/home/fouadroboticist/ros2_ws/build/my_robot_controller/prefix_override:/usr/lib/python3/dist-packages/colcon_core/task/python/colcon_distutils_commands:/home/fouadroboticist/ros2_ws/install/my_robot_controller/lib/python3.10/site-packages:${PYTHONPATH} /usr/bin/python3 -W ignore:setup.py install is deprecated setup.py egg_info --egg-base ../../build/my_robot_controller build --build-base /home/fouadroboticist/ros2_ws/build/my_robot_controller/build install --record /home/fouadroboticist/ros2_ws/build/my_robot_controller/install.log --single-version-externally-managed install_data
