[0.062s] Invoking command in '/home/fouadroboticist/ros2_ws/build/my_robot_control': CMAKE_PREFIX_PATH=${CMAKE_PREFIX_PATH}:/home/fouadroboticist/ros2_ws/install/tutorials_py:/home/fouadroboticist/ros2_ws/install/my_robot_controller:/home/fouadroboticist/ros2_ws/install/actions_py:/opt/ros/humble /usr/bin/cmake --build /home/fouadroboticist/ros2_ws/build/my_robot_control -- -j4 -l4
[0.977s] Invoked command in '/home/fouadroboticist/ros2_ws/build/my_robot_control' returned '0': CMAKE_PREFIX_PATH=${CMAKE_PREFIX_PATH}:/home/fouadroboticist/ros2_ws/install/tutorials_py:/home/fouadroboticist/ros2_ws/install/my_robot_controller:/home/fouadroboticist/ros2_ws/install/actions_py:/opt/ros/humble /usr/bin/cmake --build /home/fouadroboticist/ros2_ws/build/my_robot_control -- -j4 -l4
[1.078s] Invoking command in '/home/fouadroboticist/ros2_ws/build/my_robot_control': CMAKE_PREFIX_PATH=${CMAKE_PREFIX_PATH}:/home/fouadroboticist/ros2_ws/install/tutorials_py:/home/fouadroboticist/ros2_ws/install/my_robot_controller:/home/fouadroboticist/ros2_ws/install/actions_py:/opt/ros/humble /usr/bin/cmake --install /home/fouadroboticist/ros2_ws/build/my_robot_control
[1.098s] -- Install configuration: ""
[1.102s] -- Up-to-date: /home/fouadroboticist/ros2_ws/install/my_robot_control/share/ament_index/resource_index/package_run_dependencies/my_robot_control
[1.103s] -- Up-to-date: /home/fouadroboticist/ros2_ws/install/my_robot_control/share/ament_index/resource_index/parent_prefix_path/my_robot_control
[1.106s] -- Up-to-date: /home/fouadroboticist/ros2_ws/install/my_robot_control/share/my_robot_control/environment/ament_prefix_path.sh
[1.107s] -- Up-to-date: /home/fouadroboticist/ros2_ws/install/my_robot_control/share/my_robot_control/environment/ament_prefix_path.dsv
[1.108s] -- Up-to-date: /home/fouadroboticist/ros2_ws/install/my_robot_control/share/my_robot_control/environment/path.sh
[1.109s] -- Up-to-date: /home/fouadroboticist/ros2_ws/install/my_robot_control/share/my_robot_control/environment/path.dsv
[1.109s] -- Up-to-date: /home/fouadroboticist/ros2_ws/install/my_robot_control/share/my_robot_control/local_setup.bash
[1.110s] -- Up-to-date: /home/fouadroboticist/ros2_ws/install/my_robot_control/share/my_robot_control/local_setup.sh
[1.111s] -- Up-to-date: /home/fouadroboticist/ros2_ws/install/my_robot_control/share/my_robot_control/local_setup.zsh
[1.111s] -- Up-to-date: /home/fouadroboticist/ros2_ws/install/my_robot_control/share/my_robot_control/local_setup.dsv
[1.111s] -- Installing: /home/fouadroboticist/ros2_ws/install/my_robot_control/share/my_robot_control/package.dsv
[1.116s] -- Up-to-date: /home/fouadroboticist/ros2_ws/install/my_robot_control/share/ament_index/resource_index/packages/my_robot_control
[1.117s] -- Up-to-date: /home/fouadroboticist/ros2_ws/install/my_robot_control/share/my_robot_control/cmake/my_robot_controlConfig.cmake
[1.118s] -- Up-to-date: /home/fouadroboticist/ros2_ws/install/my_robot_control/share/my_robot_control/cmake/my_robot_controlConfig-version.cmake
[1.118s] -- Up-to-date: /home/fouadroboticist/ros2_ws/install/my_robot_control/share/my_robot_control/package.xml
[1.124s] Invoked command in '/home/fouadroboticist/ros2_ws/build/my_robot_control' returned '0': CMAKE_PREFIX_PATH=${CMAKE_PREFIX_PATH}:/home/fouadroboticist/ros2_ws/install/tutorials_py:/home/fouadroboticist/ros2_ws/install/my_robot_controller:/home/fouadroboticist/ros2_ws/install/actions_py:/opt/ros/humble /usr/bin/cmake --install /home/fouadroboticist/ros2_ws/build/my_robot_control
