[0.052s] Invoking command in '/home/fouadroboticist/ros2_ws/build/my_robot_interfaces': /usr/bin/cmake /home/fouadroboticist/ros2_ws/src/my_robot_interfaces -DCMAKE_INSTALL_PREFIX=/home/fouadroboticist/ros2_ws/install/my_robot_interfaces
[3.023s] -- The C compiler identification is GNU 11.4.0
[6.271s] -- The CXX compiler identification is GNU 11.4.0
[7.256s] -- Detecting C compiler ABI info
[8.033s] -- Detecting C compiler ABI info - done
[8.048s] -- Check for working C compiler: /usr/bin/cc - skipped
[8.050s] -- Detecting C compile features
[8.059s] -- Detecting C compile features - done
[8.074s] -- Detecting CXX compiler ABI info
[8.710s] -- Detecting CXX compiler ABI info - done
[8.743s] -- Check for working CXX compiler: /usr/bin/c++ - skipped
[8.744s] -- Detecting CXX compile features
[8.745s] -- Detecting CXX compile features - done
[8.880s] -- Found ament_cmake: 1.3.10 (/opt/ros/humble/share/ament_cmake/cmake)
[9.355s] -- Found Python3: /usr/bin/python3 (found version "3.10.12") found components: Interpreter 
[9.801s] -- Found rosidl_default_generators: 1.2.0 (/opt/ros/humble/share/rosidl_default_generators/cmake)
[9.841s] -- Using all available rosidl_typesupport_c: rosidl_typesupport_fastrtps_c;rosidl_typesupport_introspection_c
[9.901s] -- Found rosidl_adapter: 3.1.5 (/opt/ros/humble/share/rosidl_adapter/cmake)
[12.600s] -- Using all available rosidl_typesupport_cpp: rosidl_typesupport_fastrtps_cpp;rosidl_typesupport_introspection_cpp
[13.658s] [31mCMake Error at /opt/ros/humble/share/rosidl_adapter/cmake/rosidl_adapt_interfaces.cmake:59 (message):
[13.658s]   execute_process(/usr/bin/python3 -m rosidl_adapter --package-name
[13.658s]   my_robot_interfaces --arguments-file
[13.659s]   /home/fouadroboticist/ros2_ws/build/my_robot_interfaces/rosidl_adapter__arguments__my_robot_interfaces.json
[13.659s]   --output-dir
[13.659s]   /home/fouadroboticist/ros2_ws/build/my_robot_interfaces/rosidl_adapter/my_robot_interfaces
[13.660s]   --output-file
[13.660s]   /home/fouadroboticist/ros2_ws/build/my_robot_interfaces/rosidl_adapter/my_robot_interfaces.idls)
[13.660s]   returned error code 1:
[13.660s] 
[13.661s]   Traceback (most recent call last):
[13.661s] 
[13.661s]     File "/usr/lib/python3.10/runpy.py", line 196, in _run_module_as_main
[13.662s]       return _run_code(code, main_globals, None,
[13.662s]     File "/usr/lib/python3.10/runpy.py", line 86, in _run_code
[13.662s]       exec(code, run_globals)
[13.663s]     File "/opt/ros/humble/local/lib/python3.10/dist-packages/rosidl_adapter/__main__.py", line 19, in <module>
[13.663s]       sys.exit(main())
[13.663s]     File "/opt/ros/humble/local/lib/python3.10/dist-packages/rosidl_adapter/main.py", line 53, in main
[13.663s]       abs_idl_file = convert_to_idl(
[13.663s]     File "/opt/ros/humble/local/lib/python3.10/dist-packages/rosidl_adapter/__init__.py", line 29, in convert_to_idl
[13.664s]       return convert_action_to_idl(
[13.664s]     File "/opt/ros/humble/local/lib/python3.10/dist-packages/rosidl_adapter/action/__init__.py", line 28, in convert_action_to_idl
[13.664s]       action = parse_action_string(package_name, input_file.stem, content)
[13.665s]     File "/opt/ros/humble/local/lib/python3.10/dist-packages/rosidl_adapter/parser.py", line 894, in parse_action_string
[13.666s]       raise InvalidActionSpecification(
[13.667s] 
[13.673s]   rosidl_adapter.parser.InvalidActionSpecification: Number of '---'
[13.673s]   separators nonconformant with action definition
[13.673s] 
[13.673s] Call Stack (most recent call first):
[13.674s]   /opt/ros/humble/share/rosidl_cmake/cmake/rosidl_generate_interfaces.cmake:130 (rosidl_adapt_interfaces)
[13.674s]   CMakeLists.txt:12 (rosidl_generate_interfaces)
[13.675s] 
[13.675s] [0m
[13.675s] -- Configuring incomplete, errors occurred!
[13.675s] See also "/home/fouadroboticist/ros2_ws/build/my_robot_interfaces/CMakeFiles/CMakeOutput.log".
[13.692s] Invoked command in '/home/fouadroboticist/ros2_ws/build/my_robot_interfaces' returned '1': /usr/bin/cmake /home/fouadroboticist/ros2_ws/src/my_robot_interfaces -DCMAKE_INSTALL_PREFIX=/home/fouadroboticist/ros2_ws/install/my_robot_interfaces
