[1.486s] Invoking command in '/home/fouadroboticist/ros2_ws/build/my_robot_controller': PYTHONPATH=/home/fouadroboticist/ros2_ws/build/my_robot_controller/prefix_override:/usr/lib/python3/dist-packages/colcon_core/task/python/colcon_distutils_commands:/home/fouadroboticist/ros2_ws/install/my_robot_controller/lib/python3.10/site-packages:${PYTHONPATH} /usr/bin/python3 -W ignore:setup.py install is deprecated setup.py develop --editable --build-directory /home/fouadroboticist/ros2_ws/build/my_robot_controller/build --no-deps symlink_data
[2.021s] running develop
[2.026s] /usr/lib/python3/dist-packages/setuptools/command/easy_install.py:158: EasyInstallDeprecationWarning: easy_install command is deprecated. Use build and pip and other standards-based tools.
[2.026s]   warnings.warn(
[2.320s] running egg_info
[2.321s] writing my_robot_controller.egg-info/PKG-INFO
[2.323s] writing dependency_links to my_robot_controller.egg-info/dependency_links.txt
[2.324s] writing entry points to my_robot_controller.egg-info/entry_points.txt
[2.325s] writing requirements to my_robot_controller.egg-info/requires.txt
[2.325s] writing top-level names to my_robot_controller.egg-info/top_level.txt
[2.330s] reading manifest file 'my_robot_controller.egg-info/SOURCES.txt'
[2.335s] writing manifest file 'my_robot_controller.egg-info/SOURCES.txt'
[2.338s] running build_ext
[2.338s] Creating /home/fouadroboticist/ros2_ws/install/my_robot_controller/lib/python3.10/site-packages/my-robot-controller.egg-link (link to .)
[2.341s] Installing draw_circle script to /home/fouadroboticist/ros2_ws/install/my_robot_controller/lib/my_robot_controller
[2.341s] Installing pose_subscriber script to /home/fouadroboticist/ros2_ws/install/my_robot_controller/lib/my_robot_controller
[2.342s] Installing test_node script to /home/fouadroboticist/ros2_ws/install/my_robot_controller/lib/my_robot_controller
[2.344s] 
[2.344s] Installed /home/fouadroboticist/ros2_ws/build/my_robot_controller
[2.344s] running symlink_data
[2.397s] Invoked command in '/home/fouadroboticist/ros2_ws/build/my_robot_controller' returned '0': PYTHONPATH=/home/fouadroboticist/ros2_ws/build/my_robot_controller/prefix_override:/usr/lib/python3/dist-packages/colcon_core/task/python/colcon_distutils_commands:/home/fouadroboticist/ros2_ws/install/my_robot_controller/lib/python3.10/site-packages:${PYTHONPATH} /usr/bin/python3 -W ignore:setup.py install is deprecated setup.py develop --editable --build-directory /home/fouadroboticist/ros2_ws/build/my_robot_controller/build --no-deps symlink_data
