[2.911s] Invoking command in '/home/fouadroboticist/ros2_ws/src/actions_py': PYTHONPATH=/home/fouadroboticist/ros2_ws/build/actions_py/prefix_override:/usr/lib/python3/dist-packages/colcon_core/task/python/colcon_distutils_commands:/home/fouadroboticist/ros2_ws/install/actions_py/lib/python3.10/site-packages:${PYTHONPATH} /usr/bin/python3 -W ignore:setup.py install is deprecated setup.py egg_info --egg-base ../../build/actions_py build --build-base /home/fouadroboticist/ros2_ws/build/actions_py/build install --record /home/fouadroboticist/ros2_ws/build/actions_py/install.log --single-version-externally-managed install_data
[3.593s] running egg_info
[3.594s] writing ../../build/actions_py/actions_py.egg-info/PKG-INFO
[3.595s] writing dependency_links to ../../build/actions_py/actions_py.egg-info/dependency_links.txt
[3.595s] writing entry points to ../../build/actions_py/actions_py.egg-info/entry_points.txt
[3.595s] writing requirements to ../../build/actions_py/actions_py.egg-info/requires.txt
[3.596s] writing top-level names to ../../build/actions_py/actions_py.egg-info/top_level.txt
[3.600s] reading manifest file '../../build/actions_py/actions_py.egg-info/SOURCES.txt'
[3.712s] writing manifest file '../../build/actions_py/actions_py.egg-info/SOURCES.txt'
[3.713s] running build
[3.713s] running build_py
[3.716s] running install
[3.716s] running install_lib
[3.720s] running install_data
[3.723s] running install_egg_info
[3.727s] removing '/home/fouadroboticist/ros2_ws/install/actions_py/lib/python3.10/site-packages/actions_py-0.0.0-py3.10.egg-info' (and everything under it)
[3.728s] Copying ../../build/actions_py/actions_py.egg-info to /home/fouadroboticist/ros2_ws/install/actions_py/lib/python3.10/site-packages/actions_py-0.0.0-py3.10.egg-info
[3.732s] running install_scripts
[3.785s] Installing count_until_client script to /home/fouadroboticist/ros2_ws/install/actions_py/lib/actions_py
[3.787s] Installing count_until_server script to /home/fouadroboticist/ros2_ws/install/actions_py/lib/actions_py
[3.789s] writing list of installed files to '/home/fouadroboticist/ros2_ws/build/actions_py/install.log'
[3.862s] Invoked command in '/home/fouadroboticist/ros2_ws/src/actions_py' returned '0': PYTHONPATH=/home/fouadroboticist/ros2_ws/build/actions_py/prefix_override:/usr/lib/python3/dist-packages/colcon_core/task/python/colcon_distutils_commands:/home/fouadroboticist/ros2_ws/install/actions_py/lib/python3.10/site-packages:${PYTHONPATH} /usr/bin/python3 -W ignore:setup.py install is deprecated setup.py egg_info --egg-base ../../build/actions_py build --build-base /home/fouadroboticist/ros2_ws/build/actions_py/build install --record /home/fouadroboticist/ros2_ws/build/actions_py/install.log --single-version-externally-managed install_data
