[4.162s] Invoking command in '/home/fouadroboticist/ros2_ws/src/tutorials_py': PYTHONPATH=/home/fouadroboticist/ros2_ws/build/tutorials_py/prefix_override:/usr/lib/python3/dist-packages/colcon_core/task/python/colcon_distutils_commands:/home/fouadroboticist/ros2_ws/install/tutorials_py/lib/python3.10/site-packages:${PYTHONPATH} /usr/bin/python3 -W ignore:setup.py install is deprecated setup.py egg_info --egg-base ../../build/tutorials_py build --build-base /home/fouadroboticist/ros2_ws/build/tutorials_py/build install --record /home/fouadroboticist/ros2_ws/build/tutorials_py/install.log --single-version-externally-managed install_data
[4.961s] running egg_info
[4.963s] writing ../../build/tutorials_py/tutorials_py.egg-info/PKG-INFO
[4.964s] writing dependency_links to ../../build/tutorials_py/tutorials_py.egg-info/dependency_links.txt
[4.965s] writing entry points to ../../build/tutorials_py/tutorials_py.egg-info/entry_points.txt
[4.965s] writing requirements to ../../build/tutorials_py/tutorials_py.egg-info/requires.txt
[4.965s] writing top-level names to ../../build/tutorials_py/tutorials_py.egg-info/top_level.txt
[4.971s] reading manifest file '../../build/tutorials_py/tutorials_py.egg-info/SOURCES.txt'
[4.976s] writing manifest file '../../build/tutorials_py/tutorials_py.egg-info/SOURCES.txt'
[4.976s] running build
[4.976s] running build_py
[4.977s] running install
[4.978s] running install_lib
[4.982s] running install_data
[4.983s] running install_egg_info
[4.987s] removing '/home/fouadroboticist/ros2_ws/install/tutorials_py/lib/python3.10/site-packages/tutorials_py-0.0.0-py3.10.egg-info' (and everything under it)
[4.990s] Copying ../../build/tutorials_py/tutorials_py.egg-info to /home/fouadroboticist/ros2_ws/install/tutorials_py/lib/python3.10/site-packages/tutorials_py-0.0.0-py3.10.egg-info
[4.993s] running install_scripts
[5.120s] Installing node1 script to /home/fouadroboticist/ros2_ws/install/tutorials_py/lib/tutorials_py
[5.121s] Installing node2 script to /home/fouadroboticist/ros2_ws/install/tutorials_py/lib/tutorials_py
[5.123s] Installing node3 script to /home/fouadroboticist/ros2_ws/install/tutorials_py/lib/tutorials_py
[5.124s] writing list of installed files to '/home/fouadroboticist/ros2_ws/build/tutorials_py/install.log'
[5.193s] Invoked command in '/home/fouadroboticist/ros2_ws/src/tutorials_py' returned '0': PYTHONPATH=/home/fouadroboticist/ros2_ws/build/tutorials_py/prefix_override:/usr/lib/python3/dist-packages/colcon_core/task/python/colcon_distutils_commands:/home/fouadroboticist/ros2_ws/install/tutorials_py/lib/python3.10/site-packages:${PYTHONPATH} /usr/bin/python3 -W ignore:setup.py install is deprecated setup.py egg_info --egg-base ../../build/tutorials_py build --build-base /home/fouadroboticist/ros2_ws/build/tutorials_py/build install --record /home/fouadroboticist/ros2_ws/build/tutorials_py/install.log --single-version-externally-managed install_data
