[0.083s] Invoking command in '/home/fouadroboticist/ros2_ws/build/my_custom_pkg': CMAKE_PREFIX_PATH=${CMAKE_PREFIX_PATH}:/home/fouadroboticist/ros2_ws/install/tutorials_py:/home/fouadroboticist/ros2_ws/install/my_robot_controller:/home/fouadroboticist/ros2_ws/install/actions_py:/opt/ros/humble /usr/bin/cmake --build /home/fouadroboticist/ros2_ws/build/my_custom_pkg -- -j4 -l4
[0.650s] [ 50%] Built target motor_controller_component
[0.887s] [100%] Built target cpp_exe
[0.934s] [100%] Built target ament_cmake_python_copy_my_custom_pkg
[2.993s] running egg_info
[2.996s] writing my_custom_pkg.egg-info/PKG-INFO
[2.997s] writing dependency_links to my_custom_pkg.egg-info/dependency_links.txt
[2.998s] writing top-level names to my_custom_pkg.egg-info/top_level.txt
[3.012s] reading manifest file 'my_custom_pkg.egg-info/SOURCES.txt'
[3.019s] writing manifest file 'my_custom_pkg.egg-info/SOURCES.txt'
[3.104s] [100%] Built target ament_cmake_python_build_my_custom_pkg_egg
[3.528s] Invoked command in '/home/fouadroboticist/ros2_ws/build/my_custom_pkg' returned '0': CMAKE_PREFIX_PATH=${CMAKE_PREFIX_PATH}:/home/fouadroboticist/ros2_ws/install/tutorials_py:/home/fouadroboticist/ros2_ws/install/my_robot_controller:/home/fouadroboticist/ros2_ws/install/actions_py:/opt/ros/humble /usr/bin/cmake --build /home/fouadroboticist/ros2_ws/build/my_custom_pkg -- -j4 -l4
[3.658s] Invoking command in '/home/fouadroboticist/ros2_ws/build/my_custom_pkg': CMAKE_PREFIX_PATH=${CMAKE_PREFIX_PATH}:/home/fouadroboticist/ros2_ws/install/tutorials_py:/home/fouadroboticist/ros2_ws/install/my_robot_controller:/home/fouadroboticist/ros2_ws/install/actions_py:/opt/ros/humble /usr/bin/cmake --install /home/fouadroboticist/ros2_ws/build/my_custom_pkg
[3.684s] -- Install configuration: ""
[3.685s] -- Up-to-date: /home/fouadroboticist/ros2_ws/install/my_custom_pkg/lib/libmotor_controller_component.so
[3.686s] -- Up-to-date: /home/fouadroboticist/ros2_ws/install/my_custom_pkg/share/my_custom_pkg/environment/pythonpath.sh
[3.686s] -- Up-to-date: /home/fouadroboticist/ros2_ws/install/my_custom_pkg/share/my_custom_pkg/environment/pythonpath.dsv
[3.687s] -- Up-to-date: /home/fouadroboticist/ros2_ws/install/my_custom_pkg/local/lib/python3.10/dist-packages/my_custom_pkg-0.0.0-py3.10.egg-info
[3.687s] -- Installing: /home/fouadroboticist/ros2_ws/install/my_custom_pkg/local/lib/python3.10/dist-packages/my_custom_pkg-0.0.0-py3.10.egg-info/SOURCES.txt
[3.688s] -- Installing: /home/fouadroboticist/ros2_ws/install/my_custom_pkg/local/lib/python3.10/dist-packages/my_custom_pkg-0.0.0-py3.10.egg-info/dependency_links.txt
[3.689s] -- Installing: /home/fouadroboticist/ros2_ws/install/my_custom_pkg/local/lib/python3.10/dist-packages/my_custom_pkg-0.0.0-py3.10.egg-info/top_level.txt
[3.690s] -- Installing: /home/fouadroboticist/ros2_ws/install/my_custom_pkg/local/lib/python3.10/dist-packages/my_custom_pkg-0.0.0-py3.10.egg-info/PKG-INFO
[3.691s] -- Up-to-date: /home/fouadroboticist/ros2_ws/install/my_custom_pkg/local/lib/python3.10/dist-packages/my_custom_pkg
[3.691s] -- Up-to-date: /home/fouadroboticist/ros2_ws/install/my_custom_pkg/local/lib/python3.10/dist-packages/my_custom_pkg/__init__.py
[3.692s] -- Up-to-date: /home/fouadroboticist/ros2_ws/install/my_custom_pkg/local/lib/python3.10/dist-packages/my_custom_pkg/module_to_import.py
[3.823s] Listing '/home/fouadroboticist/ros2_ws/install/my_custom_pkg/local/lib/python3.10/dist-packages/my_custom_pkg'...
[3.833s] -- Up-to-date: /home/fouadroboticist/ros2_ws/install/my_custom_pkg/lib/my_custom_pkg/composition.py
[3.833s] -- Up-to-date: /home/fouadroboticist/ros2_ws/install/my_custom_pkg/share/ament_index/resource_index/package_run_dependencies/my_custom_pkg
[3.835s] -- Up-to-date: /home/fouadroboticist/ros2_ws/install/my_custom_pkg/share/ament_index/resource_index/parent_prefix_path/my_custom_pkg
[3.835s] -- Up-to-date: /home/fouadroboticist/ros2_ws/install/my_custom_pkg/share/my_custom_pkg/environment/ament_prefix_path.sh
[3.836s] -- Up-to-date: /home/fouadroboticist/ros2_ws/install/my_custom_pkg/share/my_custom_pkg/environment/ament_prefix_path.dsv
[3.836s] -- Up-to-date: /home/fouadroboticist/ros2_ws/install/my_custom_pkg/share/my_custom_pkg/environment/path.sh
[3.836s] -- Up-to-date: /home/fouadroboticist/ros2_ws/install/my_custom_pkg/share/my_custom_pkg/environment/path.dsv
[3.837s] -- Up-to-date: /home/fouadroboticist/ros2_ws/install/my_custom_pkg/share/my_custom_pkg/local_setup.bash
[3.837s] -- Up-to-date: /home/fouadroboticist/ros2_ws/install/my_custom_pkg/share/my_custom_pkg/local_setup.sh
[3.837s] -- Up-to-date: /home/fouadroboticist/ros2_ws/install/my_custom_pkg/share/my_custom_pkg/local_setup.zsh
[3.838s] -- Up-to-date: /home/fouadroboticist/ros2_ws/install/my_custom_pkg/share/my_custom_pkg/local_setup.dsv
[3.839s] -- Installing: /home/fouadroboticist/ros2_ws/install/my_custom_pkg/share/my_custom_pkg/package.dsv
[3.840s] -- Up-to-date: /home/fouadroboticist/ros2_ws/install/my_custom_pkg/share/ament_index/resource_index/packages/my_custom_pkg
[3.840s] -- Up-to-date: /home/fouadroboticist/ros2_ws/install/my_custom_pkg/share/my_custom_pkg/cmake/my_custom_pkgConfig.cmake
[3.841s] -- Up-to-date: /home/fouadroboticist/ros2_ws/install/my_custom_pkg/share/my_custom_pkg/cmake/my_custom_pkgConfig-version.cmake
[3.842s] -- Up-to-date: /home/fouadroboticist/ros2_ws/install/my_custom_pkg/share/my_custom_pkg/package.xml
[3.845s] Invoked command in '/home/fouadroboticist/ros2_ws/build/my_custom_pkg' returned '0': CMAKE_PREFIX_PATH=${CMAKE_PREFIX_PATH}:/home/fouadroboticist/ros2_ws/install/tutorials_py:/home/fouadroboticist/ros2_ws/install/my_robot_controller:/home/fouadroboticist/ros2_ws/install/actions_py:/opt/ros/humble /usr/bin/cmake --install /home/fouadroboticist/ros2_ws/build/my_custom_pkg
