[3.544s] Invoking command in '/home/fouadroboticist/ros2_ws/src/actions_py': CMAKE_PREFIX_PATH=/home/fouadroboticist/ros2_ws/install/my_robot_interfaces:/home/fouadroboticist/ros2_ws/install/robot_description:/home/fouadroboticist/ros2_ws/install/my_robot_control:/home/fouadroboticist/ros2_ws/install/my_robot_bringup:/home/fouadroboticist/ros2_ws/install/my_custom_pkg PYTHONPATH=/home/fouadroboticist/ros2_ws/build/actions_py/prefix_override:/usr/lib/python3/dist-packages/colcon_core/task/python/colcon_distutils_commands:/home/fouadroboticist/ros2_ws/install/actions_py/lib/python3.10/site-packages:${PYTHONPATH} /usr/bin/python3 -W ignore:setup.py install is deprecated setup.py egg_info --egg-base ../../build/actions_py build --build-base /home/fouadroboticist/ros2_ws/build/actions_py/build install --record /home/fouadroboticist/ros2_ws/build/actions_py/install.log --single-version-externally-managed install_data
[4.203s] running egg_info
[4.205s] writing ../../build/actions_py/actions_py.egg-info/PKG-INFO
[4.207s] writing dependency_links to ../../build/actions_py/actions_py.egg-info/dependency_links.txt
[4.209s] writing entry points to ../../build/actions_py/actions_py.egg-info/entry_points.txt
[4.210s] writing requirements to ../../build/actions_py/actions_py.egg-info/requires.txt
[4.211s] writing top-level names to ../../build/actions_py/actions_py.egg-info/top_level.txt
[4.217s] reading manifest file '../../build/actions_py/actions_py.egg-info/SOURCES.txt'
[4.219s] writing manifest file '../../build/actions_py/actions_py.egg-info/SOURCES.txt'
[4.219s] running build
[4.219s] running build_py
[4.220s] running install
[4.222s] running install_lib
[4.226s] running install_data
[4.226s] running install_egg_info
[4.229s] removing '/home/fouadroboticist/ros2_ws/install/actions_py/lib/python3.10/site-packages/actions_py-0.0.0-py3.10.egg-info' (and everything under it)
[4.231s] Copying ../../build/actions_py/actions_py.egg-info to /home/fouadroboticist/ros2_ws/install/actions_py/lib/python3.10/site-packages/actions_py-0.0.0-py3.10.egg-info
[4.236s] running install_scripts
[4.290s] Installing count_until_client script to /home/fouadroboticist/ros2_ws/install/actions_py/lib/actions_py
[4.290s] Installing count_until_server script to /home/fouadroboticist/ros2_ws/install/actions_py/lib/actions_py
[4.292s] writing list of installed files to '/home/fouadroboticist/ros2_ws/build/actions_py/install.log'
[4.353s] Invoked command in '/home/fouadroboticist/ros2_ws/src/actions_py' returned '0': CMAKE_PREFIX_PATH=/home/fouadroboticist/ros2_ws/install/my_robot_interfaces:/home/fouadroboticist/ros2_ws/install/robot_description:/home/fouadroboticist/ros2_ws/install/my_robot_control:/home/fouadroboticist/ros2_ws/install/my_robot_bringup:/home/fouadroboticist/ros2_ws/install/my_custom_pkg PYTHONPATH=/home/fouadroboticist/ros2_ws/build/actions_py/prefix_override:/usr/lib/python3/dist-packages/colcon_core/task/python/colcon_distutils_commands:/home/fouadroboticist/ros2_ws/install/actions_py/lib/python3.10/site-packages:${PYTHONPATH} /usr/bin/python3 -W ignore:setup.py install is deprecated setup.py egg_info --egg-base ../../build/actions_py build --build-base /home/fouadroboticist/ros2_ws/build/actions_py/build install --record /home/fouadroboticist/ros2_ws/build/actions_py/install.log --single-version-externally-managed install_data
