[7.521s] Invoking command in '/home/fouadroboticist/ros2_ws/src/tutorials_py': PYTHONPATH=/home/fouadroboticist/ros2_ws/build/tutorials_py/prefix_override:/usr/lib/python3/dist-packages/colcon_core/task/python/colcon_distutils_commands:/home/fouadroboticist/ros2_ws/install/tutorials_py/lib/python3.10/site-packages:${PYTHONPATH} /usr/bin/python3 -W ignore:setup.py install is deprecated setup.py egg_info --egg-base ../../build/tutorials_py build --build-base /home/fouadroboticist/ros2_ws/build/tutorials_py/build install --record /home/fouadroboticist/ros2_ws/build/tutorials_py/install.log --single-version-externally-managed install_data
[8.504s] running egg_info
[8.507s] writing ../../build/tutorials_py/tutorials_py.egg-info/PKG-INFO
[8.521s] writing dependency_links to ../../build/tutorials_py/tutorials_py.egg-info/dependency_links.txt
[8.521s] writing entry points to ../../build/tutorials_py/tutorials_py.egg-info/entry_points.txt
[8.527s] writing requirements to ../../build/tutorials_py/tutorials_py.egg-info/requires.txt
[8.528s] writing top-level names to ../../build/tutorials_py/tutorials_py.egg-info/top_level.txt
[8.559s] reading manifest file '../../build/tutorials_py/tutorials_py.egg-info/SOURCES.txt'
[8.567s] writing manifest file '../../build/tutorials_py/tutorials_py.egg-info/SOURCES.txt'
[8.567s] running build
[8.567s] running build_py
[8.615s] running install
[8.616s] running install_lib
[8.634s] running install_data
[8.647s] running install_egg_info
[8.652s] removing '/home/fouadroboticist/ros2_ws/install/tutorials_py/lib/python3.10/site-packages/tutorials_py-0.0.0-py3.10.egg-info' (and everything under it)
[8.677s] Copying ../../build/tutorials_py/tutorials_py.egg-info to /home/fouadroboticist/ros2_ws/install/tutorials_py/lib/python3.10/site-packages/tutorials_py-0.0.0-py3.10.egg-info
[8.717s] running install_scripts
[8.791s] Installing node1 script to /home/fouadroboticist/ros2_ws/install/tutorials_py/lib/tutorials_py
[8.817s] Installing node2 script to /home/fouadroboticist/ros2_ws/install/tutorials_py/lib/tutorials_py
[8.818s] Installing node3 script to /home/fouadroboticist/ros2_ws/install/tutorials_py/lib/tutorials_py
[8.819s] writing list of installed files to '/home/fouadroboticist/ros2_ws/build/tutorials_py/install.log'
[8.894s] Invoked command in '/home/fouadroboticist/ros2_ws/src/tutorials_py' returned '0': PYTHONPATH=/home/fouadroboticist/ros2_ws/build/tutorials_py/prefix_override:/usr/lib/python3/dist-packages/colcon_core/task/python/colcon_distutils_commands:/home/fouadroboticist/ros2_ws/install/tutorials_py/lib/python3.10/site-packages:${PYTHONPATH} /usr/bin/python3 -W ignore:setup.py install is deprecated setup.py egg_info --egg-base ../../build/tutorials_py build --build-base /home/fouadroboticist/ros2_ws/build/tutorials_py/build install --record /home/fouadroboticist/ros2_ws/build/tutorials_py/install.log --single-version-externally-managed install_data
