[4.017s] Invoking command in '/home/fouadroboticist/ros2_ws/src/my_robot_controller': AMENT_PREFIX_PATH=/home/fouadroboticist/ros2_ws/install/my_robot_interfaces:${AMENT_PREFIX_PATH} CMAKE_PREFIX_PATH=/home/fouadroboticist/ros2_ws/install/my_robot_interfaces LD_LIBRARY_PATH=/home/fouadroboticist/ros2_ws/install/my_robot_interfaces/lib:${LD_LIBRARY_PATH} PYTHONPATH=/home/fouadroboticist/ros2_ws/build/my_robot_controller/prefix_override:/usr/lib/python3/dist-packages/colcon_core/task/python/colcon_distutils_commands:/home/fouadroboticist/ros2_ws/install/my_robot_controller/lib/python3.10/site-packages:/home/fouadroboticist/ros2_ws/install/my_robot_interfaces/local/lib/python3.10/dist-packages:${PYTHONPATH} /usr/bin/python3 -W ignore:setup.py install is deprecated setup.py egg_info --egg-base ../../build/my_robot_controller build --build-base /home/fouadroboticist/ros2_ws/build/my_robot_controller/build install --record /home/fouadroboticist/ros2_ws/build/my_robot_controller/install.log --single-version-externally-managed install_data
[4.678s] running egg_info
[4.679s] writing ../../build/my_robot_controller/my_robot_controller.egg-info/PKG-INFO
[4.682s] writing dependency_links to ../../build/my_robot_controller/my_robot_controller.egg-info/dependency_links.txt
[4.682s] writing entry points to ../../build/my_robot_controller/my_robot_controller.egg-info/entry_points.txt
[4.684s] writing requirements to ../../build/my_robot_controller/my_robot_controller.egg-info/requires.txt
[4.684s] writing top-level names to ../../build/my_robot_controller/my_robot_controller.egg-info/top_level.txt
[4.689s] reading manifest file '../../build/my_robot_controller/my_robot_controller.egg-info/SOURCES.txt'
[4.692s] writing manifest file '../../build/my_robot_controller/my_robot_controller.egg-info/SOURCES.txt'
[4.693s] running build
[4.693s] running build_py
[4.703s] copying my_robot_controller/my_first_node.py -> /home/fouadroboticist/ros2_ws/build/my_robot_controller/build/lib/my_robot_controller
[4.705s] running install
[4.706s] running install_lib
[4.712s] copying /home/fouadroboticist/ros2_ws/build/my_robot_controller/build/lib/my_robot_controller/my_first_node.py -> /home/fouadroboticist/ros2_ws/install/my_robot_controller/lib/python3.10/site-packages/my_robot_controller
[4.715s] byte-compiling /home/fouadroboticist/ros2_ws/install/my_robot_controller/lib/python3.10/site-packages/my_robot_controller/my_first_node.py to my_first_node.cpython-310.pyc
[4.716s] running install_data
[4.725s] copying package.xml -> /home/fouadroboticist/ros2_ws/install/my_robot_controller/share/my_robot_controller
[4.725s] running install_egg_info
[4.728s] removing '/home/fouadroboticist/ros2_ws/install/my_robot_controller/lib/python3.10/site-packages/my_robot_controller-0.0.0-py3.10.egg-info' (and everything under it)
[4.743s] Copying ../../build/my_robot_controller/my_robot_controller.egg-info to /home/fouadroboticist/ros2_ws/install/my_robot_controller/lib/python3.10/site-packages/my_robot_controller-0.0.0-py3.10.egg-info
[4.748s] running install_scripts
[4.793s] Installing draw_circle script to /home/fouadroboticist/ros2_ws/install/my_robot_controller/lib/my_robot_controller
[4.794s] Installing pose_subscriber script to /home/fouadroboticist/ros2_ws/install/my_robot_controller/lib/my_robot_controller
[4.796s] Installing test_node script to /home/fouadroboticist/ros2_ws/install/my_robot_controller/lib/my_robot_controller
[4.797s] Installing turtle_controller script to /home/fouadroboticist/ros2_ws/install/my_robot_controller/lib/my_robot_controller
[4.797s] writing list of installed files to '/home/fouadroboticist/ros2_ws/build/my_robot_controller/install.log'
[4.855s] Invoked command in '/home/fouadroboticist/ros2_ws/src/my_robot_controller' returned '0': AMENT_PREFIX_PATH=/home/fouadroboticist/ros2_ws/install/my_robot_interfaces:${AMENT_PREFIX_PATH} CMAKE_PREFIX_PATH=/home/fouadroboticist/ros2_ws/install/my_robot_interfaces LD_LIBRARY_PATH=/home/fouadroboticist/ros2_ws/install/my_robot_interfaces/lib:${LD_LIBRARY_PATH} PYTHONPATH=/home/fouadroboticist/ros2_ws/build/my_robot_controller/prefix_override:/usr/lib/python3/dist-packages/colcon_core/task/python/colcon_distutils_commands:/home/fouadroboticist/ros2_ws/install/my_robot_controller/lib/python3.10/site-packages:/home/fouadroboticist/ros2_ws/install/my_robot_interfaces/local/lib/python3.10/dist-packages:${PYTHONPATH} /usr/bin/python3 -W ignore:setup.py install is deprecated setup.py egg_info --egg-base ../../build/my_robot_controller build --build-base /home/fouadroboticist/ros2_ws/build/my_robot_controller/build install --record /home/fouadroboticist/ros2_ws/build/my_robot_controller/install.log --single-version-externally-managed install_data
