[0.101s] Invoking command in '/home/fouadroboticist/ros2_ws/build/robot_description': CMAKE_PREFIX_PATH=${CMAKE_PREFIX_PATH}:/home/fouadroboticist/ros2_ws/install/tutorials_py:/home/fouadroboticist/ros2_ws/install/my_robot_controller:/home/fouadroboticist/ros2_ws/install/actions_py:/opt/ros/humble /usr/bin/cmake /home/fouadroboticist/ros2_ws/src/robot_description -DCMAKE_INSTALL_PREFIX=/home/fouadroboticist/ros2_ws/install/robot_description
[2.060s] -- The C compiler identification is GNU 11.4.0
[5.247s] -- The CXX compiler identification is GNU 11.4.0
[7.274s] -- Detecting C compiler ABI info
[8.480s] -- Detecting C compiler ABI info - done
[8.595s] -- Check for working C compiler: /usr/bin/cc - skipped
[8.809s] -- Detecting C compile features
[8.823s] -- Detecting C compile features - done
[8.871s] -- Detecting CXX compiler ABI info
[9.531s] -- Detecting CXX compiler ABI info - done
[9.568s] -- Check for working CXX compiler: /usr/bin/c++ - skipped
[9.569s] -- Detecting CXX compile features
[9.569s] -- Detecting CXX compile features - done
[9.667s] -- Found ament_cmake: 1.3.10 (/opt/ros/humble/share/ament_cmake/cmake)
[10.258s] -- Found Python3: /usr/bin/python3 (found version "3.10.12") found components: Interpreter 
[11.034s] -- Found rclcpp: 16.0.10 (/opt/ros/humble/share/rclcpp/cmake)
[13.425s] -- Found rosidl_generator_c: 3.1.5 (/opt/ros/humble/share/rosidl_generator_c/cmake)
[13.458s] -- Found rosidl_adapter: 3.1.5 (/opt/ros/humble/share/rosidl_adapter/cmake)
[13.513s] -- Found rosidl_generator_cpp: 3.1.5 (/opt/ros/humble/share/rosidl_generator_cpp/cmake)
[13.587s] -- Using all available rosidl_typesupport_c: rosidl_typesupport_fastrtps_c;rosidl_typesupport_introspection_c
[13.679s] -- Using all available rosidl_typesupport_cpp: rosidl_typesupport_fastrtps_cpp;rosidl_typesupport_introspection_cpp
[13.981s] -- Found rmw_implementation_cmake: 6.1.2 (/opt/ros/humble/share/rmw_implementation_cmake/cmake)
[14.002s] -- Found rmw_cyclonedds_cpp: 1.3.4 (/opt/ros/humble/share/rmw_cyclonedds_cpp/cmake)
[14.159s] -- Using RMW implementation 'rmw_cyclonedds_cpp' as default
[14.209s] -- Looking for pthread.h
[14.784s] -- Looking for pthread.h - found
[14.784s] -- Performing Test CMAKE_HAVE_LIBC_PTHREAD
[15.144s] -- Performing Test CMAKE_HAVE_LIBC_PTHREAD - Success
[15.148s] -- Found Threads: TRUE  
[15.542s] -- Found ament_lint_auto: 0.12.11 (/opt/ros/humble/share/ament_lint_auto/cmake)
[15.877s] -- Added test 'lint_cmake' to check CMake code style
[15.893s] -- Added test 'xmllint' to check XML markup files
[15.902s] -- Configuring done
[15.943s] -- Generating done
[15.952s] -- Build files have been written to: /home/fouadroboticist/ros2_ws/build/robot_description
[15.974s] Invoked command in '/home/fouadroboticist/ros2_ws/build/robot_description' returned '0': CMAKE_PREFIX_PATH=${CMAKE_PREFIX_PATH}:/home/fouadroboticist/ros2_ws/install/tutorials_py:/home/fouadroboticist/ros2_ws/install/my_robot_controller:/home/fouadroboticist/ros2_ws/install/actions_py:/opt/ros/humble /usr/bin/cmake /home/fouadroboticist/ros2_ws/src/robot_description -DCMAKE_INSTALL_PREFIX=/home/fouadroboticist/ros2_ws/install/robot_description
[15.980s] Invoking command in '/home/fouadroboticist/ros2_ws/build/robot_description': CMAKE_PREFIX_PATH=${CMAKE_PREFIX_PATH}:/home/fouadroboticist/ros2_ws/install/tutorials_py:/home/fouadroboticist/ros2_ws/install/my_robot_controller:/home/fouadroboticist/ros2_ws/install/actions_py:/opt/ros/humble /usr/bin/cmake --build /home/fouadroboticist/ros2_ws/build/robot_description -- -j4 -l4
[16.073s] Invoked command in '/home/fouadroboticist/ros2_ws/build/robot_description' returned '0': CMAKE_PREFIX_PATH=${CMAKE_PREFIX_PATH}:/home/fouadroboticist/ros2_ws/install/tutorials_py:/home/fouadroboticist/ros2_ws/install/my_robot_controller:/home/fouadroboticist/ros2_ws/install/actions_py:/opt/ros/humble /usr/bin/cmake --build /home/fouadroboticist/ros2_ws/build/robot_description -- -j4 -l4
[16.150s] Invoking command in '/home/fouadroboticist/ros2_ws/build/robot_description': CMAKE_PREFIX_PATH=${CMAKE_PREFIX_PATH}:/home/fouadroboticist/ros2_ws/install/tutorials_py:/home/fouadroboticist/ros2_ws/install/my_robot_controller:/home/fouadroboticist/ros2_ws/install/actions_py:/opt/ros/humble /usr/bin/cmake --install /home/fouadroboticist/ros2_ws/build/robot_description
[16.187s] -- Install configuration: ""
[16.202s] -- Installing: /home/fouadroboticist/ros2_ws/install/robot_description/share/ament_index/resource_index/package_run_dependencies/robot_description
[16.205s] -- Installing: /home/fouadroboticist/ros2_ws/install/robot_description/share/ament_index/resource_index/parent_prefix_path/robot_description
[16.209s] -- Installing: /home/fouadroboticist/ros2_ws/install/robot_description/share/robot_description/environment/ament_prefix_path.sh
[16.210s] -- Installing: /home/fouadroboticist/ros2_ws/install/robot_description/share/robot_description/environment/ament_prefix_path.dsv
[16.212s] -- Installing: /home/fouadroboticist/ros2_ws/install/robot_description/share/robot_description/environment/path.sh
[16.214s] -- Installing: /home/fouadroboticist/ros2_ws/install/robot_description/share/robot_description/environment/path.dsv
[16.214s] -- Installing: /home/fouadroboticist/ros2_ws/install/robot_description/share/robot_description/local_setup.bash
[16.216s] -- Installing: /home/fouadroboticist/ros2_ws/install/robot_description/share/robot_description/local_setup.sh
[16.217s] -- Installing: /home/fouadroboticist/ros2_ws/install/robot_description/share/robot_description/local_setup.zsh
[16.218s] -- Installing: /home/fouadroboticist/ros2_ws/install/robot_description/share/robot_description/local_setup.dsv
[16.219s] -- Installing: /home/fouadroboticist/ros2_ws/install/robot_description/share/robot_description/package.dsv
[16.221s] -- Installing: /home/fouadroboticist/ros2_ws/install/robot_description/share/ament_index/resource_index/packages/robot_description
[16.223s] -- Installing: /home/fouadroboticist/ros2_ws/install/robot_description/share/robot_description/cmake/robot_descriptionConfig.cmake
[16.224s] -- Installing: /home/fouadroboticist/ros2_ws/install/robot_description/share/robot_description/cmake/robot_descriptionConfig-version.cmake
[16.224s] -- Installing: /home/fouadroboticist/ros2_ws/install/robot_description/share/robot_description/package.xml
[16.236s] Invoked command in '/home/fouadroboticist/ros2_ws/build/robot_description' returned '0': CMAKE_PREFIX_PATH=${CMAKE_PREFIX_PATH}:/home/fouadroboticist/ros2_ws/install/tutorials_py:/home/fouadroboticist/ros2_ws/install/my_robot_controller:/home/fouadroboticist/ros2_ws/install/actions_py:/opt/ros/humble /usr/bin/cmake --install /home/fouadroboticist/ros2_ws/build/robot_description
