[0.252s] Invoking command in '/home/fouadroboticist/ros2_ws/build/my_robot_bringup': CMAKE_PREFIX_PATH=${CMAKE_PREFIX_PATH}:/home/fouadroboticist/ros2_ws/install/tutorials_py:/home/fouadroboticist/ros2_ws/install/my_robot_controller:/home/fouadroboticist/ros2_ws/install/actions_py:/opt/ros/humble /usr/bin/cmake --build /home/fouadroboticist/ros2_ws/build/my_robot_bringup -- -j4 -l4
[2.558s] Invoked command in '/home/fouadroboticist/ros2_ws/build/my_robot_bringup' returned '0': CMAKE_PREFIX_PATH=${CMAKE_PREFIX_PATH}:/home/fouadroboticist/ros2_ws/install/tutorials_py:/home/fouadroboticist/ros2_ws/install/my_robot_controller:/home/fouadroboticist/ros2_ws/install/actions_py:/opt/ros/humble /usr/bin/cmake --build /home/fouadroboticist/ros2_ws/build/my_robot_bringup -- -j4 -l4
[3.038s] Invoking command in '/home/fouadroboticist/ros2_ws/build/my_robot_bringup': CMAKE_PREFIX_PATH=${CMAKE_PREFIX_PATH}:/home/fouadroboticist/ros2_ws/install/tutorials_py:/home/fouadroboticist/ros2_ws/install/my_robot_controller:/home/fouadroboticist/ros2_ws/install/actions_py:/opt/ros/humble /usr/bin/cmake --install /home/fouadroboticist/ros2_ws/build/my_robot_bringup
[3.131s] -- Install configuration: ""
[3.136s] -- Up-to-date: /home/fouadroboticist/ros2_ws/install/my_robot_bringup/share/my_robot_bringup/launch
[3.149s] -- Up-to-date: /home/fouadroboticist/ros2_ws/install/my_robot_bringup/share/my_robot_bringup/launch/demo.launch.yaml
[3.153s] -- Up-to-date: /home/fouadroboticist/ros2_ws/install/my_robot_bringup/share/my_robot_bringup/launch/include_tutorial.launch.xml
[3.153s] -- Up-to-date: /home/fouadroboticist/ros2_ws/install/my_robot_bringup/share/my_robot_bringup/launch/demo.launch.xml
[3.155s] -- Up-to-date: /home/fouadroboticist/ros2_ws/install/my_robot_bringup/share/my_robot_bringup/launch/include_tutorial.launch.py
[3.156s] -- Up-to-date: /home/fouadroboticist/ros2_ws/install/my_robot_bringup/share/my_robot_bringup/launch/demo.launch.py
[3.156s] -- Up-to-date: /home/fouadroboticist/ros2_ws/install/my_robot_bringup/share/ament_index/resource_index/package_run_dependencies/my_robot_bringup
[3.158s] -- Up-to-date: /home/fouadroboticist/ros2_ws/install/my_robot_bringup/share/ament_index/resource_index/parent_prefix_path/my_robot_bringup
[3.158s] -- Up-to-date: /home/fouadroboticist/ros2_ws/install/my_robot_bringup/share/my_robot_bringup/environment/ament_prefix_path.sh
[3.171s] -- Up-to-date: /home/fouadroboticist/ros2_ws/install/my_robot_bringup/share/my_robot_bringup/environment/ament_prefix_path.dsv
[3.175s] -- Up-to-date: /home/fouadroboticist/ros2_ws/install/my_robot_bringup/share/my_robot_bringup/environment/path.sh
[3.176s] -- Up-to-date: /home/fouadroboticist/ros2_ws/install/my_robot_bringup/share/my_robot_bringup/environment/path.dsv
[3.178s] -- Up-to-date: /home/fouadroboticist/ros2_ws/install/my_robot_bringup/share/my_robot_bringup/local_setup.bash
[3.178s] -- Up-to-date: /home/fouadroboticist/ros2_ws/install/my_robot_bringup/share/my_robot_bringup/local_setup.sh
[3.179s] -- Up-to-date: /home/fouadroboticist/ros2_ws/install/my_robot_bringup/share/my_robot_bringup/local_setup.zsh
[3.179s] -- Up-to-date: /home/fouadroboticist/ros2_ws/install/my_robot_bringup/share/my_robot_bringup/local_setup.dsv
[3.180s] -- Installing: /home/fouadroboticist/ros2_ws/install/my_robot_bringup/share/my_robot_bringup/package.dsv
[3.206s] -- Up-to-date: /home/fouadroboticist/ros2_ws/install/my_robot_bringup/share/ament_index/resource_index/packages/my_robot_bringup
[3.211s] -- Up-to-date: /home/fouadroboticist/ros2_ws/install/my_robot_bringup/share/my_robot_bringup/cmake/my_robot_bringupConfig.cmake
[3.212s] -- Up-to-date: /home/fouadroboticist/ros2_ws/install/my_robot_bringup/share/my_robot_bringup/cmake/my_robot_bringupConfig-version.cmake
[3.212s] -- Up-to-date: /home/fouadroboticist/ros2_ws/install/my_robot_bringup/share/my_robot_bringup/package.xml
[3.238s] Invoked command in '/home/fouadroboticist/ros2_ws/build/my_robot_bringup' returned '0': CMAKE_PREFIX_PATH=${CMAKE_PREFIX_PATH}:/home/fouadroboticist/ros2_ws/install/tutorials_py:/home/fouadroboticist/ros2_ws/install/my_robot_controller:/home/fouadroboticist/ros2_ws/install/actions_py:/opt/ros/humble /usr/bin/cmake --install /home/fouadroboticist/ros2_ws/build/my_robot_bringup
