[1.134s] DEBUG:colcon:Command line arguments: ['/usr/bin/colcon', 'build', '--packages-select', 'actions_py']
[1.135s] DEBUG:colcon:Parsed command line arguments: Namespace(log_base=None, log_level=None, verb_name='build', build_base='build', install_base='install', merge_install=False, symlink_install=False, test_result_base=None, continue_on_error=False, executor='parallel', parallel_workers=4, event_handlers=None, ignore_user_meta=False, metas=['./colcon.meta'], base_paths=['.'], packages_ignore=None, packages_ignore_regex=None, paths=None, packages_up_to=None, packages_up_to_regex=None, packages_above=None, packages_above_and_dependencies=None, packages_above_depth=None, packages_select_by_dep=None, packages_skip_by_dep=None, packages_skip_up_to=None, packages_select_build_failed=False, packages_skip_build_finished=False, packages_select_test_failures=False, packages_skip_test_passed=False, packages_select=['actions_py'], packages_skip=None, packages_select_regex=None, packages_skip_regex=None, packages_start=None, packages_end=None, allow_overriding=[], cmake_args=None, cmake_target=None, cmake_target_skip_unavailable=False, cmake_clean_cache=False, cmake_clean_first=False, cmake_force_configure=False, ament_cmake_args=None, catkin_cmake_args=None, catkin_skip_building_tests=False, mixin_files=None, mixin=None, verb_parser=<colcon_mixin.mixin.mixin_argument.MixinArgumentDecorator object at 0x7f1535e84dc0>, verb_extension=<colcon_core.verb.build.BuildVerb object at 0x7f1535e84040>, main=<bound method BuildVerb.main of <colcon_core.verb.build.BuildVerb object at 0x7f1535e84040>>, mixin_verb=('build',))
[1.847s] Level 1:colcon.colcon_core.package_discovery:discover_packages(colcon_meta) check parameters
[1.847s] Level 1:colcon.colcon_core.package_discovery:discover_packages(recursive) check parameters
[1.847s] Level 1:colcon.colcon_core.package_discovery:discover_packages(ignore) check parameters
[1.847s] Level 1:colcon.colcon_core.package_discovery:discover_packages(path) check parameters
[1.847s] Level 1:colcon.colcon_core.package_discovery:discover_packages(colcon_meta) discover
[1.847s] Level 1:colcon.colcon_core.package_discovery:discover_packages(recursive) discover
[1.847s] INFO:colcon.colcon_core.package_discovery:Crawling recursively for packages in '/home/fouadroboticist/ros2_ws'
[1.847s] Level 1:colcon.colcon_core.package_identification:_identify(.) by extensions ['ignore', 'ignore_ament_install']
[1.848s] Level 1:colcon.colcon_core.package_identification:_identify(.) by extension 'ignore'
[1.848s] Level 1:colcon.colcon_core.package_identification:_identify(.) by extension 'ignore_ament_install'
[1.848s] Level 1:colcon.colcon_core.package_identification:_identify(.) by extensions ['colcon_pkg']
[1.848s] Level 1:colcon.colcon_core.package_identification:_identify(.) by extension 'colcon_pkg'
[1.848s] Level 1:colcon.colcon_core.package_identification:_identify(.) by extensions ['colcon_meta']
[1.848s] Level 1:colcon.colcon_core.package_identification:_identify(.) by extension 'colcon_meta'
[1.848s] Level 1:colcon.colcon_core.package_identification:_identify(.) by extensions ['ros']
[1.848s] Level 1:colcon.colcon_core.package_identification:_identify(.) by extension 'ros'
[1.906s] Level 1:colcon.colcon_core.package_identification:_identify(.) by extensions ['cmake', 'python']
[1.906s] Level 1:colcon.colcon_core.package_identification:_identify(.) by extension 'cmake'
[1.906s] Level 1:colcon.colcon_core.package_identification:_identify(.) by extension 'python'
[1.906s] Level 1:colcon.colcon_core.package_identification:_identify(.) by extensions ['python_setup_py']
[1.906s] Level 1:colcon.colcon_core.package_identification:_identify(.) by extension 'python_setup_py'
[1.907s] Level 1:colcon.colcon_core.package_identification:_identify(build) by extensions ['ignore', 'ignore_ament_install']
[1.907s] Level 1:colcon.colcon_core.package_identification:_identify(build) by extension 'ignore'
[1.907s] Level 1:colcon.colcon_core.package_identification:_identify(build) ignored
[1.909s] Level 1:colcon.colcon_core.package_identification:_identify(install) by extensions ['ignore', 'ignore_ament_install']
[1.909s] Level 1:colcon.colcon_core.package_identification:_identify(install) by extension 'ignore'
[1.909s] Level 1:colcon.colcon_core.package_identification:_identify(install) ignored
[1.913s] Level 1:colcon.colcon_core.package_identification:_identify(log) by extensions ['ignore', 'ignore_ament_install']
[1.913s] Level 1:colcon.colcon_core.package_identification:_identify(log) by extension 'ignore'
[1.913s] Level 1:colcon.colcon_core.package_identification:_identify(log) ignored
[1.913s] Level 1:colcon.colcon_core.package_identification:_identify(src) by extensions ['ignore', 'ignore_ament_install']
[1.913s] Level 1:colcon.colcon_core.package_identification:_identify(src) by extension 'ignore'
[1.913s] Level 1:colcon.colcon_core.package_identification:_identify(src) by extension 'ignore_ament_install'
[1.914s] Level 1:colcon.colcon_core.package_identification:_identify(src) by extensions ['colcon_pkg']
[1.914s] Level 1:colcon.colcon_core.package_identification:_identify(src) by extension 'colcon_pkg'
[1.914s] Level 1:colcon.colcon_core.package_identification:_identify(src) by extensions ['colcon_meta']
[1.914s] Level 1:colcon.colcon_core.package_identification:_identify(src) by extension 'colcon_meta'
[1.914s] Level 1:colcon.colcon_core.package_identification:_identify(src) by extensions ['ros']
[1.914s] Level 1:colcon.colcon_core.package_identification:_identify(src) by extension 'ros'
[1.914s] Level 1:colcon.colcon_core.package_identification:_identify(src) by extensions ['cmake', 'python']
[1.914s] Level 1:colcon.colcon_core.package_identification:_identify(src) by extension 'cmake'
[1.914s] Level 1:colcon.colcon_core.package_identification:_identify(src) by extension 'python'
[1.914s] Level 1:colcon.colcon_core.package_identification:_identify(src) by extensions ['python_setup_py']
[1.914s] Level 1:colcon.colcon_core.package_identification:_identify(src) by extension 'python_setup_py'
[1.915s] Level 1:colcon.colcon_core.package_identification:_identify(src/actions_py) by extensions ['ignore', 'ignore_ament_install']
[1.915s] Level 1:colcon.colcon_core.package_identification:_identify(src/actions_py) by extension 'ignore'
[1.915s] Level 1:colcon.colcon_core.package_identification:_identify(src/actions_py) by extension 'ignore_ament_install'
[1.915s] Level 1:colcon.colcon_core.package_identification:_identify(src/actions_py) by extensions ['colcon_pkg']
[1.915s] Level 1:colcon.colcon_core.package_identification:_identify(src/actions_py) by extension 'colcon_pkg'
[1.915s] Level 1:colcon.colcon_core.package_identification:_identify(src/actions_py) by extensions ['colcon_meta']
[1.915s] Level 1:colcon.colcon_core.package_identification:_identify(src/actions_py) by extension 'colcon_meta'
[1.915s] Level 1:colcon.colcon_core.package_identification:_identify(src/actions_py) by extensions ['ros']
[1.915s] Level 1:colcon.colcon_core.package_identification:_identify(src/actions_py) by extension 'ros'
[1.930s] DEBUG:colcon.colcon_core.package_identification:Package 'src/actions_py' with type 'ros.ament_python' and name 'actions_py'
[1.931s] Level 1:colcon.colcon_core.package_identification:_identify(src/build) by extensions ['ignore', 'ignore_ament_install']
[1.931s] Level 1:colcon.colcon_core.package_identification:_identify(src/build) by extension 'ignore'
[1.933s] Level 1:colcon.colcon_core.package_identification:_identify(src/build) ignored
[1.933s] Level 1:colcon.colcon_core.package_identification:_identify(src/install) by extensions ['ignore', 'ignore_ament_install']
[1.934s] Level 1:colcon.colcon_core.package_identification:_identify(src/install) by extension 'ignore'
[1.934s] Level 1:colcon.colcon_core.package_identification:_identify(src/install) ignored
[1.934s] Level 1:colcon.colcon_core.package_identification:_identify(src/log) by extensions ['ignore', 'ignore_ament_install']
[1.935s] Level 1:colcon.colcon_core.package_identification:_identify(src/log) by extension 'ignore'
[1.935s] Level 1:colcon.colcon_core.package_identification:_identify(src/log) ignored
[1.935s] Level 1:colcon.colcon_core.package_identification:_identify(src/my_robot_controller) by extensions ['ignore', 'ignore_ament_install']
[1.935s] Level 1:colcon.colcon_core.package_identification:_identify(src/my_robot_controller) by extension 'ignore'
[1.936s] Level 1:colcon.colcon_core.package_identification:_identify(src/my_robot_controller) by extension 'ignore_ament_install'
[1.936s] Level 1:colcon.colcon_core.package_identification:_identify(src/my_robot_controller) by extensions ['colcon_pkg']
[1.936s] Level 1:colcon.colcon_core.package_identification:_identify(src/my_robot_controller) by extension 'colcon_pkg'
[1.936s] Level 1:colcon.colcon_core.package_identification:_identify(src/my_robot_controller) by extensions ['colcon_meta']
[1.937s] Level 1:colcon.colcon_core.package_identification:_identify(src/my_robot_controller) by extension 'colcon_meta'
[1.937s] Level 1:colcon.colcon_core.package_identification:_identify(src/my_robot_controller) by extensions ['ros']
[1.937s] Level 1:colcon.colcon_core.package_identification:_identify(src/my_robot_controller) by extension 'ros'
[1.942s] DEBUG:colcon.colcon_core.package_identification:Package 'src/my_robot_controller' with type 'ros.ament_python' and name 'my_robot_controller'
[1.943s] Level 1:colcon.colcon_core.package_identification:_identify(src/my_robot_interfaces) by extensions ['ignore', 'ignore_ament_install']
[1.944s] Level 1:colcon.colcon_core.package_identification:_identify(src/my_robot_interfaces) by extension 'ignore'
[1.944s] Level 1:colcon.colcon_core.package_identification:_identify(src/my_robot_interfaces) by extension 'ignore_ament_install'
[1.945s] Level 1:colcon.colcon_core.package_identification:_identify(src/my_robot_interfaces) by extensions ['colcon_pkg']
[1.945s] Level 1:colcon.colcon_core.package_identification:_identify(src/my_robot_interfaces) by extension 'colcon_pkg'
[1.945s] Level 1:colcon.colcon_core.package_identification:_identify(src/my_robot_interfaces) by extensions ['colcon_meta']
[1.945s] Level 1:colcon.colcon_core.package_identification:_identify(src/my_robot_interfaces) by extension 'colcon_meta'
[1.946s] Level 1:colcon.colcon_core.package_identification:_identify(src/my_robot_interfaces) by extensions ['ros']
[1.946s] Level 1:colcon.colcon_core.package_identification:_identify(src/my_robot_interfaces) by extension 'ros'
[1.951s] DEBUG:colcon.colcon_core.package_identification:Package 'src/my_robot_interfaces' with type 'ros.ament_cmake' and name 'my_robot_interfaces'
[1.951s] Level 1:colcon.colcon_core.package_discovery:discover_packages(recursive) using defaults
[1.951s] Level 1:colcon.colcon_core.package_discovery:discover_packages(ignore) discover
[1.951s] Level 1:colcon.colcon_core.package_discovery:discover_packages(ignore) using defaults
[1.952s] Level 1:colcon.colcon_core.package_discovery:discover_packages(path) discover
[1.952s] Level 1:colcon.colcon_core.package_discovery:discover_packages(path) using defaults
[2.037s] INFO:colcon.colcon_core.package_selection:Skipping not selected package 'my_robot_controller' in 'src/my_robot_controller'
[2.037s] INFO:colcon.colcon_core.package_selection:Skipping not selected package 'my_robot_interfaces' in 'src/my_robot_interfaces'
[2.039s] Level 1:colcon.colcon_core.package_discovery:discover_packages(prefix_path) check parameters
[2.039s] Level 1:colcon.colcon_core.package_discovery:discover_packages(prefix_path) discover
[2.091s] DEBUG:colcon.colcon_installed_package_information.package_discovery:Found 2 installed packages in /home/fouadroboticist/ros2_ws/install
[2.125s] DEBUG:colcon.colcon_installed_package_information.package_discovery:Found 275 installed packages in /opt/ros/humble
[2.141s] Level 1:colcon.colcon_core.package_discovery:discover_packages(prefix_path) using defaults
[2.388s] Level 5:colcon.colcon_core.verb:set package 'actions_py' build argument 'cmake_args' from command line to 'None'
[2.388s] Level 5:colcon.colcon_core.verb:set package 'actions_py' build argument 'cmake_target' from command line to 'None'
[2.388s] Level 5:colcon.colcon_core.verb:set package 'actions_py' build argument 'cmake_target_skip_unavailable' from command line to 'False'
[2.388s] Level 5:colcon.colcon_core.verb:set package 'actions_py' build argument 'cmake_clean_cache' from command line to 'False'
[2.388s] Level 5:colcon.colcon_core.verb:set package 'actions_py' build argument 'cmake_clean_first' from command line to 'False'
[2.388s] Level 5:colcon.colcon_core.verb:set package 'actions_py' build argument 'cmake_force_configure' from command line to 'False'
[2.388s] Level 5:colcon.colcon_core.verb:set package 'actions_py' build argument 'ament_cmake_args' from command line to 'None'
[2.388s] Level 5:colcon.colcon_core.verb:set package 'actions_py' build argument 'catkin_cmake_args' from command line to 'None'
[2.388s] Level 5:colcon.colcon_core.verb:set package 'actions_py' build argument 'catkin_skip_building_tests' from command line to 'False'
[2.388s] DEBUG:colcon.colcon_core.verb:Building package 'actions_py' with the following arguments: {'ament_cmake_args': None, 'build_base': '/home/fouadroboticist/ros2_ws/build/actions_py', 'catkin_cmake_args': None, 'catkin_skip_building_tests': False, 'cmake_args': None, 'cmake_clean_cache': False, 'cmake_clean_first': False, 'cmake_force_configure': False, 'cmake_target': None, 'cmake_target_skip_unavailable': False, 'install_base': '/home/fouadroboticist/ros2_ws/install/actions_py', 'merge_install': False, 'path': '/home/fouadroboticist/ros2_ws/src/actions_py', 'symlink_install': False, 'test_result_base': None}
[2.389s] INFO:colcon.colcon_core.executor:Executing jobs using 'parallel' executor
[2.391s] DEBUG:colcon.colcon_parallel_executor.executor.parallel:run_until_complete
[2.393s] INFO:colcon.colcon_ros.task.ament_python.build:Building ROS package in '/home/fouadroboticist/ros2_ws/src/actions_py' with build type 'ament_python'
[2.393s] Level 1:colcon.colcon_core.shell:create_environment_hook('actions_py', 'ament_prefix_path')
[2.414s] INFO:colcon.colcon_core.plugin_system:Skipping extension 'colcon_core.shell.bat': Not used on non-Windows systems
[2.414s] INFO:colcon.colcon_core.shell:Creating environment hook '/home/fouadroboticist/ros2_ws/install/actions_py/share/actions_py/hook/ament_prefix_path.ps1'
[2.423s] INFO:colcon.colcon_core.shell:Creating environment descriptor '/home/fouadroboticist/ros2_ws/install/actions_py/share/actions_py/hook/ament_prefix_path.dsv'
[2.427s] INFO:colcon.colcon_core.shell:Creating environment hook '/home/fouadroboticist/ros2_ws/install/actions_py/share/actions_py/hook/ament_prefix_path.sh'
[2.430s] INFO:colcon.colcon_core.shell:Skip shell extension 'powershell' for command environment: Not usable outside of PowerShell
[2.430s] DEBUG:colcon.colcon_core.shell:Skip shell extension 'dsv' for command environment
[3.464s] INFO:colcon.colcon_core.task.python.build:Building Python package in '/home/fouadroboticist/ros2_ws/src/actions_py'
[3.465s] INFO:colcon.colcon_core.shell:Skip shell extension 'powershell' for command environment: Not usable outside of PowerShell
[3.465s] DEBUG:colcon.colcon_core.shell:Skip shell extension 'dsv' for command environment
[4.864s] DEBUG:colcon.colcon_core.event_handler.log_command:Invoking command in '/home/fouadroboticist/ros2_ws/src/actions_py': PYTHONPATH=/home/fouadroboticist/ros2_ws/build/actions_py/prefix_override:/usr/lib/python3/dist-packages/colcon_core/task/python/colcon_distutils_commands:/home/fouadroboticist/ros2_ws/install/actions_py/lib/python3.10/site-packages:${PYTHONPATH} /usr/bin/python3 -W ignore:setup.py install is deprecated setup.py egg_info --egg-base ../../build/actions_py build --build-base /home/fouadroboticist/ros2_ws/build/actions_py/build install --record /home/fouadroboticist/ros2_ws/build/actions_py/install.log --single-version-externally-managed install_data
[5.551s] DEBUG:colcon.colcon_core.event_handler.log_command:Invoked command in '/home/fouadroboticist/ros2_ws/src/actions_py' returned '0': PYTHONPATH=/home/fouadroboticist/ros2_ws/build/actions_py/prefix_override:/usr/lib/python3/dist-packages/colcon_core/task/python/colcon_distutils_commands:/home/fouadroboticist/ros2_ws/install/actions_py/lib/python3.10/site-packages:${PYTHONPATH} /usr/bin/python3 -W ignore:setup.py install is deprecated setup.py egg_info --egg-base ../../build/actions_py build --build-base /home/fouadroboticist/ros2_ws/build/actions_py/build install --record /home/fouadroboticist/ros2_ws/build/actions_py/install.log --single-version-externally-managed install_data
[5.571s] Level 1:colcon.colcon_core.environment:checking '/home/fouadroboticist/ros2_ws/install/actions_py' for CMake module files
[5.572s] Level 1:colcon.colcon_core.environment:checking '/home/fouadroboticist/ros2_ws/install/actions_py' for CMake config files
[5.575s] Level 1:colcon.colcon_core.environment:checking '/home/fouadroboticist/ros2_ws/install/actions_py/lib'
[5.575s] Level 1:colcon.colcon_core.environment:checking '/home/fouadroboticist/ros2_ws/install/actions_py/bin'
[5.576s] Level 1:colcon.colcon_core.environment:checking '/home/fouadroboticist/ros2_ws/install/actions_py/lib/pkgconfig/actions_py.pc'
[5.576s] Level 1:colcon.colcon_core.environment:checking '/home/fouadroboticist/ros2_ws/install/actions_py/lib/python3.10/site-packages'
[5.576s] Level 1:colcon.colcon_core.shell:create_environment_hook('actions_py', 'pythonpath')
[5.577s] INFO:colcon.colcon_core.shell:Creating environment hook '/home/fouadroboticist/ros2_ws/install/actions_py/share/actions_py/hook/pythonpath.ps1'
[5.577s] INFO:colcon.colcon_core.shell:Creating environment descriptor '/home/fouadroboticist/ros2_ws/install/actions_py/share/actions_py/hook/pythonpath.dsv'
[5.578s] INFO:colcon.colcon_core.shell:Creating environment hook '/home/fouadroboticist/ros2_ws/install/actions_py/share/actions_py/hook/pythonpath.sh'
[5.579s] Level 1:colcon.colcon_core.environment:checking '/home/fouadroboticist/ros2_ws/install/actions_py/bin'
[5.579s] Level 1:colcon.colcon_core.environment:create_environment_scripts_only(actions_py)
[5.580s] INFO:colcon.colcon_core.shell:Creating package script '/home/fouadroboticist/ros2_ws/install/actions_py/share/actions_py/package.ps1'
[5.582s] INFO:colcon.colcon_core.shell:Creating package descriptor '/home/fouadroboticist/ros2_ws/install/actions_py/share/actions_py/package.dsv'
[5.584s] INFO:colcon.colcon_core.shell:Creating package script '/home/fouadroboticist/ros2_ws/install/actions_py/share/actions_py/package.sh'
[5.588s] INFO:colcon.colcon_core.shell:Creating package script '/home/fouadroboticist/ros2_ws/install/actions_py/share/actions_py/package.bash'
[5.591s] INFO:colcon.colcon_core.shell:Creating package script '/home/fouadroboticist/ros2_ws/install/actions_py/share/actions_py/package.zsh'
[5.593s] Level 1:colcon.colcon_core.environment:create_file_with_runtime_dependencies(/home/fouadroboticist/ros2_ws/install/actions_py/share/colcon-core/packages/actions_py)
[5.596s] DEBUG:colcon.colcon_parallel_executor.executor.parallel:closing loop
[5.598s] DEBUG:colcon.colcon_parallel_executor.executor.parallel:loop closed
[5.598s] DEBUG:colcon.colcon_parallel_executor.executor.parallel:run_until_complete finished with '0'
[5.598s] DEBUG:colcon.colcon_core.event_reactor:joining thread
[5.687s] INFO:colcon.colcon_core.plugin_system:Skipping extension 'colcon_notification.desktop_notification.terminal_notifier': Not used on non-Darwin systems
[5.688s] INFO:colcon.colcon_core.plugin_system:Skipping extension 'colcon_notification.desktop_notification.win32': Not used on non-Windows systems
[5.688s] INFO:colcon.colcon_notification.desktop_notification:Sending desktop notification using 'notify2'
[6.398s] DEBUG:colcon.colcon_core.event_reactor:joined thread
[6.401s] INFO:colcon.colcon_core.shell:Creating prefix script '/home/fouadroboticist/ros2_ws/install/local_setup.ps1'
[6.409s] INFO:colcon.colcon_core.shell:Creating prefix util module '/home/fouadroboticist/ros2_ws/install/_local_setup_util_ps1.py'
[6.417s] INFO:colcon.colcon_core.shell:Creating prefix chain script '/home/fouadroboticist/ros2_ws/install/setup.ps1'
[6.421s] INFO:colcon.colcon_core.shell:Creating prefix script '/home/fouadroboticist/ros2_ws/install/local_setup.sh'
[6.433s] INFO:colcon.colcon_core.shell:Creating prefix util module '/home/fouadroboticist/ros2_ws/install/_local_setup_util_sh.py'
[6.437s] INFO:colcon.colcon_core.shell:Creating prefix chain script '/home/fouadroboticist/ros2_ws/install/setup.sh'
[6.447s] INFO:colcon.colcon_core.shell:Creating prefix script '/home/fouadroboticist/ros2_ws/install/local_setup.bash'
[6.451s] INFO:colcon.colcon_core.shell:Creating prefix chain script '/home/fouadroboticist/ros2_ws/install/setup.bash'
[6.458s] INFO:colcon.colcon_core.shell:Creating prefix script '/home/fouadroboticist/ros2_ws/install/local_setup.zsh'
[6.462s] INFO:colcon.colcon_core.shell:Creating prefix chain script '/home/fouadroboticist/ros2_ws/install/setup.zsh'
