[35m[1mConsolidate compiler generated dependencies of target params_callback[0m
[100%] Built target params_callback
-- Install configuration: ""
-- Installing: /home/fouadroboticist/ros2_ws/install/my_robot_control/lib/my_robot_control/params_callback
-- Set runtime path of "/home/fouadroboticist/ros2_ws/install/my_robot_control/lib/my_robot_control/params_callback" to ""
-- Installing: /home/fouadroboticist/ros2_ws/install/my_robot_control/share/ament_index/resource_index/package_run_dependencies/my_robot_control
-- Installing: /home/fouadroboticist/ros2_ws/install/my_robot_control/share/ament_index/resource_index/parent_prefix_path/my_robot_control
-- Installing: /home/fouadroboticist/ros2_ws/install/my_robot_control/share/my_robot_control/environment/ament_prefix_path.sh
-- Installing: /home/fouadroboticist/ros2_ws/install/my_robot_control/share/my_robot_control/environment/ament_prefix_path.dsv
-- Installing: /home/fouadroboticist/ros2_ws/install/my_robot_control/share/my_robot_control/environment/path.sh
-- Installing: /home/fouadroboticist/ros2_ws/install/my_robot_control/share/my_robot_control/environment/path.dsv
-- Installing: /home/fouadroboticist/ros2_ws/install/my_robot_control/share/my_robot_control/local_setup.bash
-- Installing: /home/fouadroboticist/ros2_ws/install/my_robot_control/share/my_robot_control/local_setup.sh
-- Installing: /home/fouadroboticist/ros2_ws/install/my_robot_control/share/my_robot_control/local_setup.zsh
-- Installing: /home/fouadroboticist/ros2_ws/install/my_robot_control/share/my_robot_control/local_setup.dsv
-- Installing: /home/fouadroboticist/ros2_ws/install/my_robot_control/share/my_robot_control/package.dsv
-- Installing: /home/fouadroboticist/ros2_ws/install/my_robot_control/share/ament_index/resource_index/packages/my_robot_control
-- Installing: /home/fouadroboticist/ros2_ws/install/my_robot_control/share/my_robot_control/cmake/my_robot_controlConfig.cmake
-- Installing: /home/fouadroboticist/ros2_ws/install/my_robot_control/share/my_robot_control/cmake/my_robot_controlConfig-version.cmake
-- Installing: /home/fouadroboticist/ros2_ws/install/my_robot_control/share/my_robot_control/package.xml
