[0.112s] Invoking command in '/home/fouadroboticist/ros2_ws/build/my_robot_control': CMAKE_PREFIX_PATH=${CMAKE_PREFIX_PATH}:/home/fouadroboticist/ros2_ws/install/tutorials_py:/home/fouadroboticist/ros2_ws/install/my_robot_controller:/home/fouadroboticist/ros2_ws/install/actions_py:/opt/ros/humble /usr/bin/cmake --build /home/fouadroboticist/ros2_ws/build/my_robot_control -- -j4 -l4
[0.384s] [35m[1mConsolidate compiler generated dependencies of target params_callback[0m
[0.465s] [100%] Built target params_callback
[0.535s] Invoked command in '/home/fouadroboticist/ros2_ws/build/my_robot_control' returned '0': CMAKE_PREFIX_PATH=${CMAKE_PREFIX_PATH}:/home/fouadroboticist/ros2_ws/install/tutorials_py:/home/fouadroboticist/ros2_ws/install/my_robot_controller:/home/fouadroboticist/ros2_ws/install/actions_py:/opt/ros/humble /usr/bin/cmake --build /home/fouadroboticist/ros2_ws/build/my_robot_control -- -j4 -l4
[0.774s] Invoking command in '/home/fouadroboticist/ros2_ws/build/my_robot_control': CMAKE_PREFIX_PATH=${CMAKE_PREFIX_PATH}:/home/fouadroboticist/ros2_ws/install/tutorials_py:/home/fouadroboticist/ros2_ws/install/my_robot_controller:/home/fouadroboticist/ros2_ws/install/actions_py:/opt/ros/humble /usr/bin/cmake --install /home/fouadroboticist/ros2_ws/build/my_robot_control
[0.822s] -- Install configuration: ""
[0.853s] -- Installing: /home/fouadroboticist/ros2_ws/install/my_robot_control/lib/my_robot_control/params_callback
[0.874s] -- Set runtime path of "/home/fouadroboticist/ros2_ws/install/my_robot_control/lib/my_robot_control/params_callback" to ""
[0.875s] -- Installing: /home/fouadroboticist/ros2_ws/install/my_robot_control/share/ament_index/resource_index/package_run_dependencies/my_robot_control
[0.883s] -- Installing: /home/fouadroboticist/ros2_ws/install/my_robot_control/share/ament_index/resource_index/parent_prefix_path/my_robot_control
[0.883s] -- Installing: /home/fouadroboticist/ros2_ws/install/my_robot_control/share/my_robot_control/environment/ament_prefix_path.sh
[0.883s] -- Installing: /home/fouadroboticist/ros2_ws/install/my_robot_control/share/my_robot_control/environment/ament_prefix_path.dsv
[0.883s] -- Installing: /home/fouadroboticist/ros2_ws/install/my_robot_control/share/my_robot_control/environment/path.sh
[0.884s] -- Installing: /home/fouadroboticist/ros2_ws/install/my_robot_control/share/my_robot_control/environment/path.dsv
[0.893s] -- Installing: /home/fouadroboticist/ros2_ws/install/my_robot_control/share/my_robot_control/local_setup.bash
[0.895s] -- Installing: /home/fouadroboticist/ros2_ws/install/my_robot_control/share/my_robot_control/local_setup.sh
[0.896s] -- Installing: /home/fouadroboticist/ros2_ws/install/my_robot_control/share/my_robot_control/local_setup.zsh
[0.898s] -- Installing: /home/fouadroboticist/ros2_ws/install/my_robot_control/share/my_robot_control/local_setup.dsv
[0.900s] -- Installing: /home/fouadroboticist/ros2_ws/install/my_robot_control/share/my_robot_control/package.dsv
[0.901s] -- Installing: /home/fouadroboticist/ros2_ws/install/my_robot_control/share/ament_index/resource_index/packages/my_robot_control
[0.902s] -- Installing: /home/fouadroboticist/ros2_ws/install/my_robot_control/share/my_robot_control/cmake/my_robot_controlConfig.cmake
[0.902s] -- Installing: /home/fouadroboticist/ros2_ws/install/my_robot_control/share/my_robot_control/cmake/my_robot_controlConfig-version.cmake
[0.913s] -- Installing: /home/fouadroboticist/ros2_ws/install/my_robot_control/share/my_robot_control/package.xml
[0.923s] Invoked command in '/home/fouadroboticist/ros2_ws/build/my_robot_control' returned '0': CMAKE_PREFIX_PATH=${CMAKE_PREFIX_PATH}:/home/fouadroboticist/ros2_ws/install/tutorials_py:/home/fouadroboticist/ros2_ws/install/my_robot_controller:/home/fouadroboticist/ros2_ws/install/actions_py:/opt/ros/humble /usr/bin/cmake --install /home/fouadroboticist/ros2_ws/build/my_robot_control
