[0.033s] Invoking command in '/home/fouadroboticist/ros2_ws/build/my_robot_bringup': CMAKE_PREFIX_PATH=${CMAKE_PREFIX_PATH}:/home/fouadroboticist/ros2_ws/install/actions_py:/home/fouadroboticist/ros2_ws/install/my_robot_controller:/opt/ros/humble /usr/bin/cmake --build /home/fouadroboticist/ros2_ws/build/my_robot_bringup -- -j4 -l4
[0.241s] Invoked command in '/home/fouadroboticist/ros2_ws/build/my_robot_bringup' returned '0': CMAKE_PREFIX_PATH=${CMAKE_PREFIX_PATH}:/home/fouadroboticist/ros2_ws/install/actions_py:/home/fouadroboticist/ros2_ws/install/my_robot_controller:/opt/ros/humble /usr/bin/cmake --build /home/fouadroboticist/ros2_ws/build/my_robot_bringup -- -j4 -l4
[0.347s] Invoking command in '/home/fouadroboticist/ros2_ws/build/my_robot_bringup': CMAKE_PREFIX_PATH=${CMAKE_PREFIX_PATH}:/home/fouadroboticist/ros2_ws/install/actions_py:/home/fouadroboticist/ros2_ws/install/my_robot_controller:/opt/ros/humble /usr/bin/cmake --install /home/fouadroboticist/ros2_ws/build/my_robot_bringup
[0.362s] -- Install configuration: ""
[0.363s] -- Up-to-date: /home/fouadroboticist/ros2_ws/install/my_robot_bringup/share/my_robot_bringup/launch
[0.363s] -- Installing: /home/fouadroboticist/ros2_ws/install/my_robot_bringup/share/my_robot_bringup/launch/demo.launch.xml
[0.369s] -- Up-to-date: /home/fouadroboticist/ros2_ws/install/my_robot_bringup/share/my_robot_bringup/launch/demo.launch.py
[0.370s] -- Up-to-date: /home/fouadroboticist/ros2_ws/install/my_robot_bringup/share/ament_index/resource_index/package_run_dependencies/my_robot_bringup
[0.371s] -- Up-to-date: /home/fouadroboticist/ros2_ws/install/my_robot_bringup/share/ament_index/resource_index/parent_prefix_path/my_robot_bringup
[0.372s] -- Up-to-date: /home/fouadroboticist/ros2_ws/install/my_robot_bringup/share/my_robot_bringup/environment/ament_prefix_path.sh
[0.372s] -- Up-to-date: /home/fouadroboticist/ros2_ws/install/my_robot_bringup/share/my_robot_bringup/environment/ament_prefix_path.dsv
[0.373s] -- Up-to-date: /home/fouadroboticist/ros2_ws/install/my_robot_bringup/share/my_robot_bringup/environment/path.sh
[0.374s] -- Up-to-date: /home/fouadroboticist/ros2_ws/install/my_robot_bringup/share/my_robot_bringup/environment/path.dsv
[0.375s] -- Up-to-date: /home/fouadroboticist/ros2_ws/install/my_robot_bringup/share/my_robot_bringup/local_setup.bash
[0.379s] -- Up-to-date: /home/fouadroboticist/ros2_ws/install/my_robot_bringup/share/my_robot_bringup/local_setup.sh
[0.380s] -- Up-to-date: /home/fouadroboticist/ros2_ws/install/my_robot_bringup/share/my_robot_bringup/local_setup.zsh
[0.380s] -- Up-to-date: /home/fouadroboticist/ros2_ws/install/my_robot_bringup/share/my_robot_bringup/local_setup.dsv
[0.380s] -- Installing: /home/fouadroboticist/ros2_ws/install/my_robot_bringup/share/my_robot_bringup/package.dsv
[0.381s] -- Up-to-date: /home/fouadroboticist/ros2_ws/install/my_robot_bringup/share/ament_index/resource_index/packages/my_robot_bringup
[0.381s] -- Up-to-date: /home/fouadroboticist/ros2_ws/install/my_robot_bringup/share/my_robot_bringup/cmake/my_robot_bringupConfig.cmake
[0.381s] -- Up-to-date: /home/fouadroboticist/ros2_ws/install/my_robot_bringup/share/my_robot_bringup/cmake/my_robot_bringupConfig-version.cmake
[0.382s] -- Up-to-date: /home/fouadroboticist/ros2_ws/install/my_robot_bringup/share/my_robot_bringup/package.xml
[0.383s] Invoked command in '/home/fouadroboticist/ros2_ws/build/my_robot_bringup' returned '0': CMAKE_PREFIX_PATH=${CMAKE_PREFIX_PATH}:/home/fouadroboticist/ros2_ws/install/actions_py:/home/fouadroboticist/ros2_ws/install/my_robot_controller:/opt/ros/humble /usr/bin/cmake --install /home/fouadroboticist/ros2_ws/build/my_robot_bringup
