[4.027s] Invoking command in '/home/fouadroboticist/ros2_ws/src/tutorials_py': PYTHONPATH=/home/fouadroboticist/ros2_ws/build/tutorials_py/prefix_override:/usr/lib/python3/dist-packages/colcon_core/task/python/colcon_distutils_commands:/home/fouadroboticist/ros2_ws/install/tutorials_py/lib/python3.10/site-packages:${PYTHONPATH} /usr/bin/python3 -W ignore:setup.py install is deprecated setup.py egg_info --egg-base ../../build/tutorials_py build --build-base /home/fouadroboticist/ros2_ws/build/tutorials_py/build install --record /home/fouadroboticist/ros2_ws/build/tutorials_py/install.log --single-version-externally-managed install_data
[4.723s] running egg_info
[4.725s] writing ../../build/tutorials_py/tutorials_py.egg-info/PKG-INFO
[4.726s] writing dependency_links to ../../build/tutorials_py/tutorials_py.egg-info/dependency_links.txt
[4.727s] writing entry points to ../../build/tutorials_py/tutorials_py.egg-info/entry_points.txt
[4.728s] writing requirements to ../../build/tutorials_py/tutorials_py.egg-info/requires.txt
[4.729s] writing top-level names to ../../build/tutorials_py/tutorials_py.egg-info/top_level.txt
[4.734s] reading manifest file '../../build/tutorials_py/tutorials_py.egg-info/SOURCES.txt'
[4.737s] writing manifest file '../../build/tutorials_py/tutorials_py.egg-info/SOURCES.txt'
[4.737s] running build
[4.738s] running build_py
[4.739s] running install
[4.740s] running install_lib
[4.745s] running install_data
[4.745s] running install_egg_info
[4.748s] removing '/home/fouadroboticist/ros2_ws/install/tutorials_py/lib/python3.10/site-packages/tutorials_py-0.0.0-py3.10.egg-info' (and everything under it)
[4.752s] Copying ../../build/tutorials_py/tutorials_py.egg-info to /home/fouadroboticist/ros2_ws/install/tutorials_py/lib/python3.10/site-packages/tutorials_py-0.0.0-py3.10.egg-info
[4.759s] running install_scripts
[4.822s] Installing node1 script to /home/fouadroboticist/ros2_ws/install/tutorials_py/lib/tutorials_py
[4.824s] Installing node2 script to /home/fouadroboticist/ros2_ws/install/tutorials_py/lib/tutorials_py
[4.824s] Installing node3 script to /home/fouadroboticist/ros2_ws/install/tutorials_py/lib/tutorials_py
[4.829s] writing list of installed files to '/home/fouadroboticist/ros2_ws/build/tutorials_py/install.log'
[4.889s] Invoked command in '/home/fouadroboticist/ros2_ws/src/tutorials_py' returned '0': PYTHONPATH=/home/fouadroboticist/ros2_ws/build/tutorials_py/prefix_override:/usr/lib/python3/dist-packages/colcon_core/task/python/colcon_distutils_commands:/home/fouadroboticist/ros2_ws/install/tutorials_py/lib/python3.10/site-packages:${PYTHONPATH} /usr/bin/python3 -W ignore:setup.py install is deprecated setup.py egg_info --egg-base ../../build/tutorials_py build --build-base /home/fouadroboticist/ros2_ws/build/tutorials_py/build install --record /home/fouadroboticist/ros2_ws/build/tutorials_py/install.log --single-version-externally-managed install_data
