[3.244s] Invoking command in '/home/fouadroboticist/ros2_ws/src/tutorials_py': PYTHONPATH=/home/fouadroboticist/ros2_ws/build/tutorials_py/prefix_override:/usr/lib/python3/dist-packages/colcon_core/task/python/colcon_distutils_commands:/home/fouadroboticist/ros2_ws/install/tutorials_py/lib/python3.10/site-packages:${PYTHONPATH} /usr/bin/python3 -W ignore:setup.py install is deprecated setup.py egg_info --egg-base ../../build/tutorials_py build --build-base /home/fouadroboticist/ros2_ws/build/tutorials_py/build install --record /home/fouadroboticist/ros2_ws/build/tutorials_py/install.log --single-version-externally-managed install_data
[4.114s] running egg_info
[4.117s] writing ../../build/tutorials_py/tutorials_py.egg-info/PKG-INFO
[4.119s] writing dependency_links to ../../build/tutorials_py/tutorials_py.egg-info/dependency_links.txt
[4.120s] writing entry points to ../../build/tutorials_py/tutorials_py.egg-info/entry_points.txt
[4.121s] writing requirements to ../../build/tutorials_py/tutorials_py.egg-info/requires.txt
[4.122s] writing top-level names to ../../build/tutorials_py/tutorials_py.egg-info/top_level.txt
[4.128s] reading manifest file '../../build/tutorials_py/tutorials_py.egg-info/SOURCES.txt'
[4.133s] writing manifest file '../../build/tutorials_py/tutorials_py.egg-info/SOURCES.txt'
[4.134s] running build
[4.135s] running build_py
[4.137s] running install
[4.138s] running install_lib
[4.141s] running install_data
[4.141s] running install_egg_info
[4.146s] removing '/home/fouadroboticist/ros2_ws/install/tutorials_py/lib/python3.10/site-packages/tutorials_py-0.0.0-py3.10.egg-info' (and everything under it)
[4.148s] Copying ../../build/tutorials_py/tutorials_py.egg-info to /home/fouadroboticist/ros2_ws/install/tutorials_py/lib/python3.10/site-packages/tutorials_py-0.0.0-py3.10.egg-info
[4.156s] running install_scripts
[4.222s] Installing node1 script to /home/fouadroboticist/ros2_ws/install/tutorials_py/lib/tutorials_py
[4.223s] Installing node2 script to /home/fouadroboticist/ros2_ws/install/tutorials_py/lib/tutorials_py
[4.225s] Installing node3 script to /home/fouadroboticist/ros2_ws/install/tutorials_py/lib/tutorials_py
[4.227s] writing list of installed files to '/home/fouadroboticist/ros2_ws/build/tutorials_py/install.log'
[5.982s] Invoked command in '/home/fouadroboticist/ros2_ws/src/tutorials_py' returned '0': PYTHONPATH=/home/fouadroboticist/ros2_ws/build/tutorials_py/prefix_override:/usr/lib/python3/dist-packages/colcon_core/task/python/colcon_distutils_commands:/home/fouadroboticist/ros2_ws/install/tutorials_py/lib/python3.10/site-packages:${PYTHONPATH} /usr/bin/python3 -W ignore:setup.py install is deprecated setup.py egg_info --egg-base ../../build/tutorials_py build --build-base /home/fouadroboticist/ros2_ws/build/tutorials_py/build install --record /home/fouadroboticist/ros2_ws/build/tutorials_py/install.log --single-version-externally-managed install_data
