-- Found ament_cmake: 1.3.10 (/opt/ros/humble/share/ament_cmake/cmake)
-- Found rclcpp: 16.0.10 (/opt/ros/humble/share/rclcpp/cmake)
-- Found rosidl_generator_c: 3.1.5 (/opt/ros/humble/share/rosidl_generator_c/cmake)
-- Found rosidl_adapter: 3.1.5 (/opt/ros/humble/share/rosidl_adapter/cmake)
-- Found rosidl_generator_cpp: 3.1.5 (/opt/ros/humble/share/rosidl_generator_cpp/cmake)
-- Using all available rosidl_typesupport_c: rosidl_typesupport_fastrtps_c;rosidl_typesupport_introspection_c
-- Using all available rosidl_typesupport_cpp: rosidl_typesupport_fastrtps_cpp;rosidl_typesupport_introspection_cpp
-- Found rmw_implementation_cmake: 6.1.2 (/opt/ros/humble/share/rmw_implementation_cmake/cmake)
-- Found rmw_cyclonedds_cpp: 1.3.4 (/opt/ros/humble/share/rmw_cyclonedds_cpp/cmake)
-- Using RMW implementation 'rmw_cyclonedds_cpp' as default
-- Found rclpy: 3.3.14 (/opt/ros/humble/share/rclpy/cmake)
-- Found rclcpp_components: 16.0.10 (/opt/ros/humble/share/rclcpp_components/cmake)
-- Configuring done
-- Generating done
-- Build files have been written to: /home/fouadroboticist/ros2_ws/build/my_custom_pkg
[35m[1mConsolidate compiler generated dependencies of target motor_controller_component[0m
[35m[1mConsolidate compiler generated dependencies of target cpp_exe[0m
[  0%] Built target ament_cmake_python_copy_my_custom_pkg
[ 25%] [32mBuilding CXX object CMakeFiles/motor_controller_component.dir/src/component_test.cpp.o[0m
[ 50%] [32mBuilding CXX object CMakeFiles/cpp_exe.dir/src/cpp_node.cpp.o[0m
running egg_info
writing my_custom_pkg.egg-info/PKG-INFO
writing dependency_links to my_custom_pkg.egg-info/dependency_links.txt
writing top-level names to my_custom_pkg.egg-info/top_level.txt
reading manifest file 'my_custom_pkg.egg-info/SOURCES.txt'
writing manifest file 'my_custom_pkg.egg-info/SOURCES.txt'
[ 50%] Built target ament_cmake_python_build_my_custom_pkg_egg
[ 75%] [32m[1mLinking CXX shared library libmotor_controller_component.so[0m
[100%] [32m[1mLinking CXX executable cpp_exe[0m
[100%] Built target motor_controller_component
[100%] Built target cpp_exe
