[5.943s] Invoking command in '/home/fouadroboticist/ros2_ws/src/tutorials_py': PYTHONPATH=/home/fouadroboticist/ros2_ws/build/tutorials_py/prefix_override:/usr/lib/python3/dist-packages/colcon_core/task/python/colcon_distutils_commands:/home/fouadroboticist/ros2_ws/install/tutorials_py/lib/python3.10/site-packages:${PYTHONPATH} /usr/bin/python3 -W ignore:setup.py install is deprecated setup.py egg_info --egg-base ../../build/tutorials_py build --build-base /home/fouadroboticist/ros2_ws/build/tutorials_py/build install --record /home/fouadroboticist/ros2_ws/build/tutorials_py/install.log --single-version-externally-managed install_data
[7.897s] running egg_info
[7.906s] writing ../../build/tutorials_py/tutorials_py.egg-info/PKG-INFO
[7.914s] writing dependency_links to ../../build/tutorials_py/tutorials_py.egg-info/dependency_links.txt
[7.916s] writing entry points to ../../build/tutorials_py/tutorials_py.egg-info/entry_points.txt
[7.916s] writing requirements to ../../build/tutorials_py/tutorials_py.egg-info/requires.txt
[7.918s] writing top-level names to ../../build/tutorials_py/tutorials_py.egg-info/top_level.txt
[7.936s] reading manifest file '../../build/tutorials_py/tutorials_py.egg-info/SOURCES.txt'
[7.951s] writing manifest file '../../build/tutorials_py/tutorials_py.egg-info/SOURCES.txt'
[7.952s] running build
[7.953s] running build_py
[7.955s] running install
[7.968s] running install_lib
[7.981s] running install_data
[7.984s] running install_egg_info
[7.997s] removing '/home/fouadroboticist/ros2_ws/install/tutorials_py/lib/python3.10/site-packages/tutorials_py-0.0.0-py3.10.egg-info' (and everything under it)
[8.016s] Copying ../../build/tutorials_py/tutorials_py.egg-info to /home/fouadroboticist/ros2_ws/install/tutorials_py/lib/python3.10/site-packages/tutorials_py-0.0.0-py3.10.egg-info
[8.034s] running install_scripts
[8.185s] Installing node1 script to /home/fouadroboticist/ros2_ws/install/tutorials_py/lib/tutorials_py
[8.187s] Installing node2 script to /home/fouadroboticist/ros2_ws/install/tutorials_py/lib/tutorials_py
[8.187s] Installing node3 script to /home/fouadroboticist/ros2_ws/install/tutorials_py/lib/tutorials_py
[8.189s] writing list of installed files to '/home/fouadroboticist/ros2_ws/build/tutorials_py/install.log'
[8.330s] Invoked command in '/home/fouadroboticist/ros2_ws/src/tutorials_py' returned '0': PYTHONPATH=/home/fouadroboticist/ros2_ws/build/tutorials_py/prefix_override:/usr/lib/python3/dist-packages/colcon_core/task/python/colcon_distutils_commands:/home/fouadroboticist/ros2_ws/install/tutorials_py/lib/python3.10/site-packages:${PYTHONPATH} /usr/bin/python3 -W ignore:setup.py install is deprecated setup.py egg_info --egg-base ../../build/tutorials_py build --build-base /home/fouadroboticist/ros2_ws/build/tutorials_py/build install --record /home/fouadroboticist/ros2_ws/build/tutorials_py/install.log --single-version-externally-managed install_data
