[0.087s] Invoking command in '/home/fouadroboticist/ros2_ws/build/my_robot_control': CMAKE_PREFIX_PATH=${CMAKE_PREFIX_PATH}:/home/fouadroboticist/ros2_ws/install/tutorials_py:/home/fouadroboticist/ros2_ws/install/my_robot_controller:/home/fouadroboticist/ros2_ws/install/actions_py:/opt/ros/humble /usr/bin/cmake --build /home/fouadroboticist/ros2_ws/build/my_robot_control -- -j4 -l4
[1.066s] [100%] Built target params_callback
[1.244s] Invoked command in '/home/fouadroboticist/ros2_ws/build/my_robot_control' returned '0': CMAKE_PREFIX_PATH=${CMAKE_PREFIX_PATH}:/home/fouadroboticist/ros2_ws/install/tutorials_py:/home/fouadroboticist/ros2_ws/install/my_robot_controller:/home/fouadroboticist/ros2_ws/install/actions_py:/opt/ros/humble /usr/bin/cmake --build /home/fouadroboticist/ros2_ws/build/my_robot_control -- -j4 -l4
[1.462s] Invoking command in '/home/fouadroboticist/ros2_ws/build/my_robot_control': CMAKE_PREFIX_PATH=${CMAKE_PREFIX_PATH}:/home/fouadroboticist/ros2_ws/install/tutorials_py:/home/fouadroboticist/ros2_ws/install/my_robot_controller:/home/fouadroboticist/ros2_ws/install/actions_py:/opt/ros/humble /usr/bin/cmake --install /home/fouadroboticist/ros2_ws/build/my_robot_control
[1.490s] -- Install configuration: ""
[1.492s] -- Up-to-date: /home/fouadroboticist/ros2_ws/install/my_robot_control/lib/my_robot_control/params_callback
[1.493s] -- Up-to-date: /home/fouadroboticist/ros2_ws/install/my_robot_control/share/ament_index/resource_index/package_run_dependencies/my_robot_control
[1.494s] -- Up-to-date: /home/fouadroboticist/ros2_ws/install/my_robot_control/share/ament_index/resource_index/parent_prefix_path/my_robot_control
[1.495s] -- Up-to-date: /home/fouadroboticist/ros2_ws/install/my_robot_control/share/my_robot_control/environment/ament_prefix_path.sh
[1.496s] -- Up-to-date: /home/fouadroboticist/ros2_ws/install/my_robot_control/share/my_robot_control/environment/ament_prefix_path.dsv
[1.496s] -- Up-to-date: /home/fouadroboticist/ros2_ws/install/my_robot_control/share/my_robot_control/environment/path.sh
[1.497s] -- Up-to-date: /home/fouadroboticist/ros2_ws/install/my_robot_control/share/my_robot_control/environment/path.dsv
[1.498s] -- Up-to-date: /home/fouadroboticist/ros2_ws/install/my_robot_control/share/my_robot_control/local_setup.bash
[1.499s] -- Up-to-date: /home/fouadroboticist/ros2_ws/install/my_robot_control/share/my_robot_control/local_setup.sh
[1.499s] -- Up-to-date: /home/fouadroboticist/ros2_ws/install/my_robot_control/share/my_robot_control/local_setup.zsh
[1.500s] -- Up-to-date: /home/fouadroboticist/ros2_ws/install/my_robot_control/share/my_robot_control/local_setup.dsv
[1.502s] -- Installing: /home/fouadroboticist/ros2_ws/install/my_robot_control/share/my_robot_control/package.dsv
[1.504s] -- Up-to-date: /home/fouadroboticist/ros2_ws/install/my_robot_control/share/ament_index/resource_index/packages/my_robot_control
[1.505s] -- Up-to-date: /home/fouadroboticist/ros2_ws/install/my_robot_control/share/my_robot_control/cmake/my_robot_controlConfig.cmake
[1.506s] -- Up-to-date: /home/fouadroboticist/ros2_ws/install/my_robot_control/share/my_robot_control/cmake/my_robot_controlConfig-version.cmake
[1.507s] -- Up-to-date: /home/fouadroboticist/ros2_ws/install/my_robot_control/share/my_robot_control/package.xml
[1.524s] Invoked command in '/home/fouadroboticist/ros2_ws/build/my_robot_control' returned '0': CMAKE_PREFIX_PATH=${CMAKE_PREFIX_PATH}:/home/fouadroboticist/ros2_ws/install/tutorials_py:/home/fouadroboticist/ros2_ws/install/my_robot_controller:/home/fouadroboticist/ros2_ws/install/actions_py:/opt/ros/humble /usr/bin/cmake --install /home/fouadroboticist/ros2_ws/build/my_robot_control
