[0.157s] Invoking command in '/home/fouadroboticist/ros2_ws/build/my_custom_pkg': CMAKE_PREFIX_PATH=${CMAKE_PREFIX_PATH}:/home/fouadroboticist/ros2_ws/install/tutorials_py:/home/fouadroboticist/ros2_ws/install/my_robot_controller:/home/fouadroboticist/ros2_ws/install/actions_py:/opt/ros/humble /usr/bin/cmake --build /home/fouadroboticist/ros2_ws/build/my_custom_pkg -- -j4 -l4
[1.135s] [  0%] Built target ament_cmake_python_copy_my_custom_pkg
[1.518s] [ 50%] Built target motor_controller_component
[1.653s] [100%] Built target cpp_exe
[3.344s] running egg_info
[3.347s] writing my_custom_pkg.egg-info/PKG-INFO
[3.349s] writing dependency_links to my_custom_pkg.egg-info/dependency_links.txt
[3.349s] writing top-level names to my_custom_pkg.egg-info/top_level.txt
[3.383s] reading manifest file 'my_custom_pkg.egg-info/SOURCES.txt'
[3.388s] writing manifest file 'my_custom_pkg.egg-info/SOURCES.txt'
[3.506s] [100%] Built target ament_cmake_python_build_my_custom_pkg_egg
[3.984s] Invoked command in '/home/fouadroboticist/ros2_ws/build/my_custom_pkg' returned '0': CMAKE_PREFIX_PATH=${CMAKE_PREFIX_PATH}:/home/fouadroboticist/ros2_ws/install/tutorials_py:/home/fouadroboticist/ros2_ws/install/my_robot_controller:/home/fouadroboticist/ros2_ws/install/actions_py:/opt/ros/humble /usr/bin/cmake --build /home/fouadroboticist/ros2_ws/build/my_custom_pkg -- -j4 -l4
[4.254s] Invoking command in '/home/fouadroboticist/ros2_ws/build/my_custom_pkg': CMAKE_PREFIX_PATH=${CMAKE_PREFIX_PATH}:/home/fouadroboticist/ros2_ws/install/tutorials_py:/home/fouadroboticist/ros2_ws/install/my_robot_controller:/home/fouadroboticist/ros2_ws/install/actions_py:/opt/ros/humble /usr/bin/cmake --install /home/fouadroboticist/ros2_ws/build/my_custom_pkg
[4.297s] -- Install configuration: ""
[4.302s] -- Up-to-date: /home/fouadroboticist/ros2_ws/install/my_custom_pkg/lib/libmotor_controller_component.so
[4.307s] -- Up-to-date: /home/fouadroboticist/ros2_ws/install/my_custom_pkg/share/my_custom_pkg/environment/pythonpath.sh
[4.307s] -- Up-to-date: /home/fouadroboticist/ros2_ws/install/my_custom_pkg/share/my_custom_pkg/environment/pythonpath.dsv
[4.307s] -- Up-to-date: /home/fouadroboticist/ros2_ws/install/my_custom_pkg/local/lib/python3.10/dist-packages/my_custom_pkg-0.0.0-py3.10.egg-info
[4.307s] -- Installing: /home/fouadroboticist/ros2_ws/install/my_custom_pkg/local/lib/python3.10/dist-packages/my_custom_pkg-0.0.0-py3.10.egg-info/SOURCES.txt
[4.308s] -- Installing: /home/fouadroboticist/ros2_ws/install/my_custom_pkg/local/lib/python3.10/dist-packages/my_custom_pkg-0.0.0-py3.10.egg-info/dependency_links.txt
[4.308s] -- Installing: /home/fouadroboticist/ros2_ws/install/my_custom_pkg/local/lib/python3.10/dist-packages/my_custom_pkg-0.0.0-py3.10.egg-info/top_level.txt
[4.308s] -- Installing: /home/fouadroboticist/ros2_ws/install/my_custom_pkg/local/lib/python3.10/dist-packages/my_custom_pkg-0.0.0-py3.10.egg-info/PKG-INFO
[4.312s] -- Up-to-date: /home/fouadroboticist/ros2_ws/install/my_custom_pkg/local/lib/python3.10/dist-packages/my_custom_pkg
[4.313s] -- Up-to-date: /home/fouadroboticist/ros2_ws/install/my_custom_pkg/local/lib/python3.10/dist-packages/my_custom_pkg/__init__.py
[4.313s] -- Up-to-date: /home/fouadroboticist/ros2_ws/install/my_custom_pkg/local/lib/python3.10/dist-packages/my_custom_pkg/module_to_import.py
[4.498s] Listing '/home/fouadroboticist/ros2_ws/install/my_custom_pkg/local/lib/python3.10/dist-packages/my_custom_pkg'...
[4.524s] -- Up-to-date: /home/fouadroboticist/ros2_ws/install/my_custom_pkg/lib/my_custom_pkg/composition.py
[4.525s] -- Up-to-date: /home/fouadroboticist/ros2_ws/install/my_custom_pkg/share/ament_index/resource_index/package_run_dependencies/my_custom_pkg
[4.525s] -- Up-to-date: /home/fouadroboticist/ros2_ws/install/my_custom_pkg/share/ament_index/resource_index/parent_prefix_path/my_custom_pkg
[4.526s] -- Up-to-date: /home/fouadroboticist/ros2_ws/install/my_custom_pkg/share/my_custom_pkg/environment/ament_prefix_path.sh
[4.527s] -- Up-to-date: /home/fouadroboticist/ros2_ws/install/my_custom_pkg/share/my_custom_pkg/environment/ament_prefix_path.dsv
[4.527s] -- Up-to-date: /home/fouadroboticist/ros2_ws/install/my_custom_pkg/share/my_custom_pkg/environment/path.sh
[4.527s] -- Up-to-date: /home/fouadroboticist/ros2_ws/install/my_custom_pkg/share/my_custom_pkg/environment/path.dsv
[4.529s] -- Up-to-date: /home/fouadroboticist/ros2_ws/install/my_custom_pkg/share/my_custom_pkg/local_setup.bash
[4.529s] -- Up-to-date: /home/fouadroboticist/ros2_ws/install/my_custom_pkg/share/my_custom_pkg/local_setup.sh
[4.529s] -- Up-to-date: /home/fouadroboticist/ros2_ws/install/my_custom_pkg/share/my_custom_pkg/local_setup.zsh
[4.530s] -- Up-to-date: /home/fouadroboticist/ros2_ws/install/my_custom_pkg/share/my_custom_pkg/local_setup.dsv
[4.530s] -- Installing: /home/fouadroboticist/ros2_ws/install/my_custom_pkg/share/my_custom_pkg/package.dsv
[4.531s] -- Up-to-date: /home/fouadroboticist/ros2_ws/install/my_custom_pkg/share/ament_index/resource_index/packages/my_custom_pkg
[4.533s] -- Up-to-date: /home/fouadroboticist/ros2_ws/install/my_custom_pkg/share/my_custom_pkg/cmake/my_custom_pkgConfig.cmake
[4.539s] -- Up-to-date: /home/fouadroboticist/ros2_ws/install/my_custom_pkg/share/my_custom_pkg/cmake/my_custom_pkgConfig-version.cmake
[4.540s] -- Up-to-date: /home/fouadroboticist/ros2_ws/install/my_custom_pkg/share/my_custom_pkg/package.xml
[4.544s] Invoked command in '/home/fouadroboticist/ros2_ws/build/my_custom_pkg' returned '0': CMAKE_PREFIX_PATH=${CMAKE_PREFIX_PATH}:/home/fouadroboticist/ros2_ws/install/tutorials_py:/home/fouadroboticist/ros2_ws/install/my_robot_controller:/home/fouadroboticist/ros2_ws/install/actions_py:/opt/ros/humble /usr/bin/cmake --install /home/fouadroboticist/ros2_ws/build/my_custom_pkg
