/home/fouadroboticist/ros2_ws/install/tutorials_py/lib/python3.10/site-packages/tutorials_py/node2.py
/home/fouadroboticist/ros2_ws/install/tutorials_py/lib/python3.10/site-packages/tutorials_py/__init__.py
/home/fouadroboticist/ros2_ws/install/tutorials_py/lib/python3.10/site-packages/tutorials_py/node3.py
/home/fouadroboticist/ros2_ws/install/tutorials_py/lib/python3.10/site-packages/tutorials_py/node1.py
/home/fouadroboticist/ros2_ws/install/tutorials_py/lib/python3.10/site-packages/tutorials_py/__pycache__/node2.cpython-310.pyc
/home/fouadroboticist/ros2_ws/install/tutorials_py/lib/python3.10/site-packages/tutorials_py/__pycache__/__init__.cpython-310.pyc
/home/fouadroboticist/ros2_ws/install/tutorials_py/lib/python3.10/site-packages/tutorials_py/__pycache__/node3.cpython-310.pyc
/home/fouadroboticist/ros2_ws/install/tutorials_py/lib/python3.10/site-packages/tutorials_py/__pycache__/node1.cpython-310.pyc
/home/fouadroboticist/ros2_ws/install/tutorials_py/share/ament_index/resource_index/packages/tutorials_py
/home/fouadroboticist/ros2_ws/install/tutorials_py/share/tutorials_py/package.xml
/home/fouadroboticist/ros2_ws/install/tutorials_py/lib/python3.10/site-packages/tutorials_py-0.0.0-py3.10.egg-info/SOURCES.txt
/home/fouadroboticist/ros2_ws/install/tutorials_py/lib/python3.10/site-packages/tutorials_py-0.0.0-py3.10.egg-info/requires.txt
/home/fouadroboticist/ros2_ws/install/tutorials_py/lib/python3.10/site-packages/tutorials_py-0.0.0-py3.10.egg-info/dependency_links.txt
/home/fouadroboticist/ros2_ws/install/tutorials_py/lib/python3.10/site-packages/tutorials_py-0.0.0-py3.10.egg-info/zip-safe
/home/fouadroboticist/ros2_ws/install/tutorials_py/lib/python3.10/site-packages/tutorials_py-0.0.0-py3.10.egg-info/top_level.txt
/home/fouadroboticist/ros2_ws/install/tutorials_py/lib/python3.10/site-packages/tutorials_py-0.0.0-py3.10.egg-info/PKG-INFO
/home/fouadroboticist/ros2_ws/install/tutorials_py/lib/python3.10/site-packages/tutorials_py-0.0.0-py3.10.egg-info/entry_points.txt
/home/fouadroboticist/ros2_ws/install/tutorials_py/lib/tutorials_py/node1
/home/fouadroboticist/ros2_ws/install/tutorials_py/lib/tutorials_py/node2
/home/fouadroboticist/ros2_ws/install/tutorials_py/lib/tutorials_py/node3
