[0.817s] DEBUG:colcon:Command line arguments: ['/usr/bin/colcon', 'build', '--packages-select', 'my_robot_bringup']
[0.817s] DEBUG:colcon:Parsed command line arguments: Namespace(log_base=None, log_level=None, verb_name='build', build_base='build', install_base='install', merge_install=False, symlink_install=False, test_result_base=None, continue_on_error=False, executor='parallel', parallel_workers=4, event_handlers=None, ignore_user_meta=False, metas=['./colcon.meta'], base_paths=['.'], packages_ignore=None, packages_ignore_regex=None, paths=None, packages_up_to=None, packages_up_to_regex=None, packages_above=None, packages_above_and_dependencies=None, packages_above_depth=None, packages_select_by_dep=None, packages_skip_by_dep=None, packages_skip_up_to=None, packages_select_build_failed=False, packages_skip_build_finished=False, packages_select_test_failures=False, packages_skip_test_passed=False, packages_select=['my_robot_bringup'], packages_skip=None, packages_select_regex=None, packages_skip_regex=None, packages_start=None, packages_end=None, allow_overriding=[], cmake_args=None, cmake_target=None, cmake_target_skip_unavailable=False, cmake_clean_cache=False, cmake_clean_first=False, cmake_force_configure=False, ament_cmake_args=None, catkin_cmake_args=None, catkin_skip_building_tests=False, mixin_files=None, mixin=None, verb_parser=<colcon_mixin.mixin.mixin_argument.MixinArgumentDecorator object at 0x7f07ae6bdf60>, verb_extension=<colcon_core.verb.build.BuildVerb object at 0x7f07ae6bd0c0>, main=<bound method BuildVerb.main of <colcon_core.verb.build.BuildVerb object at 0x7f07ae6bd0c0>>, mixin_verb=('build',))
[1.537s] Level 1:colcon.colcon_core.package_discovery:discover_packages(colcon_meta) check parameters
[1.537s] Level 1:colcon.colcon_core.package_discovery:discover_packages(recursive) check parameters
[1.537s] Level 1:colcon.colcon_core.package_discovery:discover_packages(ignore) check parameters
[1.537s] Level 1:colcon.colcon_core.package_discovery:discover_packages(path) check parameters
[1.537s] Level 1:colcon.colcon_core.package_discovery:discover_packages(colcon_meta) discover
[1.537s] Level 1:colcon.colcon_core.package_discovery:discover_packages(recursive) discover
[1.537s] INFO:colcon.colcon_core.package_discovery:Crawling recursively for packages in '/home/fouadroboticist/ros2_ws'
[1.538s] Level 1:colcon.colcon_core.package_identification:_identify(.) by extensions ['ignore', 'ignore_ament_install']
[1.538s] Level 1:colcon.colcon_core.package_identification:_identify(.) by extension 'ignore'
[1.539s] Level 1:colcon.colcon_core.package_identification:_identify(.) by extension 'ignore_ament_install'
[1.539s] Level 1:colcon.colcon_core.package_identification:_identify(.) by extensions ['colcon_pkg']
[1.539s] Level 1:colcon.colcon_core.package_identification:_identify(.) by extension 'colcon_pkg'
[1.539s] Level 1:colcon.colcon_core.package_identification:_identify(.) by extensions ['colcon_meta']
[1.539s] Level 1:colcon.colcon_core.package_identification:_identify(.) by extension 'colcon_meta'
[1.539s] Level 1:colcon.colcon_core.package_identification:_identify(.) by extensions ['ros']
[1.539s] Level 1:colcon.colcon_core.package_identification:_identify(.) by extension 'ros'
[1.631s] Level 1:colcon.colcon_core.package_identification:_identify(.) by extensions ['cmake', 'python']
[1.631s] Level 1:colcon.colcon_core.package_identification:_identify(.) by extension 'cmake'
[1.631s] Level 1:colcon.colcon_core.package_identification:_identify(.) by extension 'python'
[1.631s] Level 1:colcon.colcon_core.package_identification:_identify(.) by extensions ['python_setup_py']
[1.631s] Level 1:colcon.colcon_core.package_identification:_identify(.) by extension 'python_setup_py'
[1.631s] Level 1:colcon.colcon_core.package_identification:_identify(build) by extensions ['ignore', 'ignore_ament_install']
[1.632s] Level 1:colcon.colcon_core.package_identification:_identify(build) by extension 'ignore'
[1.632s] Level 1:colcon.colcon_core.package_identification:_identify(build) ignored
[1.633s] Level 1:colcon.colcon_core.package_identification:_identify(install) by extensions ['ignore', 'ignore_ament_install']
[1.633s] Level 1:colcon.colcon_core.package_identification:_identify(install) by extension 'ignore'
[1.633s] Level 1:colcon.colcon_core.package_identification:_identify(install) ignored
[1.633s] Level 1:colcon.colcon_core.package_identification:_identify(log) by extensions ['ignore', 'ignore_ament_install']
[1.634s] Level 1:colcon.colcon_core.package_identification:_identify(log) by extension 'ignore'
[1.634s] Level 1:colcon.colcon_core.package_identification:_identify(log) ignored
[1.634s] Level 1:colcon.colcon_core.package_identification:_identify(src) by extensions ['ignore', 'ignore_ament_install']
[1.634s] Level 1:colcon.colcon_core.package_identification:_identify(src) by extension 'ignore'
[1.634s] Level 1:colcon.colcon_core.package_identification:_identify(src) by extension 'ignore_ament_install'
[1.634s] Level 1:colcon.colcon_core.package_identification:_identify(src) by extensions ['colcon_pkg']
[1.634s] Level 1:colcon.colcon_core.package_identification:_identify(src) by extension 'colcon_pkg'
[1.635s] Level 1:colcon.colcon_core.package_identification:_identify(src) by extensions ['colcon_meta']
[1.635s] Level 1:colcon.colcon_core.package_identification:_identify(src) by extension 'colcon_meta'
[1.635s] Level 1:colcon.colcon_core.package_identification:_identify(src) by extensions ['ros']
[1.635s] Level 1:colcon.colcon_core.package_identification:_identify(src) by extension 'ros'
[1.635s] Level 1:colcon.colcon_core.package_identification:_identify(src) by extensions ['cmake', 'python']
[1.635s] Level 1:colcon.colcon_core.package_identification:_identify(src) by extension 'cmake'
[1.635s] Level 1:colcon.colcon_core.package_identification:_identify(src) by extension 'python'
[1.635s] Level 1:colcon.colcon_core.package_identification:_identify(src) by extensions ['python_setup_py']
[1.635s] Level 1:colcon.colcon_core.package_identification:_identify(src) by extension 'python_setup_py'
[1.636s] Level 1:colcon.colcon_core.package_identification:_identify(src/actions_py) by extensions ['ignore', 'ignore_ament_install']
[1.637s] Level 1:colcon.colcon_core.package_identification:_identify(src/actions_py) by extension 'ignore'
[1.637s] Level 1:colcon.colcon_core.package_identification:_identify(src/actions_py) by extension 'ignore_ament_install'
[1.637s] Level 1:colcon.colcon_core.package_identification:_identify(src/actions_py) by extensions ['colcon_pkg']
[1.637s] Level 1:colcon.colcon_core.package_identification:_identify(src/actions_py) by extension 'colcon_pkg'
[1.637s] Level 1:colcon.colcon_core.package_identification:_identify(src/actions_py) by extensions ['colcon_meta']
[1.637s] Level 1:colcon.colcon_core.package_identification:_identify(src/actions_py) by extension 'colcon_meta'
[1.637s] Level 1:colcon.colcon_core.package_identification:_identify(src/actions_py) by extensions ['ros']
[1.637s] Level 1:colcon.colcon_core.package_identification:_identify(src/actions_py) by extension 'ros'
[1.649s] DEBUG:colcon.colcon_core.package_identification:Package 'src/actions_py' with type 'ros.ament_python' and name 'actions_py'
[1.650s] Level 1:colcon.colcon_core.package_identification:_identify(src/build) by extensions ['ignore', 'ignore_ament_install']
[1.650s] Level 1:colcon.colcon_core.package_identification:_identify(src/build) by extension 'ignore'
[1.650s] Level 1:colcon.colcon_core.package_identification:_identify(src/build) ignored
[1.650s] Level 1:colcon.colcon_core.package_identification:_identify(src/install) by extensions ['ignore', 'ignore_ament_install']
[1.651s] Level 1:colcon.colcon_core.package_identification:_identify(src/install) by extension 'ignore'
[1.651s] Level 1:colcon.colcon_core.package_identification:_identify(src/install) ignored
[1.653s] Level 1:colcon.colcon_core.package_identification:_identify(src/log) by extensions ['ignore', 'ignore_ament_install']
[1.653s] Level 1:colcon.colcon_core.package_identification:_identify(src/log) by extension 'ignore'
[1.653s] Level 1:colcon.colcon_core.package_identification:_identify(src/log) ignored
[1.654s] Level 1:colcon.colcon_core.package_identification:_identify(src/my_robot_bringup) by extensions ['ignore', 'ignore_ament_install']
[1.654s] Level 1:colcon.colcon_core.package_identification:_identify(src/my_robot_bringup) by extension 'ignore'
[1.654s] Level 1:colcon.colcon_core.package_identification:_identify(src/my_robot_bringup) by extension 'ignore_ament_install'
[1.654s] Level 1:colcon.colcon_core.package_identification:_identify(src/my_robot_bringup) by extensions ['colcon_pkg']
[1.654s] Level 1:colcon.colcon_core.package_identification:_identify(src/my_robot_bringup) by extension 'colcon_pkg'
[1.654s] Level 1:colcon.colcon_core.package_identification:_identify(src/my_robot_bringup) by extensions ['colcon_meta']
[1.654s] Level 1:colcon.colcon_core.package_identification:_identify(src/my_robot_bringup) by extension 'colcon_meta'
[1.654s] Level 1:colcon.colcon_core.package_identification:_identify(src/my_robot_bringup) by extensions ['ros']
[1.654s] Level 1:colcon.colcon_core.package_identification:_identify(src/my_robot_bringup) by extension 'ros'
[1.656s] DEBUG:colcon.colcon_core.package_identification:Package 'src/my_robot_bringup' with type 'ros.ament_cmake' and name 'my_robot_bringup'
[1.657s] Level 1:colcon.colcon_core.package_identification:_identify(src/my_robot_controller) by extensions ['ignore', 'ignore_ament_install']
[1.657s] Level 1:colcon.colcon_core.package_identification:_identify(src/my_robot_controller) by extension 'ignore'
[1.657s] Level 1:colcon.colcon_core.package_identification:_identify(src/my_robot_controller) by extension 'ignore_ament_install'
[1.657s] Level 1:colcon.colcon_core.package_identification:_identify(src/my_robot_controller) by extensions ['colcon_pkg']
[1.658s] Level 1:colcon.colcon_core.package_identification:_identify(src/my_robot_controller) by extension 'colcon_pkg'
[1.658s] Level 1:colcon.colcon_core.package_identification:_identify(src/my_robot_controller) by extensions ['colcon_meta']
[1.658s] Level 1:colcon.colcon_core.package_identification:_identify(src/my_robot_controller) by extension 'colcon_meta'
[1.658s] Level 1:colcon.colcon_core.package_identification:_identify(src/my_robot_controller) by extensions ['ros']
[1.658s] Level 1:colcon.colcon_core.package_identification:_identify(src/my_robot_controller) by extension 'ros'
[1.661s] DEBUG:colcon.colcon_core.package_identification:Package 'src/my_robot_controller' with type 'ros.ament_python' and name 'my_robot_controller'
[1.661s] Level 1:colcon.colcon_core.package_identification:_identify(src/my_robot_interfaces) by extensions ['ignore', 'ignore_ament_install']
[1.661s] Level 1:colcon.colcon_core.package_identification:_identify(src/my_robot_interfaces) by extension 'ignore'
[1.661s] Level 1:colcon.colcon_core.package_identification:_identify(src/my_robot_interfaces) by extension 'ignore_ament_install'
[1.661s] Level 1:colcon.colcon_core.package_identification:_identify(src/my_robot_interfaces) by extensions ['colcon_pkg']
[1.662s] Level 1:colcon.colcon_core.package_identification:_identify(src/my_robot_interfaces) by extension 'colcon_pkg'
[1.662s] Level 1:colcon.colcon_core.package_identification:_identify(src/my_robot_interfaces) by extensions ['colcon_meta']
[1.662s] Level 1:colcon.colcon_core.package_identification:_identify(src/my_robot_interfaces) by extension 'colcon_meta'
[1.662s] Level 1:colcon.colcon_core.package_identification:_identify(src/my_robot_interfaces) by extensions ['ros']
[1.662s] Level 1:colcon.colcon_core.package_identification:_identify(src/my_robot_interfaces) by extension 'ros'
[1.663s] DEBUG:colcon.colcon_core.package_identification:Package 'src/my_robot_interfaces' with type 'ros.ament_cmake' and name 'my_robot_interfaces'
[1.664s] Level 1:colcon.colcon_core.package_discovery:discover_packages(recursive) using defaults
[1.664s] Level 1:colcon.colcon_core.package_discovery:discover_packages(ignore) discover
[1.664s] Level 1:colcon.colcon_core.package_discovery:discover_packages(ignore) using defaults
[1.664s] Level 1:colcon.colcon_core.package_discovery:discover_packages(path) discover
[1.664s] Level 1:colcon.colcon_core.package_discovery:discover_packages(path) using defaults
[1.743s] INFO:colcon.colcon_core.package_selection:Skipping not selected package 'my_robot_controller' in 'src/my_robot_controller'
[1.743s] INFO:colcon.colcon_core.package_selection:Skipping not selected package 'my_robot_interfaces' in 'src/my_robot_interfaces'
[1.743s] INFO:colcon.colcon_core.package_selection:Skipping not selected package 'actions_py' in 'src/actions_py'
[1.746s] Level 1:colcon.colcon_core.package_discovery:discover_packages(prefix_path) check parameters
[1.746s] Level 1:colcon.colcon_core.package_discovery:discover_packages(prefix_path) discover
[1.755s] DEBUG:colcon.colcon_installed_package_information.package_discovery:Found 4 installed packages in /home/fouadroboticist/ros2_ws/install
[1.759s] DEBUG:colcon.colcon_installed_package_information.package_discovery:Found 387 installed packages in /opt/ros/humble
[1.782s] Level 1:colcon.colcon_core.package_discovery:discover_packages(prefix_path) using defaults
[2.105s] Level 5:colcon.colcon_core.verb:set package 'my_robot_bringup' build argument 'cmake_args' from command line to 'None'
[2.105s] Level 5:colcon.colcon_core.verb:set package 'my_robot_bringup' build argument 'cmake_target' from command line to 'None'
[2.105s] Level 5:colcon.colcon_core.verb:set package 'my_robot_bringup' build argument 'cmake_target_skip_unavailable' from command line to 'False'
[2.105s] Level 5:colcon.colcon_core.verb:set package 'my_robot_bringup' build argument 'cmake_clean_cache' from command line to 'False'
[2.105s] Level 5:colcon.colcon_core.verb:set package 'my_robot_bringup' build argument 'cmake_clean_first' from command line to 'False'
[2.105s] Level 5:colcon.colcon_core.verb:set package 'my_robot_bringup' build argument 'cmake_force_configure' from command line to 'False'
[2.105s] Level 5:colcon.colcon_core.verb:set package 'my_robot_bringup' build argument 'ament_cmake_args' from command line to 'None'
[2.105s] Level 5:colcon.colcon_core.verb:set package 'my_robot_bringup' build argument 'catkin_cmake_args' from command line to 'None'
[2.106s] Level 5:colcon.colcon_core.verb:set package 'my_robot_bringup' build argument 'catkin_skip_building_tests' from command line to 'False'
[2.106s] DEBUG:colcon.colcon_core.verb:Building package 'my_robot_bringup' with the following arguments: {'ament_cmake_args': None, 'build_base': '/home/fouadroboticist/ros2_ws/build/my_robot_bringup', 'catkin_cmake_args': None, 'catkin_skip_building_tests': False, 'cmake_args': None, 'cmake_clean_cache': False, 'cmake_clean_first': False, 'cmake_force_configure': False, 'cmake_target': None, 'cmake_target_skip_unavailable': False, 'install_base': '/home/fouadroboticist/ros2_ws/install/my_robot_bringup', 'merge_install': False, 'path': '/home/fouadroboticist/ros2_ws/src/my_robot_bringup', 'symlink_install': False, 'test_result_base': None}
[2.106s] INFO:colcon.colcon_core.executor:Executing jobs using 'parallel' executor
[2.109s] DEBUG:colcon.colcon_parallel_executor.executor.parallel:run_until_complete
[2.110s] INFO:colcon.colcon_ros.task.ament_cmake.build:Building ROS package in '/home/fouadroboticist/ros2_ws/src/my_robot_bringup' with build type 'ament_cmake'
[2.111s] INFO:colcon.colcon_cmake.task.cmake.build:Building CMake package in '/home/fouadroboticist/ros2_ws/src/my_robot_bringup'
[2.131s] INFO:colcon.colcon_core.plugin_system:Skipping extension 'colcon_core.shell.bat': Not used on non-Windows systems
[2.131s] INFO:colcon.colcon_core.shell:Skip shell extension 'powershell' for command environment: Not usable outside of PowerShell
[2.132s] DEBUG:colcon.colcon_core.shell:Skip shell extension 'dsv' for command environment
[2.371s] DEBUG:colcon.colcon_core.event_handler.log_command:Invoking command in '/home/fouadroboticist/ros2_ws/build/my_robot_bringup': CMAKE_PREFIX_PATH=${CMAKE_PREFIX_PATH}:/home/fouadroboticist/ros2_ws/install/actions_py:/home/fouadroboticist/ros2_ws/install/my_robot_controller:/opt/ros/humble /usr/bin/cmake --build /home/fouadroboticist/ros2_ws/build/my_robot_bringup -- -j4 -l4
[2.838s] DEBUG:colcon.colcon_core.event_handler.log_command:Invoked command in '/home/fouadroboticist/ros2_ws/build/my_robot_bringup' returned '0': CMAKE_PREFIX_PATH=${CMAKE_PREFIX_PATH}:/home/fouadroboticist/ros2_ws/install/actions_py:/home/fouadroboticist/ros2_ws/install/my_robot_controller:/opt/ros/humble /usr/bin/cmake --build /home/fouadroboticist/ros2_ws/build/my_robot_bringup -- -j4 -l4
[2.926s] DEBUG:colcon.colcon_core.event_handler.log_command:Invoking command in '/home/fouadroboticist/ros2_ws/build/my_robot_bringup': CMAKE_PREFIX_PATH=${CMAKE_PREFIX_PATH}:/home/fouadroboticist/ros2_ws/install/actions_py:/home/fouadroboticist/ros2_ws/install/my_robot_controller:/opt/ros/humble /usr/bin/cmake --install /home/fouadroboticist/ros2_ws/build/my_robot_bringup
[2.968s] Level 1:colcon.colcon_core.environment:create_environment_scripts_only(my_robot_bringup)
[2.970s] DEBUG:colcon.colcon_core.event_handler.log_command:Invoked command in '/home/fouadroboticist/ros2_ws/build/my_robot_bringup' returned '0': CMAKE_PREFIX_PATH=${CMAKE_PREFIX_PATH}:/home/fouadroboticist/ros2_ws/install/actions_py:/home/fouadroboticist/ros2_ws/install/my_robot_controller:/opt/ros/humble /usr/bin/cmake --install /home/fouadroboticist/ros2_ws/build/my_robot_bringup
[2.981s] Level 1:colcon.colcon_core.environment:checking '/home/fouadroboticist/ros2_ws/install/my_robot_bringup' for CMake module files
[2.985s] Level 1:colcon.colcon_core.environment:checking '/home/fouadroboticist/ros2_ws/install/my_robot_bringup' for CMake config files
[2.989s] Level 1:colcon.colcon_core.shell:create_environment_hook('my_robot_bringup', 'cmake_prefix_path')
[2.990s] INFO:colcon.colcon_core.shell:Creating environment hook '/home/fouadroboticist/ros2_ws/install/my_robot_bringup/share/my_robot_bringup/hook/cmake_prefix_path.ps1'
[2.991s] INFO:colcon.colcon_core.shell:Creating environment descriptor '/home/fouadroboticist/ros2_ws/install/my_robot_bringup/share/my_robot_bringup/hook/cmake_prefix_path.dsv'
[2.994s] INFO:colcon.colcon_core.shell:Creating environment hook '/home/fouadroboticist/ros2_ws/install/my_robot_bringup/share/my_robot_bringup/hook/cmake_prefix_path.sh'
[2.997s] Level 1:colcon.colcon_core.environment:checking '/home/fouadroboticist/ros2_ws/install/my_robot_bringup/bin'
[2.997s] Level 1:colcon.colcon_core.environment:checking '/home/fouadroboticist/ros2_ws/install/my_robot_bringup/lib/pkgconfig/my_robot_bringup.pc'
[2.997s] Level 1:colcon.colcon_core.environment:checking '/home/fouadroboticist/ros2_ws/install/my_robot_bringup/lib/python3.10/site-packages'
[2.998s] Level 1:colcon.colcon_core.environment:checking '/home/fouadroboticist/ros2_ws/install/my_robot_bringup/bin'
[2.998s] INFO:colcon.colcon_core.shell:Creating package script '/home/fouadroboticist/ros2_ws/install/my_robot_bringup/share/my_robot_bringup/package.ps1'
[3.000s] INFO:colcon.colcon_core.shell:Creating package descriptor '/home/fouadroboticist/ros2_ws/install/my_robot_bringup/share/my_robot_bringup/package.dsv'
[3.001s] INFO:colcon.colcon_core.shell:Creating package script '/home/fouadroboticist/ros2_ws/install/my_robot_bringup/share/my_robot_bringup/package.sh'
[3.003s] INFO:colcon.colcon_core.shell:Creating package script '/home/fouadroboticist/ros2_ws/install/my_robot_bringup/share/my_robot_bringup/package.bash'
[3.005s] INFO:colcon.colcon_core.shell:Creating package script '/home/fouadroboticist/ros2_ws/install/my_robot_bringup/share/my_robot_bringup/package.zsh'
[3.006s] Level 1:colcon.colcon_core.environment:create_file_with_runtime_dependencies(/home/fouadroboticist/ros2_ws/install/my_robot_bringup/share/colcon-core/packages/my_robot_bringup)
[3.096s] Level 1:colcon.colcon_core.environment:create_environment_scripts_only(my_robot_bringup)
[3.097s] Level 1:colcon.colcon_core.environment:checking '/home/fouadroboticist/ros2_ws/install/my_robot_bringup' for CMake module files
[3.099s] Level 1:colcon.colcon_core.environment:checking '/home/fouadroboticist/ros2_ws/install/my_robot_bringup' for CMake config files
[3.099s] Level 1:colcon.colcon_core.shell:create_environment_hook('my_robot_bringup', 'cmake_prefix_path')
[3.100s] INFO:colcon.colcon_core.shell:Creating environment hook '/home/fouadroboticist/ros2_ws/install/my_robot_bringup/share/my_robot_bringup/hook/cmake_prefix_path.ps1'
[3.101s] INFO:colcon.colcon_core.shell:Creating environment descriptor '/home/fouadroboticist/ros2_ws/install/my_robot_bringup/share/my_robot_bringup/hook/cmake_prefix_path.dsv'
[3.102s] INFO:colcon.colcon_core.shell:Creating environment hook '/home/fouadroboticist/ros2_ws/install/my_robot_bringup/share/my_robot_bringup/hook/cmake_prefix_path.sh'
[3.104s] Level 1:colcon.colcon_core.environment:checking '/home/fouadroboticist/ros2_ws/install/my_robot_bringup/bin'
[3.104s] Level 1:colcon.colcon_core.environment:checking '/home/fouadroboticist/ros2_ws/install/my_robot_bringup/lib/pkgconfig/my_robot_bringup.pc'
[3.105s] Level 1:colcon.colcon_core.environment:checking '/home/fouadroboticist/ros2_ws/install/my_robot_bringup/lib/python3.10/site-packages'
[3.105s] Level 1:colcon.colcon_core.environment:checking '/home/fouadroboticist/ros2_ws/install/my_robot_bringup/bin'
[3.107s] INFO:colcon.colcon_core.shell:Creating package script '/home/fouadroboticist/ros2_ws/install/my_robot_bringup/share/my_robot_bringup/package.ps1'
[3.116s] INFO:colcon.colcon_core.shell:Creating package descriptor '/home/fouadroboticist/ros2_ws/install/my_robot_bringup/share/my_robot_bringup/package.dsv'
[3.118s] INFO:colcon.colcon_core.shell:Creating package script '/home/fouadroboticist/ros2_ws/install/my_robot_bringup/share/my_robot_bringup/package.sh'
[3.120s] INFO:colcon.colcon_core.shell:Creating package script '/home/fouadroboticist/ros2_ws/install/my_robot_bringup/share/my_robot_bringup/package.bash'
[3.122s] INFO:colcon.colcon_core.shell:Creating package script '/home/fouadroboticist/ros2_ws/install/my_robot_bringup/share/my_robot_bringup/package.zsh'
[3.133s] Level 1:colcon.colcon_core.environment:create_file_with_runtime_dependencies(/home/fouadroboticist/ros2_ws/install/my_robot_bringup/share/colcon-core/packages/my_robot_bringup)
[3.135s] DEBUG:colcon.colcon_parallel_executor.executor.parallel:closing loop
[3.136s] DEBUG:colcon.colcon_parallel_executor.executor.parallel:loop closed
[3.137s] DEBUG:colcon.colcon_parallel_executor.executor.parallel:run_until_complete finished with '0'
[3.137s] DEBUG:colcon.colcon_core.event_reactor:joining thread
[3.202s] INFO:colcon.colcon_core.plugin_system:Skipping extension 'colcon_notification.desktop_notification.terminal_notifier': Not used on non-Darwin systems
[3.202s] INFO:colcon.colcon_core.plugin_system:Skipping extension 'colcon_notification.desktop_notification.win32': Not used on non-Windows systems
[3.202s] INFO:colcon.colcon_notification.desktop_notification:Sending desktop notification using 'notify2'
[3.562s] DEBUG:colcon.colcon_core.event_reactor:joined thread
[3.564s] INFO:colcon.colcon_core.shell:Creating prefix script '/home/fouadroboticist/ros2_ws/install/local_setup.ps1'
[3.569s] INFO:colcon.colcon_core.shell:Creating prefix util module '/home/fouadroboticist/ros2_ws/install/_local_setup_util_ps1.py'
[3.575s] INFO:colcon.colcon_core.shell:Creating prefix chain script '/home/fouadroboticist/ros2_ws/install/setup.ps1'
[3.579s] INFO:colcon.colcon_core.shell:Creating prefix script '/home/fouadroboticist/ros2_ws/install/local_setup.sh'
[3.581s] INFO:colcon.colcon_core.shell:Creating prefix util module '/home/fouadroboticist/ros2_ws/install/_local_setup_util_sh.py'
[3.585s] INFO:colcon.colcon_core.shell:Creating prefix chain script '/home/fouadroboticist/ros2_ws/install/setup.sh'
[3.589s] INFO:colcon.colcon_core.shell:Creating prefix script '/home/fouadroboticist/ros2_ws/install/local_setup.bash'
[3.590s] INFO:colcon.colcon_core.shell:Creating prefix chain script '/home/fouadroboticist/ros2_ws/install/setup.bash'
[3.594s] INFO:colcon.colcon_core.shell:Creating prefix script '/home/fouadroboticist/ros2_ws/install/local_setup.zsh'
[3.596s] INFO:colcon.colcon_core.shell:Creating prefix chain script '/home/fouadroboticist/ros2_ws/install/setup.zsh'
