[4.707s] Invoking command in '/home/fouadroboticist/ros2_ws/src/tutorials_py': PYTHONPATH=/home/fouadroboticist/ros2_ws/build/tutorials_py/prefix_override:/usr/lib/python3/dist-packages/colcon_core/task/python/colcon_distutils_commands:/home/fouadroboticist/ros2_ws/install/tutorials_py/lib/python3.10/site-packages:${PYTHONPATH} /usr/bin/python3 -W ignore:setup.py install is deprecated setup.py egg_info --egg-base ../../build/tutorials_py build --build-base /home/fouadroboticist/ros2_ws/build/tutorials_py/build install --record /home/fouadroboticist/ros2_ws/build/tutorials_py/install.log --single-version-externally-managed install_data
[5.626s] running egg_info
[5.629s] writing ../../build/tutorials_py/tutorials_py.egg-info/PKG-INFO
[5.631s] writing dependency_links to ../../build/tutorials_py/tutorials_py.egg-info/dependency_links.txt
[5.632s] writing entry points to ../../build/tutorials_py/tutorials_py.egg-info/entry_points.txt
[5.632s] writing requirements to ../../build/tutorials_py/tutorials_py.egg-info/requires.txt
[5.633s] writing top-level names to ../../build/tutorials_py/tutorials_py.egg-info/top_level.txt
[5.641s] reading manifest file '../../build/tutorials_py/tutorials_py.egg-info/SOURCES.txt'
[5.647s] writing manifest file '../../build/tutorials_py/tutorials_py.egg-info/SOURCES.txt'
[5.647s] running build
[5.648s] running build_py
[5.649s] running install
[5.651s] running install_lib
[5.654s] running install_data
[5.654s] running install_egg_info
[5.663s] removing '/home/fouadroboticist/ros2_ws/install/tutorials_py/lib/python3.10/site-packages/tutorials_py-0.0.0-py3.10.egg-info' (and everything under it)
[5.665s] Copying ../../build/tutorials_py/tutorials_py.egg-info to /home/fouadroboticist/ros2_ws/install/tutorials_py/lib/python3.10/site-packages/tutorials_py-0.0.0-py3.10.egg-info
[5.671s] running install_scripts
[5.779s] Installing node1 script to /home/fouadroboticist/ros2_ws/install/tutorials_py/lib/tutorials_py
[5.780s] Installing node2 script to /home/fouadroboticist/ros2_ws/install/tutorials_py/lib/tutorials_py
[5.780s] Installing node3 script to /home/fouadroboticist/ros2_ws/install/tutorials_py/lib/tutorials_py
[5.782s] writing list of installed files to '/home/fouadroboticist/ros2_ws/build/tutorials_py/install.log'
[5.864s] Invoked command in '/home/fouadroboticist/ros2_ws/src/tutorials_py' returned '0': PYTHONPATH=/home/fouadroboticist/ros2_ws/build/tutorials_py/prefix_override:/usr/lib/python3/dist-packages/colcon_core/task/python/colcon_distutils_commands:/home/fouadroboticist/ros2_ws/install/tutorials_py/lib/python3.10/site-packages:${PYTHONPATH} /usr/bin/python3 -W ignore:setup.py install is deprecated setup.py egg_info --egg-base ../../build/tutorials_py build --build-base /home/fouadroboticist/ros2_ws/build/tutorials_py/build install --record /home/fouadroboticist/ros2_ws/build/tutorials_py/install.log --single-version-externally-managed install_data
