[5.928s] Invoking command in '/home/fouadroboticist/ros2_ws/src/tutorials_py': PYTHONPATH=/home/fouadroboticist/ros2_ws/build/tutorials_py/prefix_override:/usr/lib/python3/dist-packages/colcon_core/task/python/colcon_distutils_commands:/home/fouadroboticist/ros2_ws/install/tutorials_py/lib/python3.10/site-packages:${PYTHONPATH} /usr/bin/python3 -W ignore:setup.py install is deprecated setup.py egg_info --egg-base ../../build/tutorials_py build --build-base /home/fouadroboticist/ros2_ws/build/tutorials_py/build install --record /home/fouadroboticist/ros2_ws/build/tutorials_py/install.log --single-version-externally-managed install_data
[6.880s] running egg_info
[6.884s] writing ../../build/tutorials_py/tutorials_py.egg-info/PKG-INFO
[6.886s] writing dependency_links to ../../build/tutorials_py/tutorials_py.egg-info/dependency_links.txt
[6.886s] writing entry points to ../../build/tutorials_py/tutorials_py.egg-info/entry_points.txt
[6.887s] writing requirements to ../../build/tutorials_py/tutorials_py.egg-info/requires.txt
[6.887s] writing top-level names to ../../build/tutorials_py/tutorials_py.egg-info/top_level.txt
[6.903s] reading manifest file '../../build/tutorials_py/tutorials_py.egg-info/SOURCES.txt'
[6.906s] writing manifest file '../../build/tutorials_py/tutorials_py.egg-info/SOURCES.txt'
[6.907s] running build
[6.907s] running build_py
[6.917s] running install
[6.918s] running install_lib
[6.925s] running install_data
[6.926s] running install_egg_info
[6.930s] removing '/home/fouadroboticist/ros2_ws/install/tutorials_py/lib/python3.10/site-packages/tutorials_py-0.0.0-py3.10.egg-info' (and everything under it)
[6.936s] Copying ../../build/tutorials_py/tutorials_py.egg-info to /home/fouadroboticist/ros2_ws/install/tutorials_py/lib/python3.10/site-packages/tutorials_py-0.0.0-py3.10.egg-info
[6.942s] running install_scripts
[7.014s] Installing node1 script to /home/fouadroboticist/ros2_ws/install/tutorials_py/lib/tutorials_py
[7.016s] Installing node2 script to /home/fouadroboticist/ros2_ws/install/tutorials_py/lib/tutorials_py
[7.017s] Installing node3 script to /home/fouadroboticist/ros2_ws/install/tutorials_py/lib/tutorials_py
[7.019s] writing list of installed files to '/home/fouadroboticist/ros2_ws/build/tutorials_py/install.log'
[8.531s] Invoked command in '/home/fouadroboticist/ros2_ws/src/tutorials_py' returned '0': PYTHONPATH=/home/fouadroboticist/ros2_ws/build/tutorials_py/prefix_override:/usr/lib/python3/dist-packages/colcon_core/task/python/colcon_distutils_commands:/home/fouadroboticist/ros2_ws/install/tutorials_py/lib/python3.10/site-packages:${PYTHONPATH} /usr/bin/python3 -W ignore:setup.py install is deprecated setup.py egg_info --egg-base ../../build/tutorials_py build --build-base /home/fouadroboticist/ros2_ws/build/tutorials_py/build install --record /home/fouadroboticist/ros2_ws/build/tutorials_py/install.log --single-version-externally-managed install_data
