[0.060s] Invoking command in '/home/fouadroboticist/ros2_ws/build/my_robot_interfaces': CMAKE_PREFIX_PATH=/home/fouadroboticist/ros2_ws/install/my_robot_controller:/opt/ros/humble /usr/bin/cmake /home/fouadroboticist/ros2_ws/src/my_robot_interfaces -DCMAKE_INSTALL_PREFIX=/home/fouadroboticist/ros2_ws/install/my_robot_interfaces
[0.358s] -- Found ament_cmake: 1.3.10 (/opt/ros/humble/share/ament_cmake/cmake)
[0.871s] -- Found rosidl_default_generators: 1.2.0 (/opt/ros/humble/share/rosidl_default_generators/cmake)
[0.878s] -- Using all available rosidl_typesupport_c: rosidl_typesupport_fastrtps_c;rosidl_typesupport_introspection_c
[0.892s] -- Found rosidl_adapter: 3.1.5 (/opt/ros/humble/share/rosidl_adapter/cmake)
[1.804s] -- Using all available rosidl_typesupport_cpp: rosidl_typesupport_fastrtps_cpp;rosidl_typesupport_introspection_cpp
[3.034s] -- Found ament_cmake_ros: 0.10.0 (/opt/ros/humble/share/ament_cmake_ros/cmake)
[3.531s] -- Using all available rosidl_typesupport_c: rosidl_typesupport_fastrtps_c;rosidl_typesupport_introspection_c
[4.025s] -- Using all available rosidl_typesupport_cpp: rosidl_typesupport_fastrtps_cpp;rosidl_typesupport_introspection_cpp
[4.380s] -- Found PythonInterp: /usr/bin/python3 (found suitable version "3.10.12", minimum required is "3.6") 
[4.396s] -- Found python_cmake_module: 0.10.0 (/opt/ros/humble/share/python_cmake_module/cmake)
[5.324s] -- Found PythonLibs: /usr/lib/x86_64-linux-gnu/libpython3.10.so (found suitable version "3.10.12", minimum required is "3.5") 
[5.324s] -- Using PYTHON_EXECUTABLE: /usr/bin/python3
[5.324s] -- Using PYTHON_INCLUDE_DIRS: /usr/include/python3.10
[5.325s] -- Using PYTHON_LIBRARIES: /usr/lib/x86_64-linux-gnu/libpython3.10.so
[5.363s] -- Found PythonExtra: .so  
[5.627s] -- Configuring done
[5.909s] -- Generating done
[5.924s] -- Build files have been written to: /home/fouadroboticist/ros2_ws/build/my_robot_interfaces
[5.950s] Invoked command in '/home/fouadroboticist/ros2_ws/build/my_robot_interfaces' returned '0': CMAKE_PREFIX_PATH=/home/fouadroboticist/ros2_ws/install/my_robot_controller:/opt/ros/humble /usr/bin/cmake /home/fouadroboticist/ros2_ws/src/my_robot_interfaces -DCMAKE_INSTALL_PREFIX=/home/fouadroboticist/ros2_ws/install/my_robot_interfaces
[5.954s] Invoking command in '/home/fouadroboticist/ros2_ws/build/my_robot_interfaces': CMAKE_PREFIX_PATH=/home/fouadroboticist/ros2_ws/install/my_robot_controller:/opt/ros/humble /usr/bin/cmake --build /home/fouadroboticist/ros2_ws/build/my_robot_interfaces -- -j4 -l4
[6.049s] [  3%] [34m[1mGenerating C code for ROS interfaces[0m
[6.068s] [  6%] [34m[1mGenerating C++ code for ROS interfaces[0m
[6.099s] [  6%] Built target ament_cmake_python_copy_my_robot_interfaces
[6.767s] running egg_info
[6.769s] creating my_robot_interfaces.egg-info
[6.770s] writing my_robot_interfaces.egg-info/PKG-INFO
[6.771s] writing dependency_links to my_robot_interfaces.egg-info/dependency_links.txt
[6.773s] writing top-level names to my_robot_interfaces.egg-info/top_level.txt
[6.775s] writing manifest file 'my_robot_interfaces.egg-info/SOURCES.txt'
[6.786s] reading manifest file 'my_robot_interfaces.egg-info/SOURCES.txt'
[6.788s] writing manifest file 'my_robot_interfaces.egg-info/SOURCES.txt'
[6.846s] [  6%] Built target ament_cmake_python_build_my_robot_interfaces_egg
[7.259s] [  9%] [32mBuilding C object CMakeFiles/my_robot_interfaces__rosidl_generator_c.dir/rosidl_generator_c/my_robot_interfaces/action/detail/count_until__functions.c.o[0m
[7.287s] [  9%] Built target my_robot_interfaces__cpp
[7.313s] [ 19%] [34m[1mGenerating C++ type support for eProsima Fast-RTPS[0m
[7.313s] [ 19%] [34m[1mGenerating C++ introspection for ROS interfaces[0m
[7.314s] [ 19%] [34m[1mGenerating C++ type support dispatch for ROS interfaces[0m
[8.346s] [ 22%] [32mBuilding CXX object CMakeFiles/my_robot_interfaces__rosidl_typesupport_cpp.dir/rosidl_typesupport_cpp/my_robot_interfaces/action/count_until__type_support.cpp.o[0m
[8.383s] [ 25%] [32m[1mLinking C shared library libmy_robot_interfaces__rosidl_generator_c.so[0m
[8.576s] [ 29%] [32mBuilding CXX object CMakeFiles/my_robot_interfaces__rosidl_typesupport_introspection_cpp.dir/rosidl_typesupport_introspection_cpp/my_robot_interfaces/action/detail/count_until__type_support.cpp.o[0m
[8.792s] [ 29%] Built target my_robot_interfaces__rosidl_generator_c
[8.797s] [ 32%] [32mBuilding CXX object CMakeFiles/my_robot_interfaces__rosidl_typesupport_fastrtps_cpp.dir/rosidl_typesupport_fastrtps_cpp/my_robot_interfaces/action/detail/dds_fastrtps/count_until__type_support.cpp.o[0m
[8.814s] [ 35%] [34m[1mGenerating C type support for eProsima Fast-RTPS[0m
[14.596s] [ 38%] [32mBuilding CXX object CMakeFiles/my_robot_interfaces__rosidl_typesupport_fastrtps_c.dir/rosidl_typesupport_fastrtps_c/my_robot_interfaces/action/detail/count_until__type_support_c.cpp.o[0m
[23.041s] [ 41%] [32m[1mLinking CXX shared library libmy_robot_interfaces__rosidl_typesupport_cpp.so[0m
[23.303s] [ 45%] [32m[1mLinking CXX shared library libmy_robot_interfaces__rosidl_typesupport_introspection_cpp.so[0m
[23.421s] [ 48%] [32m[1mLinking CXX shared library libmy_robot_interfaces__rosidl_typesupport_fastrtps_cpp.so[0m
[23.964s] [ 51%] [32m[1mLinking CXX shared library libmy_robot_interfaces__rosidl_typesupport_fastrtps_c.so[0m
[24.144s] [ 51%] Built target my_robot_interfaces__rosidl_typesupport_cpp
[24.204s] [ 54%] [34m[1mGenerating C introspection for ROS interfaces[0m
[24.433s] [ 54%] Built target my_robot_interfaces__rosidl_typesupport_introspection_cpp
[24.482s] [ 54%] Built target my_robot_interfaces__rosidl_typesupport_fastrtps_cpp
[24.515s] [ 58%] [34m[1mGenerating C type support dispatch for ROS interfaces[0m
[24.859s] [ 58%] Built target my_robot_interfaces__rosidl_typesupport_fastrtps_c
[26.101s] [ 61%] [32mBuilding CXX object CMakeFiles/my_robot_interfaces__rosidl_typesupport_c.dir/rosidl_typesupport_c/my_robot_interfaces/action/count_until__type_support.cpp.o[0m
[26.207s] [ 64%] [32mBuilding C object CMakeFiles/my_robot_interfaces__rosidl_typesupport_introspection_c.dir/rosidl_typesupport_introspection_c/my_robot_interfaces/action/detail/count_until__type_support.c.o[0m
[26.268s] [ 67%] [32m[1mLinking CXX shared library libmy_robot_interfaces__rosidl_typesupport_c.so[0m
[26.364s] [ 70%] [32m[1mLinking C shared library libmy_robot_interfaces__rosidl_typesupport_introspection_c.so[0m
[26.558s] [ 70%] Built target my_robot_interfaces__rosidl_typesupport_c
[26.612s] [ 70%] Built target my_robot_interfaces__rosidl_typesupport_introspection_c
[26.645s] [ 70%] Built target my_robot_interfaces
[26.679s] [ 74%] [34m[1mGenerating Python code for ROS interfaces[0m
[28.077s] [ 74%] Built target my_robot_interfaces__py
[28.111s] [ 77%] [32mBuilding C object CMakeFiles/my_robot_interfaces__rosidl_generator_py.dir/rosidl_generator_py/my_robot_interfaces/action/_count_until_s.c.o[0m
[28.672s] [ 80%] [32m[1mLinking C shared library rosidl_generator_py/my_robot_interfaces/libmy_robot_interfaces__rosidl_generator_py.so[0m
[28.950s] [ 80%] Built target my_robot_interfaces__rosidl_generator_py
[28.997s] [ 83%] [32mBuilding C object CMakeFiles/my_robot_interfaces__rosidl_typesupport_c__pyext.dir/rosidl_generator_py/my_robot_interfaces/_my_robot_interfaces_s.ep.rosidl_typesupport_c.c.o[0m
[29.000s] [ 87%] [32mBuilding C object CMakeFiles/my_robot_interfaces__rosidl_typesupport_fastrtps_c__pyext.dir/rosidl_generator_py/my_robot_interfaces/_my_robot_interfaces_s.ep.rosidl_typesupport_fastrtps_c.c.o[0m
[29.003s] [ 90%] [32mBuilding C object CMakeFiles/my_robot_interfaces__rosidl_typesupport_introspection_c__pyext.dir/rosidl_generator_py/my_robot_interfaces/_my_robot_interfaces_s.ep.rosidl_typesupport_introspection_c.c.o[0m
[29.308s] [ 93%] [32m[1mLinking C shared library rosidl_generator_py/my_robot_interfaces/my_robot_interfaces_s__rosidl_typesupport_fastrtps_c.cpython-310-x86_64-linux-gnu.so[0m
[29.317s] [ 96%] [32m[1mLinking C shared library rosidl_generator_py/my_robot_interfaces/my_robot_interfaces_s__rosidl_typesupport_c.cpython-310-x86_64-linux-gnu.so[0m
[29.354s] [100%] [32m[1mLinking C shared library rosidl_generator_py/my_robot_interfaces/my_robot_interfaces_s__rosidl_typesupport_introspection_c.cpython-310-x86_64-linux-gnu.so[0m
[29.568s] [100%] Built target my_robot_interfaces__rosidl_typesupport_c__pyext
[29.576s] [100%] Built target my_robot_interfaces__rosidl_typesupport_fastrtps_c__pyext
[29.643s] [100%] Built target my_robot_interfaces__rosidl_typesupport_introspection_c__pyext
[29.664s] Invoked command in '/home/fouadroboticist/ros2_ws/build/my_robot_interfaces' returned '0': CMAKE_PREFIX_PATH=/home/fouadroboticist/ros2_ws/install/my_robot_controller:/opt/ros/humble /usr/bin/cmake --build /home/fouadroboticist/ros2_ws/build/my_robot_interfaces -- -j4 -l4
[29.804s] Invoking command in '/home/fouadroboticist/ros2_ws/build/my_robot_interfaces': CMAKE_PREFIX_PATH=/home/fouadroboticist/ros2_ws/install/my_robot_controller:/opt/ros/humble /usr/bin/cmake --install /home/fouadroboticist/ros2_ws/build/my_robot_interfaces
[29.821s] -- Install configuration: ""
[29.825s] -- Installing: /home/fouadroboticist/ros2_ws/install/my_robot_interfaces/share/ament_index/resource_index/rosidl_interfaces/my_robot_interfaces
[29.827s] -- Installing: /home/fouadroboticist/ros2_ws/install/my_robot_interfaces/include/my_robot_interfaces/my_robot_interfaces
[29.828s] -- Installing: /home/fouadroboticist/ros2_ws/install/my_robot_interfaces/include/my_robot_interfaces/my_robot_interfaces/msg
[29.828s] -- Installing: /home/fouadroboticist/ros2_ws/install/my_robot_interfaces/include/my_robot_interfaces/my_robot_interfaces/msg/rosidl_generator_c__visibility_control.h
[29.828s] -- Installing: /home/fouadroboticist/ros2_ws/install/my_robot_interfaces/include/my_robot_interfaces/my_robot_interfaces/action
[29.829s] -- Installing: /home/fouadroboticist/ros2_ws/install/my_robot_interfaces/include/my_robot_interfaces/my_robot_interfaces/action/count_until.h
[29.830s] -- Installing: /home/fouadroboticist/ros2_ws/install/my_robot_interfaces/include/my_robot_interfaces/my_robot_interfaces/action/detail
[29.831s] -- Installing: /home/fouadroboticist/ros2_ws/install/my_robot_interfaces/include/my_robot_interfaces/my_robot_interfaces/action/detail/count_until__type_support.h
[29.831s] -- Installing: /home/fouadroboticist/ros2_ws/install/my_robot_interfaces/include/my_robot_interfaces/my_robot_interfaces/action/detail/count_until__functions.h
[29.831s] -- Installing: /home/fouadroboticist/ros2_ws/install/my_robot_interfaces/include/my_robot_interfaces/my_robot_interfaces/action/detail/count_until__functions.c
[29.832s] -- Installing: /home/fouadroboticist/ros2_ws/install/my_robot_interfaces/include/my_robot_interfaces/my_robot_interfaces/action/detail/count_until__struct.h
[29.833s] -- Installing: /home/fouadroboticist/ros2_ws/install/my_robot_interfaces/share/my_robot_interfaces/environment/library_path.sh
[29.834s] -- Installing: /home/fouadroboticist/ros2_ws/install/my_robot_interfaces/share/my_robot_interfaces/environment/library_path.dsv
[29.834s] -- Installing: /home/fouadroboticist/ros2_ws/install/my_robot_interfaces/lib/libmy_robot_interfaces__rosidl_generator_c.so
[29.837s] -- Set runtime path of "/home/fouadroboticist/ros2_ws/install/my_robot_interfaces/lib/libmy_robot_interfaces__rosidl_generator_c.so" to ""
[29.837s] -- Up-to-date: /home/fouadroboticist/ros2_ws/install/my_robot_interfaces/include/my_robot_interfaces/my_robot_interfaces
[29.837s] -- Up-to-date: /home/fouadroboticist/ros2_ws/install/my_robot_interfaces/include/my_robot_interfaces/my_robot_interfaces/msg
[29.838s] -- Installing: /home/fouadroboticist/ros2_ws/install/my_robot_interfaces/include/my_robot_interfaces/my_robot_interfaces/msg/rosidl_typesupport_fastrtps_c__visibility_control.h
[29.838s] -- Up-to-date: /home/fouadroboticist/ros2_ws/install/my_robot_interfaces/include/my_robot_interfaces/my_robot_interfaces/action
[29.838s] -- Up-to-date: /home/fouadroboticist/ros2_ws/install/my_robot_interfaces/include/my_robot_interfaces/my_robot_interfaces/action/detail
[29.838s] -- Installing: /home/fouadroboticist/ros2_ws/install/my_robot_interfaces/include/my_robot_interfaces/my_robot_interfaces/action/detail/count_until__rosidl_typesupport_fastrtps_c.h
[29.838s] -- Installing: /home/fouadroboticist/ros2_ws/install/my_robot_interfaces/lib/libmy_robot_interfaces__rosidl_typesupport_fastrtps_c.so
[29.839s] -- Set runtime path of "/home/fouadroboticist/ros2_ws/install/my_robot_interfaces/lib/libmy_robot_interfaces__rosidl_typesupport_fastrtps_c.so" to ""
[29.840s] -- Up-to-date: /home/fouadroboticist/ros2_ws/install/my_robot_interfaces/include/my_robot_interfaces/my_robot_interfaces
[29.840s] -- Up-to-date: /home/fouadroboticist/ros2_ws/install/my_robot_interfaces/include/my_robot_interfaces/my_robot_interfaces/msg
[29.841s] -- Installing: /home/fouadroboticist/ros2_ws/install/my_robot_interfaces/include/my_robot_interfaces/my_robot_interfaces/msg/rosidl_typesupport_introspection_c__visibility_control.h
[29.841s] -- Up-to-date: /home/fouadroboticist/ros2_ws/install/my_robot_interfaces/include/my_robot_interfaces/my_robot_interfaces/action
[29.841s] -- Up-to-date: /home/fouadroboticist/ros2_ws/install/my_robot_interfaces/include/my_robot_interfaces/my_robot_interfaces/action/detail
[29.842s] -- Installing: /home/fouadroboticist/ros2_ws/install/my_robot_interfaces/include/my_robot_interfaces/my_robot_interfaces/action/detail/count_until__rosidl_typesupport_introspection_c.h
[29.843s] -- Installing: /home/fouadroboticist/ros2_ws/install/my_robot_interfaces/include/my_robot_interfaces/my_robot_interfaces/action/detail/count_until__type_support.c
[29.843s] -- Installing: /home/fouadroboticist/ros2_ws/install/my_robot_interfaces/lib/libmy_robot_interfaces__rosidl_typesupport_introspection_c.so
[29.843s] -- Set runtime path of "/home/fouadroboticist/ros2_ws/install/my_robot_interfaces/lib/libmy_robot_interfaces__rosidl_typesupport_introspection_c.so" to ""
[29.843s] -- Installing: /home/fouadroboticist/ros2_ws/install/my_robot_interfaces/lib/libmy_robot_interfaces__rosidl_typesupport_c.so
[29.844s] -- Set runtime path of "/home/fouadroboticist/ros2_ws/install/my_robot_interfaces/lib/libmy_robot_interfaces__rosidl_typesupport_c.so" to ""
[29.845s] -- Up-to-date: /home/fouadroboticist/ros2_ws/install/my_robot_interfaces/include/my_robot_interfaces/my_robot_interfaces
[29.845s] -- Up-to-date: /home/fouadroboticist/ros2_ws/install/my_robot_interfaces/include/my_robot_interfaces/my_robot_interfaces/action
[29.846s] -- Installing: /home/fouadroboticist/ros2_ws/install/my_robot_interfaces/include/my_robot_interfaces/my_robot_interfaces/action/count_until.hpp
[29.846s] -- Up-to-date: /home/fouadroboticist/ros2_ws/install/my_robot_interfaces/include/my_robot_interfaces/my_robot_interfaces/action/detail
[29.847s] -- Installing: /home/fouadroboticist/ros2_ws/install/my_robot_interfaces/include/my_robot_interfaces/my_robot_interfaces/action/detail/count_until__struct.hpp
[29.847s] -- Installing: /home/fouadroboticist/ros2_ws/install/my_robot_interfaces/include/my_robot_interfaces/my_robot_interfaces/action/detail/count_until__traits.hpp
[29.848s] -- Installing: /home/fouadroboticist/ros2_ws/install/my_robot_interfaces/include/my_robot_interfaces/my_robot_interfaces/action/detail/count_until__builder.hpp
[29.848s] -- Up-to-date: /home/fouadroboticist/ros2_ws/install/my_robot_interfaces/include/my_robot_interfaces/my_robot_interfaces
[29.848s] -- Up-to-date: /home/fouadroboticist/ros2_ws/install/my_robot_interfaces/include/my_robot_interfaces/my_robot_interfaces/msg
[29.848s] -- Installing: /home/fouadroboticist/ros2_ws/install/my_robot_interfaces/include/my_robot_interfaces/my_robot_interfaces/msg/rosidl_typesupport_fastrtps_cpp__visibility_control.h
[29.848s] -- Up-to-date: /home/fouadroboticist/ros2_ws/install/my_robot_interfaces/include/my_robot_interfaces/my_robot_interfaces/action
[29.849s] -- Up-to-date: /home/fouadroboticist/ros2_ws/install/my_robot_interfaces/include/my_robot_interfaces/my_robot_interfaces/action/detail
[29.849s] -- Installing: /home/fouadroboticist/ros2_ws/install/my_robot_interfaces/include/my_robot_interfaces/my_robot_interfaces/action/detail/count_until__rosidl_typesupport_fastrtps_cpp.hpp
[29.849s] -- Installing: /home/fouadroboticist/ros2_ws/install/my_robot_interfaces/include/my_robot_interfaces/my_robot_interfaces/action/detail/dds_fastrtps
[29.849s] -- Installing: /home/fouadroboticist/ros2_ws/install/my_robot_interfaces/lib/libmy_robot_interfaces__rosidl_typesupport_fastrtps_cpp.so
[29.850s] -- Set runtime path of "/home/fouadroboticist/ros2_ws/install/my_robot_interfaces/lib/libmy_robot_interfaces__rosidl_typesupport_fastrtps_cpp.so" to ""
[29.851s] -- Up-to-date: /home/fouadroboticist/ros2_ws/install/my_robot_interfaces/include/my_robot_interfaces/my_robot_interfaces
[29.851s] -- Up-to-date: /home/fouadroboticist/ros2_ws/install/my_robot_interfaces/include/my_robot_interfaces/my_robot_interfaces/action
[29.851s] -- Up-to-date: /home/fouadroboticist/ros2_ws/install/my_robot_interfaces/include/my_robot_interfaces/my_robot_interfaces/action/detail
[29.851s] -- Installing: /home/fouadroboticist/ros2_ws/install/my_robot_interfaces/include/my_robot_interfaces/my_robot_interfaces/action/detail/count_until__rosidl_typesupport_introspection_cpp.hpp
[29.852s] -- Installing: /home/fouadroboticist/ros2_ws/install/my_robot_interfaces/include/my_robot_interfaces/my_robot_interfaces/action/detail/count_until__type_support.cpp
[29.852s] -- Installing: /home/fouadroboticist/ros2_ws/install/my_robot_interfaces/lib/libmy_robot_interfaces__rosidl_typesupport_introspection_cpp.so
[29.853s] -- Set runtime path of "/home/fouadroboticist/ros2_ws/install/my_robot_interfaces/lib/libmy_robot_interfaces__rosidl_typesupport_introspection_cpp.so" to ""
[29.854s] -- Installing: /home/fouadroboticist/ros2_ws/install/my_robot_interfaces/lib/libmy_robot_interfaces__rosidl_typesupport_cpp.so
[29.856s] -- Set runtime path of "/home/fouadroboticist/ros2_ws/install/my_robot_interfaces/lib/libmy_robot_interfaces__rosidl_typesupport_cpp.so" to ""
[29.856s] -- Installing: /home/fouadroboticist/ros2_ws/install/my_robot_interfaces/share/my_robot_interfaces/environment/pythonpath.sh
[29.857s] -- Installing: /home/fouadroboticist/ros2_ws/install/my_robot_interfaces/share/my_robot_interfaces/environment/pythonpath.dsv
[29.857s] -- Installing: /home/fouadroboticist/ros2_ws/install/my_robot_interfaces/local/lib/python3.10/dist-packages/my_robot_interfaces-0.0.0-py3.10.egg-info
[29.859s] -- Installing: /home/fouadroboticist/ros2_ws/install/my_robot_interfaces/local/lib/python3.10/dist-packages/my_robot_interfaces-0.0.0-py3.10.egg-info/SOURCES.txt
[29.859s] -- Installing: /home/fouadroboticist/ros2_ws/install/my_robot_interfaces/local/lib/python3.10/dist-packages/my_robot_interfaces-0.0.0-py3.10.egg-info/dependency_links.txt
[29.860s] -- Installing: /home/fouadroboticist/ros2_ws/install/my_robot_interfaces/local/lib/python3.10/dist-packages/my_robot_interfaces-0.0.0-py3.10.egg-info/top_level.txt
[29.860s] -- Installing: /home/fouadroboticist/ros2_ws/install/my_robot_interfaces/local/lib/python3.10/dist-packages/my_robot_interfaces-0.0.0-py3.10.egg-info/PKG-INFO
[29.860s] -- Installing: /home/fouadroboticist/ros2_ws/install/my_robot_interfaces/local/lib/python3.10/dist-packages/my_robot_interfaces
[29.861s] -- Installing: /home/fouadroboticist/ros2_ws/install/my_robot_interfaces/local/lib/python3.10/dist-packages/my_robot_interfaces/my_robot_interfaces_s__rosidl_typesupport_fastrtps_c.cpython-310-x86_64-linux-gnu.so
[29.862s] -- Installing: /home/fouadroboticist/ros2_ws/install/my_robot_interfaces/local/lib/python3.10/dist-packages/my_robot_interfaces/my_robot_interfaces_s__rosidl_typesupport_c.cpython-310-x86_64-linux-gnu.so
[29.863s] -- Installing: /home/fouadroboticist/ros2_ws/install/my_robot_interfaces/local/lib/python3.10/dist-packages/my_robot_interfaces/_my_robot_interfaces_s.ep.rosidl_typesupport_introspection_c.c
[29.863s] -- Installing: /home/fouadroboticist/ros2_ws/install/my_robot_interfaces/local/lib/python3.10/dist-packages/my_robot_interfaces/libmy_robot_interfaces__rosidl_generator_py.so
[29.864s] -- Installing: /home/fouadroboticist/ros2_ws/install/my_robot_interfaces/local/lib/python3.10/dist-packages/my_robot_interfaces/__init__.py
[29.864s] -- Installing: /home/fouadroboticist/ros2_ws/install/my_robot_interfaces/local/lib/python3.10/dist-packages/my_robot_interfaces/action
[29.865s] -- Installing: /home/fouadroboticist/ros2_ws/install/my_robot_interfaces/local/lib/python3.10/dist-packages/my_robot_interfaces/action/__init__.py
[29.865s] -- Installing: /home/fouadroboticist/ros2_ws/install/my_robot_interfaces/local/lib/python3.10/dist-packages/my_robot_interfaces/action/_count_until.py
[29.866s] -- Installing: /home/fouadroboticist/ros2_ws/install/my_robot_interfaces/local/lib/python3.10/dist-packages/my_robot_interfaces/action/_count_until_s.c
[29.866s] -- Installing: /home/fouadroboticist/ros2_ws/install/my_robot_interfaces/local/lib/python3.10/dist-packages/my_robot_interfaces/_my_robot_interfaces_s.ep.rosidl_typesupport_c.c
[29.867s] -- Installing: /home/fouadroboticist/ros2_ws/install/my_robot_interfaces/local/lib/python3.10/dist-packages/my_robot_interfaces/_my_robot_interfaces_s.ep.rosidl_typesupport_fastrtps_c.c
[29.868s] -- Installing: /home/fouadroboticist/ros2_ws/install/my_robot_interfaces/local/lib/python3.10/dist-packages/my_robot_interfaces/my_robot_interfaces_s__rosidl_typesupport_introspection_c.cpython-310-x86_64-linux-gnu.so
[29.956s] Listing '/home/fouadroboticist/ros2_ws/install/my_robot_interfaces/local/lib/python3.10/dist-packages/my_robot_interfaces'...
[29.956s] Compiling '/home/fouadroboticist/ros2_ws/install/my_robot_interfaces/local/lib/python3.10/dist-packages/my_robot_interfaces/__init__.py'...
[29.956s] Listing '/home/fouadroboticist/ros2_ws/install/my_robot_interfaces/local/lib/python3.10/dist-packages/my_robot_interfaces/action'...
[29.956s] Compiling '/home/fouadroboticist/ros2_ws/install/my_robot_interfaces/local/lib/python3.10/dist-packages/my_robot_interfaces/action/__init__.py'...
[29.956s] Compiling '/home/fouadroboticist/ros2_ws/install/my_robot_interfaces/local/lib/python3.10/dist-packages/my_robot_interfaces/action/_count_until.py'...
[29.964s] -- Installing: /home/fouadroboticist/ros2_ws/install/my_robot_interfaces/local/lib/python3.10/dist-packages/my_robot_interfaces/my_robot_interfaces_s__rosidl_typesupport_fastrtps_c.cpython-310-x86_64-linux-gnu.so
[29.965s] -- Set runtime path of "/home/fouadroboticist/ros2_ws/install/my_robot_interfaces/local/lib/python3.10/dist-packages/my_robot_interfaces/my_robot_interfaces_s__rosidl_typesupport_fastrtps_c.cpython-310-x86_64-linux-gnu.so" to ""
[29.966s] -- Installing: /home/fouadroboticist/ros2_ws/install/my_robot_interfaces/local/lib/python3.10/dist-packages/my_robot_interfaces/my_robot_interfaces_s__rosidl_typesupport_introspection_c.cpython-310-x86_64-linux-gnu.so
[29.967s] -- Set runtime path of "/home/fouadroboticist/ros2_ws/install/my_robot_interfaces/local/lib/python3.10/dist-packages/my_robot_interfaces/my_robot_interfaces_s__rosidl_typesupport_introspection_c.cpython-310-x86_64-linux-gnu.so" to ""
[29.967s] -- Installing: /home/fouadroboticist/ros2_ws/install/my_robot_interfaces/local/lib/python3.10/dist-packages/my_robot_interfaces/my_robot_interfaces_s__rosidl_typesupport_c.cpython-310-x86_64-linux-gnu.so
[29.968s] -- Set runtime path of "/home/fouadroboticist/ros2_ws/install/my_robot_interfaces/local/lib/python3.10/dist-packages/my_robot_interfaces/my_robot_interfaces_s__rosidl_typesupport_c.cpython-310-x86_64-linux-gnu.so" to ""
[29.969s] -- Installing: /home/fouadroboticist/ros2_ws/install/my_robot_interfaces/lib/libmy_robot_interfaces__rosidl_generator_py.so
[29.970s] -- Set runtime path of "/home/fouadroboticist/ros2_ws/install/my_robot_interfaces/lib/libmy_robot_interfaces__rosidl_generator_py.so" to ""
[29.970s] -- Installing: /home/fouadroboticist/ros2_ws/install/my_robot_interfaces/share/my_robot_interfaces/action/CountUntil.idl
[29.971s] -- Installing: /home/fouadroboticist/ros2_ws/install/my_robot_interfaces/share/my_robot_interfaces/action/CountUntil.action
[29.971s] -- Installing: /home/fouadroboticist/ros2_ws/install/my_robot_interfaces/share/ament_index/resource_index/package_run_dependencies/my_robot_interfaces
[29.973s] -- Installing: /home/fouadroboticist/ros2_ws/install/my_robot_interfaces/share/ament_index/resource_index/parent_prefix_path/my_robot_interfaces
[29.973s] -- Installing: /home/fouadroboticist/ros2_ws/install/my_robot_interfaces/share/my_robot_interfaces/environment/ament_prefix_path.sh
[29.974s] -- Installing: /home/fouadroboticist/ros2_ws/install/my_robot_interfaces/share/my_robot_interfaces/environment/ament_prefix_path.dsv
[29.974s] -- Installing: /home/fouadroboticist/ros2_ws/install/my_robot_interfaces/share/my_robot_interfaces/environment/path.sh
[29.975s] -- Installing: /home/fouadroboticist/ros2_ws/install/my_robot_interfaces/share/my_robot_interfaces/environment/path.dsv
[29.976s] -- Installing: /home/fouadroboticist/ros2_ws/install/my_robot_interfaces/share/my_robot_interfaces/local_setup.bash
[29.977s] -- Installing: /home/fouadroboticist/ros2_ws/install/my_robot_interfaces/share/my_robot_interfaces/local_setup.sh
[29.977s] -- Installing: /home/fouadroboticist/ros2_ws/install/my_robot_interfaces/share/my_robot_interfaces/local_setup.zsh
[29.978s] -- Installing: /home/fouadroboticist/ros2_ws/install/my_robot_interfaces/share/my_robot_interfaces/local_setup.dsv
[29.978s] -- Installing: /home/fouadroboticist/ros2_ws/install/my_robot_interfaces/share/my_robot_interfaces/package.dsv
[29.978s] -- Installing: /home/fouadroboticist/ros2_ws/install/my_robot_interfaces/share/ament_index/resource_index/packages/my_robot_interfaces
[29.981s] -- Installing: /home/fouadroboticist/ros2_ws/install/my_robot_interfaces/share/my_robot_interfaces/cmake/export_my_robot_interfaces__rosidl_generator_cExport.cmake
[29.982s] -- Installing: /home/fouadroboticist/ros2_ws/install/my_robot_interfaces/share/my_robot_interfaces/cmake/export_my_robot_interfaces__rosidl_generator_cExport-noconfig.cmake
[29.982s] -- Installing: /home/fouadroboticist/ros2_ws/install/my_robot_interfaces/share/my_robot_interfaces/cmake/export_my_robot_interfaces__rosidl_typesupport_fastrtps_cExport.cmake
[29.984s] -- Installing: /home/fouadroboticist/ros2_ws/install/my_robot_interfaces/share/my_robot_interfaces/cmake/export_my_robot_interfaces__rosidl_typesupport_fastrtps_cExport-noconfig.cmake
[29.984s] -- Installing: /home/fouadroboticist/ros2_ws/install/my_robot_interfaces/share/my_robot_interfaces/cmake/my_robot_interfaces__rosidl_typesupport_introspection_cExport.cmake
[29.985s] -- Installing: /home/fouadroboticist/ros2_ws/install/my_robot_interfaces/share/my_robot_interfaces/cmake/my_robot_interfaces__rosidl_typesupport_introspection_cExport-noconfig.cmake
[29.985s] -- Installing: /home/fouadroboticist/ros2_ws/install/my_robot_interfaces/share/my_robot_interfaces/cmake/my_robot_interfaces__rosidl_typesupport_cExport.cmake
[29.986s] -- Installing: /home/fouadroboticist/ros2_ws/install/my_robot_interfaces/share/my_robot_interfaces/cmake/my_robot_interfaces__rosidl_typesupport_cExport-noconfig.cmake
[29.986s] -- Installing: /home/fouadroboticist/ros2_ws/install/my_robot_interfaces/share/my_robot_interfaces/cmake/export_my_robot_interfaces__rosidl_generator_cppExport.cmake
[29.987s] -- Installing: /home/fouadroboticist/ros2_ws/install/my_robot_interfaces/share/my_robot_interfaces/cmake/export_my_robot_interfaces__rosidl_typesupport_fastrtps_cppExport.cmake
[29.987s] -- Installing: /home/fouadroboticist/ros2_ws/install/my_robot_interfaces/share/my_robot_interfaces/cmake/export_my_robot_interfaces__rosidl_typesupport_fastrtps_cppExport-noconfig.cmake
[29.988s] -- Installing: /home/fouadroboticist/ros2_ws/install/my_robot_interfaces/share/my_robot_interfaces/cmake/my_robot_interfaces__rosidl_typesupport_introspection_cppExport.cmake
[29.988s] -- Installing: /home/fouadroboticist/ros2_ws/install/my_robot_interfaces/share/my_robot_interfaces/cmake/my_robot_interfaces__rosidl_typesupport_introspection_cppExport-noconfig.cmake
[29.989s] -- Installing: /home/fouadroboticist/ros2_ws/install/my_robot_interfaces/share/my_robot_interfaces/cmake/my_robot_interfaces__rosidl_typesupport_cppExport.cmake
[29.990s] -- Installing: /home/fouadroboticist/ros2_ws/install/my_robot_interfaces/share/my_robot_interfaces/cmake/my_robot_interfaces__rosidl_typesupport_cppExport-noconfig.cmake
[29.990s] -- Installing: /home/fouadroboticist/ros2_ws/install/my_robot_interfaces/share/my_robot_interfaces/cmake/export_my_robot_interfaces__rosidl_generator_pyExport.cmake
[29.991s] -- Installing: /home/fouadroboticist/ros2_ws/install/my_robot_interfaces/share/my_robot_interfaces/cmake/export_my_robot_interfaces__rosidl_generator_pyExport-noconfig.cmake
[29.991s] -- Installing: /home/fouadroboticist/ros2_ws/install/my_robot_interfaces/share/my_robot_interfaces/cmake/rosidl_cmake-extras.cmake
[29.991s] -- Installing: /home/fouadroboticist/ros2_ws/install/my_robot_interfaces/share/my_robot_interfaces/cmake/ament_cmake_export_dependencies-extras.cmake
[29.992s] -- Installing: /home/fouadroboticist/ros2_ws/install/my_robot_interfaces/share/my_robot_interfaces/cmake/ament_cmake_export_include_directories-extras.cmake
[29.992s] -- Installing: /home/fouadroboticist/ros2_ws/install/my_robot_interfaces/share/my_robot_interfaces/cmake/ament_cmake_export_libraries-extras.cmake
[29.993s] -- Installing: /home/fouadroboticist/ros2_ws/install/my_robot_interfaces/share/my_robot_interfaces/cmake/ament_cmake_export_targets-extras.cmake
[29.993s] -- Installing: /home/fouadroboticist/ros2_ws/install/my_robot_interfaces/share/my_robot_interfaces/cmake/rosidl_cmake_export_typesupport_targets-extras.cmake
[29.994s] -- Installing: /home/fouadroboticist/ros2_ws/install/my_robot_interfaces/share/my_robot_interfaces/cmake/rosidl_cmake_export_typesupport_libraries-extras.cmake
[29.994s] -- Installing: /home/fouadroboticist/ros2_ws/install/my_robot_interfaces/share/my_robot_interfaces/cmake/my_robot_interfacesConfig.cmake
[29.995s] -- Installing: /home/fouadroboticist/ros2_ws/install/my_robot_interfaces/share/my_robot_interfaces/cmake/my_robot_interfacesConfig-version.cmake
[29.995s] -- Installing: /home/fouadroboticist/ros2_ws/install/my_robot_interfaces/share/my_robot_interfaces/package.xml
[30.000s] Invoked command in '/home/fouadroboticist/ros2_ws/build/my_robot_interfaces' returned '0': CMAKE_PREFIX_PATH=/home/fouadroboticist/ros2_ws/install/my_robot_controller:/opt/ros/humble /usr/bin/cmake --install /home/fouadroboticist/ros2_ws/build/my_robot_interfaces
