[0.106s] Invoking command in '/home/fouadroboticist/ros2_ws/build/fpga-interface': CMAKE_PREFIX_PATH=${CMAKE_PREFIX_PATH}:/home/fouadroboticist/ros2_ws/install/tutorials_py:/home/fouadroboticist/ros2_ws/install/my_robot_controller:/home/fouadroboticist/ros2_ws/install/actions_py:/opt/ros/humble /usr/bin/cmake --build /home/fouadroboticist/ros2_ws/build/fpga-interface -- -j4 -l4
[0.245s] Invoked command in '/home/fouadroboticist/ros2_ws/build/fpga-interface' returned '0': CMAKE_PREFIX_PATH=${CMAKE_PREFIX_PATH}:/home/fouadroboticist/ros2_ws/install/tutorials_py:/home/fouadroboticist/ros2_ws/install/my_robot_controller:/home/fouadroboticist/ros2_ws/install/actions_py:/opt/ros/humble /usr/bin/cmake --build /home/fouadroboticist/ros2_ws/build/fpga-interface -- -j4 -l4
[0.440s] Invoking command in '/home/fouadroboticist/ros2_ws/build/fpga-interface': CMAKE_PREFIX_PATH=${CMAKE_PREFIX_PATH}:/home/fouadroboticist/ros2_ws/install/tutorials_py:/home/fouadroboticist/ros2_ws/install/my_robot_controller:/home/fouadroboticist/ros2_ws/install/actions_py:/opt/ros/humble /usr/bin/cmake --install /home/fouadroboticist/ros2_ws/build/fpga-interface
[0.485s] -- Install configuration: ""
[0.486s] -- Up-to-date: /home/fouadroboticist/ros2_ws/install/fpga-interface/share/fpga-interface/config
[0.488s] -- Up-to-date: /home/fouadroboticist/ros2_ws/install/fpga-interface/share/fpga-interface/config/fpga_config.xml
[0.489s] -- Installing: /home/fouadroboticist/ros2_ws/install/fpga-interface/lib/fpga-interface/fpga_interface_node.py
[0.501s] -- Installing: /home/fouadroboticist/ros2_ws/install/fpga-interface/share/ament_index/resource_index/package_run_dependencies/fpga-interface
[0.509s] -- Installing: /home/fouadroboticist/ros2_ws/install/fpga-interface/share/ament_index/resource_index/parent_prefix_path/fpga-interface
[0.513s] -- Installing: /home/fouadroboticist/ros2_ws/install/fpga-interface/share/fpga-interface/environment/ament_prefix_path.sh
[0.519s] -- Installing: /home/fouadroboticist/ros2_ws/install/fpga-interface/share/fpga-interface/environment/ament_prefix_path.dsv
[0.528s] -- Installing: /home/fouadroboticist/ros2_ws/install/fpga-interface/share/fpga-interface/environment/path.sh
[0.534s] -- Installing: /home/fouadroboticist/ros2_ws/install/fpga-interface/share/fpga-interface/environment/path.dsv
[0.537s] -- Installing: /home/fouadroboticist/ros2_ws/install/fpga-interface/share/fpga-interface/local_setup.bash
[0.542s] -- Installing: /home/fouadroboticist/ros2_ws/install/fpga-interface/share/fpga-interface/local_setup.sh
[0.546s] -- Installing: /home/fouadroboticist/ros2_ws/install/fpga-interface/share/fpga-interface/local_setup.zsh
[0.555s] -- Installing: /home/fouadroboticist/ros2_ws/install/fpga-interface/share/fpga-interface/local_setup.dsv
[0.556s] -- Installing: /home/fouadroboticist/ros2_ws/install/fpga-interface/share/fpga-interface/package.dsv
[0.559s] -- Installing: /home/fouadroboticist/ros2_ws/install/fpga-interface/share/ament_index/resource_index/packages/fpga-interface
[0.561s] -- Installing: /home/fouadroboticist/ros2_ws/install/fpga-interface/share/fpga-interface/cmake/fpga-interfaceConfig.cmake
[0.569s] -- Installing: /home/fouadroboticist/ros2_ws/install/fpga-interface/share/fpga-interface/cmake/fpga-interfaceConfig-version.cmake
[0.571s] -- Installing: /home/fouadroboticist/ros2_ws/install/fpga-interface/share/fpga-interface/package.xml
[0.580s] Invoked command in '/home/fouadroboticist/ros2_ws/build/fpga-interface' returned '0': CMAKE_PREFIX_PATH=${CMAKE_PREFIX_PATH}:/home/fouadroboticist/ros2_ws/install/tutorials_py:/home/fouadroboticist/ros2_ws/install/my_robot_controller:/home/fouadroboticist/ros2_ws/install/actions_py:/opt/ros/humble /usr/bin/cmake --install /home/fouadroboticist/ros2_ws/build/fpga-interface
