[0.067s] Invoking command in '/home/fouadroboticist/ros2_ws/src/build/my_robot_bringup': CMAKE_PREFIX_PATH=${CMAKE_PREFIX_PATH}:/home/fouadroboticist/ros2_ws/install/actions_py:/home/fouadroboticist/ros2_ws/install/my_robot_controller:/opt/ros/humble /usr/bin/cmake /home/fouadroboticist/ros2_ws/src/my_robot_bringup -DCMAKE_INSTALL_PREFIX=/home/fouadroboticist/ros2_ws/src/install/my_robot_bringup
[2.995s] -- The C compiler identification is GNU 11.4.0
[5.410s] -- The CXX compiler identification is GNU 11.4.0
[6.507s] -- Detecting C compiler ABI info
[7.221s] -- Detecting C compiler ABI info - done
[7.242s] -- Check for working C compiler: /usr/bin/cc - skipped
[7.247s] -- Detecting C compile features
[7.253s] -- Detecting C compile features - done
[7.269s] -- Detecting CXX compiler ABI info
[8.146s] -- Detecting CXX compiler ABI info - done
[8.163s] -- Check for working CXX compiler: /usr/bin/c++ - skipped
[8.164s] -- Detecting CXX compile features
[8.166s] -- Detecting CXX compile features - done
[8.263s] -- Found ament_cmake: 1.3.10 (/opt/ros/humble/share/ament_cmake/cmake)
[9.039s] -- Found Python3: /usr/bin/python3 (found version "3.10.12") found components: Interpreter 
[9.603s] -- Configuring done
[9.651s] -- Generating done
[9.656s] -- Build files have been written to: /home/fouadroboticist/ros2_ws/src/build/my_robot_bringup
[9.675s] Invoked command in '/home/fouadroboticist/ros2_ws/src/build/my_robot_bringup' returned '0': CMAKE_PREFIX_PATH=${CMAKE_PREFIX_PATH}:/home/fouadroboticist/ros2_ws/install/actions_py:/home/fouadroboticist/ros2_ws/install/my_robot_controller:/opt/ros/humble /usr/bin/cmake /home/fouadroboticist/ros2_ws/src/my_robot_bringup -DCMAKE_INSTALL_PREFIX=/home/fouadroboticist/ros2_ws/src/install/my_robot_bringup
[9.685s] Invoking command in '/home/fouadroboticist/ros2_ws/src/build/my_robot_bringup': CMAKE_PREFIX_PATH=${CMAKE_PREFIX_PATH}:/home/fouadroboticist/ros2_ws/install/actions_py:/home/fouadroboticist/ros2_ws/install/my_robot_controller:/opt/ros/humble /usr/bin/cmake --build /home/fouadroboticist/ros2_ws/src/build/my_robot_bringup -- -j4 -l4
[9.810s] Invoked command in '/home/fouadroboticist/ros2_ws/src/build/my_robot_bringup' returned '0': CMAKE_PREFIX_PATH=${CMAKE_PREFIX_PATH}:/home/fouadroboticist/ros2_ws/install/actions_py:/home/fouadroboticist/ros2_ws/install/my_robot_controller:/opt/ros/humble /usr/bin/cmake --build /home/fouadroboticist/ros2_ws/src/build/my_robot_bringup -- -j4 -l4
[9.919s] Invoking command in '/home/fouadroboticist/ros2_ws/src/build/my_robot_bringup': CMAKE_PREFIX_PATH=${CMAKE_PREFIX_PATH}:/home/fouadroboticist/ros2_ws/install/actions_py:/home/fouadroboticist/ros2_ws/install/my_robot_controller:/opt/ros/humble /usr/bin/cmake --install /home/fouadroboticist/ros2_ws/src/build/my_robot_bringup
[9.951s] -- Install configuration: ""
[9.952s] -- Installing: /home/fouadroboticist/ros2_ws/src/install/my_robot_bringup/share/my_robot_bringup/launch
[9.954s] -- Installing: /home/fouadroboticist/ros2_ws/src/install/my_robot_bringup/share/my_robot_bringup/launch/demo.launch.yaml
[9.956s] -- Installing: /home/fouadroboticist/ros2_ws/src/install/my_robot_bringup/share/my_robot_bringup/launch/demo.launch.xml
[9.962s] -- Installing: /home/fouadroboticist/ros2_ws/src/install/my_robot_bringup/share/my_robot_bringup/launch/demo.launch.py
[9.966s] -- Installing: /home/fouadroboticist/ros2_ws/src/install/my_robot_bringup/share/ament_index/resource_index/package_run_dependencies/my_robot_bringup
[9.967s] -- Installing: /home/fouadroboticist/ros2_ws/src/install/my_robot_bringup/share/ament_index/resource_index/parent_prefix_path/my_robot_bringup
[9.969s] -- Installing: /home/fouadroboticist/ros2_ws/src/install/my_robot_bringup/share/my_robot_bringup/environment/ament_prefix_path.sh
[9.971s] -- Installing: /home/fouadroboticist/ros2_ws/src/install/my_robot_bringup/share/my_robot_bringup/environment/ament_prefix_path.dsv
[9.973s] -- Installing: /home/fouadroboticist/ros2_ws/src/install/my_robot_bringup/share/my_robot_bringup/environment/path.sh
[9.975s] -- Installing: /home/fouadroboticist/ros2_ws/src/install/my_robot_bringup/share/my_robot_bringup/environment/path.dsv
[9.975s] -- Installing: /home/fouadroboticist/ros2_ws/src/install/my_robot_bringup/share/my_robot_bringup/local_setup.bash
[9.976s] -- Installing: /home/fouadroboticist/ros2_ws/src/install/my_robot_bringup/share/my_robot_bringup/local_setup.sh
[9.977s] -- Installing: /home/fouadroboticist/ros2_ws/src/install/my_robot_bringup/share/my_robot_bringup/local_setup.zsh
[9.982s] -- Installing: /home/fouadroboticist/ros2_ws/src/install/my_robot_bringup/share/my_robot_bringup/local_setup.dsv
[9.983s] -- Installing: /home/fouadroboticist/ros2_ws/src/install/my_robot_bringup/share/my_robot_bringup/package.dsv
[9.986s] -- Installing: /home/fouadroboticist/ros2_ws/src/install/my_robot_bringup/share/ament_index/resource_index/packages/my_robot_bringup
[9.989s] -- Installing: /home/fouadroboticist/ros2_ws/src/install/my_robot_bringup/share/my_robot_bringup/cmake/my_robot_bringupConfig.cmake
[9.989s] -- Installing: /home/fouadroboticist/ros2_ws/src/install/my_robot_bringup/share/my_robot_bringup/cmake/my_robot_bringupConfig-version.cmake
[9.990s] -- Installing: /home/fouadroboticist/ros2_ws/src/install/my_robot_bringup/share/my_robot_bringup/package.xml
[9.995s] Invoked command in '/home/fouadroboticist/ros2_ws/src/build/my_robot_bringup' returned '0': CMAKE_PREFIX_PATH=${CMAKE_PREFIX_PATH}:/home/fouadroboticist/ros2_ws/install/actions_py:/home/fouadroboticist/ros2_ws/install/my_robot_controller:/opt/ros/humble /usr/bin/cmake --install /home/fouadroboticist/ros2_ws/src/build/my_robot_bringup
