[2.704s] DEBUG:colcon:Command line arguments: ['/usr/bin/colcon', 'build', '--packages-select', 'my_custom_pkg']
[2.704s] DEBUG:colcon:Parsed command line arguments: Namespace(log_base=None, log_level=None, verb_name='build', build_base='build', install_base='install', merge_install=False, symlink_install=False, test_result_base=None, continue_on_error=False, executor='parallel', parallel_workers=4, event_handlers=None, ignore_user_meta=False, metas=['./colcon.meta'], base_paths=['.'], packages_ignore=None, packages_ignore_regex=None, paths=None, packages_up_to=None, packages_up_to_regex=None, packages_above=None, packages_above_and_dependencies=None, packages_above_depth=None, packages_select_by_dep=None, packages_skip_by_dep=None, packages_skip_up_to=None, packages_select_build_failed=False, packages_skip_build_finished=False, packages_select_test_failures=False, packages_skip_test_passed=False, packages_select=['my_custom_pkg'], packages_skip=None, packages_select_regex=None, packages_skip_regex=None, packages_start=None, packages_end=None, allow_overriding=[], cmake_args=None, cmake_target=None, cmake_target_skip_unavailable=False, cmake_clean_cache=False, cmake_clean_first=False, cmake_force_configure=False, ament_cmake_args=None, catkin_cmake_args=None, catkin_skip_building_tests=False, mixin_files=None, mixin=None, verb_parser=<colcon_mixin.mixin.mixin_argument.MixinArgumentDecorator object at 0x7f35732d9de0>, verb_extension=<colcon_core.verb.build.BuildVerb object at 0x7f35732d8f40>, main=<bound method BuildVerb.main of <colcon_core.verb.build.BuildVerb object at 0x7f35732d8f40>>, mixin_verb=('build',))
[4.362s] Level 1:colcon.colcon_core.package_discovery:discover_packages(colcon_meta) check parameters
[4.363s] Level 1:colcon.colcon_core.package_discovery:discover_packages(recursive) check parameters
[4.363s] Level 1:colcon.colcon_core.package_discovery:discover_packages(ignore) check parameters
[4.363s] Level 1:colcon.colcon_core.package_discovery:discover_packages(path) check parameters
[4.363s] Level 1:colcon.colcon_core.package_discovery:discover_packages(colcon_meta) discover
[4.363s] Level 1:colcon.colcon_core.package_discovery:discover_packages(recursive) discover
[4.363s] INFO:colcon.colcon_core.package_discovery:Crawling recursively for packages in '/home/fouadroboticist/ros2_ws'
[4.364s] Level 1:colcon.colcon_core.package_identification:_identify(.) by extensions ['ignore', 'ignore_ament_install']
[4.364s] Level 1:colcon.colcon_core.package_identification:_identify(.) by extension 'ignore'
[4.364s] Level 1:colcon.colcon_core.package_identification:_identify(.) by extension 'ignore_ament_install'
[4.364s] Level 1:colcon.colcon_core.package_identification:_identify(.) by extensions ['colcon_pkg']
[4.364s] Level 1:colcon.colcon_core.package_identification:_identify(.) by extension 'colcon_pkg'
[4.370s] Level 1:colcon.colcon_core.package_identification:_identify(.) by extensions ['colcon_meta']
[4.371s] Level 1:colcon.colcon_core.package_identification:_identify(.) by extension 'colcon_meta'
[4.372s] Level 1:colcon.colcon_core.package_identification:_identify(.) by extensions ['ros']
[4.374s] Level 1:colcon.colcon_core.package_identification:_identify(.) by extension 'ros'
[4.473s] Level 1:colcon.colcon_core.package_identification:_identify(.) by extensions ['cmake', 'python']
[4.474s] Level 1:colcon.colcon_core.package_identification:_identify(.) by extension 'cmake'
[4.474s] Level 1:colcon.colcon_core.package_identification:_identify(.) by extension 'python'
[4.474s] Level 1:colcon.colcon_core.package_identification:_identify(.) by extensions ['python_setup_py']
[4.474s] Level 1:colcon.colcon_core.package_identification:_identify(.) by extension 'python_setup_py'
[4.475s] Level 1:colcon.colcon_core.package_identification:_identify(build) by extensions ['ignore', 'ignore_ament_install']
[4.475s] Level 1:colcon.colcon_core.package_identification:_identify(build) by extension 'ignore'
[4.475s] Level 1:colcon.colcon_core.package_identification:_identify(build) ignored
[4.475s] Level 1:colcon.colcon_core.package_identification:_identify(install) by extensions ['ignore', 'ignore_ament_install']
[4.476s] Level 1:colcon.colcon_core.package_identification:_identify(install) by extension 'ignore'
[4.477s] Level 1:colcon.colcon_core.package_identification:_identify(install) ignored
[4.478s] Level 1:colcon.colcon_core.package_identification:_identify(log) by extensions ['ignore', 'ignore_ament_install']
[4.478s] Level 1:colcon.colcon_core.package_identification:_identify(log) by extension 'ignore'
[4.478s] Level 1:colcon.colcon_core.package_identification:_identify(log) ignored
[4.478s] Level 1:colcon.colcon_core.package_identification:_identify(src) by extensions ['ignore', 'ignore_ament_install']
[4.478s] Level 1:colcon.colcon_core.package_identification:_identify(src) by extension 'ignore'
[4.478s] Level 1:colcon.colcon_core.package_identification:_identify(src) by extension 'ignore_ament_install'
[4.478s] Level 1:colcon.colcon_core.package_identification:_identify(src) by extensions ['colcon_pkg']
[4.479s] Level 1:colcon.colcon_core.package_identification:_identify(src) by extension 'colcon_pkg'
[4.479s] Level 1:colcon.colcon_core.package_identification:_identify(src) by extensions ['colcon_meta']
[4.479s] Level 1:colcon.colcon_core.package_identification:_identify(src) by extension 'colcon_meta'
[4.479s] Level 1:colcon.colcon_core.package_identification:_identify(src) by extensions ['ros']
[4.479s] Level 1:colcon.colcon_core.package_identification:_identify(src) by extension 'ros'
[4.479s] Level 1:colcon.colcon_core.package_identification:_identify(src) by extensions ['cmake', 'python']
[4.479s] Level 1:colcon.colcon_core.package_identification:_identify(src) by extension 'cmake'
[4.479s] Level 1:colcon.colcon_core.package_identification:_identify(src) by extension 'python'
[4.479s] Level 1:colcon.colcon_core.package_identification:_identify(src) by extensions ['python_setup_py']
[4.479s] Level 1:colcon.colcon_core.package_identification:_identify(src) by extension 'python_setup_py'
[4.479s] Level 1:colcon.colcon_core.package_identification:_identify(src/actions_py) by extensions ['ignore', 'ignore_ament_install']
[4.480s] Level 1:colcon.colcon_core.package_identification:_identify(src/actions_py) by extension 'ignore'
[4.480s] Level 1:colcon.colcon_core.package_identification:_identify(src/actions_py) by extension 'ignore_ament_install'
[4.480s] Level 1:colcon.colcon_core.package_identification:_identify(src/actions_py) by extensions ['colcon_pkg']
[4.480s] Level 1:colcon.colcon_core.package_identification:_identify(src/actions_py) by extension 'colcon_pkg'
[4.480s] Level 1:colcon.colcon_core.package_identification:_identify(src/actions_py) by extensions ['colcon_meta']
[4.480s] Level 1:colcon.colcon_core.package_identification:_identify(src/actions_py) by extension 'colcon_meta'
[4.480s] Level 1:colcon.colcon_core.package_identification:_identify(src/actions_py) by extensions ['ros']
[4.480s] Level 1:colcon.colcon_core.package_identification:_identify(src/actions_py) by extension 'ros'
[4.486s] DEBUG:colcon.colcon_core.package_identification:Package 'src/actions_py' with type 'ros.ament_python' and name 'actions_py'
[4.634s] Level 1:colcon.colcon_core.package_identification:_identify(src/build) by extensions ['ignore', 'ignore_ament_install']
[4.634s] Level 1:colcon.colcon_core.package_identification:_identify(src/build) by extension 'ignore'
[4.634s] Level 1:colcon.colcon_core.package_identification:_identify(src/build) ignored
[4.635s] Level 1:colcon.colcon_core.package_identification:_identify(src/install) by extensions ['ignore', 'ignore_ament_install']
[4.635s] Level 1:colcon.colcon_core.package_identification:_identify(src/install) by extension 'ignore'
[4.636s] Level 1:colcon.colcon_core.package_identification:_identify(src/install) ignored
[4.636s] Level 1:colcon.colcon_core.package_identification:_identify(src/log) by extensions ['ignore', 'ignore_ament_install']
[4.636s] Level 1:colcon.colcon_core.package_identification:_identify(src/log) by extension 'ignore'
[4.636s] Level 1:colcon.colcon_core.package_identification:_identify(src/log) ignored
[4.637s] Level 1:colcon.colcon_core.package_identification:_identify(src/my_custom_pkg) by extensions ['ignore', 'ignore_ament_install']
[4.637s] Level 1:colcon.colcon_core.package_identification:_identify(src/my_custom_pkg) by extension 'ignore'
[4.637s] Level 1:colcon.colcon_core.package_identification:_identify(src/my_custom_pkg) by extension 'ignore_ament_install'
[4.638s] Level 1:colcon.colcon_core.package_identification:_identify(src/my_custom_pkg) by extensions ['colcon_pkg']
[4.638s] Level 1:colcon.colcon_core.package_identification:_identify(src/my_custom_pkg) by extension 'colcon_pkg'
[4.638s] Level 1:colcon.colcon_core.package_identification:_identify(src/my_custom_pkg) by extensions ['colcon_meta']
[4.638s] Level 1:colcon.colcon_core.package_identification:_identify(src/my_custom_pkg) by extension 'colcon_meta'
[4.638s] Level 1:colcon.colcon_core.package_identification:_identify(src/my_custom_pkg) by extensions ['ros']
[4.638s] Level 1:colcon.colcon_core.package_identification:_identify(src/my_custom_pkg) by extension 'ros'
[4.640s] DEBUG:colcon.colcon_core.package_identification:Package 'src/my_custom_pkg' with type 'ros.ament_cmake' and name 'my_custom_pkg'
[4.640s] Level 1:colcon.colcon_core.package_identification:_identify(src/my_robot_bringup) by extensions ['ignore', 'ignore_ament_install']
[4.640s] Level 1:colcon.colcon_core.package_identification:_identify(src/my_robot_bringup) by extension 'ignore'
[4.640s] Level 1:colcon.colcon_core.package_identification:_identify(src/my_robot_bringup) by extension 'ignore_ament_install'
[4.640s] Level 1:colcon.colcon_core.package_identification:_identify(src/my_robot_bringup) by extensions ['colcon_pkg']
[4.640s] Level 1:colcon.colcon_core.package_identification:_identify(src/my_robot_bringup) by extension 'colcon_pkg'
[4.640s] Level 1:colcon.colcon_core.package_identification:_identify(src/my_robot_bringup) by extensions ['colcon_meta']
[4.640s] Level 1:colcon.colcon_core.package_identification:_identify(src/my_robot_bringup) by extension 'colcon_meta'
[4.641s] Level 1:colcon.colcon_core.package_identification:_identify(src/my_robot_bringup) by extensions ['ros']
[4.641s] Level 1:colcon.colcon_core.package_identification:_identify(src/my_robot_bringup) by extension 'ros'
[4.642s] DEBUG:colcon.colcon_core.package_identification:Package 'src/my_robot_bringup' with type 'ros.ament_cmake' and name 'my_robot_bringup'
[4.643s] Level 1:colcon.colcon_core.package_identification:_identify(src/my_robot_control) by extensions ['ignore', 'ignore_ament_install']
[4.643s] Level 1:colcon.colcon_core.package_identification:_identify(src/my_robot_control) by extension 'ignore'
[4.643s] Level 1:colcon.colcon_core.package_identification:_identify(src/my_robot_control) by extension 'ignore_ament_install'
[4.643s] Level 1:colcon.colcon_core.package_identification:_identify(src/my_robot_control) by extensions ['colcon_pkg']
[4.644s] Level 1:colcon.colcon_core.package_identification:_identify(src/my_robot_control) by extension 'colcon_pkg'
[4.644s] Level 1:colcon.colcon_core.package_identification:_identify(src/my_robot_control) by extensions ['colcon_meta']
[4.644s] Level 1:colcon.colcon_core.package_identification:_identify(src/my_robot_control) by extension 'colcon_meta'
[4.644s] Level 1:colcon.colcon_core.package_identification:_identify(src/my_robot_control) by extensions ['ros']
[4.644s] Level 1:colcon.colcon_core.package_identification:_identify(src/my_robot_control) by extension 'ros'
[4.645s] DEBUG:colcon.colcon_core.package_identification:Package 'src/my_robot_control' with type 'ros.ament_cmake' and name 'my_robot_control'
[4.646s] Level 1:colcon.colcon_core.package_identification:_identify(src/my_robot_controller) by extensions ['ignore', 'ignore_ament_install']
[4.646s] Level 1:colcon.colcon_core.package_identification:_identify(src/my_robot_controller) by extension 'ignore'
[4.646s] Level 1:colcon.colcon_core.package_identification:_identify(src/my_robot_controller) by extension 'ignore_ament_install'
[4.646s] Level 1:colcon.colcon_core.package_identification:_identify(src/my_robot_controller) by extensions ['colcon_pkg']
[4.646s] Level 1:colcon.colcon_core.package_identification:_identify(src/my_robot_controller) by extension 'colcon_pkg'
[4.646s] Level 1:colcon.colcon_core.package_identification:_identify(src/my_robot_controller) by extensions ['colcon_meta']
[4.646s] Level 1:colcon.colcon_core.package_identification:_identify(src/my_robot_controller) by extension 'colcon_meta'
[4.647s] Level 1:colcon.colcon_core.package_identification:_identify(src/my_robot_controller) by extensions ['ros']
[4.647s] Level 1:colcon.colcon_core.package_identification:_identify(src/my_robot_controller) by extension 'ros'
[4.843s] DEBUG:colcon.colcon_core.package_identification:Package 'src/my_robot_controller' with type 'ros.ament_python' and name 'my_robot_controller'
[4.844s] Level 1:colcon.colcon_core.package_identification:_identify(src/my_robot_interfaces) by extensions ['ignore', 'ignore_ament_install']
[4.844s] Level 1:colcon.colcon_core.package_identification:_identify(src/my_robot_interfaces) by extension 'ignore'
[4.845s] Level 1:colcon.colcon_core.package_identification:_identify(src/my_robot_interfaces) by extension 'ignore_ament_install'
[4.845s] Level 1:colcon.colcon_core.package_identification:_identify(src/my_robot_interfaces) by extensions ['colcon_pkg']
[4.845s] Level 1:colcon.colcon_core.package_identification:_identify(src/my_robot_interfaces) by extension 'colcon_pkg'
[4.845s] Level 1:colcon.colcon_core.package_identification:_identify(src/my_robot_interfaces) by extensions ['colcon_meta']
[4.846s] Level 1:colcon.colcon_core.package_identification:_identify(src/my_robot_interfaces) by extension 'colcon_meta'
[4.846s] Level 1:colcon.colcon_core.package_identification:_identify(src/my_robot_interfaces) by extensions ['ros']
[4.846s] Level 1:colcon.colcon_core.package_identification:_identify(src/my_robot_interfaces) by extension 'ros'
[4.848s] DEBUG:colcon.colcon_core.package_identification:Package 'src/my_robot_interfaces' with type 'ros.ament_cmake' and name 'my_robot_interfaces'
[4.848s] Level 1:colcon.colcon_core.package_identification:_identify(src/tutorials_py) by extensions ['ignore', 'ignore_ament_install']
[4.848s] Level 1:colcon.colcon_core.package_identification:_identify(src/tutorials_py) by extension 'ignore'
[4.849s] Level 1:colcon.colcon_core.package_identification:_identify(src/tutorials_py) by extension 'ignore_ament_install'
[4.849s] Level 1:colcon.colcon_core.package_identification:_identify(src/tutorials_py) by extensions ['colcon_pkg']
[4.849s] Level 1:colcon.colcon_core.package_identification:_identify(src/tutorials_py) by extension 'colcon_pkg'
[4.849s] Level 1:colcon.colcon_core.package_identification:_identify(src/tutorials_py) by extensions ['colcon_meta']
[4.849s] Level 1:colcon.colcon_core.package_identification:_identify(src/tutorials_py) by extension 'colcon_meta'
[4.849s] Level 1:colcon.colcon_core.package_identification:_identify(src/tutorials_py) by extensions ['ros']
[4.849s] Level 1:colcon.colcon_core.package_identification:_identify(src/tutorials_py) by extension 'ros'
[4.850s] DEBUG:colcon.colcon_core.package_identification:Package 'src/tutorials_py' with type 'ros.ament_python' and name 'tutorials_py'
[4.850s] Level 1:colcon.colcon_core.package_discovery:discover_packages(recursive) using defaults
[4.851s] Level 1:colcon.colcon_core.package_discovery:discover_packages(ignore) discover
[4.851s] Level 1:colcon.colcon_core.package_discovery:discover_packages(ignore) using defaults
[4.851s] Level 1:colcon.colcon_core.package_discovery:discover_packages(path) discover
[4.851s] Level 1:colcon.colcon_core.package_discovery:discover_packages(path) using defaults
[6.124s] INFO:colcon.colcon_core.package_selection:Skipping not selected package 'my_robot_bringup' in 'src/my_robot_bringup'
[6.125s] INFO:colcon.colcon_core.package_selection:Skipping not selected package 'my_robot_control' in 'src/my_robot_control'
[6.125s] INFO:colcon.colcon_core.package_selection:Skipping not selected package 'my_robot_interfaces' in 'src/my_robot_interfaces'
[6.130s] INFO:colcon.colcon_core.package_selection:Skipping not selected package 'tutorials_py' in 'src/tutorials_py'
[6.130s] INFO:colcon.colcon_core.package_selection:Skipping not selected package 'actions_py' in 'src/actions_py'
[6.130s] INFO:colcon.colcon_core.package_selection:Skipping not selected package 'my_robot_controller' in 'src/my_robot_controller'
[6.132s] Level 1:colcon.colcon_core.package_discovery:discover_packages(prefix_path) check parameters
[6.132s] Level 1:colcon.colcon_core.package_discovery:discover_packages(prefix_path) discover
[6.156s] DEBUG:colcon.colcon_installed_package_information.package_discovery:Found 7 installed packages in /home/fouadroboticist/ros2_ws/install
[6.194s] DEBUG:colcon.colcon_installed_package_information.package_discovery:Found 387 installed packages in /opt/ros/humble
[6.577s] Level 1:colcon.colcon_core.package_discovery:discover_packages(prefix_path) using defaults
[6.991s] Level 5:colcon.colcon_core.verb:set package 'my_custom_pkg' build argument 'cmake_args' from command line to 'None'
[6.992s] Level 5:colcon.colcon_core.verb:set package 'my_custom_pkg' build argument 'cmake_target' from command line to 'None'
[6.992s] Level 5:colcon.colcon_core.verb:set package 'my_custom_pkg' build argument 'cmake_target_skip_unavailable' from command line to 'False'
[6.992s] Level 5:colcon.colcon_core.verb:set package 'my_custom_pkg' build argument 'cmake_clean_cache' from command line to 'False'
[6.992s] Level 5:colcon.colcon_core.verb:set package 'my_custom_pkg' build argument 'cmake_clean_first' from command line to 'False'
[6.992s] Level 5:colcon.colcon_core.verb:set package 'my_custom_pkg' build argument 'cmake_force_configure' from command line to 'False'
[6.992s] Level 5:colcon.colcon_core.verb:set package 'my_custom_pkg' build argument 'ament_cmake_args' from command line to 'None'
[6.992s] Level 5:colcon.colcon_core.verb:set package 'my_custom_pkg' build argument 'catkin_cmake_args' from command line to 'None'
[6.992s] Level 5:colcon.colcon_core.verb:set package 'my_custom_pkg' build argument 'catkin_skip_building_tests' from command line to 'False'
[6.993s] DEBUG:colcon.colcon_core.verb:Building package 'my_custom_pkg' with the following arguments: {'ament_cmake_args': None, 'build_base': '/home/fouadroboticist/ros2_ws/build/my_custom_pkg', 'catkin_cmake_args': None, 'catkin_skip_building_tests': False, 'cmake_args': None, 'cmake_clean_cache': False, 'cmake_clean_first': False, 'cmake_force_configure': False, 'cmake_target': None, 'cmake_target_skip_unavailable': False, 'install_base': '/home/fouadroboticist/ros2_ws/install/my_custom_pkg', 'merge_install': False, 'path': '/home/fouadroboticist/ros2_ws/src/my_custom_pkg', 'symlink_install': False, 'test_result_base': None}
[6.993s] INFO:colcon.colcon_core.executor:Executing jobs using 'parallel' executor
[7.000s] DEBUG:colcon.colcon_parallel_executor.executor.parallel:run_until_complete
[7.003s] INFO:colcon.colcon_ros.task.ament_cmake.build:Building ROS package in '/home/fouadroboticist/ros2_ws/src/my_custom_pkg' with build type 'ament_cmake'
[7.005s] INFO:colcon.colcon_cmake.task.cmake.build:Building CMake package in '/home/fouadroboticist/ros2_ws/src/my_custom_pkg'
[7.017s] INFO:colcon.colcon_core.plugin_system:Skipping extension 'colcon_core.shell.bat': Not used on non-Windows systems
[7.019s] INFO:colcon.colcon_core.shell:Skip shell extension 'powershell' for command environment: Not usable outside of PowerShell
[7.019s] DEBUG:colcon.colcon_core.shell:Skip shell extension 'dsv' for command environment
[7.073s] DEBUG:colcon.colcon_core.event_handler.log_command:Invoking command in '/home/fouadroboticist/ros2_ws/build/my_custom_pkg': CMAKE_PREFIX_PATH=${CMAKE_PREFIX_PATH}:/home/fouadroboticist/ros2_ws/install/tutorials_py:/home/fouadroboticist/ros2_ws/install/my_robot_controller:/home/fouadroboticist/ros2_ws/install/actions_py:/opt/ros/humble /usr/bin/cmake /home/fouadroboticist/ros2_ws/src/my_custom_pkg -DCMAKE_INSTALL_PREFIX=/home/fouadroboticist/ros2_ws/install/my_custom_pkg
[12.299s] DEBUG:colcon.colcon_core.event_handler.log_command:Invoked command in '/home/fouadroboticist/ros2_ws/build/my_custom_pkg' returned '0': CMAKE_PREFIX_PATH=${CMAKE_PREFIX_PATH}:/home/fouadroboticist/ros2_ws/install/tutorials_py:/home/fouadroboticist/ros2_ws/install/my_robot_controller:/home/fouadroboticist/ros2_ws/install/actions_py:/opt/ros/humble /usr/bin/cmake /home/fouadroboticist/ros2_ws/src/my_custom_pkg -DCMAKE_INSTALL_PREFIX=/home/fouadroboticist/ros2_ws/install/my_custom_pkg
[12.306s] DEBUG:colcon.colcon_core.event_handler.log_command:Invoking command in '/home/fouadroboticist/ros2_ws/build/my_custom_pkg': CMAKE_PREFIX_PATH=${CMAKE_PREFIX_PATH}:/home/fouadroboticist/ros2_ws/install/tutorials_py:/home/fouadroboticist/ros2_ws/install/my_robot_controller:/home/fouadroboticist/ros2_ws/install/actions_py:/opt/ros/humble /usr/bin/cmake --build /home/fouadroboticist/ros2_ws/build/my_custom_pkg -- -j4 -l4
[62.300s] DEBUG:colcon.colcon_core.event_handler.log_command:Invoked command in '/home/fouadroboticist/ros2_ws/build/my_custom_pkg' returned '0': CMAKE_PREFIX_PATH=${CMAKE_PREFIX_PATH}:/home/fouadroboticist/ros2_ws/install/tutorials_py:/home/fouadroboticist/ros2_ws/install/my_robot_controller:/home/fouadroboticist/ros2_ws/install/actions_py:/opt/ros/humble /usr/bin/cmake --build /home/fouadroboticist/ros2_ws/build/my_custom_pkg -- -j4 -l4
[62.429s] DEBUG:colcon.colcon_core.event_handler.log_command:Invoking command in '/home/fouadroboticist/ros2_ws/build/my_custom_pkg': CMAKE_PREFIX_PATH=${CMAKE_PREFIX_PATH}:/home/fouadroboticist/ros2_ws/install/tutorials_py:/home/fouadroboticist/ros2_ws/install/my_robot_controller:/home/fouadroboticist/ros2_ws/install/actions_py:/opt/ros/humble /usr/bin/cmake --install /home/fouadroboticist/ros2_ws/build/my_custom_pkg
[62.667s] Level 1:colcon.colcon_core.environment:create_environment_scripts_only(my_custom_pkg)
[62.671s] DEBUG:colcon.colcon_core.event_handler.log_command:Invoked command in '/home/fouadroboticist/ros2_ws/build/my_custom_pkg' returned '0': CMAKE_PREFIX_PATH=${CMAKE_PREFIX_PATH}:/home/fouadroboticist/ros2_ws/install/tutorials_py:/home/fouadroboticist/ros2_ws/install/my_robot_controller:/home/fouadroboticist/ros2_ws/install/actions_py:/opt/ros/humble /usr/bin/cmake --install /home/fouadroboticist/ros2_ws/build/my_custom_pkg
[62.691s] Level 1:colcon.colcon_core.environment:checking '/home/fouadroboticist/ros2_ws/install/my_custom_pkg' for CMake module files
[62.692s] Level 1:colcon.colcon_core.environment:checking '/home/fouadroboticist/ros2_ws/install/my_custom_pkg' for CMake config files
[62.694s] Level 1:colcon.colcon_core.shell:create_environment_hook('my_custom_pkg', 'cmake_prefix_path')
[62.695s] INFO:colcon.colcon_core.shell:Creating environment hook '/home/fouadroboticist/ros2_ws/install/my_custom_pkg/share/my_custom_pkg/hook/cmake_prefix_path.ps1'
[62.699s] INFO:colcon.colcon_core.shell:Creating environment descriptor '/home/fouadroboticist/ros2_ws/install/my_custom_pkg/share/my_custom_pkg/hook/cmake_prefix_path.dsv'
[62.701s] INFO:colcon.colcon_core.shell:Creating environment hook '/home/fouadroboticist/ros2_ws/install/my_custom_pkg/share/my_custom_pkg/hook/cmake_prefix_path.sh'
[62.705s] Level 1:colcon.colcon_core.environment:checking '/home/fouadroboticist/ros2_ws/install/my_custom_pkg/lib'
[62.706s] Level 1:colcon.colcon_core.environment:checking '/home/fouadroboticist/ros2_ws/install/my_custom_pkg/bin'
[62.706s] Level 1:colcon.colcon_core.environment:checking '/home/fouadroboticist/ros2_ws/install/my_custom_pkg/lib/pkgconfig/my_custom_pkg.pc'
[62.707s] Level 1:colcon.colcon_core.environment:checking '/home/fouadroboticist/ros2_ws/install/my_custom_pkg/lib/python3.10/site-packages'
[62.707s] Level 1:colcon.colcon_core.environment:checking '/home/fouadroboticist/ros2_ws/install/my_custom_pkg/bin'
[62.708s] INFO:colcon.colcon_core.shell:Creating package script '/home/fouadroboticist/ros2_ws/install/my_custom_pkg/share/my_custom_pkg/package.ps1'
[62.710s] INFO:colcon.colcon_core.shell:Creating package descriptor '/home/fouadroboticist/ros2_ws/install/my_custom_pkg/share/my_custom_pkg/package.dsv'
[62.713s] INFO:colcon.colcon_core.shell:Creating package script '/home/fouadroboticist/ros2_ws/install/my_custom_pkg/share/my_custom_pkg/package.sh'
[62.715s] INFO:colcon.colcon_core.shell:Creating package script '/home/fouadroboticist/ros2_ws/install/my_custom_pkg/share/my_custom_pkg/package.bash'
[62.718s] INFO:colcon.colcon_core.shell:Creating package script '/home/fouadroboticist/ros2_ws/install/my_custom_pkg/share/my_custom_pkg/package.zsh'
[62.722s] Level 1:colcon.colcon_core.environment:create_file_with_runtime_dependencies(/home/fouadroboticist/ros2_ws/install/my_custom_pkg/share/colcon-core/packages/my_custom_pkg)
[62.793s] Level 1:colcon.colcon_core.environment:create_environment_scripts_only(my_custom_pkg)
[62.793s] Level 1:colcon.colcon_core.environment:checking '/home/fouadroboticist/ros2_ws/install/my_custom_pkg' for CMake module files
[62.794s] Level 1:colcon.colcon_core.environment:checking '/home/fouadroboticist/ros2_ws/install/my_custom_pkg' for CMake config files
[62.795s] Level 1:colcon.colcon_core.shell:create_environment_hook('my_custom_pkg', 'cmake_prefix_path')
[62.795s] INFO:colcon.colcon_core.shell:Creating environment hook '/home/fouadroboticist/ros2_ws/install/my_custom_pkg/share/my_custom_pkg/hook/cmake_prefix_path.ps1'
[62.796s] INFO:colcon.colcon_core.shell:Creating environment descriptor '/home/fouadroboticist/ros2_ws/install/my_custom_pkg/share/my_custom_pkg/hook/cmake_prefix_path.dsv'
[62.797s] INFO:colcon.colcon_core.shell:Creating environment hook '/home/fouadroboticist/ros2_ws/install/my_custom_pkg/share/my_custom_pkg/hook/cmake_prefix_path.sh'
[62.798s] Level 1:colcon.colcon_core.environment:checking '/home/fouadroboticist/ros2_ws/install/my_custom_pkg/lib'
[62.798s] Level 1:colcon.colcon_core.environment:checking '/home/fouadroboticist/ros2_ws/install/my_custom_pkg/bin'
[62.798s] Level 1:colcon.colcon_core.environment:checking '/home/fouadroboticist/ros2_ws/install/my_custom_pkg/lib/pkgconfig/my_custom_pkg.pc'
[62.799s] Level 1:colcon.colcon_core.environment:checking '/home/fouadroboticist/ros2_ws/install/my_custom_pkg/lib/python3.10/site-packages'
[62.799s] Level 1:colcon.colcon_core.environment:checking '/home/fouadroboticist/ros2_ws/install/my_custom_pkg/bin'
[62.800s] INFO:colcon.colcon_core.shell:Creating package script '/home/fouadroboticist/ros2_ws/install/my_custom_pkg/share/my_custom_pkg/package.ps1'
[62.802s] INFO:colcon.colcon_core.shell:Creating package descriptor '/home/fouadroboticist/ros2_ws/install/my_custom_pkg/share/my_custom_pkg/package.dsv'
[62.804s] INFO:colcon.colcon_core.shell:Creating package script '/home/fouadroboticist/ros2_ws/install/my_custom_pkg/share/my_custom_pkg/package.sh'
[62.805s] INFO:colcon.colcon_core.shell:Creating package script '/home/fouadroboticist/ros2_ws/install/my_custom_pkg/share/my_custom_pkg/package.bash'
[62.807s] INFO:colcon.colcon_core.shell:Creating package script '/home/fouadroboticist/ros2_ws/install/my_custom_pkg/share/my_custom_pkg/package.zsh'
[62.808s] Level 1:colcon.colcon_core.environment:create_file_with_runtime_dependencies(/home/fouadroboticist/ros2_ws/install/my_custom_pkg/share/colcon-core/packages/my_custom_pkg)
[62.809s] DEBUG:colcon.colcon_parallel_executor.executor.parallel:closing loop
[62.810s] DEBUG:colcon.colcon_parallel_executor.executor.parallel:loop closed
[62.811s] DEBUG:colcon.colcon_parallel_executor.executor.parallel:run_until_complete finished with '0'
[62.811s] DEBUG:colcon.colcon_core.event_reactor:joining thread
[62.874s] INFO:colcon.colcon_core.plugin_system:Skipping extension 'colcon_notification.desktop_notification.terminal_notifier': Not used on non-Darwin systems
[62.874s] INFO:colcon.colcon_core.plugin_system:Skipping extension 'colcon_notification.desktop_notification.win32': Not used on non-Windows systems
[62.874s] INFO:colcon.colcon_notification.desktop_notification:Sending desktop notification using 'notify2'
[63.451s] DEBUG:colcon.colcon_core.event_reactor:joined thread
[63.454s] INFO:colcon.colcon_core.shell:Creating prefix script '/home/fouadroboticist/ros2_ws/install/local_setup.ps1'
[63.460s] INFO:colcon.colcon_core.shell:Creating prefix util module '/home/fouadroboticist/ros2_ws/install/_local_setup_util_ps1.py'
[63.466s] INFO:colcon.colcon_core.shell:Creating prefix chain script '/home/fouadroboticist/ros2_ws/install/setup.ps1'
[63.474s] INFO:colcon.colcon_core.shell:Creating prefix script '/home/fouadroboticist/ros2_ws/install/local_setup.sh'
[63.483s] INFO:colcon.colcon_core.shell:Creating prefix util module '/home/fouadroboticist/ros2_ws/install/_local_setup_util_sh.py'
[63.488s] INFO:colcon.colcon_core.shell:Creating prefix chain script '/home/fouadroboticist/ros2_ws/install/setup.sh'
[63.494s] INFO:colcon.colcon_core.shell:Creating prefix script '/home/fouadroboticist/ros2_ws/install/local_setup.bash'
[63.500s] INFO:colcon.colcon_core.shell:Creating prefix chain script '/home/fouadroboticist/ros2_ws/install/setup.bash'
[63.509s] INFO:colcon.colcon_core.shell:Creating prefix script '/home/fouadroboticist/ros2_ws/install/local_setup.zsh'
[63.513s] INFO:colcon.colcon_core.shell:Creating prefix chain script '/home/fouadroboticist/ros2_ws/install/setup.zsh'
